"polygons" in: met_min_ca_density.lydrc:35
    Polygons (raw): 660587 (flat)  1196 (hierarchical)
    Elapsed: 0.060s  Memory: 718.00M
"polygons" in: met_min_ca_density.lydrc:36
    Polygons (raw): 2310469 (flat)  7703 (hierarchical)
    Elapsed: 0.040s  Memory: 718.00M
"polygons" in: met_min_ca_density.lydrc:38
    Polygons (raw): 585259 (flat)  3531 (hierarchical)
    Elapsed: 0.030s  Memory: 718.00M
"polygons" in: met_min_ca_density.lydrc:39
    Polygons (raw): 18321 (flat)  18321 (hierarchical)
    Elapsed: 0.050s  Memory: 718.00M
"polygons" in: met_min_ca_density.lydrc:41
    Polygons (raw): 5558 (flat)  5558 (hierarchical)
    Elapsed: 0.040s  Memory: 718.00M
"polygons" in: met_min_ca_density.lydrc:42
    Polygons (raw): 16707 (flat)  16707 (hierarchical)
    Elapsed: 0.050s  Memory: 718.00M
"polygons" in: met_min_ca_density.lydrc:44
    Polygons (raw): 3966 (flat)  3966 (hierarchical)
    Elapsed: 0.040s  Memory: 718.00M
"polygons" in: met_min_ca_density.lydrc:45
    Polygons (raw): 17456 (flat)  17456 (hierarchical)
    Elapsed: 0.060s  Memory: 718.00M
"polygons" in: met_min_ca_density.lydrc:47
    Polygons (raw): 713 (flat)  713 (hierarchical)
    Elapsed: 0.040s  Memory: 718.00M
"polygons" in: met_min_ca_density.lydrc:48
    Polygons (raw): 0 (flat)  0 (hierarchical)
    Elapsed: 0.000s  Memory: 718.00M
"polygons" in: met_min_ca_density.lydrc:49
    Polygons (raw): 12578 (flat)  12578 (hierarchical)
    Elapsed: 0.010s  Memory: 718.00M
"polygons" in: met_min_ca_density.lydrc:51
    Polygons (raw): 344 (flat)  344 (hierarchical)
    Elapsed: 0.000s  Memory: 718.00M
"input" in: met_min_ca_density.lydrc:53
    Polygons (raw): 2 (flat)  2 (hierarchical)
    Elapsed: 0.040s  Memory: 718.00M
"area" in: met_min_ca_density.lydrc:55
    Elapsed: 0.060s  Memory: 728.00M
"polygons" in: met_min_ca_density.lydrc:59
    Polygons (raw): 660587 (flat)  1196 (hierarchical)
    Elapsed: 0.030s  Memory: 728.00M
"area" in: met_min_ca_density.lydrc:59
    Elapsed: 3.190s  Memory: 812.00M
li1_ca_density is 0.9299714891471436
"polygons" in: met_min_ca_density.lydrc:69
    Polygons (raw): 585259 (flat)  3531 (hierarchical)
    Elapsed: 0.050s  Memory: 812.00M
"area" in: met_min_ca_density.lydrc:69
    Elapsed: 3.190s  Memory: 803.00M
m1_ca_density is 0.9742649156969957
"polygons" in: met_min_ca_density.lydrc:79
    Polygons (raw): 5558 (flat)  5558 (hierarchical)
    Elapsed: 0.050s  Memory: 803.00M
"area" in: met_min_ca_density.lydrc:79
    Elapsed: 0.090s  Memory: 803.00M
m2_ca_density is 0.9939620506109901
"polygons" in: met_min_ca_density.lydrc:89
    Polygons (raw): 3966 (flat)  3966 (hierarchical)
    Elapsed: 0.040s  Memory: 803.00M
"area" in: met_min_ca_density.lydrc:89
    Elapsed: 0.060s  Memory: 803.00M
m3_ca_density is 0.9941334276516773
"polygons" in: met_min_ca_density.lydrc:99
    Polygons (raw): 713 (flat)  713 (hierarchical)
    Elapsed: 0.040s  Memory: 803.00M
"area" in: met_min_ca_density.lydrc:99
    Elapsed: 0.070s  Memory: 803.00M
m4_ca_density is 0.8410307135157222
"polygons" in: met_min_ca_density.lydrc:109
    Polygons (raw): 344 (flat)  344 (hierarchical)
    Elapsed: 0.000s  Memory: 803.00M
"area" in: met_min_ca_density.lydrc:109
    Elapsed: 0.040s  Memory: 803.00M
m5_ca_density is 0.844177901618929
Writing report database: /home/engtech/Desktop/Openlane_v2/memristor/precheck_results/09_APR_2024___19_34_57/outputs/reports/klayout_met_min_ca_density_check.xml ..
Total elapsed: 8.350s  Memory: 803.00M
