OpenROAD 41a51eaf4ca2171c92ff38afb91eb37bbd3f36da 
This program is licensed under the BSD-3 license. See the LICENSE file for details.
Components of this program may be licensed under more restrictive licenses which must be honored.
[INFO]: Reading ODB at '/home/engtech/Desktop/Openlane_v2/memristor/openlane/user_proj_example/runs/24_04_19_20_45/results/floorplan/user_proj_example.odb'…
define_corners Typical
read_liberty -corner Typical /home/engtech/Desktop/Openlane_v2/memristor/dependencies/pdks/sky130B/libs.ref/sky130_fd_sc_hd/lib/sky130_fd_sc_hd__tt_025C_1v80.lib
Using 1e-12 for capacitance...
Using 1e+03 for resistance...
Using 1e-09 for time...
Using 1e+00 for voltage...
Using 1e-03 for current...
Using 1e-09 for power...
Using 1e-06 for distance...
Reading design constraints file at '/home/engtech/Desktop/Openlane_v2/memristor/openlane/user_proj_example/runs/24_04_19_20_45/tmp/floorplan/3-initial_fp.sdc'…
[INFO]: Setting RC values...
[INFO]: Setting signal min routing layer to: met1 and clock min routing layer to met1. 
[INFO]: Setting signal max routing layer to: met4 and clock max routing layer to met4. 
[INFO GPL-0002] DBU: 1000
[INFO GPL-0003] SiteSize: 460 2720
[INFO GPL-0004] CoreAreaLxLy: 5520 10880
[INFO GPL-0005] CoreAreaUxUy: 1394260 1387200
[INFO GPL-0006] NumInstances: 22623
[INFO GPL-0007] NumPlaceInstances: 9
[INFO GPL-0008] NumFixedInstances: 22106
[INFO GPL-0009] NumDummyInstances: 508
[INFO GPL-0010] NumNets: 18
[INFO GPL-0011] NumPins: 36
[INFO GPL-0012] DieAreaLxLy: 0 0
[INFO GPL-0013] DieAreaUxUy: 1400000 1400000
[INFO GPL-0014] CoreAreaLxLy: 5520 10880
[INFO GPL-0015] CoreAreaUxUy: 1394260 1387200
[INFO GPL-0016] CoreArea: 1911350636800
[INFO GPL-0017] NonPlaceInstsArea: 502137840000
[INFO GPL-0018] PlaceInstsArea: 33782400
[INFO GPL-0019] Util(%): 0.00
[INFO GPL-0020] StdInstsArea: 33782400
[INFO GPL-0021] MacroInstsArea: 0
[InitialPlace]  Iter: 1 CG residual: 0.00000001 HPWL: 21634050
[InitialPlace]  Iter: 2 CG residual: 0.00000000 HPWL: 12837360
[InitialPlace]  Iter: 3 CG residual: 0.00000000 HPWL: 12837360
[InitialPlace]  Iter: 4 CG residual: 0.00000000 HPWL: 12837360
[InitialPlace]  Iter: 5 CG residual: 0.00000000 HPWL: 12837360
[INFO GPL-0031] FillerInit: NumGCells: 206486
[INFO GPL-0032] FillerInit: NumGNets: 18
[INFO GPL-0033] FillerInit: NumGPins: 36
[INFO GPL-0023] TargetDensity: 0.55
[INFO GPL-0024] AveragePlaceInstArea: 3753600
[INFO GPL-0025] IdealBinArea: 6824727
[INFO GPL-0026] IdealBinCnt: 280062
[INFO GPL-0027] TotalBinArea: 1911350636800
[INFO GPL-0028] BinCnt: 512 512
[INFO GPL-0029] BinSize: 2713 2689
[INFO GPL-0030] NumBins: 262144
[NesterovSolve] Iter: 1 overflow: 0 HPWL: 5989327
[NesterovSolve] Snapshot saved at iter = 0
[INFO GPL-0075] Routability numCall: 1 inflationIterCnt: 1 bloatIterCnt: 0
[INFO GPL-0036] TileLxLy: 0 0
[INFO GPL-0037] TileSize: 6900 6900
[INFO GPL-0038] TileCnt: 202 202
[INFO GPL-0039] numRoutingLayers: 6
[INFO GPL-0040] NumTiles: 40804
[INFO GPL-0063] TotalRouteOverflowH2: 0.0
[INFO GPL-0064] TotalRouteOverflowV2: 0.0
[INFO GPL-0065] OverflowTileCnt2: 0
[INFO GPL-0066] 0.5%RC: 0.6964550445477168
[INFO GPL-0067] 1.0%RC: 0.6340287654389923
[INFO GPL-0068] 2.0%RC: 0.6027286812062058
[INFO GPL-0069] 5.0%RC: 0.5839486306665338
[INFO GPL-0070] 0.5rcK: 1.0
[INFO GPL-0071] 1.0rcK: 1.0
[INFO GPL-0072] 2.0rcK: 0.0
[INFO GPL-0073] 5.0rcK: 0.0
[INFO GPL-0074] FinalRC: 0.6652419
[NesterovSolve] Finished with Overflow: 0.000000
Setting global connections for newly added cells…
Writing OpenROAD database to '/home/engtech/Desktop/Openlane_v2/memristor/openlane/user_proj_example/runs/24_04_19_20_45/tmp/placement/8-global.odb'…
Writing netlist to '/home/engtech/Desktop/Openlane_v2/memristor/openlane/user_proj_example/runs/24_04_19_20_45/tmp/placement/8-global.nl.v'…
Writing powered netlist to '/home/engtech/Desktop/Openlane_v2/memristor/openlane/user_proj_example/runs/24_04_19_20_45/tmp/placement/8-global.pnl.v'…
Writing layout to '/home/engtech/Desktop/Openlane_v2/memristor/openlane/user_proj_example/runs/24_04_19_20_45/tmp/placement/8-global.def'…
