[ERROR]: during executing openroad script /openlane/scripts/openroad/droute.tcl
[ERROR]: Log: ../home/engtech/Desktop/Openlane_v2/memristor/openlane/user_proj_example/runs/24_04_03_23_30/logs/routing/26-detailed.log
[ERROR]: Last 10 lines:
[INFO DRT-0033] via2 shape region query size = 14148.
[INFO DRT-0033] met3 shape region query size = 10638.
[INFO DRT-0033] via3 shape region query size = 14948.
[INFO DRT-0033] met4 shape region query size = 3619.
[INFO DRT-0033] via4 shape region query size = 0.
[INFO DRT-0033] met5 shape region query size = 0.
[INFO DRT-0165] Start pin access.
[ERROR DRT-0073] No access point for core_flat/SEL1.
Error: droute.tcl, 38 DRT-0073
child process exited abnormally

[ERROR]: Creating issue reproducible...
[ERROR]: Step 26 (routing) failed with error:
-code 1 -level 0 -errorcode NONE -errorinfo {
    while executing
"throw_error"
    (procedure "run_tcl_script" line 219)
    invoked from within
"run_tcl_script -tool openroad -no_consume {*}$args"
    (procedure "run_openroad_script" line 2)
    invoked from within
"run_openroad_script $::env(SCRIPTS_DIR)/openroad/droute.tcl -indexed_log $log -save "to=$::env(routing_results),noindex,def,odb,netlist,powered_netlis..."
    (procedure "detailed_routing_tritonroute" line 14)
    invoked from within
"detailed_routing_tritonroute {*}$args"
    (procedure "detailed_routing" line 2)
    invoked from within
"detailed_routing"
    (procedure "run_routing" line 32)
    invoked from within
"run_routing"
    (procedure "run_routing_step" line 7)
    invoked from within
"run_routing_step"} -errorline 1
[ERROR]: Flow failed.
