Instance name,  X location,  Y location,  Voltage 
mprj, 1387.44, 1350.28, 1.8
mprj, 1387.44, 1170.28, 1.8
mprj, 1387.44, 990.28, 1.8
mprj, 1387.44, 810.28, 1.8
mprj, 1387.44, 630.28, 1.8
mprj, 1387.44, 450.28, 1.8
mprj, 1387.44, 270.28, 1.8
mprj, 1387.44, 90.28, 1.8
mprj, 1344.92, 1350.28, 1.8
mprj, 1344.92, 1170.28, 1.8
mprj, 1344.92, 990.28, 1.8
mprj, 1344.92, 810.28, 1.8
mprj, 1344.92, 630.28, 1.8
mprj, 1344.92, 450.28, 1.8
mprj, 1344.92, 270.28, 1.8
mprj, 1344.92, 90.28, 1.8
mprj, 1233.84, 1350.28, 1.8
mprj, 1233.84, 1170.28, 1.8
mprj, 1233.84, 990.28, 1.8
mprj, 1233.84, 810.28, 1.8
mprj, 1233.84, 630.28, 1.8
mprj, 1233.84, 450.28, 1.8
mprj, 1233.84, 270.28, 1.8
mprj, 1233.84, 90.28, 1.8
mprj, 1164.92, 1350.28, 1.8
mprj, 1164.92, 1170.28, 1.8
mprj, 1164.92, 990.28, 1.8
mprj, 1164.92, 810.28, 1.8
mprj, 1164.92, 630.28, 1.8
mprj, 1164.92, 450.28, 1.8
mprj, 1164.92, 270.28, 1.8
mprj, 1164.92, 90.28, 1.8
mprj, 1080.24, 1350.28, 1.8
mprj, 1080.24, 1170.28, 1.8
mprj, 1080.24, 990.28, 1.8
mprj, 1080.24, 810.28, 1.8
mprj, 1080.24, 630.28, 1.8
mprj, 1080.24, 450.28, 1.8
mprj, 1080.24, 270.28, 1.8
mprj, 1080.24, 90.28, 1.8
mprj, 984.92, 1350.28, 1.8
mprj, 984.92, 1170.28, 1.8
mprj, 984.92, 990.28, 1.8
mprj, 984.92, 810.28, 1.8
mprj, 984.92, 630.28, 1.8
mprj, 984.92, 450.28, 1.8
mprj, 984.92, 270.28, 1.8
mprj, 984.92, 90.28, 1.8
mprj, 926.64, 1350.28, 1.8
mprj, 926.64, 1170.28, 1.8
mprj, 926.64, 990.28, 1.8
mprj, 926.64, 810.28, 1.8
mprj, 926.64, 630.28, 1.8
mprj, 926.64, 450.28, 1.8
mprj, 926.64, 270.28, 1.8
mprj, 926.64, 90.28, 1.8
mprj, 804.92, 1350.28, 1.8
mprj, 804.92, 1170.28, 1.8
mprj, 804.92, 990.28, 1.8
mprj, 804.92, 810.28, 1.8
mprj, 804.92, 630.28, 1.8
mprj, 804.92, 450.28, 1.8
mprj, 804.92, 270.28, 1.8
mprj, 804.92, 90.28, 1.8
mprj, 773.04, 1350.28, 1.8
mprj, 773.04, 1170.28, 1.8
mprj, 773.04, 990.28, 1.8
mprj, 773.04, 810.28, 1.8
mprj, 773.04, 630.28, 1.8
mprj, 773.04, 450.28, 1.8
mprj, 773.04, 270.28, 1.8
mprj, 773.04, 90.28, 1.8
mprj, 624.92, 1350.28, 1.8
mprj, 624.92, 1170.28, 1.8
mprj, 624.92, 990.28, 1.8
mprj, 624.92, 810.28, 1.8
mprj, 624.92, 630.28, 1.8
mprj, 624.92, 450.28, 1.8
mprj, 624.92, 270.28, 1.8
mprj, 624.92, 90.28, 1.8
mprj, 619.44, 1350.28, 1.8
mprj, 619.44, 1170.28, 1.8
mprj, 619.44, 990.28, 1.8
mprj, 619.44, 810.28, 1.8
mprj, 619.44, 630.28, 1.8
mprj, 619.44, 450.28, 1.8
mprj, 619.44, 270.28, 1.8
mprj, 619.44, 90.28, 1.8
mprj, 465.84, 1350.28, 1.8
mprj, 465.84, 1170.28, 1.8
mprj, 465.84, 990.28, 1.8
mprj, 465.84, 810.28, 1.8
mprj, 465.84, 630.28, 1.8
mprj, 465.84, 450.28, 1.8
mprj, 465.84, 270.28, 1.8
mprj, 465.84, 90.28, 1.8
mprj, 444.92, 1350.28, 1.8
mprj, 444.92, 1170.28, 1.8
mprj, 444.92, 990.28, 1.8
mprj, 444.92, 810.28, 1.8
mprj, 444.92, 630.28, 1.8
mprj, 312.24, 1350.28, 1.8
mprj, 312.24, 1170.28, 1.8
mprj, 312.24, 990.28, 1.8
mprj, 312.24, 810.28, 1.8
mprj, 312.24, 630.28, 1.8
mprj, 312.24, 450.28, 1.8
mprj, 312.24, 270.28, 1.8
mprj, 312.24, 90.28, 1.8
mprj, 264.92, 1350.28, 1.8
mprj, 264.92, 1170.28, 1.8
mprj, 264.92, 990.28, 1.8
mprj, 264.92, 810.28, 1.8
mprj, 264.92, 630.28, 1.8
mprj, 158.64, 1350.28, 1.8
mprj, 158.64, 1170.28, 1.8
mprj, 158.64, 990.28, 1.8
mprj, 158.64, 810.28, 1.8
mprj, 158.64, 630.28, 1.8
mprj, 158.64, 450.28, 1.8
mprj, 158.64, 270.28, 1.8
mprj, 158.64, 90.28, 1.8
mprj, 84.92, 1350.28, 1.8
mprj, 84.92, 1170.28, 1.8
mprj, 84.92, 990.28, 1.8
mprj, 84.92, 810.28, 1.8

