Instance name,  X location,  Y location,  Voltage 
mprj, 1326.32, 1331.68, 0
mprj, 1326.32, 1151.68, 0
mprj, 1326.32, 971.68, 0
mprj, 1326.32, 791.68, 0
mprj, 1326.32, 611.68, 0
mprj, 1326.32, 431.68, 0
mprj, 1326.32, 251.68, 0
mprj, 1326.32, 71.68, 0
mprj, 1146.32, 1331.68, 0
mprj, 1146.32, 1151.68, 0
mprj, 1146.32, 971.68, 0
mprj, 1146.32, 791.68, 0
mprj, 1146.32, 611.68, 0
mprj, 1146.32, 431.68, 0
mprj, 1146.32, 251.68, 0
mprj, 1146.32, 71.68, 0
mprj, 786.32, 1331.68, -0
mprj, 786.32, 1151.68, 0
mprj, 786.32, 971.68, 0
mprj, 786.32, 791.68, -0
mprj, 786.32, 611.68, 0
mprj, 786.32, 431.68, 0
mprj, 786.32, 251.68, 0
mprj, 786.32, 71.68, 0
mprj, 606.32, 1331.68, 0
mprj, 606.32, 1151.68, 0
mprj, 606.32, 971.68, 0
mprj, 606.32, 791.68, -0
mprj, 606.32, 611.68, 0
mprj, 606.32, 431.68, -0
mprj, 606.32, 251.68, 0
mprj, 606.32, 71.68, 0
mprj, 246.32, 1331.68, 0
mprj, 246.32, 1151.68, 0
mprj, 246.32, 971.68, 0
mprj, 246.32, 791.68, 0
mprj, 66.32, 1331.68, -0
mprj, 66.32, 1151.68, 0
mprj, 66.32, 971.68, 0
mprj, 66.32, 791.68, 0
mprj, 66.32, 611.68, 0
mprj, 66.32, 431.68, 0
mprj, 66.32, 251.68, -0
mprj, 66.32, 71.68, -0

