%Warning-EOFNEWLINE: /home/engtech/Desktop/Openlane_v2/memristor/openlane/user_proj_example/../../verilog/rtl/defines.v:66:28: Missing newline at end of file (POSIX 3.206).
                                                                                                                             : ... Suggest add newline.
   66 | `endif // __GLOBAL_DEFINE_H
      |                            ^
                     ... For warning description see https://verilator.org/warn/EOFNEWLINE?v=5.009
                     ... Use "/* verilator lint_off EOFNEWLINE */" and lint_on around source to disable this message.
%Warning-PINMISSING: /home/engtech/Desktop/Openlane_v2/memristor/openlane/user_proj_example/../../verilog/rtl/core_flat_v4.v:24:15: Cell has missing pin: 'DIGITALIN1'
   24 |  core_flat_v4 core_flat_v4 (
      |               ^~~~~~~~~~~~
%Warning-PINMISSING: /home/engtech/Desktop/Openlane_v2/memristor/openlane/user_proj_example/../../verilog/rtl/core_flat_v4.v:24:15: Cell has missing pin: 'DIGITALIN3'
   24 |  core_flat_v4 core_flat_v4 (
      |               ^~~~~~~~~~~~
%Warning-PINMISSING: /home/engtech/Desktop/Openlane_v2/memristor/openlane/user_proj_example/../../verilog/rtl/core_flat_v4.v:24:15: Cell has missing pin: 'DIGITALIN2'
   24 |  core_flat_v4 core_flat_v4 (
      |               ^~~~~~~~~~~~
%Error-PINNOTFOUND: /home/engtech/Desktop/Openlane_v2/memristor/openlane/user_proj_example/../../verilog/rtl/core_flat_v4.v:32:10: Pin not found: 'DigitalIN1'
   32 |         .DigitalIN1(DIGITALIN1),
      |          ^~~~~~~~~~
%Error-PINNOTFOUND: /home/engtech/Desktop/Openlane_v2/memristor/openlane/user_proj_example/../../verilog/rtl/core_flat_v4.v:34:10: Pin not found: 'DigitalIN3'
   34 |         .DigitalIN3(DIGITALIN3),
      |          ^~~~~~~~~~
%Error-PINNOTFOUND: /home/engtech/Desktop/Openlane_v2/memristor/openlane/user_proj_example/../../verilog/rtl/core_flat_v4.v:36:10: Pin not found: 'DigitalIN2'
   36 |         .DigitalIN2(DIGITALIN2),
      |          ^~~~~~~~~~
%Error: Exiting due to 3 error(s)
