Instance name,  X location,  Y location,  Voltage 
mprj, 1667.72, 1673.08, 1.8
mprj, 1667.72, 1493.08, 1.8
mprj, 1667.72, 1313.08, 1.8
mprj, 1667.72, 1133.08, 1.8
mprj, 1667.72, 953.08, 1.8
mprj, 1667.72, 773.08, 1.8
mprj, 1667.72, 593.08, 1.8
mprj, 1667.72, 413.08, 1.8
mprj, 1667.72, 233.08, 1.8
mprj, 1667.72, 53.08, 1.8
mprj, 1487.72, 1673.08, 1.8
mprj, 1487.72, 1493.08, 1.8
mprj, 1487.72, 1313.08, 1.8
mprj, 1487.72, 1133.08, 1.8
mprj, 1487.72, 953.08, 1.8
mprj, 1487.72, 773.08, 1.8
mprj, 1487.72, 593.08, 1.8
mprj, 1487.72, 413.08, 1.8
mprj, 1487.72, 233.08, 1.8
mprj, 1487.72, 53.08, 1.8
mprj, 1127.72, 1673.08, 1.8
mprj, 1127.72, 1493.08, 1.8
mprj, 1127.72, 1313.08, 1.8
mprj, 1127.72, 1133.08, 1.8
mprj, 1127.72, 953.08, 1.8
mprj, 1127.72, 773.08, 1.8
mprj, 1127.72, 593.08, 1.8
mprj, 1127.72, 413.08, 1.8
mprj, 1127.72, 233.08, 1.8
mprj, 1127.72, 53.08, 1.8
mprj, 947.72, 1673.08, 1.8
mprj, 947.72, 1493.08, 1.8
mprj, 947.72, 1313.08, 1.8
mprj, 947.72, 1133.08, 1.8
mprj, 947.72, 953.08, 1.8
mprj, 947.72, 773.08, 1.8
mprj, 947.72, 593.08, 1.8
mprj, 947.72, 413.08, 1.8
mprj, 947.72, 233.08, 1.8
mprj, 947.72, 53.08, 1.8
mprj, 767.72, 1673.08, 1.8
mprj, 767.72, 1493.08, 1.8
mprj, 767.72, 1313.08, 1.8
mprj, 767.72, 1133.08, 1.8
mprj, 767.72, 953.08, 1.8
mprj, 767.72, 773.08, 1.8
mprj, 767.72, 593.08, 1.8
mprj, 767.72, 413.08, 1.8
mprj, 767.72, 233.08, 1.8
mprj, 767.72, 53.08, 1.8
mprj, 587.72, 1673.08, 1.8
mprj, 587.72, 1493.08, 1.8
mprj, 587.72, 1313.08, 1.8
mprj, 587.72, 1133.08, 1.8
mprj, 587.72, 953.08, 1.8
mprj, 587.72, 773.08, 1.8
mprj, 407.72, 1673.08, 1.8
mprj, 407.72, 1493.08, 1.8
mprj, 407.72, 1313.08, 1.8
mprj, 407.72, 1133.08, 1.8
mprj, 407.72, 953.08, 1.8
mprj, 407.72, 773.08, 1.8
mprj, 407.72, 593.08, 1.8
mprj, 407.72, 413.08, 1.8
mprj, 407.72, 233.08, 1.8
mprj, 407.72, 53.08, 1.8
mprj, 227.72, 1673.08, 1.8
mprj, 227.72, 1493.08, 1.8
mprj, 227.72, 1313.08, 1.8
mprj, 227.72, 1133.08, 1.8
mprj, 227.72, 953.08, 1.8
mprj, 227.72, 773.08, 1.8
mprj, 227.72, 593.08, 1.8
mprj, 227.72, 413.08, 1.8
mprj, 227.72, 233.08, 1.8
mprj, 227.72, 53.08, 1.8
mprj, 1666.17, 1759.84, 1.8
mprj, 1669.27, 1759.84, 1.8
mprj, 1486.17, 1759.84, 1.8
mprj, 1489.27, 1759.84, 1.8
mprj, 1126.17, 1759.84, 1.8
mprj, 1129.27, 1759.84, 1.8
mprj, 946.17, 1759.84, 1.8
mprj, 949.27, 1759.84, 1.8
mprj, 766.17, 1759.84, 1.8
mprj, 769.27, 1759.84, 1.8
mprj, 406.17, 1759.84, 1.8
mprj, 409.27, 1759.84, 1.8
mprj, 226.17, 1759.84, 1.8
mprj, 229.27, 1759.84, 1.8

