Instance name,  X location,  Y location,  Voltage 
mprj, 1829.12, 1654.48, 0
mprj, 1829.12, 1474.48, 0
mprj, 1829.12, 1294.48, 0
mprj, 1829.12, 1114.48, 0
mprj, 1829.12, 934.48, -0
mprj, 1829.12, 754.48, 0
mprj, 1829.12, 574.48, 0
mprj, 1829.12, 394.48, 0
mprj, 1829.12, 214.48, -0
mprj, 1829.12, 34.48, 0
mprj, 1809.84, 1654.48, 0
mprj, 1809.84, 1474.48, 0
mprj, 1809.84, 1294.48, 0
mprj, 1809.84, 1114.48, 0
mprj, 1809.84, 934.48, 0
mprj, 1809.84, 754.48, 0
mprj, 1809.84, 574.48, 0
mprj, 1809.84, 394.48, 0
mprj, 1809.84, 214.48, 0
mprj, 1809.84, 34.48, 0
mprj, 1656.24, 1654.48, 0
mprj, 1656.24, 1474.48, 0
mprj, 1656.24, 1294.48, 0
mprj, 1656.24, 1114.48, 0
mprj, 1656.24, 934.48, 0
mprj, 1656.24, 754.48, 0
mprj, 1656.24, 574.48, 0
mprj, 1656.24, 394.48, 0
mprj, 1656.24, 214.48, 0
mprj, 1656.24, 34.48, 0
mprj, 1649.12, 1654.48, 0
mprj, 1649.12, 1474.48, 0
mprj, 1649.12, 1294.48, 0
mprj, 1649.12, 1114.48, 0
mprj, 1649.12, 934.48, 0
mprj, 1649.12, 754.48, 0
mprj, 1649.12, 574.48, 0
mprj, 1649.12, 394.48, 0
mprj, 1649.12, 214.48, 0
mprj, 1649.12, 34.48, 0
mprj, 1502.64, 1654.48, 0
mprj, 1502.64, 1474.48, 0
mprj, 1502.64, 1294.48, 0
mprj, 1502.64, 1114.48, 0
mprj, 1502.64, 934.48, 0
mprj, 1502.64, 754.48, 0
mprj, 1502.64, 574.48, 0
mprj, 1502.64, 394.48, 0
mprj, 1502.64, 214.48, 0
mprj, 1502.64, 34.48, 0
mprj, 1469.12, 1654.48, 0
mprj, 1469.12, 1474.48, 0
mprj, 1469.12, 1294.48, 0
mprj, 1469.12, 1114.48, 0
mprj, 1469.12, 934.48, 0
mprj, 1469.12, 754.48, 0
mprj, 1469.12, 574.48, 0
mprj, 1469.12, 394.48, 0
mprj, 1469.12, 214.48, 0
mprj, 1469.12, 34.48, 0
mprj, 1349.04, 1654.48, 0
mprj, 1349.04, 1474.48, 0
mprj, 1349.04, 1294.48, 0
mprj, 1349.04, 1114.48, 0
mprj, 1349.04, 934.48, 0
mprj, 1349.04, 754.48, 0
mprj, 1349.04, 574.48, 0
mprj, 1349.04, 394.48, 0
mprj, 1349.04, 214.48, 0
mprj, 1349.04, 34.48, 0
mprj, 1289.12, 1654.48, 0
mprj, 1289.12, 1474.48, -0
mprj, 1289.12, 1294.48, 0
mprj, 1289.12, 1114.48, 0
mprj, 1289.12, 934.48, 0
mprj, 1289.12, 754.48, 0
mprj, 1289.12, 574.48, 0
mprj, 1289.12, 394.48, 0
mprj, 1289.12, 214.48, 0
mprj, 1289.12, 34.48, 0
mprj, 1195.44, 1654.48, 0
mprj, 1195.44, 1474.48, 0
mprj, 1195.44, 1294.48, 0
mprj, 1195.44, 1114.48, 0
mprj, 1195.44, 934.48, 0
mprj, 1195.44, 754.48, 0
mprj, 1195.44, 574.48, 0
mprj, 1195.44, 394.48, 0
mprj, 1195.44, 214.48, 0
mprj, 1195.44, 34.48, 0
mprj, 1109.12, 1654.48, 0
mprj, 1109.12, 1474.48, 0
mprj, 1109.12, 1294.48, 0
mprj, 1109.12, 1114.48, 0
mprj, 1109.12, 934.48, 0
mprj, 1109.12, 754.48, 0
mprj, 1109.12, 574.48, 0
mprj, 1109.12, 394.48, 0
mprj, 1109.12, 214.48, 0
mprj, 1109.12, 34.48, 0
mprj, 1041.84, 1654.48, 0
mprj, 1041.84, 1474.48, 0
mprj, 1041.84, 1294.48, 0
mprj, 1041.84, 1114.48, 0
mprj, 1041.84, 934.48, 0
mprj, 1041.84, 754.48, 0
mprj, 1041.84, 574.48, 0
mprj, 1041.84, 394.48, 0
mprj, 1041.84, 214.48, 0
mprj, 1041.84, 34.48, 0
mprj, 888.24, 1654.48, 0
mprj, 888.24, 1474.48, 0
mprj, 888.24, 1294.48, 0
mprj, 888.24, 1114.48, 0
mprj, 888.24, 934.48, 0
mprj, 888.24, 754.48, 0
mprj, 888.24, 574.48, 0
mprj, 888.24, 394.48, 0
mprj, 888.24, 214.48, 0
mprj, 888.24, 34.48, 0
mprj, 749.12, 1654.48, -0
mprj, 749.12, 1474.48, 0
mprj, 749.12, 1294.48, 0
mprj, 749.12, 1114.48, 0
mprj, 749.12, 934.48, -0
mprj, 749.12, 754.48, 0
mprj, 749.12, 574.48, 0
mprj, 749.12, 394.48, -0
mprj, 749.12, 214.48, 0
mprj, 749.12, 34.48, 0
mprj, 734.64, 1654.48, 0
mprj, 734.64, 1474.48, 0
mprj, 734.64, 1294.48, 0
mprj, 734.64, 1114.48, 0
mprj, 734.64, 934.48, 0
mprj, 734.64, 754.48, 0
mprj, 734.64, 574.48, 0
mprj, 734.64, 394.48, 0
mprj, 734.64, 214.48, 0
mprj, 734.64, 34.48, 0
mprj, 581.04, 1654.48, 0
mprj, 581.04, 1474.48, 0
mprj, 581.04, 1294.48, 0
mprj, 581.04, 1114.48, 0
mprj, 581.04, 934.48, 0
mprj, 581.04, 754.48, 0
mprj, 581.04, 574.48, 0
mprj, 581.04, 394.48, 0
mprj, 581.04, 214.48, 0
mprj, 581.04, 34.48, 0
mprj, 569.12, 1654.48, 0
mprj, 569.12, 1474.48, 0
mprj, 569.12, 1294.48, 0
mprj, 569.12, 1114.48, 0
mprj, 569.12, 934.48, 0
mprj, 569.12, 754.48, 0
mprj, 569.12, 574.48, 0
mprj, 569.12, 394.48, 0
mprj, 569.12, 214.48, 0
mprj, 569.12, 34.48, 0
mprj, 427.44, 1654.48, 0
mprj, 427.44, 1474.48, 0
mprj, 427.44, 1294.48, 0
mprj, 427.44, 1114.48, 0
mprj, 427.44, 934.48, 0
mprj, 427.44, 754.48, 0
mprj, 427.44, 574.48, 0
mprj, 427.44, 394.48, 0
mprj, 427.44, 214.48, 0
mprj, 427.44, 34.48, 0
mprj, 273.84, 1654.48, 0
mprj, 273.84, 1474.48, 0
mprj, 273.84, 1294.48, 0
mprj, 273.84, 1114.48, 0
mprj, 273.84, 934.48, 0
mprj, 273.84, 754.48, 0
mprj, 273.84, 574.48, 0
mprj, 273.84, 394.48, 0
mprj, 273.84, 214.48, 0
mprj, 273.84, 34.48, 0
mprj, 209.12, 1654.48, 0
mprj, 209.12, 1474.48, 0
mprj, 209.12, 1294.48, 0
mprj, 209.12, 1114.48, 0
mprj, 209.12, 934.48, 0
mprj, 209.12, 754.48, 0
mprj, 209.12, 574.48, 0
mprj, 209.12, 394.48, 0
mprj, 209.12, 214.48, 0
mprj, 209.12, 34.48, 0
mprj, 120.24, 1654.48, 0
mprj, 120.24, 1474.48, 0
mprj, 120.24, 1294.48, 0
mprj, 120.24, 1114.48, 0
mprj, 120.24, 934.48, 0
mprj, 120.24, 754.48, 0
mprj, 120.24, 574.48, 0
mprj, 120.24, 394.48, 0
mprj, 120.24, 214.48, 0
mprj, 120.24, 34.48, 0
mprj, 1827.57, 1759.84, 0
mprj, 1830.67, 1759.84, 0
mprj, 1647.57, 1759.84, 0
mprj, 1650.67, 1759.84, 0
mprj, 1467.57, 1759.84, 0
mprj, 1470.67, 1759.84, 0
mprj, 1287.57, 1759.84, 0
mprj, 1290.67, 1759.84, 0
mprj, 1107.57, 1759.84, 0
mprj, 1110.67, 1759.84, 0
mprj, 747.57, 1759.84, 0
mprj, 750.67, 1759.84, 0
mprj, 567.57, 1759.84, 0
mprj, 570.67, 1759.84, 0
mprj, 207.57, 1759.84, 0
mprj, 210.67, 1759.84, 0

