[INFO]: Run Directory: /home/engtech/Desktop/Openlane_v2/memristor/openlane/user_proj_example/runs/24_04_05_19_00
[INFO]: Saving runtime environment...
[INFO]: Preparing LEF files for the nom corner...
[INFO]: Preparing LEF files for the min corner...
[INFO]: Preparing LEF files for the max corner...
[INFO]: Running linter (Verilator) (log: ../home/engtech/Desktop/Openlane_v2/memristor/openlane/user_proj_example/runs/24_04_05_19_00/logs/synthesis/linter.log)...
[INFO]: 0 errors found by linter
[WARNING]: 9 warnings found by linter
[INFO]: Running Synthesis (log: ../home/engtech/Desktop/Openlane_v2/memristor/openlane/user_proj_example/runs/24_04_05_19_00/logs/synthesis/1-synthesis.log)...
[INFO]: Running Single-Corner Static Timing Analysis (log: ../home/engtech/Desktop/Openlane_v2/memristor/openlane/user_proj_example/runs/24_04_05_19_00/logs/synthesis/2-sta.log)...
[INFO]: Creating a netlist with power/ground pins.
[INFO]: Running Initial Floorplanning (log: ../home/engtech/Desktop/Openlane_v2/memristor/openlane/user_proj_example/runs/24_04_05_19_00/logs/floorplan/3-initial_fp.log)...
[ERROR]: Floorplanning failed
[ERROR]: module core_flat not found in /home/engtech/Desktop/Openlane_v2/memristor/openlane/user_proj_example/runs/24_04_05_19_00/tmp/merged.nom.lef
[ERROR]: Check whether EXTRA_LEFS is set appropriately
[ERROR]: Step 3 (floorplan) failed with error:
-code 1 -level 0 -errorcode NONE -errorinfo {
    while executing
"throw_error"
    (procedure "check_floorplan_missing_lef" line 11)
    invoked from within
"check_floorplan_missing_lef"
    (procedure "init_floorplan" line 11)
    invoked from within
"init_floorplan"
    (procedure "run_floorplan" line 7)
    invoked from within
"run_floorplan"} -errorline 1
[INFO]: Saving current set of views in '../home/engtech/Desktop/Openlane_v2/memristor/openlane/user_proj_example/runs/24_04_05_19_00/results/final'...
[INFO]: Generating final set of reports...
[INFO]: Created manufacturability report at '../home/engtech/Desktop/Openlane_v2/memristor/openlane/user_proj_example/runs/24_04_05_19_00/reports/manufacturability.rpt'.
[INFO]: Created metrics report at '../home/engtech/Desktop/Openlane_v2/memristor/openlane/user_proj_example/runs/24_04_05_19_00/reports/metrics.csv'.
[INFO]: Saving runtime environment...
[ERROR]: Flow failed.
[INFO]: The failure may have been because of the following warnings:
