[ERROR]: during executing yosys script /openlane/scripts/yosys/elaborate.tcl
[ERROR]: Log: ../home/engtech/Desktop/Openlane_v2/memristor/openlane/user_project_wrapper/runs/24_04_19_19_06/logs/synthesis/1-synthesis.log
[ERROR]: Last 10 lines:
[TCL: yosys -import] Command name collision: found pre-existing command `exec' -> skip.
[TCL: yosys -import] Command name collision: found pre-existing command `read' -> skip.
[TCL: yosys -import] Command name collision: found pre-existing command `trace' -> skip.

1. Executing Liberty frontend: /home/engtech/Desktop/Openlane_v2/memristor/openlane/user_project_wrapper/../../lib/user_proj_example.lib
Imported 1 cell types from liberty file.

2. Executing Verilog-2005 frontend: /home/engtech/Desktop/Openlane_v2/memristor/openlane/user_project_wrapper/../../verilog/gl/user_proj_example.v
child killed: interrupt
child killed: interrupt

[ERROR]: Creating issue reproducible...
[ERROR]: Step 1 (synthesis) failed with error:
-code 1 -level 0 -errorcode NONE -errorinfo {
    while executing
"throw_error"
    (procedure "run_tcl_script" line 219)
    invoked from within
"run_tcl_script -tool yosys -no_consume {*}$args"
    (procedure "run_yosys_script" line 2)
    invoked from within
"run_yosys_script $::env(SYNTH_SCRIPT) -indexed_log $arg_values(-indexed_log)"
    (procedure "run_yosys" line 44)
    invoked from within
"run_yosys -indexed_log $log"
    (procedure "run_synthesis" line 13)
    invoked from within
"run_synthesis"} -errorline 1
[ERROR]: Flow failed.
