Reading /home/engtech/Desktop/Openlane_v2/memristor/openlane/user_proj_example/runs/24_04_17_23_45/results/signoff/user_proj_example.gds ..
Reading /home/engtech/Desktop/Openlane_v2/memristor/openlane/user_proj_example/runs/24_04_17_23_45/results/signoff/user_proj_example.klayout.gds ..
--- Running XOR for layer 122/16 ---
"input" in: xor.drc:94
    Polygons (raw): 124867 (flat)  13 (hierarchical)
    Elapsed: 0.010s  Memory: 570.00M
"input" in: xor.drc:94
    Polygons (raw): 124867 (flat)  13 (hierarchical)
    Elapsed: 0.000s  Memory: 570.00M
"^" in: xor.drc:94
    Polygons (raw): 0 (flat)  0 (hierarchical)
    Elapsed: 1.090s  Memory: 570.00M
XOR differences: 0
"output" in: xor.drc:69
    Polygons (raw): 0 (flat)  0 (hierarchical)
    Elapsed: 0.000s  Memory: 570.00M
--- Running XOR for layer 125/20 ---
"input" in: xor.drc:94
    Polygons (raw): 40 (flat)  40 (hierarchical)
    Elapsed: 0.000s  Memory: 570.00M
"input" in: xor.drc:94
    Polygons (raw): 40 (flat)  40 (hierarchical)
    Elapsed: 0.000s  Memory: 570.00M
"^" in: xor.drc:94
    Polygons (raw): 0 (flat)  0 (hierarchical)
    Elapsed: 0.100s  Memory: 570.00M
XOR differences: 0
"output" in: xor.drc:69
    Polygons (raw): 0 (flat)  0 (hierarchical)
    Elapsed: 0.000s  Memory: 570.00M
--- Running XOR for layer 201/20 ---
"input" in: xor.drc:94
    Polygons (raw): 4 (flat)  4 (hierarchical)
    Elapsed: 0.000s  Memory: 570.00M
"input" in: xor.drc:94
    Polygons (raw): 4 (flat)  4 (hierarchical)
    Elapsed: 0.000s  Memory: 570.00M
"^" in: xor.drc:94
    Polygons (raw): 0 (flat)  0 (hierarchical)
    Elapsed: 0.100s  Memory: 570.00M
XOR differences: 0
"output" in: xor.drc:69
    Polygons (raw): 0 (flat)  0 (hierarchical)
    Elapsed: 0.000s  Memory: 570.00M
--- Running XOR for layer 235/4 ---
"input" in: xor.drc:94
    Polygons (raw): 1 (flat)  1 (hierarchical)
    Elapsed: 0.000s  Memory: 570.00M
"input" in: xor.drc:94
    Polygons (raw): 1 (flat)  1 (hierarchical)
    Elapsed: 0.000s  Memory: 570.00M
"^" in: xor.drc:94
    Polygons (raw): 0 (flat)  0 (hierarchical)
    Elapsed: 0.100s  Memory: 570.00M
XOR differences: 0
"output" in: xor.drc:69
    Polygons (raw): 0 (flat)  0 (hierarchical)
    Elapsed: 0.000s  Memory: 570.00M
--- Running XOR for layer 236/0 ---
"input" in: xor.drc:94
    Polygons (raw): 104321 (flat)  11 (hierarchical)
    Elapsed: 0.000s  Memory: 570.00M
"input" in: xor.drc:94
    Polygons (raw): 104321 (flat)  11 (hierarchical)
    Elapsed: 0.000s  Memory: 570.00M
"^" in: xor.drc:94
    Polygons (raw): 0 (flat)  0 (hierarchical)
    Elapsed: 0.980s  Memory: 570.00M
XOR differences: 0
"output" in: xor.drc:69
    Polygons (raw): 0 (flat)  0 (hierarchical)
    Elapsed: 0.000s  Memory: 570.00M
--- Running XOR for layer 64/16 ---
"input" in: xor.drc:94
    Polygons (raw): 124867 (flat)  13 (hierarchical)
    Elapsed: 0.000s  Memory: 570.00M
"input" in: xor.drc:94
    Polygons (raw): 124867 (flat)  13 (hierarchical)
    Elapsed: 0.000s  Memory: 570.00M
"^" in: xor.drc:94
    Polygons (raw): 0 (flat)  0 (hierarchical)
    Elapsed: 1.100s  Memory: 600.00M
XOR differences: 0
"output" in: xor.drc:69
    Polygons (raw): 0 (flat)  0 (hierarchical)
    Elapsed: 0.000s  Memory: 600.00M
--- Running XOR for layer 64/20 ---
"input" in: xor.drc:94
    Polygons (raw): 145495 (flat)  65 (hierarchical)
    Elapsed: 0.000s  Memory: 600.00M
"input" in: xor.drc:94
    Polygons (raw): 145495 (flat)  65 (hierarchical)
    Elapsed: 0.000s  Memory: 600.00M
"^" in: xor.drc:94
    Polygons (raw): 0 (flat)  0 (hierarchical)
    Elapsed: 1.680s  Memory: 622.00M
XOR differences: 0
"output" in: xor.drc:69
    Polygons (raw): 0 (flat)  0 (hierarchical)
    Elapsed: 0.000s  Memory: 622.00M
--- Running XOR for layer 64/5 ---
"input" in: xor.drc:94
    Polygons (raw): 0 (flat)  0 (hierarchical)
    Elapsed: 0.000s  Memory: 622.00M
"input" in: xor.drc:94
    Polygons (raw): 0 (flat)  0 (hierarchical)
    Elapsed: 0.000s  Memory: 622.00M
"^" in: xor.drc:94
    Polygons (raw): 0 (flat)  0 (hierarchical)
    Elapsed: 0.330s  Memory: 622.00M
XOR differences: 0
"output" in: xor.drc:69
    Polygons (raw): 0 (flat)  0 (hierarchical)
    Elapsed: 0.000s  Memory: 622.00M
--- Running XOR for layer 64/59 ---
"input" in: xor.drc:94
    Polygons (raw): 0 (flat)  0 (hierarchical)
    Elapsed: 0.000s  Memory: 622.00M
"input" in: xor.drc:94
    Polygons (raw): 0 (flat)  0 (hierarchical)
    Elapsed: 0.000s  Memory: 622.00M
"^" in: xor.drc:94
    Polygons (raw): 0 (flat)  0 (hierarchical)
    Elapsed: 0.330s  Memory: 622.00M
XOR differences: 0
"output" in: xor.drc:69
    Polygons (raw): 0 (flat)  0 (hierarchical)
    Elapsed: 0.000s  Memory: 622.00M
--- Running XOR for layer 65/20 ---
"input" in: xor.drc:94
    Polygons (raw): 208751 (flat)  139 (hierarchical)
    Elapsed: 0.000s  Memory: 622.00M
"input" in: xor.drc:94
    Polygons (raw): 208751 (flat)  139 (hierarchical)
    Elapsed: 0.000s  Memory: 622.00M
"^" in: xor.drc:94
    Polygons (raw): 0 (flat)  0 (hierarchical)
    Elapsed: 1.260s  Memory: 622.00M
XOR differences: 0
"output" in: xor.drc:69
    Polygons (raw): 0 (flat)  0 (hierarchical)
    Elapsed: 0.000s  Memory: 622.00M
--- Running XOR for layer 65/44 ---
"input" in: xor.drc:94
    Polygons (raw): 41638 (flat)  486 (hierarchical)
    Elapsed: 0.000s  Memory: 622.00M
"input" in: xor.drc:94
    Polygons (raw): 41638 (flat)  486 (hierarchical)
    Elapsed: 0.000s  Memory: 622.00M
"^" in: xor.drc:94
    Polygons (raw): 0 (flat)  0 (hierarchical)
    Elapsed: 0.330s  Memory: 622.00M
XOR differences: 0
"output" in: xor.drc:69
    Polygons (raw): 0 (flat)  0 (hierarchical)
    Elapsed: 0.000s  Memory: 622.00M
--- Running XOR for layer 66/13 ---
"input" in: xor.drc:94
    Polygons (raw): 6 (flat)  6 (hierarchical)
    Elapsed: 0.000s  Memory: 622.00M
"input" in: xor.drc:94
    Polygons (raw): 6 (flat)  6 (hierarchical)
    Elapsed: 0.000s  Memory: 622.00M
"^" in: xor.drc:94
    Polygons (raw): 0 (flat)  0 (hierarchical)
    Elapsed: 0.100s  Memory: 622.00M
XOR differences: 0
"output" in: xor.drc:69
    Polygons (raw): 0 (flat)  0 (hierarchical)
    Elapsed: 0.000s  Memory: 622.00M
--- Running XOR for layer 66/20 ---
"input" in: xor.drc:94
    Polygons (raw): 208928 (flat)  324 (hierarchical)
    Elapsed: 0.000s  Memory: 622.00M
"input" in: xor.drc:94
    Polygons (raw): 208928 (flat)  324 (hierarchical)
    Elapsed: 0.000s  Memory: 622.00M
"^" in: xor.drc:94
    Polygons (raw): 0 (flat)  0 (hierarchical)
    Elapsed: 1.820s  Memory: 622.00M
XOR differences: 0
"output" in: xor.drc:69
    Polygons (raw): 0 (flat)  0 (hierarchical)
    Elapsed: 0.010s  Memory: 622.00M
--- Running XOR for layer 66/44 ---
"input" in: xor.drc:94
    Polygons (raw): 790145 (flat)  16962 (hierarchical)
    Elapsed: 0.000s  Memory: 622.00M
"input" in: xor.drc:94
    Polygons (raw): 790145 (flat)  16962 (hierarchical)
    Elapsed: 0.000s  Memory: 622.00M
"^" in: xor.drc:94
    Polygons (raw): 0 (flat)  0 (hierarchical)
    Elapsed: 4.160s  Memory: 622.00M
XOR differences: 0
"output" in: xor.drc:69
    Polygons (raw): 0 (flat)  0 (hierarchical)
    Elapsed: 0.000s  Memory: 622.00M
--- Running XOR for layer 67/16 ---
"input" in: xor.drc:94
    Polygons (raw): 158 (flat)  45 (hierarchical)
    Elapsed: 0.000s  Memory: 622.00M
"input" in: xor.drc:94
    Polygons (raw): 158 (flat)  45 (hierarchical)
    Elapsed: 0.000s  Memory: 622.00M
"^" in: xor.drc:94
    Polygons (raw): 0 (flat)  0 (hierarchical)
    Elapsed: 0.070s  Memory: 622.00M
XOR differences: 0
"output" in: xor.drc:69
    Polygons (raw): 0 (flat)  0 (hierarchical)
    Elapsed: 0.000s  Memory: 622.00M
--- Running XOR for layer 67/20 ---
"input" in: xor.drc:94
    Polygons (raw): 660434 (flat)  1157 (hierarchical)
    Elapsed: 0.000s  Memory: 622.00M
"input" in: xor.drc:94
    Polygons (raw): 660434 (flat)  1133 (hierarchical)
    Elapsed: 0.000s  Memory: 622.00M
"^" in: xor.drc:94
    Polygons (raw): 0 (flat)  0 (hierarchical)
    Elapsed: 5.160s  Memory: 704.00M
XOR differences: 0
"output" in: xor.drc:69
    Polygons (raw): 0 (flat)  0 (hierarchical)
    Elapsed: 0.000s  Memory: 704.00M
--- Running XOR for layer 67/44 ---
"input" in: xor.drc:94
    Polygons (raw): 2310475 (flat)  7735 (hierarchical)
    Elapsed: 0.000s  Memory: 704.00M
"input" in: xor.drc:94
    Polygons (raw): 2310475 (flat)  7711 (hierarchical)
    Elapsed: 0.000s  Memory: 704.00M
"^" in: xor.drc:94
    Polygons (raw): 0 (flat)  0 (hierarchical)
    Elapsed: 10.800s  Memory: 704.00M
XOR differences: 0
"output" in: xor.drc:69
    Polygons (raw): 0 (flat)  0 (hierarchical)
    Elapsed: 0.000s  Memory: 704.00M
--- Running XOR for layer 67/5 ---
"input" in: xor.drc:94
    Polygons (raw): 0 (flat)  0 (hierarchical)
    Elapsed: 0.000s  Memory: 704.00M
"input" in: xor.drc:94
    Polygons (raw): 0 (flat)  0 (hierarchical)
    Elapsed: 0.000s  Memory: 704.00M
"^" in: xor.drc:94
    Polygons (raw): 0 (flat)  0 (hierarchical)
    Elapsed: 0.060s  Memory: 704.00M
XOR differences: 0
"output" in: xor.drc:69
    Polygons (raw): 0 (flat)  0 (hierarchical)
    Elapsed: 0.000s  Memory: 704.00M
--- Running XOR for layer 68/16 ---
"input" in: xor.drc:94
    Polygons (raw): 290890 (flat)  30 (hierarchical)
    Elapsed: 0.000s  Memory: 704.00M
"input" in: xor.drc:94
    Polygons (raw): 290890 (flat)  30 (hierarchical)
    Elapsed: 0.000s  Memory: 704.00M
"^" in: xor.drc:94
    Polygons (raw): 0 (flat)  0 (hierarchical)
    Elapsed: 1.990s  Memory: 704.00M
XOR differences: 0
"output" in: xor.drc:69
    Polygons (raw): 0 (flat)  0 (hierarchical)
    Elapsed: 0.000s  Memory: 704.00M
--- Running XOR for layer 68/20 ---
"input" in: xor.drc:94
    Polygons (raw): 294414 (flat)  3554 (hierarchical)
    Elapsed: 0.000s  Memory: 704.00M
"input" in: xor.drc:94
    Polygons (raw): 297931 (flat)  3479 (hierarchical)
    Elapsed: 0.000s  Memory: 704.00M
"^" in: xor.drc:94
    Polygons (raw): 0 (flat)  0 (hierarchical)
    Elapsed: 2.690s  Memory: 716.00M
XOR differences: 0
"output" in: xor.drc:69
    Polygons (raw): 0 (flat)  0 (hierarchical)
    Elapsed: 0.000s  Memory: 716.00M
--- Running XOR for layer 68/44 ---
"input" in: xor.drc:94
    Polygons (raw): 18431 (flat)  18431 (hierarchical)
    Elapsed: 0.000s  Memory: 716.00M
"input" in: xor.drc:94
    Polygons (raw): 18431 (flat)  719 (hierarchical)
    Elapsed: 0.000s  Memory: 716.00M
"^" in: xor.drc:94
    Polygons (raw): 0 (flat)  0 (hierarchical)
    Elapsed: 0.170s  Memory: 716.00M
XOR differences: 0
"output" in: xor.drc:69
    Polygons (raw): 0 (flat)  0 (hierarchical)
    Elapsed: 0.000s  Memory: 716.00M
--- Running XOR for layer 68/5 ---
"input" in: xor.drc:94
    Polygons (raw): 0 (flat)  0 (hierarchical)
    Elapsed: 0.000s  Memory: 716.00M
"input" in: xor.drc:94
    Polygons (raw): 0 (flat)  0 (hierarchical)
    Elapsed: 0.000s  Memory: 716.00M
"^" in: xor.drc:94
    Polygons (raw): 0 (flat)  0 (hierarchical)
    Elapsed: 0.410s  Memory: 716.00M
XOR differences: 0
"output" in: xor.drc:69
    Polygons (raw): 0 (flat)  0 (hierarchical)
    Elapsed: 0.000s  Memory: 716.00M
--- Running XOR for layer 69/16 ---
"input" in: xor.drc:94
    Polygons (raw): 11 (flat)  11 (hierarchical)
    Elapsed: 0.000s  Memory: 716.00M
"input" in: xor.drc:94
    Polygons (raw): 11 (flat)  11 (hierarchical)
    Elapsed: 0.000s  Memory: 716.00M
"^" in: xor.drc:94
    Polygons (raw): 0 (flat)  0 (hierarchical)
    Elapsed: 0.110s  Memory: 716.00M
XOR differences: 0
"output" in: xor.drc:69
    Polygons (raw): 0 (flat)  0 (hierarchical)
    Elapsed: 0.000s  Memory: 716.00M
--- Running XOR for layer 69/20 ---
"input" in: xor.drc:94
    Polygons (raw): 4459 (flat)  4459 (hierarchical)
    Elapsed: 0.000s  Memory: 716.00M
"input" in: xor.drc:94
    Polygons (raw): 11534 (flat)  4423 (hierarchical)
    Elapsed: 0.000s  Memory: 716.00M
"^" in: xor.drc:94
    Polygons (raw): 0 (flat)  0 (hierarchical)
    Elapsed: 0.170s  Memory: 716.00M
XOR differences: 0
"output" in: xor.drc:69
    Polygons (raw): 0 (flat)  0 (hierarchical)
    Elapsed: 0.000s  Memory: 716.00M
--- Running XOR for layer 69/44 ---
"input" in: xor.drc:94
    Polygons (raw): 17086 (flat)  17086 (hierarchical)
    Elapsed: 0.000s  Memory: 716.00M
"input" in: xor.drc:94
    Polygons (raw): 17086 (flat)  2935 (hierarchical)
    Elapsed: 0.000s  Memory: 716.00M
"^" in: xor.drc:94
    Polygons (raw): 0 (flat)  0 (hierarchical)
    Elapsed: 0.170s  Memory: 716.00M
XOR differences: 0
"output" in: xor.drc:69
    Polygons (raw): 0 (flat)  0 (hierarchical)
    Elapsed: 0.000s  Memory: 716.00M
--- Running XOR for layer 69/5 ---
"input" in: xor.drc:94
    Polygons (raw): 0 (flat)  0 (hierarchical)
    Elapsed: 0.000s  Memory: 716.00M
"input" in: xor.drc:94
    Polygons (raw): 0 (flat)  0 (hierarchical)
    Elapsed: 0.000s  Memory: 716.00M
"^" in: xor.drc:94
    Polygons (raw): 0 (flat)  0 (hierarchical)
    Elapsed: 0.080s  Memory: 716.00M
XOR differences: 0
"output" in: xor.drc:69
    Polygons (raw): 0 (flat)  0 (hierarchical)
    Elapsed: 0.000s  Memory: 716.00M
--- Running XOR for layer 70/16 ---
"input" in: xor.drc:94
    Polygons (raw): 15 (flat)  15 (hierarchical)
    Elapsed: 0.000s  Memory: 716.00M
"input" in: xor.drc:94
    Polygons (raw): 15 (flat)  15 (hierarchical)
    Elapsed: 0.000s  Memory: 716.00M
"^" in: xor.drc:94
    Polygons (raw): 0 (flat)  0 (hierarchical)
    Elapsed: 0.100s  Memory: 716.00M
XOR differences: 0
"output" in: xor.drc:69
    Polygons (raw): 0 (flat)  0 (hierarchical)
    Elapsed: 0.000s  Memory: 716.00M
--- Running XOR for layer 70/20 ---
"input" in: xor.drc:94
    Polygons (raw): 3615 (flat)  3615 (hierarchical)
    Elapsed: 0.000s  Memory: 716.00M
"input" in: xor.drc:94
    Polygons (raw): 10677 (flat)  3581 (hierarchical)
    Elapsed: 0.000s  Memory: 716.00M
"^" in: xor.drc:94
    Polygons (raw): 0 (flat)  0 (hierarchical)
    Elapsed: 0.150s  Memory: 716.00M
XOR differences: 0
"output" in: xor.drc:69
    Polygons (raw): 0 (flat)  0 (hierarchical)
    Elapsed: 0.000s  Memory: 716.00M
--- Running XOR for layer 70/44 ---
"input" in: xor.drc:94
    Polygons (raw): 15850 (flat)  15850 (hierarchical)
    Elapsed: 0.000s  Memory: 716.00M
"input" in: xor.drc:94
    Polygons (raw): 15850 (flat)  155 (hierarchical)
    Elapsed: 0.000s  Memory: 716.00M
"^" in: xor.drc:94
    Polygons (raw): 0 (flat)  0 (hierarchical)
    Elapsed: 0.160s  Memory: 716.00M
XOR differences: 0
"output" in: xor.drc:69
    Polygons (raw): 0 (flat)  0 (hierarchical)
    Elapsed: 0.000s  Memory: 716.00M
--- Running XOR for layer 70/5 ---
"input" in: xor.drc:94
    Polygons (raw): 0 (flat)  0 (hierarchical)
    Elapsed: 0.000s  Memory: 716.00M
"input" in: xor.drc:94
    Polygons (raw): 0 (flat)  0 (hierarchical)
    Elapsed: 0.000s  Memory: 716.00M
"^" in: xor.drc:94
    Polygons (raw): 0 (flat)  0 (hierarchical)
    Elapsed: 0.080s  Memory: 716.00M
XOR differences: 0
"output" in: xor.drc:69
    Polygons (raw): 0 (flat)  0 (hierarchical)
    Elapsed: 0.000s  Memory: 716.00M
--- Running XOR for layer 71/16 ---
"input" in: xor.drc:94
    Polygons (raw): 37 (flat)  37 (hierarchical)
    Elapsed: 0.000s  Memory: 716.00M
"input" in: xor.drc:94
    Polygons (raw): 37 (flat)  37 (hierarchical)
    Elapsed: 0.000s  Memory: 716.00M
"^" in: xor.drc:94
    Polygons (raw): 0 (flat)  0 (hierarchical)
    Elapsed: 0.100s  Memory: 716.00M
XOR differences: 0
"output" in: xor.drc:69
    Polygons (raw): 0 (flat)  0 (hierarchical)
    Elapsed: 0.000s  Memory: 716.00M
--- Running XOR for layer 71/20 ---
"input" in: xor.drc:94
    Polygons (raw): 40 (flat)  40 (hierarchical)
    Elapsed: 0.000s  Memory: 716.00M
"input" in: xor.drc:94
    Polygons (raw): 3632 (flat)  79 (hierarchical)
    Elapsed: 0.000s  Memory: 716.00M
"^" in: xor.drc:94
    Polygons (raw): 0 (flat)  0 (hierarchical)
    Elapsed: 0.140s  Memory: 716.00M
XOR differences: 0
"output" in: xor.drc:69
    Polygons (raw): 0 (flat)  0 (hierarchical)
    Elapsed: 0.000s  Memory: 716.00M
--- Running XOR for layer 71/5 ---
"input" in: xor.drc:94
    Polygons (raw): 0 (flat)  0 (hierarchical)
    Elapsed: 0.000s  Memory: 716.00M
"input" in: xor.drc:94
    Polygons (raw): 0 (flat)  0 (hierarchical)
    Elapsed: 0.000s  Memory: 716.00M
"^" in: xor.drc:94
    Polygons (raw): 0 (flat)  0 (hierarchical)
    Elapsed: 0.080s  Memory: 716.00M
XOR differences: 0
"output" in: xor.drc:69
    Polygons (raw): 0 (flat)  0 (hierarchical)
    Elapsed: 0.000s  Memory: 716.00M
--- Running XOR for layer 75/20 ---
"input" in: xor.drc:94
    Polygons (raw): 74 (flat)  74 (hierarchical)
    Elapsed: 0.000s  Memory: 716.00M
"input" in: xor.drc:94
    Polygons (raw): 74 (flat)  74 (hierarchical)
    Elapsed: 0.000s  Memory: 716.00M
"^" in: xor.drc:94
    Polygons (raw): 0 (flat)  0 (hierarchical)
    Elapsed: 0.100s  Memory: 716.00M
XOR differences: 0
"output" in: xor.drc:69
    Polygons (raw): 0 (flat)  0 (hierarchical)
    Elapsed: 0.010s  Memory: 716.00M
--- Running XOR for layer 78/44 ---
"input" in: xor.drc:94
    Polygons (raw): 145446 (flat)  16 (hierarchical)
    Elapsed: 0.000s  Memory: 716.00M
"input" in: xor.drc:94
    Polygons (raw): 145446 (flat)  16 (hierarchical)
    Elapsed: 0.000s  Memory: 716.00M
"^" in: xor.drc:94
    Polygons (raw): 0 (flat)  0 (hierarchical)
    Elapsed: 1.260s  Memory: 716.00M
XOR differences: 0
"output" in: xor.drc:69
    Polygons (raw): 0 (flat)  0 (hierarchical)
    Elapsed: 0.000s  Memory: 716.00M
Warning: Skipping 81/14
--- Running XOR for layer 81/23 ---
"input" in: xor.drc:94
    Polygons (raw): 9 (flat)  1 (hierarchical)
    Elapsed: 0.000s  Memory: 716.00M
"input" in: xor.drc:94
    Polygons (raw): 9 (flat)  1 (hierarchical)
    Elapsed: 0.000s  Memory: 716.00M
"^" in: xor.drc:94
    Polygons (raw): 0 (flat)  0 (hierarchical)
    Elapsed: 0.060s  Memory: 716.00M
XOR differences: 0
"output" in: xor.drc:69
    Polygons (raw): 0 (flat)  0 (hierarchical)
    Elapsed: 0.000s  Memory: 716.00M
--- Running XOR for layer 81/4 ---
"input" in: xor.drc:94
    Polygons (raw): 145444 (flat)  14 (hierarchical)
    Elapsed: 0.000s  Memory: 716.00M
"input" in: xor.drc:94
    Polygons (raw): 145444 (flat)  14 (hierarchical)
    Elapsed: 0.000s  Memory: 716.00M
"^" in: xor.drc:94
    Polygons (raw): 0 (flat)  0 (hierarchical)
    Elapsed: 1.330s  Memory: 716.00M
XOR differences: 0
"output" in: xor.drc:69
    Polygons (raw): 0 (flat)  0 (hierarchical)
    Elapsed: 0.000s  Memory: 716.00M
--- Running XOR for layer 81/53 ---
"input" in: xor.drc:94
    Polygons (raw): 4 (flat)  4 (hierarchical)
    Elapsed: 0.000s  Memory: 716.00M
"input" in: xor.drc:94
    Polygons (raw): 4 (flat)  4 (hierarchical)
    Elapsed: 0.000s  Memory: 716.00M
"^" in: xor.drc:94
    Polygons (raw): 0 (flat)  0 (hierarchical)
    Elapsed: 0.100s  Memory: 716.00M
XOR differences: 0
"output" in: xor.drc:69
    Polygons (raw): 0 (flat)  0 (hierarchical)
    Elapsed: 0.000s  Memory: 716.00M
--- Running XOR for layer 83/44 ---
"input" in: xor.drc:94
    Polygons (raw): 0 (flat)  0 (hierarchical)
    Elapsed: 0.000s  Memory: 716.00M
"input" in: xor.drc:94
    Polygons (raw): 0 (flat)  0 (hierarchical)
    Elapsed: 0.000s  Memory: 716.00M
"^" in: xor.drc:94
    Polygons (raw): 0 (flat)  0 (hierarchical)
    Elapsed: 0.380s  Memory: 716.00M
XOR differences: 0
"output" in: xor.drc:69
    Polygons (raw): 0 (flat)  0 (hierarchical)
    Elapsed: 0.000s  Memory: 716.00M
--- Running XOR for layer 93/44 ---
"input" in: xor.drc:94
    Polygons (raw): 166292 (flat)  286 (hierarchical)
    Elapsed: 0.000s  Memory: 716.00M
"input" in: xor.drc:94
    Polygons (raw): 166292 (flat)  286 (hierarchical)
    Elapsed: 0.000s  Memory: 716.00M
"^" in: xor.drc:94
    Polygons (raw): 0 (flat)  0 (hierarchical)
    Elapsed: 1.560s  Memory: 716.00M
XOR differences: 0
"output" in: xor.drc:69
    Polygons (raw): 0 (flat)  0 (hierarchical)
    Elapsed: 0.000s  Memory: 716.00M
--- Running XOR for layer 94/20 ---
"input" in: xor.drc:94
    Polygons (raw): 166352 (flat)  346 (hierarchical)
    Elapsed: 0.000s  Memory: 716.00M
"input" in: xor.drc:94
    Polygons (raw): 166352 (flat)  346 (hierarchical)
    Elapsed: 0.000s  Memory: 716.00M
"^" in: xor.drc:94
    Polygons (raw): 0 (flat)  0 (hierarchical)
    Elapsed: 1.600s  Memory: 716.00M
XOR differences: 0
"output" in: xor.drc:69
    Polygons (raw): 0 (flat)  0 (hierarchical)
    Elapsed: 0.000s  Memory: 716.00M
--- Running XOR for layer 95/20 ---
"input" in: xor.drc:94
    Polygons (raw): 104556 (flat)  254 (hierarchical)
    Elapsed: 0.000s  Memory: 716.00M
"input" in: xor.drc:94
    Polygons (raw): 104556 (flat)  254 (hierarchical)
    Elapsed: 0.000s  Memory: 716.00M
"^" in: xor.drc:94
    Polygons (raw): 0 (flat)  0 (hierarchical)
    Elapsed: 1.030s  Memory: 716.00M
XOR differences: 0
"output" in: xor.drc:69
    Polygons (raw): 0 (flat)  0 (hierarchical)
    Elapsed: 0.010s  Memory: 716.00M
---
Total XOR differences: 0
Writing report database: /home/engtech/Desktop/Openlane_v2/memristor/openlane/user_proj_example/runs/24_04_17_23_45/reports/signoff/37-xor.xml ..
Total elapsed: 45.270s  Memory: 716.00M
