OpenROAD 41a51eaf4ca2171c92ff38afb91eb37bbd3f36da 
This program is licensed under the BSD-3 license. See the LICENSE file for details.
Components of this program may be licensed under more restrictive licenses which must be honored.
[INFO]: Reading ODB at '/home/engtech/Desktop/Openlane_v2/memristor/openlane/user_proj_example/runs/24_04_14_23_10/tmp/routing/25-fill.odb'…
define_corners Typical
read_liberty -corner Typical /home/engtech/Desktop/Openlane_v2/memristor/dependencies/pdks/sky130B/libs.ref/sky130_fd_sc_hd/lib/sky130_fd_sc_hd__tt_025C_1v80.lib
Using 1e-12 for capacitance...
Using 1e+03 for resistance...
Using 1e-09 for time...
Using 1e+00 for voltage...
Using 1e-03 for current...
Using 1e-09 for power...
Using 1e-06 for distance...
Reading design constraints file at '/home/engtech/Desktop/Openlane_v2/memristor/openlane/user_proj_example/runs/24_04_14_23_10/tmp/18-user_proj_example.sdc'…
[INFO ORD-0030] Using 2 thread(s).
[INFO DRT-0149] Reading tech and libs.

Units:                1000
Number of layers:     13
Number of macros:     442
Number of vias:       25
Number of viarulegen: 25

[INFO DRT-0150] Reading design.

Design:                   user_proj_example
Die area:                 ( 0 0 ) ( 1800000 1800000 )
Number of track patterns: 12
Number of DEF vias:       0
Number of components:     272323
Number of terminals:      13
Number of snets:          4
Number of nets:           17

[INFO DRT-0167] List of default vias:
  Layer mcon
    default via: L1M1_PR
  Layer via
    default via: M1M2_PR
  Layer via2
    default via: M2M3_PR
  Layer via3
    default via: M3M4_PR
  Layer via4
    default via: M4M5_PR
[INFO DRT-0162] Library cell analysis.
[INFO DRT-0163] Instance analysis.
  Complete 10000 instances.
  Complete 20000 instances.
  Complete 30000 instances.
  Complete 40000 instances.
  Complete 50000 instances.
  Complete 60000 instances.
  Complete 70000 instances.
  Complete 80000 instances.
  Complete 90000 instances.
  Complete 100000 instances.
  Complete 200000 instances.
[INFO DRT-0164] Number of unique instances = 27.
[INFO DRT-0168] Init region query.
[INFO DRT-0018]   Complete 10000 insts.
[INFO DRT-0018]   Complete 20000 insts.
[INFO DRT-0018]   Complete 30000 insts.
[INFO DRT-0018]   Complete 40000 insts.
[INFO DRT-0018]   Complete 50000 insts.
[INFO DRT-0018]   Complete 60000 insts.
[INFO DRT-0018]   Complete 70000 insts.
[INFO DRT-0018]   Complete 80000 insts.
[INFO DRT-0018]   Complete 90000 insts.
[INFO DRT-0019]   Complete 100000 insts.
[INFO DRT-0019]   Complete 200000 insts.
[INFO DRT-0024]   Complete FR_MASTERSLICE.
[INFO DRT-0024]   Complete Fr_VIA.
[INFO DRT-0024]   Complete li1.
[INFO DRT-0024]   Complete mcon.
[INFO DRT-0024]   Complete met1.
[INFO DRT-0024]   Complete via.
[INFO DRT-0024]   Complete met2.
[INFO DRT-0024]   Complete via2.
[INFO DRT-0024]   Complete met3.
[INFO DRT-0024]   Complete via3.
[INFO DRT-0024]   Complete met4.
[INFO DRT-0024]   Complete via4.
[INFO DRT-0024]   Complete met5.
[INFO DRT-0033] FR_MASTERSLICE shape region query size = 0.
[INFO DRT-0033] FR_VIA shape region query size = 0.
[INFO DRT-0033] li1 shape region query size = 1401378.
[INFO DRT-0033] mcon shape region query size = 4018764.
[INFO DRT-0033] met1 shape region query size = 552376.
[INFO DRT-0033] via shape region query size = 34100.
[INFO DRT-0033] met2 shape region query size = 20486.
[INFO DRT-0033] via2 shape region query size = 27283.
[INFO DRT-0033] met3 shape region query size = 20502.
[INFO DRT-0033] via3 shape region query size = 29012.
[INFO DRT-0033] met4 shape region query size = 6935.
[INFO DRT-0033] via4 shape region query size = 0.
[INFO DRT-0033] met5 shape region query size = 0.
[INFO DRT-0165] Start pin access.
[ERROR DRT-0073] No access point for core_flat_v4/SEL1.
Error: droute.tcl, 38 DRT-0073
