Instance name,  X location,  Y location,  Voltage 
mprj, 1127.72, 1313.08, 1.8
mprj, 1127.72, 1133.08, 1.8
mprj, 1127.72, 953.08, 1.8
mprj, 1127.72, 773.08, 1.8
mprj, 1127.72, 593.08, 1.8
mprj, 1127.72, 413.08, 1.8
mprj, 1127.72, 233.08, 1.8
mprj, 1127.72, 53.08, 1.8
mprj, 947.72, 1313.08, 1.8
mprj, 947.72, 1133.08, 1.8
mprj, 947.72, 953.08, 1.8
mprj, 947.72, 773.08, 1.8
mprj, 947.72, 593.08, 1.8
mprj, 947.72, 413.08, 1.8
mprj, 947.72, 233.08, 1.8
mprj, 947.72, 53.08, 1.8
mprj, 767.72, 1313.08, 1.8
mprj, 767.72, 1133.08, 1.8
mprj, 767.72, 953.08, 1.8
mprj, 767.72, 773.08, 1.8
mprj, 767.72, 593.08, 1.8
mprj, 767.72, 413.08, 1.8
mprj, 767.72, 233.08, 1.8
mprj, 767.72, 53.08, 1.8
mprj, 587.72, 1313.08, 1.8
mprj, 587.72, 1133.08, 1.8
mprj, 587.72, 953.08, 1.8
mprj, 587.72, 773.08, 1.8
mprj, 407.72, 1313.08, 1.8
mprj, 407.72, 1133.08, 1.8
mprj, 407.72, 953.08, 1.8
mprj, 407.72, 773.08, 1.8
mprj, 227.72, 1313.08, 1.8
mprj, 227.72, 1133.08, 1.8
mprj, 227.72, 953.08, 1.8
mprj, 227.72, 773.08, 1.8

