OpenROAD 41a51eaf4ca2171c92ff38afb91eb37bbd3f36da 
This program is licensed under the BSD-3 license. See the LICENSE file for details.
Components of this program may be licensed under more restrictive licenses which must be honored.
[INFO ODB-0222] Reading LEF file: /home/engtech/Desktop/Openlane_v2/memristor/openlane/user_project_wrapper/runs/24_04_04_11_29/tmp/merged.min.lef
[WARNING ODB-0220] WARNING (LEFPARS-2036): SOURCE statement is obsolete in version 5.6 and later.
The LEF parser will ignore this statement.
To avoid this warning in the future, remove this statement from the LEF file with version 5.6 or later. See file /home/engtech/Desktop/Openlane_v2/memristor/openlane/user_project_wrapper/runs/24_04_04_11_29/tmp/merged.min.lef at line 68353.

[INFO ODB-0223]     Created 13 technology layers
[INFO ODB-0224]     Created 25 technology vias
[INFO ODB-0225]     Created 442 library cells
[INFO ODB-0226] Finished LEF file:  /home/engtech/Desktop/Openlane_v2/memristor/openlane/user_project_wrapper/runs/24_04_04_11_29/tmp/merged.min.lef
[INFO ODB-0127] Reading DEF file: /home/engtech/Desktop/Openlane_v2/memristor/openlane/user_project_wrapper/runs/24_04_04_11_29/results/routing/user_project_wrapper.def
[INFO ODB-0128] Design: user_project_wrapper
[INFO ODB-0130]     Created 645 pins.
[INFO ODB-0131]     Created 1 components and 13 component-terminals.
[INFO ODB-0132]     Created 8 special nets and 4 connections.
[INFO ODB-0133]     Created 637 nets and 9 connections.
[INFO ODB-0134] Finished DEF file: /home/engtech/Desktop/Openlane_v2/memristor/openlane/user_project_wrapper/runs/24_04_04_11_29/results/routing/user_project_wrapper.def
define_corners Typical
read_liberty -corner Typical /home/engtech/Desktop/Openlane_v2/memristor/dependencies/pdks/sky130A/libs.ref/sky130_fd_sc_hd/lib/sky130_fd_sc_hd__tt_025C_1v80.lib
read_liberty -corner Typical /home/engtech/Desktop/Openlane_v2/memristor/openlane/user_project_wrapper/../../lib/user_proj_example.lib
Using 1e-12 for capacitance...
Using 1e+03 for resistance...
Using 1e-09 for time...
Using 1e+00 for voltage...
Using 1e-03 for current...
Using 1e-09 for power...
Using 1e-06 for distance...
Using RCX ruleset '/home/engtech/Desktop/Openlane_v2/memristor/dependencies/pdks/sky130A/libs.tech/openlane/rules.openrcx.sky130A.min.calibre'...
[INFO RCX-0431] Defined process_corner X with ext_model_index 0
[INFO RCX-0029] Defined extraction corner X
[INFO RCX-0008] extracting parasitics of user_project_wrapper ...
[INFO RCX-0435] Reading extraction model file /home/engtech/Desktop/Openlane_v2/memristor/dependencies/pdks/sky130A/libs.tech/openlane/rules.openrcx.sky130A.min.calibre ...
[INFO RCX-0436] RC segment generation user_project_wrapper (max_merge_res 50.0) ...
[INFO RCX-0040] Final 45 rc segments
[INFO RCX-0439] Coupling Cap extraction user_project_wrapper ...
[INFO RCX-0440] Coupling threshhold is 0.1000 fF, coupling capacitance less than 0.1000 fF will be grounded.
[INFO RCX-0043] 386 wires to be extracted
[INFO RCX-0442] 10% completion -- 40 wires have been extracted
[INFO RCX-0442] 16% completion -- 62 wires have been extracted
[INFO RCX-0442] 21% completion -- 84 wires have been extracted
[INFO RCX-0442] 27% completion -- 105 wires have been extracted
[INFO RCX-0442] 33% completion -- 128 wires have been extracted
[INFO RCX-0442] 38% completion -- 149 wires have been extracted
[INFO RCX-0442] 50% completion -- 195 wires have been extracted
[INFO RCX-0442] 63% completion -- 246 wires have been extracted
[INFO RCX-0442] 71% completion -- 275 wires have been extracted
[INFO RCX-0442] 79% completion -- 305 wires have been extracted
[INFO RCX-0442] 85% completion -- 330 wires have been extracted
[INFO RCX-0442] 91% completion -- 352 wires have been extracted
[INFO RCX-0442] 100% completion -- 386 wires have been extracted
[INFO RCX-0045] Extract 643 nets, 54 rsegs, 54 caps, 10 ccs
[INFO RCX-0015] Finished extracting user_project_wrapper.
Writing result to /home/engtech/Desktop/Openlane_v2/memristor/openlane/user_project_wrapper/runs/24_04_04_11_29/results/routing/mca/process_corner_min/user_project_wrapper.spef...
Setting global connections for newly added cells…
[WARNING] Did not save OpenROAD database!
Writing extracted parasitics to '/home/engtech/Desktop/Openlane_v2/memristor/openlane/user_project_wrapper/runs/24_04_04_11_29/results/routing/mca/process_corner_min/user_project_wrapper.spef'…
[INFO RCX-0016] Writing SPEF ...
[INFO RCX-0443] 637 nets finished
[INFO RCX-0017] Finished writing SPEF ...
