OpenROAD 41a51eaf4ca2171c92ff38afb91eb37bbd3f36da 
This program is licensed under the BSD-3 license. See the LICENSE file for details.
Components of this program may be licensed under more restrictive licenses which must be honored.
[INFO]: Reading ODB at '/home/engtech/Desktop/Openlane_v2/memristor/openlane/user_project_wrapper/runs/24_04_14_23_37/results/routing/user_project_wrapper.odb'…
define_corners Typical
read_liberty -corner Typical /home/engtech/Desktop/Openlane_v2/memristor/dependencies/pdks/sky130B/libs.ref/sky130_fd_sc_hd/lib/sky130_fd_sc_hd__tt_025C_1v80.lib
read_liberty -corner Typical /home/engtech/Desktop/Openlane_v2/memristor/openlane/user_project_wrapper/../../lib/user_proj_example.lib
Using 1e-12 for capacitance...
Using 1e+03 for resistance...
Using 1e-09 for time...
Using 1e+00 for voltage...
Using 1e-03 for current...
Using 1e-09 for power...
Using 1e-06 for distance...
Reading design constraints file at '/home/engtech/Desktop/Openlane_v2/memristor/openlane/user_project_wrapper/runs/24_04_14_23_37/tmp/floorplan/3-initial_fp.sdc'…
Net: analog_io[14]
  Pin: mprj/analog_io1 (user_proj_example)
    Layer: met3
      Partial area ratio:  543.86
      Required ratio:    0.00 (Gate area) 
      Partial area ratio: 2902.53
      Required ratio:  400.00 (Side area) (VIOLATED)
      Cumulative area ratio:  543.86
      Required ratio:    0.00 (Cumulative area) 
      Cumulative area ratio: 2902.53
      Required ratio:    0.00 (Cumulative side area) 


Net: analog_io[15]
  Pin: mprj/analog_io2 (user_proj_example)
    Layer: met3
      Partial area ratio:  386.92
      Required ratio:    0.00 (Gate area) 
      Partial area ratio: 2066.97
      Required ratio:  400.00 (Side area) (VIOLATED)
      Cumulative area ratio:  386.92
      Required ratio:    0.00 (Cumulative area) 
      Cumulative area ratio: 2066.97
      Required ratio:    0.00 (Cumulative side area) 


Net: analog_io[16]
  Pin: mprj/analog_io3 (user_proj_example)
    Layer: met3
      Partial area ratio:  159.19
      Required ratio:    0.00 (Gate area) 
      Partial area ratio:  852.39
      Required ratio:  400.00 (Side area) (VIOLATED)
      Cumulative area ratio:  159.19
      Required ratio:    0.00 (Cumulative area) 
      Cumulative area ratio:  852.39
      Required ratio:    0.00 (Cumulative side area) 


Net: io_in[10]
  Pin: mprj/io_in[2] (user_proj_example)
    Layer: met3
      Partial area ratio: 2371.82
      Required ratio:    0.00 (Gate area) 
      Partial area ratio: 12653.58
      Required ratio:  400.00 (Side area) (VIOLATED)
      Cumulative area ratio: 2378.66
      Required ratio:    0.00 (Cumulative area) 
      Cumulative area ratio: 12688.56
      Required ratio:    0.00 (Cumulative side area) 

    Layer: met2
      Partial area ratio:    6.84
      Required ratio:    0.00 (Gate area) 
      Partial area ratio:   34.99
      Required ratio:  400.00 (Side area) 
      Cumulative area ratio:    6.84
      Required ratio:    0.00 (Cumulative area) 
      Cumulative area ratio:   34.99
      Required ratio:    0.00 (Cumulative side area) 

    Via: M2M3_PR
      Partial area ratio:    0.16
      Required ratio:    6.00 (Gate area) 
      Cumulative area ratio:    0.16
      Required ratio:    0.00 (Cumulative area) 


Net: io_in[11]
  Pin: mprj/io_in[3] (user_proj_example)
    Layer: met3
      Partial area ratio:  967.90
      Required ratio:    0.00 (Gate area) 
      Partial area ratio: 5164.06
      Required ratio:  400.00 (Side area) (VIOLATED)
      Cumulative area ratio:  971.51
      Required ratio:    0.00 (Cumulative area) 
      Cumulative area ratio: 5182.51
      Required ratio:    0.00 (Cumulative side area) 

    Layer: met2
      Partial area ratio:    3.61
      Required ratio:    0.00 (Gate area) 
      Partial area ratio:   18.45
      Required ratio:  400.00 (Side area) 
      Cumulative area ratio:    3.61
      Required ratio:    0.00 (Cumulative area) 
      Cumulative area ratio:   18.45
      Required ratio:    0.00 (Cumulative side area) 

    Via: M2M3_PR
      Partial area ratio:    0.08
      Required ratio:    6.00 (Gate area) 
      Cumulative area ratio:    0.08
      Required ratio:    0.00 (Cumulative area) 


Net: io_in[12]
  Pin: mprj/io_in[4] (user_proj_example)
    Layer: met3
      Partial area ratio:  435.67
      Required ratio:    0.00 (Gate area) 
      Partial area ratio: 2324.71
      Required ratio:  400.00 (Side area) (VIOLATED)
      Cumulative area ratio:  437.88
      Required ratio:    0.00 (Cumulative area) 
      Cumulative area ratio: 2335.99
      Required ratio:    0.00 (Cumulative side area) 

    Layer: met2
      Partial area ratio:    2.21
      Required ratio:    0.00 (Gate area) 
      Partial area ratio:   11.28
      Required ratio:  400.00 (Side area) 
      Cumulative area ratio:    2.21
      Required ratio:    0.00 (Cumulative area) 
      Cumulative area ratio:   11.28
      Required ratio:    0.00 (Cumulative side area) 

    Via: M2M3_PR
      Partial area ratio:    0.05
      Required ratio:    6.00 (Gate area) 
      Cumulative area ratio:    0.05
      Required ratio:    0.00 (Cumulative area) 


Net: io_in[8]
  Pin: mprj/io_in[0] (user_proj_example)
    Layer: met3
      Partial area ratio: 5051.15
      Required ratio:    0.00 (Gate area) 
      Partial area ratio: 26945.51
      Required ratio:  400.00 (Side area) (VIOLATED)
      Cumulative area ratio: 5059.79
      Required ratio:    0.00 (Cumulative area) 
      Cumulative area ratio: 26989.93
      Required ratio:    0.00 (Cumulative side area) 

    Layer: met2
      Partial area ratio:    8.64
      Required ratio:    0.00 (Gate area) 
      Partial area ratio:   44.42
      Required ratio:  400.00 (Side area) 
      Cumulative area ratio:    8.64
      Required ratio:    0.00 (Cumulative area) 
      Cumulative area ratio:   44.42
      Required ratio:    0.00 (Cumulative side area) 

    Via: M2M3_PR
      Partial area ratio:    0.25
      Required ratio:    6.00 (Gate area) 
      Cumulative area ratio:    0.25
      Required ratio:    0.00 (Cumulative area) 


Net: io_in[9]
  Pin: mprj/io_in[1] (user_proj_example)
    Layer: met3
      Partial area ratio: 2810.07
      Required ratio:    0.00 (Gate area) 
      Partial area ratio: 14990.93
      Required ratio:  400.00 (Side area) (VIOLATED)
      Cumulative area ratio: 2815.75
      Required ratio:    0.00 (Cumulative area) 
      Cumulative area ratio: 15020.09
      Required ratio:    0.00 (Cumulative side area) 

    Layer: met2
      Partial area ratio:    5.67
      Required ratio:    0.00 (Gate area) 
      Partial area ratio:   29.16
      Required ratio:  400.00 (Side area) 
      Cumulative area ratio:    5.67
      Required ratio:    0.00 (Cumulative area) 
      Cumulative area ratio:   29.16
      Required ratio:    0.00 (Cumulative side area) 

    Via: M2M3_PR
      Partial area ratio:    0.16
      Required ratio:    6.00 (Gate area) 
      Cumulative area ratio:    0.16
      Required ratio:    0.00 (Cumulative area) 


[INFO ANT-0002] Found 8 net violations.
[INFO ANT-0001] Found 8 pin violations.
