OpenROAD 41a51eaf4ca2171c92ff38afb91eb37bbd3f36da 
This program is licensed under the BSD-3 license. See the LICENSE file for details.
Components of this program may be licensed under more restrictive licenses which must be honored.
[INFO]: Reading ODB at '/home/engtech/Desktop/Openlane_v2/memristor/openlane/user_proj_example/runs/24_04_03_20_23/tmp/floorplan/6-tapcell.odb'…
define_corners Typical
read_liberty -corner Typical /home/engtech/Desktop/Openlane_v2/memristor/dependencies/pdks/sky130A/libs.ref/sky130_fd_sc_hd/lib/sky130_fd_sc_hd__tt_025C_1v80.lib
Using 1e-12 for capacitance...
Using 1e+03 for resistance...
Using 1e-09 for time...
Using 1e+00 for voltage...
Using 1e-03 for current...
Using 1e-09 for power...
Using 1e-06 for distance...
Reading design constraints file at '/home/engtech/Desktop/Openlane_v2/memristor/openlane/user_proj_example/runs/24_04_03_20_23/tmp/floorplan/3-initial_fp.sdc'…
adding -skip_trim to pdngen
[WARNING PDN-0189] Supply pin vssd1 of instance core_flat is not connected to any net.
[WARNING PDN-0189] Supply pin vccd1 of instance core_flat is not connected to any net.
[INFO PDN-0001] Inserting grid: stdcell_grid
[INFO PDN-0001] Inserting grid: macro - core_flat
[WARNING PSM-0016] Voltage pad location (VSRC) file not specified, defaulting pad location to checkerboard pattern on core area.
[WARNING PSM-0017] X direction bump pitch is not specified, defaulting to 140um.
[WARNING PSM-0018] Y direction bump pitch is not specified, defaulting to 140um.
[WARNING PSM-0019] Voltage on net vccd1 is not explicitly set.
[WARNING PSM-0022] Using voltage 1.800V for VDD network.
[WARNING PSM-0065] VSRC location not specified, using default checkerboard pattern with one VDD every size bumps in x-direction and one in two bumps in the y-direction
[INFO PSM-0076] Setting metal node density to be standard cell height times 5.
[WARNING PSM-0030] VSRC location at (79.790um, 108.880um) and size 10.000um, is not located on an existing power stripe node. Moving to closest node at (21.840um, 111.520um).
[WARNING PSM-0030] VSRC location at (919.790um, 108.880um) and size 10.000um, is not located on an existing power stripe node. Moving to closest node at (943.440um, 111.520um).
[WARNING PSM-0030] VSRC location at (359.790um, 248.880um) and size 10.000um, is not located on an existing power stripe node. Moving to closest node at (329.040um, 19.040um).
[WARNING PSM-0030] VSRC location at (639.790um, 388.880um) and size 10.000um, is not located on an existing power stripe node. Moving to closest node at (636.240um, 487.120um).
[INFO PSM-0031] Number of PDN nodes on net vccd1 = 4570.
[INFO PSM-0064] Number of voltage sources = 4.
[INFO PSM-0040] All PDN stripes on net vccd1 are connected.
[WARNING PSM-0016] Voltage pad location (VSRC) file not specified, defaulting pad location to checkerboard pattern on core area.
[WARNING PSM-0017] X direction bump pitch is not specified, defaulting to 140um.
[WARNING PSM-0018] Y direction bump pitch is not specified, defaulting to 140um.
[WARNING PSM-0019] Voltage on net vssd1 is not explicitly set.
[WARNING PSM-0021] Using voltage 0.000V for ground network.
[WARNING PSM-0065] VSRC location not specified, using default checkerboard pattern with one VDD every size bumps in x-direction and one in two bumps in the y-direction
[INFO PSM-0076] Setting metal node density to be standard cell height times 5.
[WARNING PSM-0030] VSRC location at (79.790um, 108.880um) and size 10.000um, is not located on an existing power stripe node. Moving to closest node at (27.140um, 108.800um).
[WARNING PSM-0030] VSRC location at (919.790um, 108.880um) and size 10.000um, is not located on an existing power stripe node. Moving to closest node at (981.840um, 108.800um).
[WARNING PSM-0030] VSRC location at (359.790um, 248.880um) and size 10.000um, is not located on an existing power stripe node. Moving to closest node at (367.440um, 16.320um).
[WARNING PSM-0030] VSRC location at (639.790um, 388.880um) and size 10.000um, is not located on an existing power stripe node. Moving to closest node at (674.640um, 487.120um).
[INFO PSM-0031] Number of PDN nodes on net vssd1 = 4407.
[INFO PSM-0064] Number of voltage sources = 4.
[INFO PSM-0040] All PDN stripes on net vssd1 are connected.
Setting global connections for newly added cells…
Writing OpenROAD database to '/home/engtech/Desktop/Openlane_v2/memristor/openlane/user_proj_example/runs/24_04_03_20_23/results/floorplan/user_proj_example.odb'…
Writing layout to '/home/engtech/Desktop/Openlane_v2/memristor/openlane/user_proj_example/runs/24_04_03_20_23/results/floorplan/user_proj_example.def'…
