[INFO]: Run Directory: /home/engtech/Desktop/Openlane_v2/memristor/openlane/user_proj_example/runs/24_04_04_01_05
[INFO]: Saving runtime environment...
[INFO]: Preparing LEF files for the nom corner...
[INFO]: Preparing LEF files for the min corner...
[INFO]: Preparing LEF files for the max corner...
[INFO]: Running linter (Verilator) (log: ../home/engtech/Desktop/Openlane_v2/memristor/openlane/user_proj_example/runs/24_04_04_01_05/logs/synthesis/linter.log)...
[INFO]: 0 errors found by linter
[WARNING]: 9 warnings found by linter
[INFO]: Running Synthesis (log: ../home/engtech/Desktop/Openlane_v2/memristor/openlane/user_proj_example/runs/24_04_04_01_05/logs/synthesis/1-synthesis.log)...
[INFO]: Running Single-Corner Static Timing Analysis (log: ../home/engtech/Desktop/Openlane_v2/memristor/openlane/user_proj_example/runs/24_04_04_01_05/logs/synthesis/2-sta.log)...
[INFO]: Creating a netlist with power/ground pins.
[INFO]: Running Initial Floorplanning (log: ../home/engtech/Desktop/Openlane_v2/memristor/openlane/user_proj_example/runs/24_04_04_01_05/logs/floorplan/3-initial_fp.log)...
[INFO]: Floorplanned with width 1388.74 and height 1376.32.
[INFO]: Running IO Placement (log: ../home/engtech/Desktop/Openlane_v2/memristor/openlane/user_proj_example/runs/24_04_04_01_05/logs/floorplan/4-place_io.log)...
[INFO]: Performing Manual Macro Placement (log: ../home/engtech/Desktop/Openlane_v2/memristor/openlane/user_proj_example/runs/24_04_04_01_05/logs/placement/5-macro_placement.log)...
[INFO]: Running Tap/Decap Insertion (log: ../home/engtech/Desktop/Openlane_v2/memristor/openlane/user_proj_example/runs/24_04_04_01_05/logs/floorplan/6-tap.log)...
[INFO]: Power planning with power {vccd1 vdda1} and ground {vssd1 vssa1}...
[ERROR]: Can't find [vdda1 and vccd1] domain.  Make sure that both exist in vccd1 vdda1 and vssd1 vssa1.
[INFO]: Generating PDN (log: ../home/engtech/Desktop/Openlane_v2/memristor/openlane/user_proj_example/runs/24_04_04_01_05/logs/floorplan/7-pdn.log)...
[ERROR]: during executing openroad script /openlane/scripts/openroad/pdn.tcl
[ERROR]: Log: ../home/engtech/Desktop/Openlane_v2/memristor/openlane/user_proj_example/runs/24_04_04_01_05/logs/floorplan/7-pdn.log
[ERROR]: Last 10 lines:
Using 1e+03 for resistance...
Using 1e-09 for time...
Using 1e+00 for voltage...
Using 1e-03 for current...
Using 1e-09 for power...
Using 1e-06 for distance...
Reading design constraints file at '/home/engtech/Desktop/Openlane_v2/memristor/openlane/user_proj_example/runs/24_04_04_01_05/tmp/floorplan/3-initial_fp.sdc'…
[ERROR ODB-0384] Invalid regular expression specified the pin pattern: [vssa1
Error: pdn_cfg.tcl, 16 ODB-0384
child process exited abnormally

[ERROR]: Creating issue reproducible...
[INFO]: Saving runtime environment...
[INFO]: Reproducible packaged: Please tarball and upload '../home/engtech/Desktop/Openlane_v2/memristor/openlane/user_proj_example/runs/24_04_04_01_05/issue_reproducible' if you're going to submit an issue.
[ERROR]: Step 7 (floorplan) failed with error:
-code 1 -level 0 -errorcode NONE -errorinfo {
    while executing
"throw_error"
    (procedure "run_tcl_script" line 219)
    invoked from within
"run_tcl_script -tool openroad -no_consume {*}$args"
    (procedure "run_openroad_script" line 2)
    invoked from within
"run_openroad_script $::env(SCRIPTS_DIR)/openroad/pdn.tcl  -indexed_log [index_file $::env(floorplan_logs)/pdn.log]  -save "to=$::env(floorplan_results..."
    (procedure "gen_pdn" line 15)
    invoked from within
"gen_pdn"
    (procedure "run_power_grid_generation" line 65)
    invoked from within
"run_power_grid_generation"
    (procedure "run_floorplan" line 56)
    invoked from within
"run_floorplan"} -errorline 1
[INFO]: Saving current set of views in '../home/engtech/Desktop/Openlane_v2/memristor/openlane/user_proj_example/runs/24_04_04_01_05/results/final'...
[INFO]: Generating final set of reports...
[INFO]: Created manufacturability report at '../home/engtech/Desktop/Openlane_v2/memristor/openlane/user_proj_example/runs/24_04_04_01_05/reports/manufacturability.rpt'.
[INFO]: Created metrics report at '../home/engtech/Desktop/Openlane_v2/memristor/openlane/user_proj_example/runs/24_04_04_01_05/reports/metrics.csv'.
[INFO]: Saving runtime environment...
[ERROR]: Flow failed.
[INFO]: The failure may have been because of the following warnings:
