/root/mpw_precheck/checks/tech-files/sky130B_mr.drc:52: warning: already initialized constant DRC::DRCEngine::FEOL
/root/mpw_precheck/checks/tech-files/sky130B_mr.drc:42: warning: previous definition of FEOL was here
/root/mpw_precheck/checks/tech-files/sky130B_mr.drc:56: warning: already initialized constant DRC::DRCEngine::BEOL
/root/mpw_precheck/checks/tech-files/sky130B_mr.drc:43: warning: previous definition of BEOL was here
/root/mpw_precheck/checks/tech-files/sky130B_mr.drc:64: warning: already initialized constant DRC::DRCEngine::OFFGRID
/root/mpw_precheck/checks/tech-files/sky130B_mr.drc:44: warning: previous definition of OFFGRID was here
/root/mpw_precheck/checks/tech-files/sky130B_mr.drc:70: warning: already initialized constant DRC::DRCEngine::SEAL
/root/mpw_precheck/checks/tech-files/sky130B_mr.drc:45: warning: previous definition of SEAL was here
/root/mpw_precheck/checks/tech-files/sky130B_mr.drc:76: warning: already initialized constant DRC::DRCEngine::FLOATING_MET
/root/mpw_precheck/checks/tech-files/sky130B_mr.drc:46: warning: previous definition of FLOATING_MET was here
"input" in: sky130B_mr.drc:126
    Polygons (raw): 208743 (flat)  139 (hierarchical)
    Elapsed: 0.060s  Memory: 720.00M
"polygons" in: sky130B_mr.drc:127
    Polygons (raw): 41638 (flat)  486 (hierarchical)
    Elapsed: 0.040s  Memory: 720.00M
"polygons" in: sky130B_mr.drc:128
    Polygons (raw): 145512 (flat)  66 (hierarchical)
    Elapsed: 0.030s  Memory: 720.00M
"polygons" in: sky130B_mr.drc:129
    Polygons (raw): 0 (flat)  0 (hierarchical)
    Elapsed: 0.000s  Memory: 720.00M
"polygons" in: sky130B_mr.drc:130
    Polygons (raw): 0 (flat)  0 (hierarchical)
    Elapsed: 0.000s  Memory: 720.00M
"polygons" in: sky130B_mr.drc:131
    Polygons (raw): 0 (flat)  0 (hierarchical)
    Elapsed: 0.000s  Memory: 720.00M
"polygons" in: sky130B_mr.drc:132
    Polygons (raw): 0 (flat)  0 (hierarchical)
    Elapsed: 0.000s  Memory: 720.00M
"polygons" in: sky130B_mr.drc:133
    Polygons (raw): 0 (flat)  0 (hierarchical)
    Elapsed: 0.000s  Memory: 720.00M
"polygons" in: sky130B_mr.drc:134
    Polygons (raw): 145465 (flat)  17 (hierarchical)
    Elapsed: 0.030s  Memory: 720.00M
"polygons" in: sky130B_mr.drc:135
    Polygons (raw): 0 (flat)  0 (hierarchical)
    Elapsed: 0.000s  Memory: 720.00M
"polygons" in: sky130B_mr.drc:136
    Polygons (raw): 74 (flat)  74 (hierarchical)
    Elapsed: 0.040s  Memory: 720.00M
"polygons" in: sky130B_mr.drc:137
    Polygons (raw): 0 (flat)  0 (hierarchical)
    Elapsed: 0.000s  Memory: 720.00M
"polygons" in: sky130B_mr.drc:138
    Polygons (raw): 0 (flat)  0 (hierarchical)
    Elapsed: 0.000s  Memory: 720.00M
"polygons" in: sky130B_mr.drc:139
    Polygons (raw): 208945 (flat)  333 (hierarchical)
    Elapsed: 0.040s  Memory: 720.00M
"polygons" in: sky130B_mr.drc:140
    Polygons (raw): 40 (flat)  40 (hierarchical)
    Elapsed: 0.040s  Memory: 720.00M
"polygons" in: sky130B_mr.drc:141
    Polygons (raw): 166309 (flat)  287 (hierarchical)
    Elapsed: 0.040s  Memory: 720.00M
"polygons" in: sky130B_mr.drc:142
    Polygons (raw): 166369 (flat)  347 (hierarchical)
    Elapsed: 0.030s  Memory: 720.00M
"polygons" in: sky130B_mr.drc:143
    Polygons (raw): 0 (flat)  0 (hierarchical)
    Elapsed: 0.000s  Memory: 720.00M
"polygons" in: sky130B_mr.drc:144
    Polygons (raw): 0 (flat)  0 (hierarchical)
    Elapsed: 0.000s  Memory: 720.00M
"polygons" in: sky130B_mr.drc:145
    Polygons (raw): 104570 (flat)  256 (hierarchical)
    Elapsed: 0.040s  Memory: 720.00M
"polygons" in: sky130B_mr.drc:146
    Polygons (raw): 790135 (flat)  16921 (hierarchical)
    Elapsed: 0.050s  Memory: 720.00M
"polygons" in: sky130B_mr.drc:148
    Polygons (raw): 660482 (flat)  1182 (hierarchical)
    Elapsed: 0.030s  Memory: 720.00M
"polygons" in: sky130B_mr.drc:149
    Polygons (raw): 2310480 (flat)  7726 (hierarchical)
    Elapsed: 0.040s  Memory: 720.00M
"polygons" in: sky130B_mr.drc:151
    Polygons (raw): 294482 (flat)  3590 (hierarchical)
    Elapsed: 0.030s  Memory: 720.00M
"polygons" in: sky130B_mr.drc:152
    Polygons (raw): 18454 (flat)  18454 (hierarchical)
    Elapsed: 0.050s  Memory: 720.00M
"polygons" in: sky130B_mr.drc:154
    Polygons (raw): 5156 (flat)  5156 (hierarchical)
    Elapsed: 0.060s  Memory: 720.00M
"polygons" in: sky130B_mr.drc:155
    Polygons (raw): 17133 (flat)  17133 (hierarchical)
    Elapsed: 0.060s  Memory: 720.00M
"polygons" in: sky130B_mr.drc:157
    Polygons (raw): 3877 (flat)  3877 (hierarchical)
    Elapsed: 0.040s  Memory: 720.00M
"polygons" in: sky130B_mr.drc:158
    Polygons (raw): 15858 (flat)  15858 (hierarchical)
    Elapsed: 0.050s  Memory: 720.00M
"polygons" in: sky130B_mr.drc:160
    Polygons (raw): 493 (flat)  493 (hierarchical)
    Elapsed: 0.040s  Memory: 720.00M
"polygons" in: sky130B_mr.drc:161
    Polygons (raw): 12774 (flat)  12774 (hierarchical)
    Elapsed: 0.000s  Memory: 720.00M
"polygons" in: sky130B_mr.drc:163
    Polygons (raw): 172 (flat)  172 (hierarchical)
    Elapsed: 0.000s  Memory: 720.00M
"polygons" in: sky130B_mr.drc:165
    Polygons (raw): 0 (flat)  0 (hierarchical)
    Elapsed: 0.000s  Memory: 720.00M
"polygons" in: sky130B_mr.drc:166
    Polygons (raw): 0 (flat)  0 (hierarchical)
    Elapsed: 0.000s  Memory: 720.00M
"polygons" in: sky130B_mr.drc:167
    Polygons (raw): 0 (flat)  0 (hierarchical)
    Elapsed: 0.000s  Memory: 720.00M
"polygons" in: sky130B_mr.drc:168
    Polygons (raw): 0 (flat)  0 (hierarchical)
    Elapsed: 0.000s  Memory: 720.00M
"polygons" in: sky130B_mr.drc:169
    Polygons (raw): 0 (flat)  0 (hierarchical)
    Elapsed: 0.000s  Memory: 720.00M
"polygons" in: sky130B_mr.drc:170
    Polygons (raw): 0 (flat)  0 (hierarchical)
    Elapsed: 0.000s  Memory: 720.00M
"polygons" in: sky130B_mr.drc:171
    Polygons (raw): 0 (flat)  0 (hierarchical)
    Elapsed: 0.000s  Memory: 720.00M
"polygons" in: sky130B_mr.drc:172
    Polygons (raw): 0 (flat)  0 (hierarchical)
    Elapsed: 0.000s  Memory: 720.00M
"polygons" in: sky130B_mr.drc:173
    Polygons (raw): 0 (flat)  0 (hierarchical)
    Elapsed: 0.000s  Memory: 720.00M
"polygons" in: sky130B_mr.drc:174
    Polygons (raw): 0 (flat)  0 (hierarchical)
    Elapsed: 0.000s  Memory: 720.00M
"polygons" in: sky130B_mr.drc:175
    Polygons (raw): 0 (flat)  0 (hierarchical)
    Elapsed: 0.000s  Memory: 720.00M
"polygons" in: sky130B_mr.drc:176
    Polygons (raw): 0 (flat)  0 (hierarchical)
    Elapsed: 0.000s  Memory: 720.00M
"polygons" in: sky130B_mr.drc:177
    Polygons (raw): 0 (flat)  0 (hierarchical)
    Elapsed: 0.000s  Memory: 720.00M
"polygons" in: sky130B_mr.drc:178
    Polygons (raw): 0 (flat)  0 (hierarchical)
    Elapsed: 0.000s  Memory: 720.00M
"polygons" in: sky130B_mr.drc:179
    Polygons (raw): 0 (flat)  0 (hierarchical)
    Elapsed: 0.000s  Memory: 720.00M
"polygons" in: sky130B_mr.drc:180
    Polygons (raw): 0 (flat)  0 (hierarchical)
    Elapsed: 0.000s  Memory: 720.00M
"polygons" in: sky130B_mr.drc:181
    Polygons (raw): 0 (flat)  0 (hierarchical)
    Elapsed: 0.000s  Memory: 720.00M
"polygons" in: sky130B_mr.drc:182
    Polygons (raw): 145461 (flat)  15 (hierarchical)
    Elapsed: 0.030s  Memory: 720.00M
"polygons" in: sky130B_mr.drc:183
    Polygons (raw): 0 (flat)  0 (hierarchical)
    Elapsed: 0.000s  Memory: 720.00M
"polygons" in: sky130B_mr.drc:184
    Polygons (raw): 0 (flat)  0 (hierarchical)
    Elapsed: 0.000s  Memory: 720.00M
"polygons" in: sky130B_mr.drc:185
    Polygons (raw): 0 (flat)  0 (hierarchical)
    Elapsed: 0.000s  Memory: 720.00M
"polygons" in: sky130B_mr.drc:186
    Polygons (raw): 0 (flat)  0 (hierarchical)
    Elapsed: 0.000s  Memory: 720.00M
"polygons" in: sky130B_mr.drc:187
    Polygons (raw): 0 (flat)  0 (hierarchical)
    Elapsed: 0.000s  Memory: 720.00M
"polygons" in: sky130B_mr.drc:188
    Polygons (raw): 0 (flat)  0 (hierarchical)
    Elapsed: 0.000s  Memory: 720.00M
"polygons" in: sky130B_mr.drc:189
    Polygons (raw): 0 (flat)  0 (hierarchical)
    Elapsed: 0.000s  Memory: 720.00M
"polygons" in: sky130B_mr.drc:190
    Polygons (raw): 3 (flat)  3 (hierarchical)
    Elapsed: 0.040s  Memory: 720.00M
"polygons" in: sky130B_mr.drc:191
    Polygons (raw): 0 (flat)  0 (hierarchical)
    Elapsed: 0.010s  Memory: 722.00M
"polygons" in: sky130B_mr.drc:192
    Polygons (raw): 0 (flat)  0 (hierarchical)
    Elapsed: 0.000s  Memory: 722.00M
"polygons" in: sky130B_mr.drc:193
    Polygons (raw): 0 (flat)  0 (hierarchical)
    Elapsed: 0.000s  Memory: 722.00M
"polygons" in: sky130B_mr.drc:194
    Polygons (raw): 0 (flat)  0 (hierarchical)
    Elapsed: 0.000s  Memory: 722.00M
"polygons" in: sky130B_mr.drc:195
    Polygons (raw): 9 (flat)  1 (hierarchical)
    Elapsed: 0.040s  Memory: 722.00M
"polygons" in: sky130B_mr.drc:196
    Polygons (raw): 0 (flat)  0 (hierarchical)
    Elapsed: 0.000s  Memory: 722.00M
"polygons" in: sky130B_mr.drc:197
    Polygons (raw): 0 (flat)  0 (hierarchical)
    Elapsed: 0.000s  Memory: 722.00M
"polygons" in: sky130B_mr.drc:198
    Polygons (raw): 0 (flat)  0 (hierarchical)
    Elapsed: 0.000s  Memory: 722.00M
"polygons" in: sky130B_mr.drc:199
    Polygons (raw): 0 (flat)  0 (hierarchical)
    Elapsed: 0.000s  Memory: 722.00M
"polygons" in: sky130B_mr.drc:200
    Polygons (raw): 4 (flat)  4 (hierarchical)
    Elapsed: 0.040s  Memory: 722.00M
"polygons" in: sky130B_mr.drc:201
    Polygons (raw): 0 (flat)  0 (hierarchical)
    Elapsed: 0.010s  Memory: 722.00M
"polygons" in: sky130B_mr.drc:202
    Polygons (raw): 0 (flat)  0 (hierarchical)
    Elapsed: 0.000s  Memory: 722.00M
"polygons" in: sky130B_mr.drc:203
    Polygons (raw): 0 (flat)  0 (hierarchical)
    Elapsed: 0.000s  Memory: 722.00M
"polygons" in: sky130B_mr.drc:204
    Polygons (raw): 0 (flat)  0 (hierarchical)
    Elapsed: 0.000s  Memory: 722.00M
"polygons" in: sky130B_mr.drc:205
    Polygons (raw): 0 (flat)  0 (hierarchical)
    Elapsed: 0.000s  Memory: 722.00M
"polygons" in: sky130B_mr.drc:206
    Polygons (raw): 0 (flat)  0 (hierarchical)
    Elapsed: 0.000s  Memory: 722.00M
"polygons" in: sky130B_mr.drc:207
    Polygons (raw): 0 (flat)  0 (hierarchical)
    Elapsed: 0.000s  Memory: 722.00M
"polygons" in: sky130B_mr.drc:208
    Polygons (raw): 0 (flat)  0 (hierarchical)
    Elapsed: 0.000s  Memory: 722.00M
"polygons" in: sky130B_mr.drc:209
    Polygons (raw): 0 (flat)  0 (hierarchical)
    Elapsed: 0.000s  Memory: 722.00M
"polygons" in: sky130B_mr.drc:210
    Polygons (raw): 0 (flat)  0 (hierarchical)
    Elapsed: 0.000s  Memory: 722.00M
"polygons" in: sky130B_mr.drc:211
    Polygons (raw): 0 (flat)  0 (hierarchical)
    Elapsed: 0.000s  Memory: 722.00M
"polygons" in: sky130B_mr.drc:212
    Polygons (raw): 0 (flat)  0 (hierarchical)
    Elapsed: 0.000s  Memory: 722.00M
"polygons" in: sky130B_mr.drc:213
    Polygons (raw): 6 (flat)  6 (hierarchical)
    Elapsed: 0.040s  Memory: 722.00M
"polygons" in: sky130B_mr.drc:214
    Polygons (raw): 0 (flat)  0 (hierarchical)
    Elapsed: 0.000s  Memory: 722.00M
"polygons" in: sky130B_mr.drc:215
    Polygons (raw): 0 (flat)  0 (hierarchical)
    Elapsed: 0.000s  Memory: 722.00M
"polygons" in: sky130B_mr.drc:216
    Polygons (raw): 0 (flat)  0 (hierarchical)
    Elapsed: 0.000s  Memory: 722.00M
"polygons" in: sky130B_mr.drc:217
    Polygons (raw): 0 (flat)  0 (hierarchical)
    Elapsed: 0.000s  Memory: 722.00M
DRC section
BEOL section
START: 67/20 (li)
"interacting" in: sky130B_mr.drc:399
    Polygons (raw): 0 (flat)  0 (hierarchical)
    Elapsed: 0.000s  Memory: 722.00M
"-" in: sky130B_mr.drc:399
    Polygons (raw): 660482 (flat)  1182 (hierarchical)
    Elapsed: 0.000s  Memory: 722.00M
"width" in: sky130B_mr.drc:400
    Edge pairs: 0 (flat)  0 (hierarchical)
    Elapsed: 4.010s  Memory: 816.00M
"output" in: sky130B_mr.drc:400
    Edge pairs: 0 (flat)  0 (hierarchical)
    Elapsed: 0.010s  Memory: 816.00M
"edges" in: sky130B_mr.drc:402
    Edges: 1750300 (flat)  1750256 (hierarchical)
    Elapsed: 0.140s  Memory: 856.00M
"space" in: sky130B_mr.drc:402
    Edge pairs: 0 (flat)  0 (hierarchical)
    Elapsed: 4.850s  Memory: 4136.00M
"output" in: sky130B_mr.drc:402
    Edge pairs: 0 (flat)  0 (hierarchical)
    Elapsed: 0.050s  Memory: 3920.00M
"-" in: sky130B_mr.drc:403
    Polygons (raw): 790135 (flat)  16921 (hierarchical)
    Elapsed: 0.000s  Memory: 3920.00M
"enclosing" in: sky130B_mr.drc:404
    Edge pairs: 651722 (flat)  651710 (hierarchical)
    Elapsed: 19.940s  Memory: 3954.00M
"second_edges" in: sky130B_mr.drc:404
    Edges: 651722 (flat)  651710 (hierarchical)
    Elapsed: 0.050s  Memory: 3970.00M
"width" in: sky130B_mr.drc:405
    Edge pairs: 0 (flat)  0 (hierarchical)
    Elapsed: 1.710s  Memory: 4312.00M
"polygons" in: sky130B_mr.drc:406
    Polygons (raw): 0 (flat)  0 (hierarchical)
    Elapsed: 0.020s  Memory: 4056.00M
"interacting" in: sky130B_mr.drc:406
    Polygons (raw): 0 (flat)  0 (hierarchical)
    Elapsed: 0.000s  Memory: 4056.00M
"output" in: sky130B_mr.drc:407
    Polygons (raw): 0 (flat)  0 (hierarchical)
    Elapsed: 0.000s  Memory: 4056.00M
"with_area" in: sky130B_mr.drc:408
    Polygons (raw): 0 (flat)  0 (hierarchical)
    Elapsed: 0.070s  Memory: 4056.00M
"output" in: sky130B_mr.drc:408
    Polygons (raw): 0 (flat)  0 (hierarchical)
    Elapsed: 0.000s  Memory: 4056.00M
END: 67/20 (li)
START: 67/44 (mcon)
"-" in: sky130B_mr.drc:413
    Polygons (raw): 2310480 (flat)  7726 (hierarchical)
    Elapsed: 0.000s  Memory: 4056.00M
"-" in: sky130B_mr.drc:420
    Polygons (raw): 2310480 (flat)  7726 (hierarchical)
    Elapsed: 0.000s  Memory: 4056.00M
"non_rectangles" in: sky130B_mr.drc:421
    Polygons (raw): 0 (flat)  0 (hierarchical)
    Elapsed: 14.240s  Memory: 4538.00M
"output" in: sky130B_mr.drc:421
    Polygons (raw): 0 (flat)  0 (hierarchical)
    Elapsed: 0.010s  Memory: 4538.00M
"drc" in: sky130B_mr.drc:423
    Edge pairs: 0 (flat)  0 (hierarchical)
    Elapsed: 16.910s  Memory: 4802.00M
"output" in: sky130B_mr.drc:423
    Edge pairs: 0 (flat)  0 (hierarchical)
    Elapsed: 0.010s  Memory: 4570.00M
"drc" in: sky130B_mr.drc:424
    Edges: 0 (flat)  0 (hierarchical)
    Elapsed: 3.060s  Memory: 4802.00M
"output" in: sky130B_mr.drc:424
    Edges: 0 (flat)  0 (hierarchical)
    Elapsed: 0.020s  Memory: 4570.00M
"space" in: sky130B_mr.drc:425
    Edge pairs: 0 (flat)  0 (hierarchical)
    Elapsed: 2.410s  Memory: 4770.00M
"output" in: sky130B_mr.drc:425
    Edge pairs: 0 (flat)  0 (hierarchical)
    Elapsed: 0.010s  Memory: 4570.00M
"-" in: sky130B_mr.drc:431
    Polygons (raw): 0 (flat)  0 (hierarchical)
    Elapsed: 2.460s  Memory: 4762.00M
"output" in: sky130B_mr.drc:431
    Polygons (raw): 0 (flat)  0 (hierarchical)
    Elapsed: 0.020s  Memory: 4570.00M
END: 67/44 (mcon)
START: 68/20 (m1)
"width" in: sky130B_mr.drc:436
    Edge pairs: 0 (flat)  0 (hierarchical)
    Elapsed: 3.190s  Memory: 4570.00M
"output" in: sky130B_mr.drc:436
    Edge pairs: 0 (flat)  0 (hierarchical)
    Elapsed: 0.010s  Memory: 4570.00M
"sized" in: sky130B_mr.drc:437
    Polygons (raw): 18 (flat)  18 (hierarchical)
    Elapsed: 0.030s  Memory: 4570.00M
"sized" in: sky130B_mr.drc:437
    Polygons (raw): 18 (flat)  18 (hierarchical)
    Elapsed: 0.010s  Memory: 4570.00M
"snap" in: sky130B_mr.drc:437
    Polygons (raw): 18 (flat)  18 (hierarchical)
    Elapsed: 0.120s  Memory: 4570.00M
"&" in: sky130B_mr.drc:437
    Polygons (raw): 18 (flat)  18 (hierarchical)
    Elapsed: 0.090s  Memory: 4634.00M
"edges" in: sky130B_mr.drc:438
    Edges: 10844 (flat)  10844 (hierarchical)
    Elapsed: 0.000s  Memory: 4570.00M
"-" in: sky130B_mr.drc:438
    Edges: 10760 (flat)  10760 (hierarchical)
    Elapsed: 0.090s  Memory: 4642.00M
"edges" in: sky130B_mr.drc:439
    Edges: 80 (flat)  80 (hierarchical)
    Elapsed: 0.130s  Memory: 4674.00M
"merged" in: sky130B_mr.drc:439
    Polygons (raw): 1136 (flat)  1136 (hierarchical)
    Elapsed: 0.000s  Memory: 4570.00M
"outside_part" in: sky130B_mr.drc:439
    Edges: 94 (flat)  94 (hierarchical)
    Elapsed: 0.080s  Memory: 4658.00M
"space" in: sky130B_mr.drc:441
    Edge pairs: 0 (flat)  0 (hierarchical)
    Elapsed: 0.150s  Memory: 4786.00M
"output" in: sky130B_mr.drc:441
    Edge pairs: 0 (flat)  0 (hierarchical)
    Elapsed: 0.000s  Memory: 4570.00M
"separation" in: sky130B_mr.drc:443
    Edge pairs: 0 (flat)  0 (hierarchical)
    Elapsed: 0.140s  Memory: 4794.00M
"space" in: sky130B_mr.drc:443
    Edge pairs: 0 (flat)  0 (hierarchical)
    Elapsed: 0.060s  Memory: 4810.00M
"+" in: sky130B_mr.drc:443
    Edge pairs: 0 (flat)  0 (hierarchical)
    Elapsed: 0.050s  Memory: 4570.00M
"output" in: sky130B_mr.drc:443
    Edge pairs: 0 (flat)  0 (hierarchical)
    Elapsed: 0.000s  Memory: 4570.00M
"input" in: sky130B_mr.drc:447
    Polygons (raw): 294482 (flat)  3614 (hierarchical)
    Elapsed: 0.030s  Memory: 4570.00M
"enclosing" in: sky130B_mr.drc:449
    Edge pairs: 0 (flat)  0 (hierarchical)
    Elapsed: 13.930s  Memory: 4778.00M
"output" in: sky130B_mr.drc:449
    Edge pairs: 0 (flat)  0 (hierarchical)
    Elapsed: 0.010s  Memory: 4570.00M
"-" in: sky130B_mr.drc:450
    Polygons (raw): 0 (flat)  0 (hierarchical)
    Elapsed: 3.840s  Memory: 4786.00M
"output" in: sky130B_mr.drc:450
    Polygons (raw): 0 (flat)  0 (hierarchical)
    Elapsed: 0.010s  Memory: 4570.00M
"input" in: sky130B_mr.drc:452
    Polygons (raw): 0 (flat)  0 (hierarchical)
    Elapsed: 0.050s  Memory: 4570.00M
"enclosing" in: sky130B_mr.drc:453
    Edge pairs: 0 (flat)  0 (hierarchical)
    Elapsed: 0.000s  Memory: 4570.00M
"output" in: sky130B_mr.drc:453
    Edge pairs: 0 (flat)  0 (hierarchical)
    Elapsed: 0.000s  Memory: 4570.00M
"-" in: sky130B_mr.drc:455
    Polygons (raw): 0 (flat)  0 (hierarchical)
    Elapsed: 0.000s  Memory: 4570.00M
"output" in: sky130B_mr.drc:455
    Polygons (raw): 0 (flat)  0 (hierarchical)
    Elapsed: 0.000s  Memory: 4570.00M
"with_area" in: sky130B_mr.drc:457
    Polygons (raw): 0 (flat)  0 (hierarchical)
    Elapsed: 0.010s  Memory: 4570.00M
"output" in: sky130B_mr.drc:457
    Polygons (raw): 0 (flat)  0 (hierarchical)
    Elapsed: 0.000s  Memory: 4570.00M
"holes" in: sky130B_mr.drc:459
    Polygons (raw): 30 (flat)  30 (hierarchical)
    Elapsed: 0.000s  Memory: 4570.00M
"with_area" in: sky130B_mr.drc:459
    Polygons (raw): 0 (flat)  0 (hierarchical)
    Elapsed: 0.070s  Memory: 4570.00M
"output" in: sky130B_mr.drc:459
    Polygons (raw): 0 (flat)  0 (hierarchical)
    Elapsed: 0.000s  Memory: 4570.00M
"enclosing" in: sky130B_mr.drc:466
    Edge pairs: 13620 (flat)  13620 (hierarchical)
    Elapsed: 11.000s  Memory: 4578.00M
"second_edges" in: sky130B_mr.drc:466
    Edges: 13620 (flat)  13620 (hierarchical)
    Elapsed: 0.010s  Memory: 4570.00M
"width" in: sky130B_mr.drc:467
    Edge pairs: 0 (flat)  0 (hierarchical)
    Elapsed: 0.140s  Memory: 4858.00M
"polygons" in: sky130B_mr.drc:468
    Polygons (raw): 0 (flat)  0 (hierarchical)
    Elapsed: 0.000s  Memory: 4570.00M
"interacting" in: sky130B_mr.drc:468
    Polygons (raw): 0 (flat)  0 (hierarchical)
    Elapsed: 0.000s  Memory: 4570.00M
"output" in: sky130B_mr.drc:469
    Polygons (raw): 0 (flat)  0 (hierarchical)
    Elapsed: 0.000s  Memory: 4570.00M
END: 68/20 (m1)
START: 68/44 (via)
"-" in: sky130B_mr.drc:483
    Polygons (raw): 18454 (flat)  18454 (hierarchical)
    Elapsed: 0.000s  Memory: 4570.00M
"non_rectangles" in: sky130B_mr.drc:485
    Polygons (raw): 0 (flat)  0 (hierarchical)
    Elapsed: 0.130s  Memory: 4570.00M
"output" in: sky130B_mr.drc:485
    Polygons (raw): 0 (flat)  0 (hierarchical)
    Elapsed: 0.000s  Memory: 4570.00M
"width" in: sky130B_mr.drc:486
    Edge pairs: 0 (flat)  0 (hierarchical)
    Elapsed: 0.010s  Memory: 4570.00M
"output" in: sky130B_mr.drc:486
    Edge pairs: 0 (flat)  0 (hierarchical)
    Elapsed: 0.010s  Memory: 4570.00M
"drc" in: sky130B_mr.drc:488
    Edges: 0 (flat)  0 (hierarchical)
    Elapsed: 0.110s  Memory: 4818.00M
"output" in: sky130B_mr.drc:488
    Edges: 0 (flat)  0 (hierarchical)
    Elapsed: 0.000s  Memory: 4570.00M
"space" in: sky130B_mr.drc:490
    Edge pairs: 0 (flat)  0 (hierarchical)
    Elapsed: 0.100s  Memory: 4818.00M
"output" in: sky130B_mr.drc:490
    Edge pairs: 0 (flat)  0 (hierarchical)
    Elapsed: 0.040s  Memory: 4570.00M
"edges" in: sky130B_mr.drc:498
    Edges: 10844 (flat)  10844 (hierarchical)
    Elapsed: 0.000s  Memory: 4570.00M
"drc" in: sky130B_mr.drc:498
    Edges: 73816 (flat)  73816 (hierarchical)
    Elapsed: 0.420s  Memory: 4570.00M
"enclosing" in: sky130B_mr.drc:498
    Edge pairs: 0 (flat)  0 (hierarchical)
    Elapsed: 0.070s  Memory: 4890.00M
"output" in: sky130B_mr.drc:498
    Edge pairs: 0 (flat)  0 (hierarchical)
    Elapsed: 0.050s  Memory: 4570.00M
"squares" in: sky130B_mr.drc:499
    Polygons (raw): 18454 (flat)  18454 (hierarchical)
    Elapsed: 0.000s  Memory: 4570.00M
"drc" in: sky130B_mr.drc:499
    Edges: 73816 (flat)  73816 (hierarchical)
    Elapsed: 0.280s  Memory: 4570.00M
"-" in: sky130B_mr.drc:499
    Edges: 0 (flat)  0 (hierarchical)
    Elapsed: 0.880s  Memory: 4746.00M
"output" in: sky130B_mr.drc:499
    Edges: 0 (flat)  0 (hierarchical)
    Elapsed: 0.050s  Memory: 4570.00M
"edges" in: sky130B_mr.drc:501
    Edges: 10844 (flat)  10844 (hierarchical)
    Elapsed: 0.000s  Memory: 4570.00M
"drc" in: sky130B_mr.drc:501
    Edges: 73816 (flat)  73816 (hierarchical)
    Elapsed: 0.280s  Memory: 4570.00M
"enclosing" in: sky130B_mr.drc:501
    Edge pairs: 148 (flat)  148 (hierarchical)
    Elapsed: 0.110s  Memory: 4626.00M
"second_edges" in: sky130B_mr.drc:501
    Edges: 148 (flat)  148 (hierarchical)
    Elapsed: 0.000s  Memory: 4570.00M
"width" in: sky130B_mr.drc:502
    Edge pairs: 0 (flat)  0 (hierarchical)
    Elapsed: 0.120s  Memory: 4754.00M
"polygons" in: sky130B_mr.drc:503
    Polygons (raw): 0 (flat)  0 (hierarchical)
    Elapsed: 0.010s  Memory: 4570.00M
"interacting" in: sky130B_mr.drc:503
    Polygons (raw): 0 (flat)  0 (hierarchical)
    Elapsed: 0.000s  Memory: 4570.00M
"output" in: sky130B_mr.drc:504
    Polygons (raw): 0 (flat)  0 (hierarchical)
    Elapsed: 0.000s  Memory: 4570.00M
END: 68/44 (via)
START: 69/20 (m2)
"width" in: sky130B_mr.drc:511
    Edge pairs: 0 (flat)  0 (hierarchical)
    Elapsed: 0.060s  Memory: 4570.00M
"output" in: sky130B_mr.drc:511
    Edge pairs: 0 (flat)  0 (hierarchical)
    Elapsed: 0.000s  Memory: 4570.00M
"sized" in: sky130B_mr.drc:513
    Polygons (raw): 16 (flat)  16 (hierarchical)
    Elapsed: 0.040s  Memory: 4570.00M
"sized" in: sky130B_mr.drc:513
    Polygons (raw): 16 (flat)  16 (hierarchical)
    Elapsed: 0.010s  Memory: 4570.00M
"snap" in: sky130B_mr.drc:513
    Polygons (raw): 16 (flat)  16 (hierarchical)
    Elapsed: 0.080s  Memory: 4570.00M
"&" in: sky130B_mr.drc:513
    Polygons (raw): 16 (flat)  16 (hierarchical)
    Elapsed: 0.100s  Memory: 4602.00M
"edges" in: sky130B_mr.drc:514
    Edges: 19416 (flat)  19416 (hierarchical)
    Elapsed: 0.000s  Memory: 4570.00M
"-" in: sky130B_mr.drc:514
    Edges: 19338 (flat)  19338 (hierarchical)
    Elapsed: 0.100s  Memory: 4578.00M
"edges" in: sky130B_mr.drc:515
    Edges: 72 (flat)  72 (hierarchical)
    Elapsed: 0.130s  Memory: 4634.00M
"merged" in: sky130B_mr.drc:515
    Polygons (raw): 4219 (flat)  4219 (hierarchical)
    Elapsed: 0.000s  Memory: 4570.00M
"outside_part" in: sky130B_mr.drc:515
    Edges: 78 (flat)  78 (hierarchical)
    Elapsed: 0.090s  Memory: 4650.00M
"-" in: sky130B_mr.drc:516
    Polygons (raw): 18454 (flat)  18454 (hierarchical)
    Elapsed: 0.000s  Memory: 4570.00M
"space" in: sky130B_mr.drc:518
    Edge pairs: 0 (flat)  0 (hierarchical)
    Elapsed: 0.200s  Memory: 4786.00M
"output" in: sky130B_mr.drc:518
    Edge pairs: 0 (flat)  0 (hierarchical)
    Elapsed: 0.000s  Memory: 4570.00M
"separation" in: sky130B_mr.drc:520
    Edge pairs: 0 (flat)  0 (hierarchical)
    Elapsed: 0.130s  Memory: 4778.00M
"space" in: sky130B_mr.drc:520
    Edge pairs: 0 (flat)  0 (hierarchical)
    Elapsed: 0.100s  Memory: 4818.00M
"+" in: sky130B_mr.drc:520
    Edge pairs: 0 (flat)  0 (hierarchical)
    Elapsed: 0.000s  Memory: 4570.00M
"output" in: sky130B_mr.drc:520
    Edge pairs: 0 (flat)  0 (hierarchical)
    Elapsed: 0.000s  Memory: 4570.00M
"with_area" in: sky130B_mr.drc:522
    Polygons (raw): 0 (flat)  0 (hierarchical)
    Elapsed: 0.010s  Memory: 4570.00M
"output" in: sky130B_mr.drc:522
    Polygons (raw): 0 (flat)  0 (hierarchical)
    Elapsed: 0.000s  Memory: 4570.00M
"holes" in: sky130B_mr.drc:523
    Polygons (raw): 0 (flat)  0 (hierarchical)
    Elapsed: 0.000s  Memory: 4570.00M
"with_area" in: sky130B_mr.drc:523
    Polygons (raw): 0 (flat)  0 (hierarchical)
    Elapsed: 0.000s  Memory: 4570.00M
"output" in: sky130B_mr.drc:523
    Polygons (raw): 0 (flat)  0 (hierarchical)
    Elapsed: 0.010s  Memory: 4570.00M
"enclosing" in: sky130B_mr.drc:528
    Edge pairs: 0 (flat)  0 (hierarchical)
    Elapsed: 0.130s  Memory: 4746.00M
"output" in: sky130B_mr.drc:528
    Edge pairs: 0 (flat)  0 (hierarchical)
    Elapsed: 0.000s  Memory: 4570.00M
"-" in: sky130B_mr.drc:529
    Polygons (raw): 0 (flat)  0 (hierarchical)
    Elapsed: 0.110s  Memory: 4786.00M
"output" in: sky130B_mr.drc:529
    Polygons (raw): 0 (flat)  0 (hierarchical)
    Elapsed: 0.000s  Memory: 4570.00M
"enclosing" in: sky130B_mr.drc:530
    Edge pairs: 7282 (flat)  7282 (hierarchical)
    Elapsed: 0.180s  Memory: 4626.00M
"second_edges" in: sky130B_mr.drc:530
    Edges: 7282 (flat)  7282 (hierarchical)
    Elapsed: 0.000s  Memory: 4570.00M
"width" in: sky130B_mr.drc:531
    Edge pairs: 0 (flat)  0 (hierarchical)
    Elapsed: 0.180s  Memory: 4810.00M
"polygons" in: sky130B_mr.drc:532
    Polygons (raw): 0 (flat)  0 (hierarchical)
    Elapsed: 0.000s  Memory: 4570.00M
"interacting" in: sky130B_mr.drc:532
    Polygons (raw): 0 (flat)  0 (hierarchical)
    Elapsed: 0.000s  Memory: 4570.00M
"output" in: sky130B_mr.drc:533
    Polygons (raw): 0 (flat)  0 (hierarchical)
    Elapsed: 0.000s  Memory: 4570.00M
END: 69/20 (m2)
START: 69/44 (via2)
"-" in: sky130B_mr.drc:548
    Polygons (raw): 17133 (flat)  17133 (hierarchical)
    Elapsed: 0.000s  Memory: 4570.00M
"non_rectangles" in: sky130B_mr.drc:549
    Polygons (raw): 0 (flat)  0 (hierarchical)
    Elapsed: 0.120s  Memory: 4570.00M
"output" in: sky130B_mr.drc:549
    Polygons (raw): 0 (flat)  0 (hierarchical)
    Elapsed: 0.000s  Memory: 4570.00M
"width" in: sky130B_mr.drc:550
    Edge pairs: 0 (flat)  0 (hierarchical)
    Elapsed: 0.010s  Memory: 4570.00M
"output" in: sky130B_mr.drc:550
    Edge pairs: 0 (flat)  0 (hierarchical)
    Elapsed: 0.000s  Memory: 4570.00M
"edges" in: sky130B_mr.drc:551
    Edges: 68532 (flat)  68532 (hierarchical)
    Elapsed: 0.010s  Memory: 4570.00M
"without_length" in: sky130B_mr.drc:551
    Edges: 0 (flat)  0 (hierarchical)
    Elapsed: 0.010s  Memory: 4570.00M
"output" in: sky130B_mr.drc:551
    Edges: 0 (flat)  0 (hierarchical)
    Elapsed: 0.000s  Memory: 4570.00M
"space" in: sky130B_mr.drc:552
    Edge pairs: 0 (flat)  0 (hierarchical)
    Elapsed: 0.090s  Memory: 4810.00M
"output" in: sky130B_mr.drc:552
    Edge pairs: 0 (flat)  0 (hierarchical)
    Elapsed: 0.050s  Memory: 4570.00M
"enclosing" in: sky130B_mr.drc:560
    Edge pairs: 0 (flat)  0 (hierarchical)
    Elapsed: 0.120s  Memory: 4778.00M
"output" in: sky130B_mr.drc:560
    Edge pairs: 0 (flat)  0 (hierarchical)
    Elapsed: 0.000s  Memory: 4570.00M
"-" in: sky130B_mr.drc:561
    Polygons (raw): 0 (flat)  0 (hierarchical)
    Elapsed: 0.100s  Memory: 4778.00M
"output" in: sky130B_mr.drc:561
    Polygons (raw): 0 (flat)  0 (hierarchical)
    Elapsed: 0.000s  Memory: 4570.00M
"enclosing" in: sky130B_mr.drc:563
    Edge pairs: 7187 (flat)  7187 (hierarchical)
    Elapsed: 0.140s  Memory: 4618.00M
"second_edges" in: sky130B_mr.drc:563
    Edges: 7187 (flat)  7187 (hierarchical)
    Elapsed: 0.000s  Memory: 4570.00M
"width" in: sky130B_mr.drc:564
    Edge pairs: 0 (flat)  0 (hierarchical)
    Elapsed: 0.110s  Memory: 4786.00M
"polygons" in: sky130B_mr.drc:565
    Polygons (raw): 0 (flat)  0 (hierarchical)
    Elapsed: 0.000s  Memory: 4570.00M
"interacting" in: sky130B_mr.drc:565
    Polygons (raw): 0 (flat)  0 (hierarchical)
    Elapsed: 0.000s  Memory: 4570.00M
"output" in: sky130B_mr.drc:566
    Polygons (raw): 0 (flat)  0 (hierarchical)
    Elapsed: 0.000s  Memory: 4570.00M
END: 69/44 (via2)
START: 70/20 (m3)
"width" in: sky130B_mr.drc:572
    Edge pairs: 0 (flat)  0 (hierarchical)
    Elapsed: 0.060s  Memory: 4570.00M
"output" in: sky130B_mr.drc:572
    Edge pairs: 0 (flat)  0 (hierarchical)
    Elapsed: 0.010s  Memory: 4570.00M
"sized" in: sky130B_mr.drc:574
    Polygons (raw): 8 (flat)  8 (hierarchical)
    Elapsed: 0.030s  Memory: 4570.00M
"sized" in: sky130B_mr.drc:574
    Polygons (raw): 8 (flat)  8 (hierarchical)
    Elapsed: 0.010s  Memory: 4570.00M
"snap" in: sky130B_mr.drc:574
    Polygons (raw): 8 (flat)  8 (hierarchical)
    Elapsed: 0.070s  Memory: 4570.00M
"&" in: sky130B_mr.drc:574
    Polygons (raw): 8 (flat)  8 (hierarchical)
    Elapsed: 0.090s  Memory: 4642.00M
"edges" in: sky130B_mr.drc:575
    Edges: 15102 (flat)  15102 (hierarchical)
    Elapsed: 0.000s  Memory: 4570.00M
"-" in: sky130B_mr.drc:575
    Edges: 15070 (flat)  15070 (hierarchical)
    Elapsed: 0.070s  Memory: 4650.00M
"edges" in: sky130B_mr.drc:576
    Edges: 32 (flat)  32 (hierarchical)
    Elapsed: 0.100s  Memory: 4666.00M
"merged" in: sky130B_mr.drc:576
    Polygons (raw): 3680 (flat)  3680 (hierarchical)
    Elapsed: 0.040s  Memory: 4570.00M
"outside_part" in: sky130B_mr.drc:576
    Edges: 32 (flat)  32 (hierarchical)
    Elapsed: 0.090s  Memory: 4658.00M
"space" in: sky130B_mr.drc:578
    Edge pairs: 0 (flat)  0 (hierarchical)
    Elapsed: 0.140s  Memory: 4802.00M
"output" in: sky130B_mr.drc:578
    Edge pairs: 0 (flat)  0 (hierarchical)
    Elapsed: 0.000s  Memory: 4570.00M
"with_area" in: sky130B_mr.drc:580
    Polygons (raw): 0 (flat)  0 (hierarchical)
    Elapsed: 0.010s  Memory: 4570.00M
"output" in: sky130B_mr.drc:580
    Polygons (raw): 0 (flat)  0 (hierarchical)
    Elapsed: 0.000s  Memory: 4570.00M
"separation" in: sky130B_mr.drc:582
    Edge pairs: 0 (flat)  0 (hierarchical)
    Elapsed: 0.140s  Memory: 4802.00M
"space" in: sky130B_mr.drc:582
    Edge pairs: 0 (flat)  0 (hierarchical)
    Elapsed: 0.060s  Memory: 4850.00M
"+" in: sky130B_mr.drc:582
    Edge pairs: 0 (flat)  0 (hierarchical)
    Elapsed: 0.010s  Memory: 4570.00M
"output" in: sky130B_mr.drc:582
    Edge pairs: 0 (flat)  0 (hierarchical)
    Elapsed: 0.000s  Memory: 4570.00M
"enclosing" in: sky130B_mr.drc:587
    Edge pairs: 0 (flat)  0 (hierarchical)
    Elapsed: 0.130s  Memory: 4794.00M
"output" in: sky130B_mr.drc:587
    Edge pairs: 0 (flat)  0 (hierarchical)
    Elapsed: 0.040s  Memory: 4570.00M
"-" in: sky130B_mr.drc:588
    Polygons (raw): 0 (flat)  0 (hierarchical)
    Elapsed: 0.100s  Memory: 4834.00M
"output" in: sky130B_mr.drc:588
    Polygons (raw): 0 (flat)  0 (hierarchical)
    Elapsed: 0.000s  Memory: 4570.00M
END: 70/20 (m3)
START: 70/44 (via3)
"-" in: sky130B_mr.drc:602
    Polygons (raw): 15858 (flat)  15858 (hierarchical)
    Elapsed: 0.000s  Memory: 4570.00M
"non_rectangles" in: sky130B_mr.drc:603
    Polygons (raw): 0 (flat)  0 (hierarchical)
    Elapsed: 0.110s  Memory: 4570.00M
"output" in: sky130B_mr.drc:603
    Polygons (raw): 0 (flat)  0 (hierarchical)
    Elapsed: 0.000s  Memory: 4570.00M
"width" in: sky130B_mr.drc:604
    Edge pairs: 0 (flat)  0 (hierarchical)
    Elapsed: 0.010s  Memory: 4570.00M
"output" in: sky130B_mr.drc:604
    Edge pairs: 0 (flat)  0 (hierarchical)
    Elapsed: 0.000s  Memory: 4570.00M
"edges" in: sky130B_mr.drc:605
    Edges: 63432 (flat)  63432 (hierarchical)
    Elapsed: 0.010s  Memory: 4570.00M
"without_length" in: sky130B_mr.drc:605
    Edges: 0 (flat)  0 (hierarchical)
    Elapsed: 0.010s  Memory: 4570.00M
"output" in: sky130B_mr.drc:605
    Edges: 0 (flat)  0 (hierarchical)
    Elapsed: 0.000s  Memory: 4570.00M
"space" in: sky130B_mr.drc:607
    Edge pairs: 0 (flat)  0 (hierarchical)
    Elapsed: 0.090s  Memory: 4834.00M
"output" in: sky130B_mr.drc:607
    Edge pairs: 0 (flat)  0 (hierarchical)
    Elapsed: 0.000s  Memory: 4570.00M
"enclosing" in: sky130B_mr.drc:608
    Edge pairs: 0 (flat)  0 (hierarchical)
    Elapsed: 0.110s  Memory: 4794.00M
"output" in: sky130B_mr.drc:608
    Edge pairs: 0 (flat)  0 (hierarchical)
    Elapsed: 0.010s  Memory: 4570.00M
"-" in: sky130B_mr.drc:609
    Polygons (raw): 0 (flat)  0 (hierarchical)
    Elapsed: 0.130s  Memory: 4810.00M
"output" in: sky130B_mr.drc:609
    Polygons (raw): 0 (flat)  0 (hierarchical)
    Elapsed: 0.000s  Memory: 4570.00M
"enclosing" in: sky130B_mr.drc:611
    Edge pairs: 28316 (flat)  28316 (hierarchical)
    Elapsed: 0.180s  Memory: 4634.00M
"second_edges" in: sky130B_mr.drc:611
    Edges: 28316 (flat)  28316 (hierarchical)
    Elapsed: 0.000s  Memory: 4570.00M
"width" in: sky130B_mr.drc:612
    Edge pairs: 0 (flat)  0 (hierarchical)
    Elapsed: 0.150s  Memory: 4826.00M
"polygons" in: sky130B_mr.drc:613
    Polygons (raw): 0 (flat)  0 (hierarchical)
    Elapsed: 0.000s  Memory: 4570.00M
"interacting" in: sky130B_mr.drc:613
    Polygons (raw): 0 (flat)  0 (hierarchical)
    Elapsed: 0.000s  Memory: 4570.00M
"output" in: sky130B_mr.drc:614
    Polygons (raw): 0 (flat)  0 (hierarchical)
    Elapsed: 0.000s  Memory: 4570.00M
END: 70/44 (via3)
START: 71/20 (m4)
"width" in: sky130B_mr.drc:620
    Edge pairs: 0 (flat)  0 (hierarchical)
    Elapsed: 0.060s  Memory: 4570.00M
"output" in: sky130B_mr.drc:620
    Edge pairs: 0 (flat)  0 (hierarchical)
    Elapsed: 0.000s  Memory: 4570.00M
"sized" in: sky130B_mr.drc:622
    Polygons (raw): 158 (flat)  158 (hierarchical)
    Elapsed: 0.010s  Memory: 4570.00M
"sized" in: sky130B_mr.drc:622
    Polygons (raw): 158 (flat)  158 (hierarchical)
    Elapsed: 0.010s  Memory: 4570.00M
"snap" in: sky130B_mr.drc:622
    Polygons (raw): 158 (flat)  158 (hierarchical)
    Elapsed: 0.070s  Memory: 4570.00M
"&" in: sky130B_mr.drc:622
    Polygons (raw): 158 (flat)  158 (hierarchical)
    Elapsed: 0.030s  Memory: 4634.00M
"edges" in: sky130B_mr.drc:623
    Edges: 840 (flat)  840 (hierarchical)
    Elapsed: 0.000s  Memory: 4570.00M
"-" in: sky130B_mr.drc:623
    Edges: 208 (flat)  208 (hierarchical)
    Elapsed: 0.060s  Memory: 4682.00M
"edges" in: sky130B_mr.drc:624
    Edges: 632 (flat)  632 (hierarchical)
    Elapsed: 0.020s  Memory: 4698.00M
"merged" in: sky130B_mr.drc:624
    Polygons (raw): 200 (flat)  200 (hierarchical)
    Elapsed: 0.000s  Memory: 4570.00M
"outside_part" in: sky130B_mr.drc:624
    Edges: 632 (flat)  632 (hierarchical)
    Elapsed: 0.030s  Memory: 4666.00M
"space" in: sky130B_mr.drc:626
    Edge pairs: 0 (flat)  0 (hierarchical)
    Elapsed: 0.100s  Memory: 4834.00M
"output" in: sky130B_mr.drc:626
    Edge pairs: 0 (flat)  0 (hierarchical)
    Elapsed: 0.000s  Memory: 4570.00M
"with_area" in: sky130B_mr.drc:628
    Polygons (raw): 0 (flat)  0 (hierarchical)
    Elapsed: 0.020s  Memory: 4570.00M
"output" in: sky130B_mr.drc:628
    Polygons (raw): 0 (flat)  0 (hierarchical)
    Elapsed: 0.000s  Memory: 4570.00M
"separation" in: sky130B_mr.drc:630
    Edge pairs: 0 (flat)  0 (hierarchical)
    Elapsed: 0.070s  Memory: 4786.00M
"space" in: sky130B_mr.drc:630
    Edge pairs: 0 (flat)  0 (hierarchical)
    Elapsed: 0.020s  Memory: 4730.00M
"+" in: sky130B_mr.drc:630
    Edge pairs: 0 (flat)  0 (hierarchical)
    Elapsed: 0.000s  Memory: 4570.00M
"output" in: sky130B_mr.drc:630
    Edge pairs: 0 (flat)  0 (hierarchical)
    Elapsed: 0.000s  Memory: 4570.00M
"enclosing" in: sky130B_mr.drc:635
    Edge pairs: 0 (flat)  0 (hierarchical)
    Elapsed: 0.130s  Memory: 4754.00M
"output" in: sky130B_mr.drc:635
    Edge pairs: 0 (flat)  0 (hierarchical)
    Elapsed: 0.000s  Memory: 4570.00M
"-" in: sky130B_mr.drc:636
    Polygons (raw): 0 (flat)  0 (hierarchical)
    Elapsed: 0.120s  Memory: 4762.00M
"output" in: sky130B_mr.drc:636
    Polygons (raw): 0 (flat)  0 (hierarchical)
    Elapsed: 0.020s  Memory: 4570.00M
END: 71/20 (m4)
START: 71/44 (via4)
"-" in: sky130B_mr.drc:649
    Polygons (raw): 12774 (flat)  12774 (hierarchical)
    Elapsed: 0.000s  Memory: 4570.00M
"non_rectangles" in: sky130B_mr.drc:650
    Polygons (raw): 0 (flat)  0 (hierarchical)
    Elapsed: 0.110s  Memory: 4570.00M
"output" in: sky130B_mr.drc:650
    Polygons (raw): 0 (flat)  0 (hierarchical)
    Elapsed: 0.000s  Memory: 4570.00M
"width" in: sky130B_mr.drc:651
    Edge pairs: 0 (flat)  0 (hierarchical)
    Elapsed: 0.100s  Memory: 4570.00M
"output" in: sky130B_mr.drc:651
    Edge pairs: 0 (flat)  0 (hierarchical)
    Elapsed: 0.000s  Memory: 4570.00M
"drc" in: sky130B_mr.drc:652
    Edges: 0 (flat)  0 (hierarchical)
    Elapsed: 0.050s  Memory: 4746.00M
"output" in: sky130B_mr.drc:652
    Edges: 0 (flat)  0 (hierarchical)
    Elapsed: 0.000s  Memory: 4570.00M
"space" in: sky130B_mr.drc:654
    Edge pairs: 0 (flat)  0 (hierarchical)
    Elapsed: 0.060s  Memory: 4746.00M
"polygons" in: sky130B_mr.drc:654
    Polygons (raw): 0 (flat)  0 (hierarchical)
    Elapsed: 0.000s  Memory: 4570.00M
"output" in: sky130B_mr.drc:654
    Polygons (raw): 0 (flat)  0 (hierarchical)
    Elapsed: 0.000s  Memory: 4570.00M
"enclosing" in: sky130B_mr.drc:662
    Edge pairs: 0 (flat)  0 (hierarchical)
    Elapsed: 0.100s  Memory: 4770.00M
"output" in: sky130B_mr.drc:662
    Edge pairs: 0 (flat)  0 (hierarchical)
    Elapsed: 0.000s  Memory: 4570.00M
"-" in: sky130B_mr.drc:663
    Polygons (raw): 0 (flat)  0 (hierarchical)
    Elapsed: 0.150s  Memory: 4722.00M
"output" in: sky130B_mr.drc:663
    Polygons (raw): 0 (flat)  0 (hierarchical)
    Elapsed: 0.020s  Memory: 4570.00M
END: 71/44 (via4)
START: 72/20 (m5)
"width" in: sky130B_mr.drc:668
    Edge pairs: 0 (flat)  0 (hierarchical)
    Elapsed: 0.050s  Memory: 4570.00M
"output" in: sky130B_mr.drc:668
    Edge pairs: 0 (flat)  0 (hierarchical)
    Elapsed: 0.000s  Memory: 4570.00M
"space" in: sky130B_mr.drc:670
    Edge pairs: 0 (flat)  0 (hierarchical)
    Elapsed: 0.030s  Memory: 4794.00M
"output" in: sky130B_mr.drc:670
    Edge pairs: 0 (flat)  0 (hierarchical)
    Elapsed: 0.000s  Memory: 4570.00M
"enclosing" in: sky130B_mr.drc:672
    Edge pairs: 0 (flat)  0 (hierarchical)
    Elapsed: 0.090s  Memory: 4714.00M
"output" in: sky130B_mr.drc:672
    Edge pairs: 0 (flat)  0 (hierarchical)
    Elapsed: 0.000s  Memory: 4570.00M
"-" in: sky130B_mr.drc:673
    Polygons (raw): 0 (flat)  0 (hierarchical)
    Elapsed: 0.050s  Memory: 4754.00M
"output" in: sky130B_mr.drc:673
    Polygons (raw): 0 (flat)  0 (hierarchical)
    Elapsed: 0.000s  Memory: 4570.00M
"with_area" in: sky130B_mr.drc:677
    Polygons (raw): 0 (flat)  0 (hierarchical)
    Elapsed: 0.010s  Memory: 4570.00M
"output" in: sky130B_mr.drc:677
    Polygons (raw): 0 (flat)  0 (hierarchical)
    Elapsed: 0.000s  Memory: 4570.00M
END: 72/20 (m5)
START: 76/20 (pad)
"space" in: sky130B_mr.drc:682
    Edge pairs: 0 (flat)  0 (hierarchical)
    Elapsed: 0.000s  Memory: 4570.00M
"output" in: sky130B_mr.drc:682
    Edge pairs: 0 (flat)  0 (hierarchical)
    Elapsed: 0.000s  Memory: 4570.00M
END: 76/20 (pad)
Writing report database: /home/engtech/Desktop/Openlane_v2/memristor/precheck_results/20_APR_2024___00_19_33/outputs/reports/klayout_beol_check.xml ..
Total elapsed: 117.730s  Memory: 4506.00M
 
Cell exclusion list:
   rule    | cell
   nwell.6 | sky130_fd_io__gpiov2_amux, sky130_fd_io__simple_pad_and_busses, sram
   nsd.1   | sram
   nsd.2   | sram
   psd.1   | sram
   psd.2   | sram
 
release 2023.6.14_01.08
