BEGIN: Sun 21 Apr 2024 07:47:29 AM UTC
Netgen 1.5.254 compiled on Tue Apr 16 18:21:46 UTC 2024
Warning: netgen command 'format' use fully-qualified name '::netgen::format'
Warning: netgen command 'global' use fully-qualified name '::netgen::global'
Reading layout /home/engtech/Desktop/Openlane_v2/memristor/precheck_results/21_APR_2024___07_37_27/tmp/ext/user_project_wrapper.gds.spice...
Call to undefined subcircuit sky130_fd_pr__pfet_01v8_hvt
Creating placeholder cell definition.
Call to undefined subcircuit sky130_fd_pr__nfet_01v8
Creating placeholder cell definition.
Call to undefined subcircuit sky130_fd_pr__pfet_g5v0d10v5
Creating placeholder cell definition.
Call to undefined subcircuit sky130_fd_pr__nfet_g5v0d10v5
Creating placeholder cell definition.
Call to undefined subcircuit sky130_fd_pr__pfet_01v8
Creating placeholder cell definition.
Call to undefined subcircuit sky130_fd_pr__reram_reram_cell
Creating placeholder cell definition.
Reading source /home/engtech/Desktop/Openlane_v2/memristor/dependencies/pdks/sky130B/libs.ref/sky130_fd_sc_hd/spice/sky130_ef_sc_hd__decap_12.spice...
Call to undefined subcircuit sky130_fd_pr__pfet_01v8_hvt
Creating placeholder cell definition.
Call to undefined subcircuit sky130_fd_pr__nfet_01v8
Creating placeholder cell definition.
Reading source /home/engtech/Desktop/Openlane_v2/memristor/dependencies/pdks/sky130B/libs.ref/sky130_fd_sc_hd/spice/sky130_fd_sc_hd.spice...
Call to undefined subcircuit sky130_fd_sc_hd__nand2_2
Creating placeholder cell definition.
Call to undefined subcircuit sky130_fd_sc_hd__nor2_2
Creating placeholder cell definition.
Reading source /home/engtech/Desktop/Openlane_v2/memristor/xschem/simulation/core_flat_v4.spice...
Call to undefined subcircuit CONTROLLER
Creating placeholder cell definition.
Call to undefined subcircuit 1T1R_2x2
Creating placeholder cell definition.
Call to undefined subcircuit DEMUX
Creating placeholder cell definition.
Call to undefined subcircuit switch
Creating placeholder cell definition.
Call to undefined subcircuit level_up_shifter_2x
Creating placeholder cell definition.
Call to undefined subcircuit sky130_fd_pr__nfet_g5v0d10v5
Creating placeholder cell definition.
Call to undefined subcircuit sky130_fd_pr__reram_reram_cell
Creating placeholder cell definition.
Call to undefined subcircuit and
Creating placeholder cell definition.
Call to undefined subcircuit NOT
Creating placeholder cell definition.
Call to undefined subcircuit sky130_fd_pr__pfet_g5v0d10v5
Creating placeholder cell definition.
Call to undefined subcircuit sky130_fd_pr__pfet_01v8
Creating placeholder cell definition.
Reading source /home/engtech/Desktop/Openlane_v2/memristor/lvs/user_project_wrapper/defines.v...
Warning:  A case-insensitive file has been read and so the	verilog file must be treated case-insensitive to match.
Reading source /home/engtech/Desktop/Openlane_v2/memristor/verilog/gl/user_proj_example.v...
Warning:  A case-insensitive file has been read and so the	verilog file must be treated case-insensitive to match.
Note:  Implicit pin DigitalIN1 in instance core_flat_v4 of core_flat_v4 in cell user_proj_example
Note:  Implicit pin DigitalIN2 in instance core_flat_v4 of core_flat_v4 in cell user_proj_example
Note:  Implicit pin DigitalIN3 in instance core_flat_v4 of core_flat_v4 in cell user_proj_example
Note:  Implicit pin VSSD1 in instance core_flat_v4 of core_flat_v4 in cell user_proj_example
Note:  Implicit pin VCCD1 in instance core_flat_v4 of core_flat_v4 in cell user_proj_example
Note:  Implicit pin VDDA1 in instance core_flat_v4 of core_flat_v4 in cell user_proj_example
Note:  Implicit pin VSSA1 in instance core_flat_v4 of core_flat_v4 in cell user_proj_example
Error:  Instance core_flat_v4 has pin DIGITALIN1 which is not in the core_flat_v4 cell definition.
Error:  Instance core_flat_v4 has pin DIGITALIN3 which is not in the core_flat_v4 cell definition.
Error:  Instance core_flat_v4 has pin DIGITALIN2 which is not in the core_flat_v4 cell definition.
Error:  Instance core_flat_v4 has pin vssa1 which is not in the core_flat_v4 cell definition.
Error:  Instance core_flat_v4 has pin vdda1 which is not in the core_flat_v4 cell definition.
Error:  Instance core_flat_v4 has pin vssd1 which is not in the core_flat_v4 cell definition.
Error:  Instance core_flat_v4 has pin vccd1 which is not in the core_flat_v4 cell definition.
Note:  Implicit pin LO in instance user_proj_example_10 of sky130_fd_sc_hd__conb_1 in cell user_proj_example
Note:  Implicit pin LO in instance user_proj_example_11 of sky130_fd_sc_hd__conb_1 in cell user_proj_example
Note:  Implicit pin LO in instance user_proj_example_12 of sky130_fd_sc_hd__conb_1 in cell user_proj_example
Note:  Implicit pin LO in instance user_proj_example_13 of sky130_fd_sc_hd__conb_1 in cell user_proj_example
Note:  Implicit pin LO in instance user_proj_example_14 of sky130_fd_sc_hd__conb_1 in cell user_proj_example
Note:  Implicit pin LO in instance user_proj_example_15 of sky130_fd_sc_hd__conb_1 in cell user_proj_example
Note:  Implicit pin LO in instance user_proj_example_7 of sky130_fd_sc_hd__conb_1 in cell user_proj_example
Note:  Implicit pin LO in instance user_proj_example_8 of sky130_fd_sc_hd__conb_1 in cell user_proj_example
Note:  Implicit pin LO in instance user_proj_example_9 of sky130_fd_sc_hd__conb_1 in cell user_proj_example
Reading source /home/engtech/Desktop/Openlane_v2/memristor/verilog/gl/user_project_wrapper.v...
Warning:  A case-insensitive file has been read and so the	verilog file must be treated case-insensitive to match.
Treating empty subcircuits as black-box cells
Generating JSON file result

Reading setup file /home/engtech/Desktop/Openlane_v2/memristor/precheck_results/21_APR_2024___07_37_27/tmp/sky130B_setup.tcl

No property w found for device sky130_fd_pr_reram__reram_cell
No property l found for device sky130_fd_pr_reram__reram_cell
Model sky130_fd_pr__res_generic_po pin end_a == end_b
No property mult found for device sky130_fd_pr__res_generic_po
Model sky130_fd_pr__res_generic_po pin end_a == end_b
No property mult found for device sky130_fd_pr__res_generic_po
Model sky130_fd_pr__nfet_01v8 pin 1 == 3
No property mult found for device sky130_fd_pr__nfet_01v8
No property sa found for device sky130_fd_pr__nfet_01v8
No property sb found for device sky130_fd_pr__nfet_01v8
No property sd found for device sky130_fd_pr__nfet_01v8
No property nf found for device sky130_fd_pr__nfet_01v8
No property nrd found for device sky130_fd_pr__nfet_01v8
No property nrs found for device sky130_fd_pr__nfet_01v8
No property area found for device sky130_fd_pr__nfet_01v8
No property perim found for device sky130_fd_pr__nfet_01v8
No property topography found for device sky130_fd_pr__nfet_01v8
Model sky130_fd_pr__nfet_01v8 pin 1 == 3
No property mult found for device sky130_fd_pr__nfet_01v8
No property sa found for device sky130_fd_pr__nfet_01v8
No property sb found for device sky130_fd_pr__nfet_01v8
No property sd found for device sky130_fd_pr__nfet_01v8
No property nrd found for device sky130_fd_pr__nfet_01v8
No property nrs found for device sky130_fd_pr__nfet_01v8
No property area found for device sky130_fd_pr__nfet_01v8
No property perim found for device sky130_fd_pr__nfet_01v8
No property topography found for device sky130_fd_pr__nfet_01v8
Model sky130_fd_pr__nfet_g5v0d10v5 pin 1 == 3
No property mult found for device sky130_fd_pr__nfet_g5v0d10v5
No property sa found for device sky130_fd_pr__nfet_g5v0d10v5
No property sb found for device sky130_fd_pr__nfet_g5v0d10v5
No property sd found for device sky130_fd_pr__nfet_g5v0d10v5
No property nf found for device sky130_fd_pr__nfet_g5v0d10v5
No property nrd found for device sky130_fd_pr__nfet_g5v0d10v5
No property nrs found for device sky130_fd_pr__nfet_g5v0d10v5
No property area found for device sky130_fd_pr__nfet_g5v0d10v5
No property perim found for device sky130_fd_pr__nfet_g5v0d10v5
No property topography found for device sky130_fd_pr__nfet_g5v0d10v5
Model sky130_fd_pr__nfet_g5v0d10v5 pin 1 == 3
No property as found for device sky130_fd_pr__nfet_g5v0d10v5
No property ad found for device sky130_fd_pr__nfet_g5v0d10v5
No property ps found for device sky130_fd_pr__nfet_g5v0d10v5
No property pd found for device sky130_fd_pr__nfet_g5v0d10v5
No property mult found for device sky130_fd_pr__nfet_g5v0d10v5
No property sa found for device sky130_fd_pr__nfet_g5v0d10v5
No property sb found for device sky130_fd_pr__nfet_g5v0d10v5
No property sd found for device sky130_fd_pr__nfet_g5v0d10v5
No property nrd found for device sky130_fd_pr__nfet_g5v0d10v5
No property nrs found for device sky130_fd_pr__nfet_g5v0d10v5
No property area found for device sky130_fd_pr__nfet_g5v0d10v5
No property perim found for device sky130_fd_pr__nfet_g5v0d10v5
No property topography found for device sky130_fd_pr__nfet_g5v0d10v5
Model sky130_fd_pr__pfet_01v8 pin 1 == 3
No property mult found for device sky130_fd_pr__pfet_01v8
No property sa found for device sky130_fd_pr__pfet_01v8
No property sb found for device sky130_fd_pr__pfet_01v8
No property sd found for device sky130_fd_pr__pfet_01v8
No property nf found for device sky130_fd_pr__pfet_01v8
No property nrd found for device sky130_fd_pr__pfet_01v8
No property nrs found for device sky130_fd_pr__pfet_01v8
No property area found for device sky130_fd_pr__pfet_01v8
No property perim found for device sky130_fd_pr__pfet_01v8
No property topography found for device sky130_fd_pr__pfet_01v8
Model sky130_fd_pr__pfet_01v8 pin 1 == 3
No property as found for device sky130_fd_pr__pfet_01v8
No property ad found for device sky130_fd_pr__pfet_01v8
No property ps found for device sky130_fd_pr__pfet_01v8
No property pd found for device sky130_fd_pr__pfet_01v8
No property mult found for device sky130_fd_pr__pfet_01v8
No property sa found for device sky130_fd_pr__pfet_01v8
No property sb found for device sky130_fd_pr__pfet_01v8
No property sd found for device sky130_fd_pr__pfet_01v8
No property nrd found for device sky130_fd_pr__pfet_01v8
No property nrs found for device sky130_fd_pr__pfet_01v8
No property area found for device sky130_fd_pr__pfet_01v8
No property perim found for device sky130_fd_pr__pfet_01v8
No property topography found for device sky130_fd_pr__pfet_01v8
Model sky130_fd_pr__pfet_01v8_hvt pin 1 == 3
No property mult found for device sky130_fd_pr__pfet_01v8_hvt
No property sa found for device sky130_fd_pr__pfet_01v8_hvt
No property sb found for device sky130_fd_pr__pfet_01v8_hvt
No property sd found for device sky130_fd_pr__pfet_01v8_hvt
No property nf found for device sky130_fd_pr__pfet_01v8_hvt
No property nrd found for device sky130_fd_pr__pfet_01v8_hvt
No property nrs found for device sky130_fd_pr__pfet_01v8_hvt
No property area found for device sky130_fd_pr__pfet_01v8_hvt
No property perim found for device sky130_fd_pr__pfet_01v8_hvt
No property topography found for device sky130_fd_pr__pfet_01v8_hvt
Model sky130_fd_pr__pfet_01v8_hvt pin 1 == 3
No property mult found for device sky130_fd_pr__pfet_01v8_hvt
No property sa found for device sky130_fd_pr__pfet_01v8_hvt
No property sb found for device sky130_fd_pr__pfet_01v8_hvt
No property sd found for device sky130_fd_pr__pfet_01v8_hvt
No property nf found for device sky130_fd_pr__pfet_01v8_hvt
No property nrd found for device sky130_fd_pr__pfet_01v8_hvt
No property nrs found for device sky130_fd_pr__pfet_01v8_hvt
No property area found for device sky130_fd_pr__pfet_01v8_hvt
No property perim found for device sky130_fd_pr__pfet_01v8_hvt
No property topography found for device sky130_fd_pr__pfet_01v8_hvt
Model sky130_fd_pr__pfet_g5v0d10v5 pin 1 == 3
No property mult found for device sky130_fd_pr__pfet_g5v0d10v5
No property sa found for device sky130_fd_pr__pfet_g5v0d10v5
No property sb found for device sky130_fd_pr__pfet_g5v0d10v5
No property sd found for device sky130_fd_pr__pfet_g5v0d10v5
No property nf found for device sky130_fd_pr__pfet_g5v0d10v5
No property nrd found for device sky130_fd_pr__pfet_g5v0d10v5
No property nrs found for device sky130_fd_pr__pfet_g5v0d10v5
No property area found for device sky130_fd_pr__pfet_g5v0d10v5
No property perim found for device sky130_fd_pr__pfet_g5v0d10v5
No property topography found for device sky130_fd_pr__pfet_g5v0d10v5
Model sky130_fd_pr__pfet_g5v0d10v5 pin 1 == 3
No property as found for device sky130_fd_pr__pfet_g5v0d10v5
No property ad found for device sky130_fd_pr__pfet_g5v0d10v5
No property ps found for device sky130_fd_pr__pfet_g5v0d10v5
No property pd found for device sky130_fd_pr__pfet_g5v0d10v5
No property mult found for device sky130_fd_pr__pfet_g5v0d10v5
No property sa found for device sky130_fd_pr__pfet_g5v0d10v5
No property sb found for device sky130_fd_pr__pfet_g5v0d10v5
No property sd found for device sky130_fd_pr__pfet_g5v0d10v5
No property nrd found for device sky130_fd_pr__pfet_g5v0d10v5
No property nrs found for device sky130_fd_pr__pfet_g5v0d10v5
No property area found for device sky130_fd_pr__pfet_g5v0d10v5
No property perim found for device sky130_fd_pr__pfet_g5v0d10v5
No property topography found for device sky130_fd_pr__pfet_g5v0d10v5
No property value found for device sky130_fd_pr__diode_pw2nd_05v5
No property mult found for device sky130_fd_pr__diode_pw2nd_05v5
No property perim found for device sky130_fd_pr__diode_pw2nd_05v5
No property value found for device sky130_fd_pr__diode_pw2nd_05v5
No property mult found for device sky130_fd_pr__diode_pw2nd_05v5
No property perim found for device sky130_fd_pr__diode_pw2nd_05v5
Matching pins of sky130_fd_pr__nfet_01v8 in circuits 1 and 2

Subcircuit pins:
Circuit 1: sky130_fd_pr__nfet_01v8                                                |Circuit 2: sky130_fd_pr__nfet_01v8                                                
----------------------------------------------------------------------------------|----------------------------------------------------------------------------------
1                                                                                 |1                                                                                 
2                                                                                 |2                                                                                 
3                                                                                 |3                                                                                 
4                                                                                 |4                                                                                 
---------------------------------------------------------------------------------------------------------------------------------------------------------------------
Cell pin lists are equivalent.
Matching pins of sky130_fd_pr__pfet_01v8_hvt in circuits 1 and 2

Subcircuit pins:
Circuit 1: sky130_fd_pr__pfet_01v8_hvt                                            |Circuit 2: sky130_fd_pr__pfet_01v8_hvt                                            
----------------------------------------------------------------------------------|----------------------------------------------------------------------------------
1                                                                                 |1                                                                                 
2                                                                                 |2                                                                                 
3                                                                                 |3                                                                                 
4                                                                                 |4                                                                                 
---------------------------------------------------------------------------------------------------------------------------------------------------------------------
Cell pin lists are equivalent.
Matching pins of sky130_fd_pr__pfet_01v8 in circuits 1 and 2

Subcircuit pins:
Circuit 1: sky130_fd_pr__pfet_01v8                                                |Circuit 2: sky130_fd_pr__pfet_01v8                                                
----------------------------------------------------------------------------------|----------------------------------------------------------------------------------
1                                                                                 |1                                                                                 
2                                                                                 |2                                                                                 
3                                                                                 |3                                                                                 
4                                                                                 |4                                                                                 
---------------------------------------------------------------------------------------------------------------------------------------------------------------------
Cell pin lists are equivalent.
Matching pins of sky130_fd_pr__nfet_g5v0d10v5 in circuits 1 and 2

Subcircuit pins:
Circuit 1: sky130_fd_pr__nfet_g5v0d10v5                                           |Circuit 2: sky130_fd_pr__nfet_g5v0d10v5                                           
----------------------------------------------------------------------------------|----------------------------------------------------------------------------------
1                                                                                 |1                                                                                 
2                                                                                 |2                                                                                 
3                                                                                 |3                                                                                 
4                                                                                 |4                                                                                 
---------------------------------------------------------------------------------------------------------------------------------------------------------------------
Cell pin lists are equivalent.
Matching pins of sky130_fd_pr__reram_reram_cell in circuits 1 and 2

Subcircuit pins:
Circuit 1: sky130_fd_pr__reram_reram_cell                                         |Circuit 2: sky130_fd_pr__reram_reram_cell                                         
----------------------------------------------------------------------------------|----------------------------------------------------------------------------------
(no matching pin)                                                                 |TE                                                                                
(no matching pin)                                                                 |BE                                                                                
1                                                                                 |(no matching pin)                                                                 
2                                                                                 |(no matching pin)                                                                 
---------------------------------------------------------------------------------------------------------------------------------------------------------------------
Cell pin lists for sky130_fd_pr__reram_reram_cell and sky130_fd_pr__reram_reram_cell altered to match.
Matching pins of sky130_fd_pr__pfet_g5v0d10v5 in circuits 1 and 2

Subcircuit pins:
Circuit 1: sky130_fd_pr__pfet_g5v0d10v5                                           |Circuit 2: sky130_fd_pr__pfet_g5v0d10v5                                           
----------------------------------------------------------------------------------|----------------------------------------------------------------------------------
1                                                                                 |1                                                                                 
2                                                                                 |2                                                                                 
3                                                                                 |3                                                                                 
4                                                                                 |4                                                                                 
---------------------------------------------------------------------------------------------------------------------------------------------------------------------
Cell pin lists are equivalent.
Comparison output logged to file /home/engtech/Desktop/Openlane_v2/memristor/precheck_results/21_APR_2024___07_37_27/tmp/lvs.report
Logging to file "/home/engtech/Desktop/Openlane_v2/memristor/precheck_results/21_APR_2024___07_37_27/tmp/lvs.report" enabled
Circuit sky130_fd_pr__nfet_01v8 contains no devices.
Circuit sky130_fd_pr__pfet_01v8 contains no devices.
Circuit sky130_fd_pr__nfet_g5v0d10v5 contains no devices.
Circuit sky130_fd_pr__pfet_g5v0d10v5 contains no devices.
Circuit sky130_fd_pr__reram_reram_cell contains no devices.
Circuit sky130_fd_pr__pfet_01v8_hvt contains no devices.

Contents of circuit 1:  Circuit: 'sky130_fd_sc_hd__tapvpwrvgnd_1'
Circuit sky130_fd_sc_hd__tapvpwrvgnd_1 contains 0 device instances.
Circuit contains 0 nets, and 2 disconnected pins.
Contents of circuit 2:  Circuit: 'sky130_fd_sc_hd__tapvpwrvgnd_1'
Circuit sky130_fd_sc_hd__tapvpwrvgnd_1 contains 0 device instances.
Circuit contains 0 nets, and 2 disconnected pins.

Circuit sky130_fd_sc_hd__tapvpwrvgnd_1 contains no devices.

Contents of circuit 1:  Circuit: 'sky130_fd_sc_hd__decap_6'
Circuit sky130_fd_sc_hd__decap_6 contains 2 device instances.
  Class: sky130_fd_pr__nfet_01v8 instances:   1
  Class: sky130_fd_pr__pfet_01v8_hvt instances:   1
Circuit contains 4 nets.
Contents of circuit 2:  Circuit: 'sky130_fd_sc_hd__decap_6'
Circuit sky130_fd_sc_hd__decap_6 contains 2 device instances.
  Class: sky130_fd_pr__nfet_01v8 instances:   1
  Class: sky130_fd_pr__pfet_01v8_hvt instances:   1
Circuit contains 4 nets.

Circuit 1 contains 2 devices, Circuit 2 contains 2 devices.
Circuit 1 contains 4 nets,    Circuit 2 contains 4 nets.


Contents of circuit 1:  Circuit: 'sky130_ef_sc_hd__decap_12'
Circuit sky130_ef_sc_hd__decap_12 contains 2 device instances.
  Class: sky130_fd_pr__nfet_01v8 instances:   1
  Class: sky130_fd_pr__pfet_01v8_hvt instances:   1
Circuit contains 4 nets.
Contents of circuit 2:  Circuit: 'sky130_ef_sc_hd__decap_12'
Circuit sky130_ef_sc_hd__decap_12 contains 2 device instances.
  Class: sky130_fd_pr__nfet_01v8 instances:   1
  Class: sky130_fd_pr__pfet_01v8_hvt instances:   1
Circuit contains 4 nets.

Circuit 1 contains 2 devices, Circuit 2 contains 2 devices.
Circuit 1 contains 4 nets,    Circuit 2 contains 4 nets.


Contents of circuit 1:  Circuit: 'sky130_fd_sc_hd__fill_1'
Circuit sky130_fd_sc_hd__fill_1 contains 0 device instances.
Circuit contains 0 nets, and 4 disconnected pins.
Contents of circuit 2:  Circuit: 'sky130_fd_sc_hd__fill_1'
Circuit sky130_fd_sc_hd__fill_1 contains 0 device instances.
Circuit contains 0 nets, and 4 disconnected pins.

Circuit sky130_fd_sc_hd__fill_1 contains no devices.

Contents of circuit 1:  Circuit: 'sky130_fd_sc_hd__decap_8'
Circuit sky130_fd_sc_hd__decap_8 contains 2 device instances.
  Class: sky130_fd_pr__nfet_01v8 instances:   1
  Class: sky130_fd_pr__pfet_01v8_hvt instances:   1
Circuit contains 4 nets.
Contents of circuit 2:  Circuit: 'sky130_fd_sc_hd__decap_8'
Circuit sky130_fd_sc_hd__decap_8 contains 2 device instances.
  Class: sky130_fd_pr__nfet_01v8 instances:   1
  Class: sky130_fd_pr__pfet_01v8_hvt instances:   1
Circuit contains 4 nets.

Circuit 1 contains 2 devices, Circuit 2 contains 2 devices.
Circuit 1 contains 4 nets,    Circuit 2 contains 4 nets.


Contents of circuit 1:  Circuit: 'sky130_fd_sc_hd__decap_3'
Circuit sky130_fd_sc_hd__decap_3 contains 2 device instances.
  Class: sky130_fd_pr__nfet_01v8 instances:   1
  Class: sky130_fd_pr__pfet_01v8_hvt instances:   1
Circuit contains 4 nets.
Contents of circuit 2:  Circuit: 'sky130_fd_sc_hd__decap_3'
Circuit sky130_fd_sc_hd__decap_3 contains 2 device instances.
  Class: sky130_fd_pr__nfet_01v8 instances:   1
  Class: sky130_fd_pr__pfet_01v8_hvt instances:   1
Circuit contains 4 nets.

Circuit 1 contains 2 devices, Circuit 2 contains 2 devices.
Circuit 1 contains 4 nets,    Circuit 2 contains 4 nets.


Contents of circuit 1:  Circuit: 'sky130_fd_sc_hd__decap_4'
Circuit sky130_fd_sc_hd__decap_4 contains 2 device instances.
  Class: sky130_fd_pr__nfet_01v8 instances:   1
  Class: sky130_fd_pr__pfet_01v8_hvt instances:   1
Circuit contains 4 nets.
Contents of circuit 2:  Circuit: 'sky130_fd_sc_hd__decap_4'
Circuit sky130_fd_sc_hd__decap_4 contains 2 device instances.
  Class: sky130_fd_pr__nfet_01v8 instances:   1
  Class: sky130_fd_pr__pfet_01v8_hvt instances:   1
Circuit contains 4 nets.

Circuit 1 contains 2 devices, Circuit 2 contains 2 devices.
Circuit 1 contains 4 nets,    Circuit 2 contains 4 nets.


Contents of circuit 1:  Circuit: 'sky130_fd_sc_hd__fill_2'
Circuit sky130_fd_sc_hd__fill_2 contains 0 device instances.
Circuit contains 0 nets, and 4 disconnected pins.
Contents of circuit 2:  Circuit: 'sky130_fd_sc_hd__fill_2'
Circuit sky130_fd_sc_hd__fill_2 contains 0 device instances.
Circuit contains 0 nets, and 4 disconnected pins.

Circuit sky130_fd_sc_hd__fill_2 contains no devices.

Contents of circuit 1:  Circuit: 'sky130_fd_sc_hd__diode_2'
Circuit sky130_fd_sc_hd__diode_2 contains 1 device instances.
  Class: sky130_fd_pr__diode_pw2nd_05v5 instances:   1
Circuit contains 2 nets, and 3 disconnected pins.
Contents of circuit 2:  Circuit: 'sky130_fd_sc_hd__diode_2'
Circuit sky130_fd_sc_hd__diode_2 contains 1 device instances.
  Class: sky130_fd_pr__diode_pw2nd_05v5 instances:   1
Circuit contains 2 nets, and 3 disconnected pins.

Circuit 1 contains 1 devices, Circuit 2 contains 1 devices.
Circuit 1 contains 2 nets,    Circuit 2 contains 2 nets.


Contents of circuit 1:  Circuit: 'core_flat_v4'
Circuit core_flat_v4 contains 128 device instances.
  Class: sky130_fd_pr__nfet_01v8 instances:  27
  Class: sky130_fd_pr__pfet_01v8 instances:  27
  Class: sky130_fd_pr__nfet_g5v0d10v5 instances:  40
  Class: sky130_fd_pr__res_generic_po instances:   6
  Class: sky130_fd_pr__reram_reram_cell instances:   4
  Class: sky130_fd_pr__pfet_g5v0d10v5 instances:  24
Circuit contains 84 nets.
Contents of circuit 2:  Circuit: 'core_flat_v4'
Circuit core_flat_v4 contains 128 device instances.
  Class: sky130_fd_pr__nfet_01v8 instances:  27
  Class: sky130_fd_pr__pfet_01v8 instances:  27
  Class: sky130_fd_pr__nfet_g5v0d10v5 instances:  40
  Class: sky130_fd_pr__res_generic_po instances:   6
  Class: sky130_fd_pr__reram_reram_cell instances:   4
  Class: sky130_fd_pr__pfet_g5v0d10v5 instances:  24
Circuit contains 84 nets.

Circuit 1 contains 128 devices, Circuit 2 contains 128 devices.
Circuit 1 contains 84 nets,    Circuit 2 contains 84 nets.

  Flattening non-matched subcircuits core_flat_v4 core_flat_v4

Flattening instances of core_flat_v4 in file /home/engtech/Desktop/Openlane_v2/memristor/precheck_results/21_APR_2024___07_37_27/tmp/ext/user_project_wrapper.gds.spice
Flattening instances of core_flat_v4 in file /home/engtech/Desktop/Openlane_v2/memristor/xschem/simulation/core_flat_v4.spice

Contents of circuit 1:  Circuit: 'sky130_fd_sc_hd__buf_4'
Circuit sky130_fd_sc_hd__buf_4 contains 4 device instances.
  Class: sky130_fd_pr__nfet_01v8 instances:   2
  Class: sky130_fd_pr__pfet_01v8_hvt instances:   2
Circuit contains 7 nets.
Contents of circuit 2:  Circuit: 'sky130_fd_sc_hd__buf_4'
Circuit sky130_fd_sc_hd__buf_4 contains 10 device instances.
  Class: sky130_fd_pr__nfet_01v8 instances:   5
  Class: sky130_fd_pr__pfet_01v8_hvt instances:   5
Circuit contains 7 nets.

Circuit was modified by parallel/series device merging.
New circuit summary:

Contents of circuit 1:  Circuit: 'sky130_fd_sc_hd__buf_4'
Circuit sky130_fd_sc_hd__buf_4 contains 4 device instances.
  Class: sky130_fd_pr__nfet_01v8 instances:   2
  Class: sky130_fd_pr__pfet_01v8_hvt instances:   2
Circuit contains 7 nets.
Contents of circuit 2:  Circuit: 'sky130_fd_sc_hd__buf_4'
Circuit sky130_fd_sc_hd__buf_4 contains 4 device instances.
  Class: sky130_fd_pr__nfet_01v8 instances:   2
  Class: sky130_fd_pr__pfet_01v8_hvt instances:   2
Circuit contains 7 nets.

Circuit 1 contains 4 devices, Circuit 2 contains 4 devices.
Circuit 1 contains 7 nets,    Circuit 2 contains 7 nets.


Contents of circuit 1:  Circuit: 'sky130_fd_sc_hd__buf_2'
Circuit sky130_fd_sc_hd__buf_2 contains 4 device instances.
  Class: sky130_fd_pr__nfet_01v8 instances:   2
  Class: sky130_fd_pr__pfet_01v8_hvt instances:   2
Circuit contains 7 nets.
Contents of circuit 2:  Circuit: 'sky130_fd_sc_hd__buf_2'
Circuit sky130_fd_sc_hd__buf_2 contains 6 device instances.
  Class: sky130_fd_pr__nfet_01v8 instances:   3
  Class: sky130_fd_pr__pfet_01v8_hvt instances:   3
Circuit contains 7 nets.

Circuit was modified by parallel/series device merging.
New circuit summary:

Contents of circuit 1:  Circuit: 'sky130_fd_sc_hd__buf_2'
Circuit sky130_fd_sc_hd__buf_2 contains 4 device instances.
  Class: sky130_fd_pr__nfet_01v8 instances:   2
  Class: sky130_fd_pr__pfet_01v8_hvt instances:   2
Circuit contains 7 nets.
Contents of circuit 2:  Circuit: 'sky130_fd_sc_hd__buf_2'
Circuit sky130_fd_sc_hd__buf_2 contains 4 device instances.
  Class: sky130_fd_pr__nfet_01v8 instances:   2
  Class: sky130_fd_pr__pfet_01v8_hvt instances:   2
Circuit contains 7 nets.

Circuit 1 contains 4 devices, Circuit 2 contains 4 devices.
Circuit 1 contains 7 nets,    Circuit 2 contains 7 nets.


Contents of circuit 1:  Circuit: 'sky130_fd_sc_hd__clkbuf_4'
Circuit sky130_fd_sc_hd__clkbuf_4 contains 4 device instances.
  Class: sky130_fd_pr__nfet_01v8 instances:   2
  Class: sky130_fd_pr__pfet_01v8_hvt instances:   2
Circuit contains 7 nets.
Contents of circuit 2:  Circuit: 'sky130_fd_sc_hd__clkbuf_4'
Circuit sky130_fd_sc_hd__clkbuf_4 contains 10 device instances.
  Class: sky130_fd_pr__nfet_01v8 instances:   5
  Class: sky130_fd_pr__pfet_01v8_hvt instances:   5
Circuit contains 7 nets.

Circuit was modified by parallel/series device merging.
New circuit summary:

Contents of circuit 1:  Circuit: 'sky130_fd_sc_hd__clkbuf_4'
Circuit sky130_fd_sc_hd__clkbuf_4 contains 4 device instances.
  Class: sky130_fd_pr__nfet_01v8 instances:   2
  Class: sky130_fd_pr__pfet_01v8_hvt instances:   2
Circuit contains 7 nets.
Contents of circuit 2:  Circuit: 'sky130_fd_sc_hd__clkbuf_4'
Circuit sky130_fd_sc_hd__clkbuf_4 contains 4 device instances.
  Class: sky130_fd_pr__nfet_01v8 instances:   2
  Class: sky130_fd_pr__pfet_01v8_hvt instances:   2
Circuit contains 7 nets.

Circuit 1 contains 4 devices, Circuit 2 contains 4 devices.
Circuit 1 contains 7 nets,    Circuit 2 contains 7 nets.


Contents of circuit 1:  Circuit: 'sky130_fd_sc_hd__conb_1'
Circuit sky130_fd_sc_hd__conb_1 contains 2 device instances.
  Class: sky130_fd_pr__res_generic_po instances:   2
Circuit contains 4 nets, and 2 disconnected pins.
Contents of circuit 2:  Circuit: 'sky130_fd_sc_hd__conb_1'
Circuit sky130_fd_sc_hd__conb_1 contains 2 device instances.
  Class: sky130_fd_pr__res_generic_po instances:   2
Circuit contains 4 nets, and 2 disconnected pins.

Circuit 1 contains 2 devices, Circuit 2 contains 2 devices.
Circuit 1 contains 4 nets,    Circuit 2 contains 4 nets.


Contents of circuit 1:  Circuit: 'sky130_fd_sc_hd__clkbuf_2'
Circuit sky130_fd_sc_hd__clkbuf_2 contains 4 device instances.
  Class: sky130_fd_pr__nfet_01v8 instances:   2
  Class: sky130_fd_pr__pfet_01v8_hvt instances:   2
Circuit contains 7 nets.
Contents of circuit 2:  Circuit: 'sky130_fd_sc_hd__clkbuf_2'
Circuit sky130_fd_sc_hd__clkbuf_2 contains 6 device instances.
  Class: sky130_fd_pr__nfet_01v8 instances:   3
  Class: sky130_fd_pr__pfet_01v8_hvt instances:   3
Circuit contains 7 nets.

Circuit was modified by parallel/series device merging.
New circuit summary:

Contents of circuit 1:  Circuit: 'sky130_fd_sc_hd__clkbuf_2'
Circuit sky130_fd_sc_hd__clkbuf_2 contains 4 device instances.
  Class: sky130_fd_pr__nfet_01v8 instances:   2
  Class: sky130_fd_pr__pfet_01v8_hvt instances:   2
Circuit contains 7 nets.
Contents of circuit 2:  Circuit: 'sky130_fd_sc_hd__clkbuf_2'
Circuit sky130_fd_sc_hd__clkbuf_2 contains 4 device instances.
  Class: sky130_fd_pr__nfet_01v8 instances:   2
  Class: sky130_fd_pr__pfet_01v8_hvt instances:   2
Circuit contains 7 nets.

Circuit 1 contains 4 devices, Circuit 2 contains 4 devices.
Circuit 1 contains 7 nets,    Circuit 2 contains 7 nets.


Contents of circuit 1:  Circuit: 'sky130_fd_sc_hd__clkbuf_8'
Circuit sky130_fd_sc_hd__clkbuf_8 contains 4 device instances.
  Class: sky130_fd_pr__nfet_01v8 instances:   2
  Class: sky130_fd_pr__pfet_01v8_hvt instances:   2
Circuit contains 7 nets.
Contents of circuit 2:  Circuit: 'sky130_fd_sc_hd__clkbuf_8'
Circuit sky130_fd_sc_hd__clkbuf_8 contains 20 device instances.
  Class: sky130_fd_pr__nfet_01v8 instances:  10
  Class: sky130_fd_pr__pfet_01v8_hvt instances:  10
Circuit contains 7 nets.

Circuit was modified by parallel/series device merging.
New circuit summary:

Contents of circuit 1:  Circuit: 'sky130_fd_sc_hd__clkbuf_8'
Circuit sky130_fd_sc_hd__clkbuf_8 contains 4 device instances.
  Class: sky130_fd_pr__nfet_01v8 instances:   2
  Class: sky130_fd_pr__pfet_01v8_hvt instances:   2
Circuit contains 7 nets.
Contents of circuit 2:  Circuit: 'sky130_fd_sc_hd__clkbuf_8'
Circuit sky130_fd_sc_hd__clkbuf_8 contains 4 device instances.
  Class: sky130_fd_pr__nfet_01v8 instances:   2
  Class: sky130_fd_pr__pfet_01v8_hvt instances:   2
Circuit contains 7 nets.

Circuit 1 contains 4 devices, Circuit 2 contains 4 devices.
Circuit 1 contains 7 nets,    Circuit 2 contains 7 nets.


Contents of circuit 1:  Circuit: 'user_proj_example'
Circuit user_proj_example contains 145589 device instances.
  Class: sky130_fd_pr__nfet_01v8 instances:  27
  Class: sky130_fd_sc_hd__buf_2 instances:   1
  Class: sky130_fd_sc_hd__buf_4 instances:   1
  Class: sky130_ef_sc_hd__decap_12 instances: 81808
  Class: sky130_fd_sc_hd__clkbuf_2 instances:   2
  Class: sky130_fd_sc_hd__clkbuf_4 instances:   1
  Class: sky130_fd_sc_hd__clkbuf_8 instances:   1
  Class: sky130_fd_sc_hd__conb_1 instances:   9
  Class: sky130_fd_sc_hd__decap_3 instances: 2064
  Class: sky130_fd_sc_hd__decap_4 instances: 515
  Class: sky130_fd_sc_hd__decap_6 instances: 19519
  Class: sky130_fd_sc_hd__decap_8 instances: 396
  Class: sky130_fd_pr__pfet_01v8 instances:  27
  Class: sky130_fd_pr__nfet_g5v0d10v5 instances:  40
  Class: sky130_fd_pr__res_generic_po instances:   6
  Class: sky130_fd_sc_hd__diode_2 instances:   9
  Class: sky130_fd_pr__reram_reram_cell instances:   4
  Class: sky130_fd_pr__pfet_g5v0d10v5 instances:  24
  Class: sky130_fd_sc_hd__tapvpwrvgnd_1 instances: 20577
  Class: sky130_fd_sc_hd__fill_1 instances: 20553
  Class: sky130_fd_sc_hd__fill_2 instances:   5
Circuit contains 108 nets, and 10 disconnected pins.
Contents of circuit 2:  Circuit: 'user_proj_example'
Circuit user_proj_example contains 145589 device instances.
  Class: sky130_fd_pr__nfet_01v8 instances:  27
  Class: sky130_fd_sc_hd__buf_2 instances:   1
  Class: sky130_fd_sc_hd__buf_4 instances:   1
  Class: sky130_ef_sc_hd__decap_12 instances: 81808
  Class: sky130_fd_sc_hd__clkbuf_2 instances:   2
  Class: sky130_fd_sc_hd__clkbuf_4 instances:   1
  Class: sky130_fd_sc_hd__clkbuf_8 instances:   1
  Class: sky130_fd_sc_hd__conb_1 instances:   9
  Class: sky130_fd_sc_hd__decap_3 instances: 2064
  Class: sky130_fd_sc_hd__decap_4 instances: 515
  Class: sky130_fd_sc_hd__decap_6 instances: 19519
  Class: sky130_fd_sc_hd__decap_8 instances: 396
  Class: sky130_fd_pr__pfet_01v8 instances:  27
  Class: sky130_fd_pr__nfet_g5v0d10v5 instances:  40
  Class: sky130_fd_pr__res_generic_po instances:   6
  Class: sky130_fd_sc_hd__diode_2 instances:   9
  Class: sky130_fd_pr__reram_reram_cell instances:   4
  Class: sky130_fd_pr__pfet_g5v0d10v5 instances:  24
  Class: sky130_fd_sc_hd__tapvpwrvgnd_1 instances: 20577
  Class: sky130_fd_sc_hd__fill_1 instances: 20553
  Class: sky130_fd_sc_hd__fill_2 instances:   5
Circuit contains 113 nets, and 2 disconnected pins.

Circuit was modified by parallel/series device merging.
New circuit summary:

Contents of circuit 1:  Circuit: 'user_proj_example'
Circuit user_proj_example contains 160 device instances.
  Class: sky130_fd_pr__nfet_01v8 instances:  27
  Class: sky130_fd_sc_hd__buf_2 instances:   1
  Class: sky130_fd_sc_hd__buf_4 instances:   1
  Class: sky130_ef_sc_hd__decap_12 instances:   1
  Class: sky130_fd_sc_hd__clkbuf_2 instances:   2
  Class: sky130_fd_sc_hd__clkbuf_4 instances:   1
  Class: sky130_fd_sc_hd__clkbuf_8 instances:   1
  Class: sky130_fd_sc_hd__conb_1 instances:   9
  Class: sky130_fd_sc_hd__decap_3 instances:   1
  Class: sky130_fd_sc_hd__decap_4 instances:   1
  Class: sky130_fd_sc_hd__decap_6 instances:   1
  Class: sky130_fd_sc_hd__decap_8 instances:   1
  Class: sky130_fd_pr__pfet_01v8 instances:  27
  Class: sky130_fd_pr__nfet_g5v0d10v5 instances:  40
  Class: sky130_fd_pr__res_generic_po instances:   6
  Class: sky130_fd_sc_hd__diode_2 instances:   9
  Class: sky130_fd_pr__reram_reram_cell instances:   4
  Class: sky130_fd_pr__pfet_g5v0d10v5 instances:  24
  Class: sky130_fd_sc_hd__tapvpwrvgnd_1 instances:   1
  Class: sky130_fd_sc_hd__fill_1 instances:   1
  Class: sky130_fd_sc_hd__fill_2 instances:   1
Circuit contains 108 nets, and 10 disconnected pins.
Contents of circuit 2:  Circuit: 'user_proj_example'
Circuit user_proj_example contains 160 device instances.
  Class: sky130_fd_pr__nfet_01v8 instances:  27
  Class: sky130_fd_sc_hd__buf_2 instances:   1
  Class: sky130_fd_sc_hd__buf_4 instances:   1
  Class: sky130_ef_sc_hd__decap_12 instances:   1
  Class: sky130_fd_sc_hd__clkbuf_2 instances:   2
  Class: sky130_fd_sc_hd__clkbuf_4 instances:   1
  Class: sky130_fd_sc_hd__clkbuf_8 instances:   1
  Class: sky130_fd_sc_hd__conb_1 instances:   9
  Class: sky130_fd_sc_hd__decap_3 instances:   1
  Class: sky130_fd_sc_hd__decap_4 instances:   1
  Class: sky130_fd_sc_hd__decap_6 instances:   1
  Class: sky130_fd_sc_hd__decap_8 instances:   1
  Class: sky130_fd_pr__pfet_01v8 instances:  27
  Class: sky130_fd_pr__nfet_g5v0d10v5 instances:  40
  Class: sky130_fd_pr__res_generic_po instances:   6
  Class: sky130_fd_sc_hd__diode_2 instances:   9
  Class: sky130_fd_pr__reram_reram_cell instances:   4
  Class: sky130_fd_pr__pfet_g5v0d10v5 instances:  24
  Class: sky130_fd_sc_hd__tapvpwrvgnd_1 instances:   1
  Class: sky130_fd_sc_hd__fill_1 instances:   1
  Class: sky130_fd_sc_hd__fill_2 instances:   1
Circuit contains 113 nets, and 2 disconnected pins.

Circuit 1 contains 160 devices, Circuit 2 contains 160 devices.
Circuit 1 contains 108 nets,    Circuit 2 contains 113 nets. *** MISMATCH ***

  Flattening non-matched subcircuits user_proj_example user_proj_example

Flattening instances of user_proj_example in file /home/engtech/Desktop/Openlane_v2/memristor/precheck_results/21_APR_2024___07_37_27/tmp/ext/user_project_wrapper.gds.spice
Flattening instances of user_proj_example in file /home/engtech/Desktop/Openlane_v2/memristor/xschem/simulation/core_flat_v4.spice

Contents of circuit 1:  Circuit: 'user_project_wrapper'
Circuit user_project_wrapper contains 160 device instances.
  Class: sky130_fd_pr__nfet_01v8 instances:  27
  Class: sky130_fd_sc_hd__buf_2 instances:   1
  Class: sky130_fd_sc_hd__buf_4 instances:   1
  Class: sky130_ef_sc_hd__decap_12 instances:   1
  Class: sky130_fd_sc_hd__clkbuf_2 instances:   2
  Class: sky130_fd_sc_hd__clkbuf_4 instances:   1
  Class: sky130_fd_sc_hd__clkbuf_8 instances:   1
  Class: sky130_fd_sc_hd__conb_1 instances:   9
  Class: sky130_fd_sc_hd__decap_3 instances:   1
  Class: sky130_fd_sc_hd__decap_4 instances:   1
  Class: sky130_fd_sc_hd__decap_6 instances:   1
  Class: sky130_fd_sc_hd__decap_8 instances:   1
  Class: sky130_fd_pr__pfet_01v8 instances:  27
  Class: sky130_fd_pr__nfet_g5v0d10v5 instances:  40
  Class: sky130_fd_pr__res_generic_po instances:   6
  Class: sky130_fd_sc_hd__diode_2 instances:   9
  Class: sky130_fd_pr__reram_reram_cell instances:   4
  Class: sky130_fd_pr__pfet_g5v0d10v5 instances:  24
  Class: sky130_fd_sc_hd__tapvpwrvgnd_1 instances:   1
  Class: sky130_fd_sc_hd__fill_1 instances:   1
  Class: sky130_fd_sc_hd__fill_2 instances:   1
Circuit contains 108 nets, and 623 disconnected pins.
Contents of circuit 2:  Circuit: 'user_project_wrapper'
Circuit user_project_wrapper contains 160 device instances.
  Class: sky130_fd_pr__nfet_01v8 instances:  27
  Class: sky130_fd_sc_hd__buf_2 instances:   1
  Class: sky130_fd_sc_hd__buf_4 instances:   1
  Class: sky130_ef_sc_hd__decap_12 instances:   1
  Class: sky130_fd_sc_hd__clkbuf_2 instances:   2
  Class: sky130_fd_sc_hd__clkbuf_4 instances:   1
  Class: sky130_fd_sc_hd__clkbuf_8 instances:   1
  Class: sky130_fd_sc_hd__conb_1 instances:   9
  Class: sky130_fd_sc_hd__decap_3 instances:   1
  Class: sky130_fd_sc_hd__decap_4 instances:   1
  Class: sky130_fd_sc_hd__decap_6 instances:   1
  Class: sky130_fd_sc_hd__decap_8 instances:   1
  Class: sky130_fd_pr__pfet_01v8 instances:  27
  Class: sky130_fd_pr__nfet_g5v0d10v5 instances:  40
  Class: sky130_fd_pr__res_generic_po instances:   6
  Class: sky130_fd_sc_hd__diode_2 instances:   9
  Class: sky130_fd_pr__reram_reram_cell instances:   4
  Class: sky130_fd_pr__pfet_g5v0d10v5 instances:  24
  Class: sky130_fd_sc_hd__tapvpwrvgnd_1 instances:   1
  Class: sky130_fd_sc_hd__fill_1 instances:   1
  Class: sky130_fd_sc_hd__fill_2 instances:   1
Circuit contains 113 nets, and 625 disconnected pins.

Circuit 1 contains 160 devices, Circuit 2 contains 160 devices.
Circuit 1 contains 108 nets,    Circuit 2 contains 113 nets. *** MISMATCH ***


Final result: 
Netlists do not match.
Logging to file "/home/engtech/Desktop/Openlane_v2/memristor/precheck_results/21_APR_2024___07_37_27/tmp/lvs.report" disabled
LVS Done.
Warning: device level LVS may be incomplete due to 1 unflattened cell(s): see /home/engtech/Desktop/Openlane_v2/memristor/precheck_results/21_APR_2024___07_37_27/outputs/reports/lvs.unflattened
END: Sun 21 Apr 2024 07:47:40 AM UTC
Runtime: 0:00:11 (hh:mm:ss)
