OpenROAD 41a51eaf4ca2171c92ff38afb91eb37bbd3f36da 
This program is licensed under the BSD-3 license. See the LICENSE file for details.
Components of this program may be licensed under more restrictive licenses which must be honored.
[INFO]: Reading ODB at '/home/engtech/Desktop/Openlane_v2/memristor/openlane/user_proj_example/runs/24_04_09_14_21/tmp/routing/25-fill.odb'…
define_corners Typical
read_liberty -corner Typical /home/engtech/Desktop/Openlane_v2/memristor/dependencies/pdks/sky130B/libs.ref/sky130_fd_sc_hd/lib/sky130_fd_sc_hd__tt_025C_1v80.lib
Using 1e-12 for capacitance...
Using 1e+03 for resistance...
Using 1e-09 for time...
Using 1e+00 for voltage...
Using 1e-03 for current...
Using 1e-09 for power...
Using 1e-06 for distance...
Reading design constraints file at '/home/engtech/Desktop/Openlane_v2/memristor/openlane/user_proj_example/runs/24_04_09_14_21/tmp/18-user_proj_example.sdc'…
[INFO ORD-0030] Using 2 thread(s).
[INFO DRT-0149] Reading tech and libs.

Units:                1000
Number of layers:     13
Number of macros:     442
Number of vias:       25
Number of viarulegen: 25

[INFO DRT-0150] Reading design.

Design:                   user_proj_example
Die area:                 ( 0 0 ) ( 1400000 1400000 )
Number of track patterns: 12
Number of DEF vias:       0
Number of components:     145446
Number of terminals:      13
Number of snets:          4
Number of nets:           14

[INFO DRT-0167] List of default vias:
  Layer mcon
    default via: L1M1_PR
  Layer via
    default via: M1M2_PR
  Layer via2
    default via: M2M3_PR
  Layer via3
    default via: M3M4_PR
  Layer via4
    default via: M4M5_PR
[INFO DRT-0162] Library cell analysis.
[INFO DRT-0163] Instance analysis.
  Complete 10000 instances.
  Complete 20000 instances.
  Complete 30000 instances.
  Complete 40000 instances.
  Complete 50000 instances.
  Complete 60000 instances.
  Complete 70000 instances.
  Complete 80000 instances.
  Complete 90000 instances.
  Complete 100000 instances.
[INFO DRT-0164] Number of unique instances = 27.
[INFO DRT-0168] Init region query.
[INFO DRT-0018]   Complete 10000 insts.
[INFO DRT-0018]   Complete 20000 insts.
[INFO DRT-0018]   Complete 30000 insts.
[INFO DRT-0018]   Complete 40000 insts.
[INFO DRT-0018]   Complete 50000 insts.
[INFO DRT-0018]   Complete 60000 insts.
[INFO DRT-0018]   Complete 70000 insts.
[INFO DRT-0018]   Complete 80000 insts.
[INFO DRT-0018]   Complete 90000 insts.
[INFO DRT-0019]   Complete 100000 insts.
[INFO DRT-0024]   Complete FR_MASTERSLICE.
[INFO DRT-0024]   Complete Fr_VIA.
[INFO DRT-0024]   Complete li1.
[INFO DRT-0024]   Complete mcon.
[INFO DRT-0024]   Complete met1.
[INFO DRT-0024]   Complete via.
[INFO DRT-0024]   Complete met2.
[INFO DRT-0024]   Complete via2.
[INFO DRT-0024]   Complete met3.
[INFO DRT-0024]   Complete via3.
[INFO DRT-0024]   Complete met4.
[INFO DRT-0024]   Complete via4.
[INFO DRT-0024]   Complete met5.
[INFO DRT-0033] FR_MASTERSLICE shape region query size = 0.
[INFO DRT-0033] FR_VIA shape region query size = 0.
[INFO DRT-0033] li1 shape region query size = 750459.
[INFO DRT-0033] mcon shape region query size = 2139268.
[INFO DRT-0033] met1 shape region query size = 297824.
[INFO DRT-0033] via shape region query size = 17685.
[INFO DRT-0033] met2 shape region query size = 11432.
[INFO DRT-0033] via2 shape region query size = 14148.
[INFO DRT-0033] met3 shape region query size = 10669.
[INFO DRT-0033] via3 shape region query size = 17448.
[INFO DRT-0033] met4 shape region query size = 3645.
[INFO DRT-0033] via4 shape region query size = 0.
[INFO DRT-0033] met5 shape region query size = 0.
[INFO DRT-0165] Start pin access.
[WARNING DRT-6000] Macro pin has more than 1 polygon
[WARNING DRT-6000] Macro pin has more than 1 polygon
[WARNING DRT-6000] Macro pin has more than 1 polygon
[WARNING DRT-6000] Macro pin has more than 1 polygon
[WARNING DRT-6000] Macro pin has more than 1 polygon
[WARNING DRT-6000] Macro pin has more than 1 polygon
[WARNING DRT-6000] Macro pin has more than 1 polygon
[WARNING DRT-6000] Macro pin has more than 1 polygon
[WARNING DRT-6000] Macro pin has more than 1 polygon
[WARNING DRT-6000] Macro pin has more than 1 polygon
[WARNING DRT-6000] Macro pin has more than 1 polygon
[WARNING DRT-6000] Macro pin has more than 1 polygon
[WARNING DRT-6000] Macro pin has more than 1 polygon
[WARNING DRT-6000] Macro pin has more than 1 polygon
[WARNING DRT-6000] Macro pin has more than 1 polygon
[WARNING DRT-6000] Macro pin has more than 1 polygon
[WARNING DRT-6000] Macro pin has more than 1 polygon
[WARNING DRT-6000] Macro pin has more than 1 polygon
[WARNING DRT-6000] Macro pin has more than 1 polygon
[WARNING DRT-6000] Macro pin has more than 1 polygon
[WARNING DRT-6000] Macro pin has more than 1 polygon
[WARNING DRT-6000] Macro pin has more than 1 polygon
[WARNING DRT-6000] Macro pin has more than 1 polygon
[WARNING DRT-6000] Macro pin has more than 1 polygon
[WARNING DRT-6000] Macro pin has more than 1 polygon
[WARNING DRT-6000] Macro pin has more than 1 polygon
[WARNING DRT-6000] Macro pin has more than 1 polygon
[WARNING DRT-6000] Macro pin has more than 1 polygon
[WARNING DRT-6000] Macro pin has more than 1 polygon
[WARNING DRT-6000] Macro pin has more than 1 polygon
[WARNING DRT-6000] Macro pin has more than 1 polygon
[WARNING DRT-6000] Macro pin has more than 1 polygon
[WARNING DRT-6000] Macro pin has more than 1 polygon
[WARNING DRT-6000] Macro pin has more than 1 polygon
[WARNING DRT-6000] Macro pin has more than 1 polygon
[WARNING DRT-6000] Macro pin has more than 1 polygon
[WARNING DRT-6000] Macro pin has more than 1 polygon
[WARNING DRT-6000] Macro pin has more than 1 polygon
[WARNING DRT-6000] Macro pin has more than 1 polygon
[WARNING DRT-6000] Macro pin has more than 1 polygon
[WARNING DRT-6000] Macro pin has more than 1 polygon
[WARNING DRT-6000] Macro pin has more than 1 polygon
[WARNING DRT-6000] Macro pin has more than 1 polygon
[WARNING DRT-6000] Macro pin has more than 1 polygon
[WARNING DRT-6000] Macro pin has more than 1 polygon
[WARNING DRT-6000] Macro pin has more than 1 polygon
[WARNING DRT-6000] Macro pin has more than 1 polygon
[WARNING DRT-6000] Macro pin has more than 1 polygon
[WARNING DRT-6000] Macro pin has more than 1 polygon
[WARNING DRT-6000] Macro pin has more than 1 polygon
[WARNING DRT-6000] Macro pin has more than 1 polygon
[WARNING DRT-6000] Macro pin has more than 1 polygon
[WARNING DRT-6000] Macro pin has more than 1 polygon
[WARNING DRT-6000] Macro pin has more than 1 polygon
[WARNING DRT-6000] Macro pin has more than 1 polygon
[WARNING DRT-6000] Macro pin has more than 1 polygon
[WARNING DRT-6000] Macro pin has more than 1 polygon
[WARNING DRT-6000] Macro pin has more than 1 polygon
[WARNING DRT-6000] Macro pin has more than 1 polygon
[WARNING DRT-6000] Macro pin has more than 1 polygon
[WARNING DRT-6000] Macro pin has more than 1 polygon
[WARNING DRT-6000] Macro pin has more than 1 polygon
[WARNING DRT-6000] Macro pin has more than 1 polygon
[WARNING DRT-6000] Macro pin has more than 1 polygon
[WARNING DRT-6000] Macro pin has more than 1 polygon
[WARNING DRT-6000] Macro pin has more than 1 polygon
[WARNING DRT-6000] Macro pin has more than 1 polygon
[WARNING DRT-6000] Macro pin has more than 1 polygon
[WARNING DRT-6000] Macro pin has more than 1 polygon
[WARNING DRT-6000] Macro pin has more than 1 polygon
[WARNING DRT-6000] Macro pin has more than 1 polygon
[WARNING DRT-6000] Macro pin has more than 1 polygon
[WARNING DRT-6000] Macro pin has more than 1 polygon
[WARNING DRT-6000] Macro pin has more than 1 polygon
[WARNING DRT-6000] Macro pin has more than 1 polygon
[WARNING DRT-6000] Macro pin has more than 1 polygon
[WARNING DRT-6000] Macro pin has more than 1 polygon
[WARNING DRT-6000] Macro pin has more than 1 polygon
[WARNING DRT-6000] Macro pin has more than 1 polygon
[WARNING DRT-6000] Macro pin has more than 1 polygon
[WARNING DRT-6000] Macro pin has more than 1 polygon
[WARNING DRT-6000] Macro pin has more than 1 polygon
[WARNING DRT-6000] Macro pin has more than 1 polygon
[WARNING DRT-6000] Macro pin has more than 1 polygon
[WARNING DRT-6000] Macro pin has more than 1 polygon
[WARNING DRT-6000] Macro pin has more than 1 polygon
[WARNING DRT-6000] Macro pin has more than 1 polygon
[WARNING DRT-6000] Macro pin has more than 1 polygon
[WARNING DRT-6000] Macro pin has more than 1 polygon
[WARNING DRT-6000] Macro pin has more than 1 polygon
[WARNING DRT-6000] Macro pin has more than 1 polygon
[WARNING DRT-6000] Macro pin has more than 1 polygon
[WARNING DRT-6000] Macro pin has more than 1 polygon
[WARNING DRT-6000] Macro pin has more than 1 polygon
[WARNING DRT-6000] Macro pin has more than 1 polygon
[WARNING DRT-6000] Macro pin has more than 1 polygon
[WARNING DRT-6000] Macro pin has more than 1 polygon
[WARNING DRT-6000] Macro pin has more than 1 polygon
[WARNING DRT-6000] Macro pin has more than 1 polygon
[WARNING DRT-6000] Macro pin has more than 1 polygon
[WARNING DRT-6000] Macro pin has more than 1 polygon
[WARNING DRT-6000] Macro pin has more than 1 polygon
[WARNING DRT-6000] Macro pin has more than 1 polygon
[WARNING DRT-6000] Macro pin has more than 1 polygon
[WARNING DRT-6000] Macro pin has more than 1 polygon
[WARNING DRT-6000] Macro pin has more than 1 polygon
[WARNING DRT-6000] Macro pin has more than 1 polygon
[WARNING DRT-6000] Macro pin has more than 1 polygon
[WARNING DRT-6000] Macro pin has more than 1 polygon
[WARNING DRT-6000] Macro pin has more than 1 polygon
[WARNING DRT-6000] Macro pin has more than 1 polygon
[WARNING DRT-6000] Macro pin has more than 1 polygon
[WARNING DRT-6000] Macro pin has more than 1 polygon
[WARNING DRT-6000] Macro pin has more than 1 polygon
[WARNING DRT-6000] Macro pin has more than 1 polygon
[WARNING DRT-6000] Macro pin has more than 1 polygon
[WARNING DRT-6000] Macro pin has more than 1 polygon
[WARNING DRT-6000] Macro pin has more than 1 polygon
[WARNING DRT-6000] Macro pin has more than 1 polygon
[WARNING DRT-6000] Macro pin has more than 1 polygon
[WARNING DRT-6000] Macro pin has more than 1 polygon
[WARNING DRT-6000] Macro pin has more than 1 polygon
[WARNING DRT-6000] Macro pin has more than 1 polygon
[WARNING DRT-6000] Macro pin has more than 1 polygon
[WARNING DRT-6000] Macro pin has more than 1 polygon
[WARNING DRT-6000] Macro pin has more than 1 polygon
[WARNING DRT-6000] Macro pin has more than 1 polygon
[WARNING DRT-6000] Macro pin has more than 1 polygon
[WARNING DRT-6000] Macro pin has more than 1 polygon
[WARNING DRT-6000] Macro pin has more than 1 polygon
[WARNING DRT-6000] Macro pin has more than 1 polygon
[WARNING DRT-6000] Macro pin has more than 1 polygon
[WARNING DRT-6000] Macro pin has more than 1 polygon
[WARNING DRT-6000] Macro pin has more than 1 polygon
[WARNING DRT-6000] Macro pin has more than 1 polygon
[WARNING DRT-6000] Macro pin has more than 1 polygon
[WARNING DRT-6000] Macro pin has more than 1 polygon
[WARNING DRT-6000] Macro pin has more than 1 polygon
[WARNING DRT-6000] Macro pin has more than 1 polygon
[WARNING DRT-6000] Macro pin has more than 1 polygon
[WARNING DRT-6000] Macro pin has more than 1 polygon
[WARNING DRT-6000] Macro pin has more than 1 polygon
[WARNING DRT-6000] Macro pin has more than 1 polygon
[WARNING DRT-6000] Macro pin has more than 1 polygon
[WARNING DRT-6000] Macro pin has more than 1 polygon
[WARNING DRT-6000] Macro pin has more than 1 polygon
[WARNING DRT-6000] Macro pin has more than 1 polygon
[WARNING DRT-6000] Macro pin has more than 1 polygon
[WARNING DRT-6000] Macro pin has more than 1 polygon
[WARNING DRT-6000] Macro pin has more than 1 polygon
[WARNING DRT-6000] Macro pin has more than 1 polygon
[WARNING DRT-6000] Macro pin has more than 1 polygon
[WARNING DRT-6000] Macro pin has more than 1 polygon
[WARNING DRT-6000] Macro pin has more than 1 polygon
[WARNING DRT-6000] Macro pin has more than 1 polygon
[WARNING DRT-6000] Macro pin has more than 1 polygon
[WARNING DRT-6000] Macro pin has more than 1 polygon
[WARNING DRT-6000] Macro pin has more than 1 polygon
[WARNING DRT-6000] Macro pin has more than 1 polygon
[WARNING DRT-6000] Macro pin has more than 1 polygon
[WARNING DRT-6000] Macro pin has more than 1 polygon
[WARNING DRT-6000] Macro pin has more than 1 polygon
[WARNING DRT-6000] Macro pin has more than 1 polygon
[WARNING DRT-6000] Macro pin has more than 1 polygon
[WARNING DRT-6000] Macro pin has more than 1 polygon
[WARNING DRT-6000] Macro pin has more than 1 polygon
[WARNING DRT-6000] Macro pin has more than 1 polygon
[WARNING DRT-6000] Macro pin has more than 1 polygon
[WARNING DRT-6000] Macro pin has more than 1 polygon
[WARNING DRT-6000] Macro pin has more than 1 polygon
[WARNING DRT-6000] Macro pin has more than 1 polygon
[WARNING DRT-6000] Macro pin has more than 1 polygon
[WARNING DRT-6000] Macro pin has more than 1 polygon
[WARNING DRT-6000] Macro pin has more than 1 polygon
[WARNING DRT-6000] Macro pin has more than 1 polygon
[WARNING DRT-6000] Macro pin has more than 1 polygon
[WARNING DRT-6000] Macro pin has more than 1 polygon
[WARNING DRT-6000] Macro pin has more than 1 polygon
[WARNING DRT-6000] Macro pin has more than 1 polygon
[WARNING DRT-6000] Macro pin has more than 1 polygon
[WARNING DRT-6000] Macro pin has more than 1 polygon
[WARNING DRT-6000] Macro pin has more than 1 polygon
[WARNING DRT-6000] Macro pin has more than 1 polygon
[WARNING DRT-6000] Macro pin has more than 1 polygon
[WARNING DRT-6000] Macro pin has more than 1 polygon
[WARNING DRT-6000] Macro pin has more than 1 polygon
[WARNING DRT-6000] Macro pin has more than 1 polygon
[WARNING DRT-6000] Macro pin has more than 1 polygon
[WARNING DRT-6000] Macro pin has more than 1 polygon
[WARNING DRT-6000] Macro pin has more than 1 polygon
[WARNING DRT-6000] Macro pin has more than 1 polygon
[WARNING DRT-6000] Macro pin has more than 1 polygon
[WARNING DRT-6000] Macro pin has more than 1 polygon
[WARNING DRT-6000] Macro pin has more than 1 polygon
[WARNING DRT-6000] Macro pin has more than 1 polygon
[WARNING DRT-6000] Macro pin has more than 1 polygon
[WARNING DRT-6000] Macro pin has more than 1 polygon
[WARNING DRT-6000] Macro pin has more than 1 polygon
[WARNING DRT-6000] Macro pin has more than 1 polygon
[WARNING DRT-6000] Macro pin has more than 1 polygon
[WARNING DRT-6000] Macro pin has more than 1 polygon
[WARNING DRT-6000] Macro pin has more than 1 polygon
[WARNING DRT-6000] Macro pin has more than 1 polygon
[WARNING DRT-6000] Macro pin has more than 1 polygon
[WARNING DRT-6000] Macro pin has more than 1 polygon
[WARNING DRT-6000] Macro pin has more than 1 polygon
[WARNING DRT-6000] Macro pin has more than 1 polygon
[WARNING DRT-6000] Macro pin has more than 1 polygon
[WARNING DRT-6000] Macro pin has more than 1 polygon
[WARNING DRT-6000] Macro pin has more than 1 polygon
[WARNING DRT-6000] Macro pin has more than 1 polygon
[WARNING DRT-6000] Macro pin has more than 1 polygon
[WARNING DRT-6000] Macro pin has more than 1 polygon
[WARNING DRT-6000] Macro pin has more than 1 polygon
[WARNING DRT-6000] Macro pin has more than 1 polygon
[WARNING DRT-6000] Macro pin has more than 1 polygon
[WARNING DRT-6000] Macro pin has more than 1 polygon
[WARNING DRT-6000] Macro pin has more than 1 polygon
[WARNING DRT-6000] Macro pin has more than 1 polygon
[WARNING DRT-6000] Macro pin has more than 1 polygon
[WARNING DRT-6000] Macro pin has more than 1 polygon
[WARNING DRT-6000] Macro pin has more than 1 polygon
[WARNING DRT-6000] Macro pin has more than 1 polygon
[WARNING DRT-6000] Macro pin has more than 1 polygon
[WARNING DRT-6000] Macro pin has more than 1 polygon
[WARNING DRT-6000] Macro pin has more than 1 polygon
[WARNING DRT-6000] Macro pin has more than 1 polygon
[WARNING DRT-6000] Macro pin has more than 1 polygon
[WARNING DRT-6000] Macro pin has more than 1 polygon
[WARNING DRT-6000] Macro pin has more than 1 polygon
[WARNING DRT-6000] Macro pin has more than 1 polygon
[WARNING DRT-6000] Macro pin has more than 1 polygon
[WARNING DRT-6000] Macro pin has more than 1 polygon
[WARNING DRT-6000] Macro pin has more than 1 polygon
[WARNING DRT-6000] Macro pin has more than 1 polygon
[WARNING DRT-6000] Macro pin has more than 1 polygon
[WARNING DRT-6000] Macro pin has more than 1 polygon
[WARNING DRT-6000] Macro pin has more than 1 polygon
[WARNING DRT-6000] Macro pin has more than 1 polygon
[WARNING DRT-6000] Macro pin has more than 1 polygon
[WARNING DRT-6000] Macro pin has more than 1 polygon
[WARNING DRT-6000] Macro pin has more than 1 polygon
[WARNING DRT-6000] Macro pin has more than 1 polygon
[WARNING DRT-6000] Macro pin has more than 1 polygon
[WARNING DRT-6000] Macro pin has more than 1 polygon
[WARNING DRT-6000] Macro pin has more than 1 polygon
[WARNING DRT-6000] Macro pin has more than 1 polygon
[WARNING DRT-6000] Macro pin has more than 1 polygon
[WARNING DRT-6000] Macro pin has more than 1 polygon
[WARNING DRT-6000] Macro pin has more than 1 polygon
[WARNING DRT-6000] Macro pin has more than 1 polygon
[WARNING DRT-6000] Macro pin has more than 1 polygon
[WARNING DRT-6000] Macro pin has more than 1 polygon
[WARNING DRT-6000] Macro pin has more than 1 polygon
[WARNING DRT-6000] Macro pin has more than 1 polygon
[WARNING DRT-6000] Macro pin has more than 1 polygon
[WARNING DRT-6000] Macro pin has more than 1 polygon
[WARNING DRT-6000] Macro pin has more than 1 polygon
[WARNING DRT-6000] Macro pin has more than 1 polygon
[WARNING DRT-6000] Macro pin has more than 1 polygon
[WARNING DRT-6000] Macro pin has more than 1 polygon
[WARNING DRT-6000] Macro pin has more than 1 polygon
[WARNING DRT-6000] Macro pin has more than 1 polygon
[WARNING DRT-6000] Macro pin has more than 1 polygon
[WARNING DRT-6000] Macro pin has more than 1 polygon
[WARNING DRT-6000] Macro pin has more than 1 polygon
[WARNING DRT-6000] Macro pin has more than 1 polygon
[WARNING DRT-6000] Macro pin has more than 1 polygon
[WARNING DRT-6000] Macro pin has more than 1 polygon
[WARNING DRT-6000] Macro pin has more than 1 polygon
[WARNING DRT-6000] Macro pin has more than 1 polygon
[WARNING DRT-6000] Macro pin has more than 1 polygon
[WARNING DRT-6000] Macro pin has more than 1 polygon
[WARNING DRT-6000] Macro pin has more than 1 polygon
[WARNING DRT-6000] Macro pin has more than 1 polygon
[WARNING DRT-6000] Macro pin has more than 1 polygon
[WARNING DRT-6000] Macro pin has more than 1 polygon
[WARNING DRT-6000] Macro pin has more than 1 polygon
[WARNING DRT-6000] Macro pin has more than 1 polygon
[WARNING DRT-6000] Macro pin has more than 1 polygon
[WARNING DRT-6000] Macro pin has more than 1 polygon
[WARNING DRT-6000] Macro pin has more than 1 polygon
[WARNING DRT-6000] Macro pin has more than 1 polygon
[WARNING DRT-6000] Macro pin has more than 1 polygon
[WARNING DRT-6000] Macro pin has more than 1 polygon
[WARNING DRT-6000] Macro pin has more than 1 polygon
[WARNING DRT-6000] Macro pin has more than 1 polygon
[WARNING DRT-6000] Macro pin has more than 1 polygon
[WARNING DRT-6000] Macro pin has more than 1 polygon
[WARNING DRT-6000] Macro pin has more than 1 polygon
[WARNING DRT-6000] Macro pin has more than 1 polygon
[WARNING DRT-6000] Macro pin has more than 1 polygon
[WARNING DRT-6000] Macro pin has more than 1 polygon
[WARNING DRT-6000] Macro pin has more than 1 polygon
[WARNING DRT-6000] Macro pin has more than 1 polygon
[WARNING DRT-6000] Macro pin has more than 1 polygon
[WARNING DRT-6000] Macro pin has more than 1 polygon
[WARNING DRT-6000] Macro pin has more than 1 polygon
[WARNING DRT-6000] Macro pin has more than 1 polygon
[WARNING DRT-6000] Macro pin has more than 1 polygon
[WARNING DRT-6000] Macro pin has more than 1 polygon
[WARNING DRT-6000] Macro pin has more than 1 polygon
[WARNING DRT-6000] Macro pin has more than 1 polygon
[WARNING DRT-6000] Macro pin has more than 1 polygon
[WARNING DRT-6000] Macro pin has more than 1 polygon
[WARNING DRT-6000] Macro pin has more than 1 polygon
[WARNING DRT-6000] Macro pin has more than 1 polygon
[WARNING DRT-6000] Macro pin has more than 1 polygon
[WARNING DRT-6000] Macro pin has more than 1 polygon
[WARNING DRT-6000] Macro pin has more than 1 polygon
[WARNING DRT-6000] Macro pin has more than 1 polygon
[WARNING DRT-6000] Macro pin has more than 1 polygon
[WARNING DRT-6000] Macro pin has more than 1 polygon
[WARNING DRT-6000] Macro pin has more than 1 polygon
[WARNING DRT-6000] Macro pin has more than 1 polygon
[WARNING DRT-6000] Macro pin has more than 1 polygon
[WARNING DRT-6000] Macro pin has more than 1 polygon
[WARNING DRT-6000] Macro pin has more than 1 polygon
[WARNING DRT-6000] Macro pin has more than 1 polygon
[WARNING DRT-6000] Macro pin has more than 1 polygon
[WARNING DRT-6000] Macro pin has more than 1 polygon
[WARNING DRT-6000] Macro pin has more than 1 polygon
[WARNING DRT-6000] Macro pin has more than 1 polygon
[WARNING DRT-6000] Macro pin has more than 1 polygon
[WARNING DRT-6000] Macro pin has more than 1 polygon
[WARNING DRT-6000] Macro pin has more than 1 polygon
[WARNING DRT-6000] Macro pin has more than 1 polygon
[WARNING DRT-6000] Macro pin has more than 1 polygon
[WARNING DRT-6000] Macro pin has more than 1 polygon
[WARNING DRT-6000] Macro pin has more than 1 polygon
[WARNING DRT-6000] Macro pin has more than 1 polygon
[WARNING DRT-6000] Macro pin has more than 1 polygon
[WARNING DRT-6000] Macro pin has more than 1 polygon
[WARNING DRT-6000] Macro pin has more than 1 polygon
[WARNING DRT-6000] Macro pin has more than 1 polygon
[WARNING DRT-6000] Macro pin has more than 1 polygon
[WARNING DRT-6000] Macro pin has more than 1 polygon
[WARNING DRT-6000] Macro pin has more than 1 polygon
[WARNING DRT-6000] Macro pin has more than 1 polygon
[WARNING DRT-6000] Macro pin has more than 1 polygon
[WARNING DRT-6000] Macro pin has more than 1 polygon
[WARNING DRT-6000] Macro pin has more than 1 polygon
[WARNING DRT-6000] Macro pin has more than 1 polygon
[WARNING DRT-6000] Macro pin has more than 1 polygon
[WARNING DRT-6000] Macro pin has more than 1 polygon
[WARNING DRT-6000] Macro pin has more than 1 polygon
[WARNING DRT-6000] Macro pin has more than 1 polygon
[WARNING DRT-6000] Macro pin has more than 1 polygon
[WARNING DRT-6000] Macro pin has more than 1 polygon
[WARNING DRT-6000] Macro pin has more than 1 polygon
[WARNING DRT-6000] Macro pin has more than 1 polygon
[WARNING DRT-6000] Macro pin has more than 1 polygon
[WARNING DRT-6000] Macro pin has more than 1 polygon
[WARNING DRT-6000] Macro pin has more than 1 polygon
[WARNING DRT-6000] Macro pin has more than 1 polygon
[WARNING DRT-6000] Macro pin has more than 1 polygon
[WARNING DRT-6000] Macro pin has more than 1 polygon
[WARNING DRT-6000] Macro pin has more than 1 polygon
[WARNING DRT-6000] Macro pin has more than 1 polygon
[WARNING DRT-6000] Macro pin has more than 1 polygon
[WARNING DRT-6000] Macro pin has more than 1 polygon
[WARNING DRT-6000] Macro pin has more than 1 polygon
[WARNING DRT-6000] Macro pin has more than 1 polygon
[WARNING DRT-6000] Macro pin has more than 1 polygon
[WARNING DRT-6000] Macro pin has more than 1 polygon
[WARNING DRT-6000] Macro pin has more than 1 polygon
[WARNING DRT-6000] Macro pin has more than 1 polygon
[WARNING DRT-6000] Macro pin has more than 1 polygon
[WARNING DRT-6000] Macro pin has more than 1 polygon
[WARNING DRT-6000] Macro pin has more than 1 polygon
[WARNING DRT-6000] Macro pin has more than 1 polygon
[WARNING DRT-6000] Macro pin has more than 1 polygon
[WARNING DRT-6000] Macro pin has more than 1 polygon
[WARNING DRT-6000] Macro pin has more than 1 polygon
[WARNING DRT-6000] Macro pin has more than 1 polygon
[WARNING DRT-6000] Macro pin has more than 1 polygon
[WARNING DRT-6000] Macro pin has more than 1 polygon
[WARNING DRT-6000] Macro pin has more than 1 polygon
[WARNING DRT-6000] Macro pin has more than 1 polygon
[WARNING DRT-6000] Macro pin has more than 1 polygon
[WARNING DRT-6000] Macro pin has more than 1 polygon
[WARNING DRT-6000] Macro pin has more than 1 polygon
[WARNING DRT-6000] Macro pin has more than 1 polygon
[WARNING DRT-6000] Macro pin has more than 1 polygon
[WARNING DRT-6000] Macro pin has more than 1 polygon
[WARNING DRT-6000] Macro pin has more than 1 polygon
[WARNING DRT-6000] Macro pin has more than 1 polygon
[WARNING DRT-6000] Macro pin has more than 1 polygon
[WARNING DRT-6000] Macro pin has more than 1 polygon
[WARNING DRT-6000] Macro pin has more than 1 polygon
[WARNING DRT-6000] Macro pin has more than 1 polygon
[WARNING DRT-6000] Macro pin has more than 1 polygon
[WARNING DRT-6000] Macro pin has more than 1 polygon
[WARNING DRT-6000] Macro pin has more than 1 polygon
[WARNING DRT-6000] Macro pin has more than 1 polygon
[WARNING DRT-6000] Macro pin has more than 1 polygon
[WARNING DRT-6000] Macro pin has more than 1 polygon
[WARNING DRT-6000] Macro pin has more than 1 polygon
[WARNING DRT-6000] Macro pin has more than 1 polygon
[WARNING DRT-6000] Macro pin has more than 1 polygon
[WARNING DRT-6000] Macro pin has more than 1 polygon
[WARNING DRT-6000] Macro pin has more than 1 polygon
[WARNING DRT-6000] Macro pin has more than 1 polygon
[WARNING DRT-6000] Macro pin has more than 1 polygon
[WARNING DRT-6000] Macro pin has more than 1 polygon
[WARNING DRT-6000] Macro pin has more than 1 polygon
[WARNING DRT-6000] Macro pin has more than 1 polygon
[WARNING DRT-6000] Macro pin has more than 1 polygon
[WARNING DRT-6000] Macro pin has more than 1 polygon
[WARNING DRT-6000] Macro pin has more than 1 polygon
[WARNING DRT-6000] Macro pin has more than 1 polygon
[WARNING DRT-6000] Macro pin has more than 1 polygon
[WARNING DRT-6000] Macro pin has more than 1 polygon
[WARNING DRT-6000] Macro pin has more than 1 polygon
[WARNING DRT-6000] Macro pin has more than 1 polygon
[WARNING DRT-6000] Macro pin has more than 1 polygon
[WARNING DRT-6000] Macro pin has more than 1 polygon
[WARNING DRT-6000] Macro pin has more than 1 polygon
[WARNING DRT-6000] Macro pin has more than 1 polygon
[WARNING DRT-6000] Macro pin has more than 1 polygon
[WARNING DRT-6000] Macro pin has more than 1 polygon
[WARNING DRT-6000] Macro pin has more than 1 polygon
[WARNING DRT-6000] Macro pin has more than 1 polygon
[WARNING DRT-6000] Macro pin has more than 1 polygon
[WARNING DRT-6000] Macro pin has more than 1 polygon
[WARNING DRT-6000] Macro pin has more than 1 polygon
[WARNING DRT-6000] Macro pin has more than 1 polygon
[WARNING DRT-6000] Macro pin has more than 1 polygon
[WARNING DRT-6000] Macro pin has more than 1 polygon
[WARNING DRT-6000] Macro pin has more than 1 polygon
[WARNING DRT-6000] Macro pin has more than 1 polygon
[WARNING DRT-6000] Macro pin has more than 1 polygon
[WARNING DRT-6000] Macro pin has more than 1 polygon
[WARNING DRT-6000] Macro pin has more than 1 polygon
[WARNING DRT-6000] Macro pin has more than 1 polygon
[WARNING DRT-6000] Macro pin has more than 1 polygon
[WARNING DRT-6000] Macro pin has more than 1 polygon
[WARNING DRT-6000] Macro pin has more than 1 polygon
[WARNING DRT-6000] Macro pin has more than 1 polygon
[WARNING DRT-6000] Macro pin has more than 1 polygon
[WARNING DRT-6000] Macro pin has more than 1 polygon
[WARNING DRT-6000] Macro pin has more than 1 polygon
[WARNING DRT-6000] Macro pin has more than 1 polygon
[WARNING DRT-6000] Macro pin has more than 1 polygon
[WARNING DRT-6000] Macro pin has more than 1 polygon
[WARNING DRT-6000] Macro pin has more than 1 polygon
[WARNING DRT-6000] Macro pin has more than 1 polygon
[WARNING DRT-6000] Macro pin has more than 1 polygon
[WARNING DRT-6000] Macro pin has more than 1 polygon
[WARNING DRT-6000] Macro pin has more than 1 polygon
[WARNING DRT-6000] Macro pin has more than 1 polygon
[WARNING DRT-6000] Macro pin has more than 1 polygon
[WARNING DRT-6000] Macro pin has more than 1 polygon
[WARNING DRT-6000] Macro pin has more than 1 polygon
[WARNING DRT-6000] Macro pin has more than 1 polygon
[WARNING DRT-6000] Macro pin has more than 1 polygon
[WARNING DRT-6000] Macro pin has more than 1 polygon
[WARNING DRT-6000] Macro pin has more than 1 polygon
[WARNING DRT-6000] Macro pin has more than 1 polygon
[WARNING DRT-6000] Macro pin has more than 1 polygon
[WARNING DRT-6000] Macro pin has more than 1 polygon
[WARNING DRT-6000] Macro pin has more than 1 polygon
[WARNING DRT-6000] Macro pin has more than 1 polygon
[WARNING DRT-6000] Macro pin has more than 1 polygon
[WARNING DRT-6000] Macro pin has more than 1 polygon
[WARNING DRT-6000] Macro pin has more than 1 polygon
[WARNING DRT-6000] Macro pin has more than 1 polygon
[WARNING DRT-6000] Macro pin has more than 1 polygon
[WARNING DRT-6000] Macro pin has more than 1 polygon
[WARNING DRT-6000] Macro pin has more than 1 polygon
[WARNING DRT-6000] Macro pin has more than 1 polygon
[WARNING DRT-6000] Macro pin has more than 1 polygon
[WARNING DRT-6000] Macro pin has more than 1 polygon
[WARNING DRT-6000] Macro pin has more than 1 polygon
[WARNING DRT-6000] Macro pin has more than 1 polygon
[WARNING DRT-6000] Macro pin has more than 1 polygon
[WARNING DRT-6000] Macro pin has more than 1 polygon
[WARNING DRT-6000] Macro pin has more than 1 polygon
[WARNING DRT-6000] Macro pin has more than 1 polygon
[WARNING DRT-6000] Macro pin has more than 1 polygon
[WARNING DRT-6000] Macro pin has more than 1 polygon
[WARNING DRT-6000] Macro pin has more than 1 polygon
[WARNING DRT-6000] Macro pin has more than 1 polygon
[WARNING DRT-6000] Macro pin has more than 1 polygon
[WARNING DRT-6000] Macro pin has more than 1 polygon
[WARNING DRT-6000] Macro pin has more than 1 polygon
[WARNING DRT-6000] Macro pin has more than 1 polygon
[WARNING DRT-6000] Macro pin has more than 1 polygon
[WARNING DRT-6000] Macro pin has more than 1 polygon
[WARNING DRT-6000] Macro pin has more than 1 polygon
[WARNING DRT-6000] Macro pin has more than 1 polygon
[WARNING DRT-6000] Macro pin has more than 1 polygon
[WARNING DRT-6000] Macro pin has more than 1 polygon
[WARNING DRT-6000] Macro pin has more than 1 polygon
[WARNING DRT-6000] Macro pin has more than 1 polygon
[WARNING DRT-6000] Macro pin has more than 1 polygon
[WARNING DRT-6000] Macro pin has more than 1 polygon
[WARNING DRT-6000] Macro pin has more than 1 polygon
[WARNING DRT-6000] Macro pin has more than 1 polygon
[WARNING DRT-6000] Macro pin has more than 1 polygon
[WARNING DRT-6000] Macro pin has more than 1 polygon
[WARNING DRT-6000] Macro pin has more than 1 polygon
[WARNING DRT-6000] Macro pin has more than 1 polygon
[WARNING DRT-6000] Macro pin has more than 1 polygon
[WARNING DRT-6000] Macro pin has more than 1 polygon
[WARNING DRT-6000] Macro pin has more than 1 polygon
[WARNING DRT-6000] Macro pin has more than 1 polygon
[WARNING DRT-6000] Macro pin has more than 1 polygon
[WARNING DRT-6000] Macro pin has more than 1 polygon
[WARNING DRT-6000] Macro pin has more than 1 polygon
[WARNING DRT-6000] Macro pin has more than 1 polygon
[WARNING DRT-6000] Macro pin has more than 1 polygon
[WARNING DRT-6000] Macro pin has more than 1 polygon
[WARNING DRT-6000] Macro pin has more than 1 polygon
[WARNING DRT-6000] Macro pin has more than 1 polygon
[WARNING DRT-6000] Macro pin has more than 1 polygon
[WARNING DRT-6000] Macro pin has more than 1 polygon
[WARNING DRT-6000] Macro pin has more than 1 polygon
[WARNING DRT-6000] Macro pin has more than 1 polygon
[WARNING DRT-6000] Macro pin has more than 1 polygon
[WARNING DRT-6000] Macro pin has more than 1 polygon
[WARNING DRT-6000] Macro pin has more than 1 polygon
[WARNING DRT-6000] Macro pin has more than 1 polygon
[WARNING DRT-6000] Macro pin has more than 1 polygon
[WARNING DRT-6000] Macro pin has more than 1 polygon
[WARNING DRT-6000] Macro pin has more than 1 polygon
[WARNING DRT-6000] Macro pin has more than 1 polygon
[WARNING DRT-6000] Macro pin has more than 1 polygon
[WARNING DRT-6000] Macro pin has more than 1 polygon
[WARNING DRT-6000] Macro pin has more than 1 polygon
[WARNING DRT-6000] Macro pin has more than 1 polygon
[WARNING DRT-6000] Macro pin has more than 1 polygon
[WARNING DRT-6000] Macro pin has more than 1 polygon
[WARNING DRT-6000] Macro pin has more than 1 polygon
[WARNING DRT-6000] Macro pin has more than 1 polygon
[WARNING DRT-6000] Macro pin has more than 1 polygon
[WARNING DRT-6000] Macro pin has more than 1 polygon
[WARNING DRT-6000] Macro pin has more than 1 polygon
[WARNING DRT-6000] Macro pin has more than 1 polygon
[WARNING DRT-6000] Macro pin has more than 1 polygon
[WARNING DRT-6000] Macro pin has more than 1 polygon
[WARNING DRT-6000] Macro pin has more than 1 polygon
[WARNING DRT-6000] Macro pin has more than 1 polygon
[WARNING DRT-6000] Macro pin has more than 1 polygon
[WARNING DRT-6000] Macro pin has more than 1 polygon
[WARNING DRT-6000] Macro pin has more than 1 polygon
[WARNING DRT-6000] Macro pin has more than 1 polygon
[WARNING DRT-6000] Macro pin has more than 1 polygon
[WARNING DRT-6000] Macro pin has more than 1 polygon
[WARNING DRT-6000] Macro pin has more than 1 polygon
[WARNING DRT-6000] Macro pin has more than 1 polygon
[WARNING DRT-6000] Macro pin has more than 1 polygon
[WARNING DRT-6000] Macro pin has more than 1 polygon
[WARNING DRT-6000] Macro pin has more than 1 polygon
[WARNING DRT-6000] Macro pin has more than 1 polygon
[WARNING DRT-6000] Macro pin has more than 1 polygon
[WARNING DRT-6000] Macro pin has more than 1 polygon
[WARNING DRT-6000] Macro pin has more than 1 polygon
[WARNING DRT-6000] Macro pin has more than 1 polygon
[WARNING DRT-6000] Macro pin has more than 1 polygon
[WARNING DRT-6000] Macro pin has more than 1 polygon
[WARNING DRT-6000] Macro pin has more than 1 polygon
[WARNING DRT-6000] Macro pin has more than 1 polygon
[WARNING DRT-6000] Macro pin has more than 1 polygon
[WARNING DRT-6000] Macro pin has more than 1 polygon
[WARNING DRT-6000] Macro pin has more than 1 polygon
[WARNING DRT-6000] Macro pin has more than 1 polygon
[WARNING DRT-6000] Macro pin has more than 1 polygon
[WARNING DRT-6000] Macro pin has more than 1 polygon
[WARNING DRT-6000] Macro pin has more than 1 polygon
[WARNING DRT-6000] Macro pin has more than 1 polygon
[WARNING DRT-6000] Macro pin has more than 1 polygon
[WARNING DRT-6000] Macro pin has more than 1 polygon
[WARNING DRT-6000] Macro pin has more than 1 polygon
[WARNING DRT-6000] Macro pin has more than 1 polygon
[WARNING DRT-6000] Macro pin has more than 1 polygon
[WARNING DRT-6000] Macro pin has more than 1 polygon
[WARNING DRT-6000] Macro pin has more than 1 polygon
[WARNING DRT-6000] Macro pin has more than 1 polygon
[WARNING DRT-6000] Macro pin has more than 1 polygon
[WARNING DRT-6000] Macro pin has more than 1 polygon
[WARNING DRT-6000] Macro pin has more than 1 polygon
[WARNING DRT-6000] Macro pin has more than 1 polygon
[WARNING DRT-6000] Macro pin has more than 1 polygon
[WARNING DRT-6000] Macro pin has more than 1 polygon
[WARNING DRT-6000] Macro pin has more than 1 polygon
[WARNING DRT-6000] Macro pin has more than 1 polygon
[WARNING DRT-6000] Macro pin has more than 1 polygon
[WARNING DRT-6000] Macro pin has more than 1 polygon
[WARNING DRT-6000] Macro pin has more than 1 polygon
[WARNING DRT-6000] Macro pin has more than 1 polygon
[WARNING DRT-6000] Macro pin has more than 1 polygon
[WARNING DRT-6000] Macro pin has more than 1 polygon
[WARNING DRT-6000] Macro pin has more than 1 polygon
[WARNING DRT-6000] Macro pin has more than 1 polygon
[WARNING DRT-6000] Macro pin has more than 1 polygon
[WARNING DRT-6000] Macro pin has more than 1 polygon
[WARNING DRT-6000] Macro pin has more than 1 polygon
[WARNING DRT-6000] Macro pin has more than 1 polygon
[WARNING DRT-6000] Macro pin has more than 1 polygon
[WARNING DRT-6000] Macro pin has more than 1 polygon
[WARNING DRT-6000] Macro pin has more than 1 polygon
[WARNING DRT-6000] Macro pin has more than 1 polygon
[WARNING DRT-6000] Macro pin has more than 1 polygon
[WARNING DRT-6000] Macro pin has more than 1 polygon
[WARNING DRT-6000] Macro pin has more than 1 polygon
[WARNING DRT-6000] Macro pin has more than 1 polygon
[WARNING DRT-6000] Macro pin has more than 1 polygon
[WARNING DRT-6000] Macro pin has more than 1 polygon
[WARNING DRT-6000] Macro pin has more than 1 polygon
[WARNING DRT-6000] Macro pin has more than 1 polygon
[WARNING DRT-6000] Macro pin has more than 1 polygon
[WARNING DRT-6000] Macro pin has more than 1 polygon
[WARNING DRT-6000] Macro pin has more than 1 polygon
[WARNING DRT-6000] Macro pin has more than 1 polygon
[WARNING DRT-6000] Macro pin has more than 1 polygon
[WARNING DRT-6000] Macro pin has more than 1 polygon
[WARNING DRT-6000] Macro pin has more than 1 polygon
[WARNING DRT-6000] Macro pin has more than 1 polygon
[WARNING DRT-6000] Macro pin has more than 1 polygon
[WARNING DRT-6000] Macro pin has more than 1 polygon
[WARNING DRT-6000] Macro pin has more than 1 polygon
[WARNING DRT-6000] Macro pin has more than 1 polygon
[WARNING DRT-6000] Macro pin has more than 1 polygon
[WARNING DRT-6000] Macro pin has more than 1 polygon
[WARNING DRT-6000] Macro pin has more than 1 polygon
[WARNING DRT-6000] Macro pin has more than 1 polygon
[WARNING DRT-6000] Macro pin has more than 1 polygon
[WARNING DRT-6000] Macro pin has more than 1 polygon
[WARNING DRT-6000] Macro pin has more than 1 polygon
[WARNING DRT-6000] Macro pin has more than 1 polygon
[WARNING DRT-6000] Macro pin has more than 1 polygon
[WARNING DRT-6000] Macro pin has more than 1 polygon
[WARNING DRT-6000] Macro pin has more than 1 polygon
[WARNING DRT-6000] Macro pin has more than 1 polygon
[WARNING DRT-6000] Macro pin has more than 1 polygon
[WARNING DRT-6000] Macro pin has more than 1 polygon
[WARNING DRT-6000] Macro pin has more than 1 polygon
[WARNING DRT-6000] Macro pin has more than 1 polygon
[WARNING DRT-6000] Macro pin has more than 1 polygon
[WARNING DRT-6000] Macro pin has more than 1 polygon
[WARNING DRT-6000] Macro pin has more than 1 polygon
[WARNING DRT-6000] Macro pin has more than 1 polygon
[WARNING DRT-6000] Macro pin has more than 1 polygon
[WARNING DRT-6000] Macro pin has more than 1 polygon
[WARNING DRT-6000] Macro pin has more than 1 polygon
[WARNING DRT-6000] Macro pin has more than 1 polygon
[WARNING DRT-6000] Macro pin has more than 1 polygon
[WARNING DRT-6000] Macro pin has more than 1 polygon
[WARNING DRT-6000] Macro pin has more than 1 polygon
[WARNING DRT-6000] Macro pin has more than 1 polygon
[WARNING DRT-6000] Macro pin has more than 1 polygon
[WARNING DRT-6000] Macro pin has more than 1 polygon
[WARNING DRT-6000] Macro pin has more than 1 polygon
[WARNING DRT-6000] Macro pin has more than 1 polygon
[WARNING DRT-6000] Macro pin has more than 1 polygon
[WARNING DRT-6000] Macro pin has more than 1 polygon
[WARNING DRT-6000] Macro pin has more than 1 polygon
[WARNING DRT-6000] Macro pin has more than 1 polygon
[WARNING DRT-6000] Macro pin has more than 1 polygon
[WARNING DRT-6000] Macro pin has more than 1 polygon
[WARNING DRT-6000] Macro pin has more than 1 polygon
[WARNING DRT-6000] Macro pin has more than 1 polygon
[WARNING DRT-6000] Macro pin has more than 1 polygon
[WARNING DRT-6000] Macro pin has more than 1 polygon
[WARNING DRT-6000] Macro pin has more than 1 polygon
[WARNING DRT-6000] Macro pin has more than 1 polygon
[WARNING DRT-6000] Macro pin has more than 1 polygon
[WARNING DRT-6000] Macro pin has more than 1 polygon
[WARNING DRT-6000] Macro pin has more than 1 polygon
[WARNING DRT-6000] Macro pin has more than 1 polygon
[WARNING DRT-6000] Macro pin has more than 1 polygon
[WARNING DRT-6000] Macro pin has more than 1 polygon
[WARNING DRT-6000] Macro pin has more than 1 polygon
[WARNING DRT-6000] Macro pin has more than 1 polygon
[WARNING DRT-6000] Macro pin has more than 1 polygon
[WARNING DRT-6000] Macro pin has more than 1 polygon
[WARNING DRT-6000] Macro pin has more than 1 polygon
[WARNING DRT-6000] Macro pin has more than 1 polygon
[WARNING DRT-6000] Macro pin has more than 1 polygon
[WARNING DRT-6000] Macro pin has more than 1 polygon
[WARNING DRT-6000] Macro pin has more than 1 polygon
[WARNING DRT-6000] Macro pin has more than 1 polygon
[WARNING DRT-6000] Macro pin has more than 1 polygon
[WARNING DRT-6000] Macro pin has more than 1 polygon
[WARNING DRT-6000] Macro pin has more than 1 polygon
[WARNING DRT-6000] Macro pin has more than 1 polygon
[WARNING DRT-6000] Macro pin has more than 1 polygon
[WARNING DRT-6000] Macro pin has more than 1 polygon
[WARNING DRT-6000] Macro pin has more than 1 polygon
[WARNING DRT-6000] Macro pin has more than 1 polygon
[WARNING DRT-6000] Macro pin has more than 1 polygon
[WARNING DRT-6000] Macro pin has more than 1 polygon
[WARNING DRT-6000] Macro pin has more than 1 polygon
[WARNING DRT-6000] Macro pin has more than 1 polygon
[WARNING DRT-6000] Macro pin has more than 1 polygon
[WARNING DRT-6000] Macro pin has more than 1 polygon
[WARNING DRT-6000] Macro pin has more than 1 polygon
[WARNING DRT-6000] Macro pin has more than 1 polygon
[WARNING DRT-6000] Macro pin has more than 1 polygon
[WARNING DRT-6000] Macro pin has more than 1 polygon
[WARNING DRT-6000] Macro pin has more than 1 polygon
[WARNING DRT-6000] Macro pin has more than 1 polygon
[WARNING DRT-6000] Macro pin has more than 1 polygon
[WARNING DRT-6000] Macro pin has more than 1 polygon
[WARNING DRT-6000] Macro pin has more than 1 polygon
[WARNING DRT-6000] Macro pin has more than 1 polygon
[WARNING DRT-6000] Macro pin has more than 1 polygon
[WARNING DRT-6000] Macro pin has more than 1 polygon
[WARNING DRT-6000] Macro pin has more than 1 polygon
[WARNING DRT-6000] Macro pin has more than 1 polygon
[WARNING DRT-6000] Macro pin has more than 1 polygon
[WARNING DRT-6000] Macro pin has more than 1 polygon
[WARNING DRT-6000] Macro pin has more than 1 polygon
[WARNING DRT-6000] Macro pin has more than 1 polygon
[WARNING DRT-6000] Macro pin has more than 1 polygon
[WARNING DRT-6000] Macro pin has more than 1 polygon
[WARNING DRT-6000] Macro pin has more than 1 polygon
[WARNING DRT-6000] Macro pin has more than 1 polygon
[WARNING DRT-6000] Macro pin has more than 1 polygon
[WARNING DRT-6000] Macro pin has more than 1 polygon
[WARNING DRT-6000] Macro pin has more than 1 polygon
[WARNING DRT-6000] Macro pin has more than 1 polygon
[WARNING DRT-6000] Macro pin has more than 1 polygon
[WARNING DRT-6000] Macro pin has more than 1 polygon
[WARNING DRT-6000] Macro pin has more than 1 polygon
[WARNING DRT-6000] Macro pin has more than 1 polygon
[WARNING DRT-6000] Macro pin has more than 1 polygon
[WARNING DRT-6000] Macro pin has more than 1 polygon
[WARNING DRT-6000] Macro pin has more than 1 polygon
[WARNING DRT-6000] Macro pin has more than 1 polygon
[WARNING DRT-6000] Macro pin has more than 1 polygon
[WARNING DRT-6000] Macro pin has more than 1 polygon
[WARNING DRT-6000] Macro pin has more than 1 polygon
[WARNING DRT-6000] Macro pin has more than 1 polygon
[WARNING DRT-6000] Macro pin has more than 1 polygon
[WARNING DRT-6000] Macro pin has more than 1 polygon
[WARNING DRT-6000] Macro pin has more than 1 polygon
[WARNING DRT-6000] Macro pin has more than 1 polygon
[WARNING DRT-6000] Macro pin has more than 1 polygon
[WARNING DRT-6000] Macro pin has more than 1 polygon
[WARNING DRT-6000] Macro pin has more than 1 polygon
[WARNING DRT-6000] Macro pin has more than 1 polygon
[WARNING DRT-6000] Macro pin has more than 1 polygon
[WARNING DRT-6000] Macro pin has more than 1 polygon
[WARNING DRT-6000] Macro pin has more than 1 polygon
[WARNING DRT-6000] Macro pin has more than 1 polygon
[WARNING DRT-6000] Macro pin has more than 1 polygon
[WARNING DRT-6000] Macro pin has more than 1 polygon
[WARNING DRT-6000] Macro pin has more than 1 polygon
[WARNING DRT-6000] Macro pin has more than 1 polygon
[WARNING DRT-6000] Macro pin has more than 1 polygon
[WARNING DRT-6000] Macro pin has more than 1 polygon
[WARNING DRT-6000] Macro pin has more than 1 polygon
[WARNING DRT-6000] Macro pin has more than 1 polygon
[WARNING DRT-6000] Macro pin has more than 1 polygon
[WARNING DRT-6000] Macro pin has more than 1 polygon
[WARNING DRT-6000] Macro pin has more than 1 polygon
[WARNING DRT-6000] Macro pin has more than 1 polygon
[WARNING DRT-6000] Macro pin has more than 1 polygon
[WARNING DRT-6000] Macro pin has more than 1 polygon
[WARNING DRT-6000] Macro pin has more than 1 polygon
[WARNING DRT-6000] Macro pin has more than 1 polygon
[WARNING DRT-6000] Macro pin has more than 1 polygon
[WARNING DRT-6000] Macro pin has more than 1 polygon
[WARNING DRT-6000] Macro pin has more than 1 polygon
[WARNING DRT-6000] Macro pin has more than 1 polygon
[WARNING DRT-6000] Macro pin has more than 1 polygon
[WARNING DRT-6000] Macro pin has more than 1 polygon
[WARNING DRT-6000] Macro pin has more than 1 polygon
[WARNING DRT-6000] Macro pin has more than 1 polygon
[WARNING DRT-6000] Macro pin has more than 1 polygon
[WARNING DRT-6000] Macro pin has more than 1 polygon
[WARNING DRT-6000] Macro pin has more than 1 polygon
[WARNING DRT-6000] Macro pin has more than 1 polygon
[WARNING DRT-6000] Macro pin has more than 1 polygon
[WARNING DRT-6000] Macro pin has more than 1 polygon
[WARNING DRT-6000] Macro pin has more than 1 polygon
[WARNING DRT-6000] Macro pin has more than 1 polygon
[WARNING DRT-6000] Macro pin has more than 1 polygon
[WARNING DRT-6000] Macro pin has more than 1 polygon
[WARNING DRT-6000] Macro pin has more than 1 polygon
[WARNING DRT-6000] Macro pin has more than 1 polygon
[WARNING DRT-6000] Macro pin has more than 1 polygon
[WARNING DRT-6000] Macro pin has more than 1 polygon
[WARNING DRT-6000] Macro pin has more than 1 polygon
[WARNING DRT-6000] Macro pin has more than 1 polygon
[WARNING DRT-6000] Macro pin has more than 1 polygon
[WARNING DRT-6000] Macro pin has more than 1 polygon
[WARNING DRT-6000] Macro pin has more than 1 polygon
[WARNING DRT-6000] Macro pin has more than 1 polygon
[WARNING DRT-6000] Macro pin has more than 1 polygon
[WARNING DRT-6000] Macro pin has more than 1 polygon
[WARNING DRT-6000] Macro pin has more than 1 polygon
[WARNING DRT-6000] Macro pin has more than 1 polygon
[WARNING DRT-6000] Macro pin has more than 1 polygon
[WARNING DRT-6000] Macro pin has more than 1 polygon
[WARNING DRT-6000] Macro pin has more than 1 polygon
[WARNING DRT-6000] Macro pin has more than 1 polygon
[WARNING DRT-6000] Macro pin has more than 1 polygon
[WARNING DRT-6000] Macro pin has more than 1 polygon
[WARNING DRT-6000] Macro pin has more than 1 polygon
[WARNING DRT-6000] Macro pin has more than 1 polygon
[WARNING DRT-6000] Macro pin has more than 1 polygon
[WARNING DRT-6000] Macro pin has more than 1 polygon
[WARNING DRT-6000] Macro pin has more than 1 polygon
[WARNING DRT-6000] Macro pin has more than 1 polygon
[WARNING DRT-6000] Macro pin has more than 1 polygon
[WARNING DRT-6000] Macro pin has more than 1 polygon
[WARNING DRT-6000] Macro pin has more than 1 polygon
[WARNING DRT-6000] Macro pin has more than 1 polygon
[WARNING DRT-6000] Macro pin has more than 1 polygon
[WARNING DRT-6000] Macro pin has more than 1 polygon
[WARNING DRT-6000] Macro pin has more than 1 polygon
[WARNING DRT-6000] Macro pin has more than 1 polygon
[WARNING DRT-6000] Macro pin has more than 1 polygon
[WARNING DRT-6000] Macro pin has more than 1 polygon
[WARNING DRT-6000] Macro pin has more than 1 polygon
[WARNING DRT-6000] Macro pin has more than 1 polygon
[WARNING DRT-6000] Macro pin has more than 1 polygon
[WARNING DRT-6000] Macro pin has more than 1 polygon
[WARNING DRT-6000] Macro pin has more than 1 polygon
[WARNING DRT-6000] Macro pin has more than 1 polygon
[WARNING DRT-6000] Macro pin has more than 1 polygon
[WARNING DRT-6000] Macro pin has more than 1 polygon
[WARNING DRT-6000] Macro pin has more than 1 polygon
[WARNING DRT-6000] Macro pin has more than 1 polygon
[WARNING DRT-6000] Macro pin has more than 1 polygon
[WARNING DRT-6000] Macro pin has more than 1 polygon
[WARNING DRT-6000] Macro pin has more than 1 polygon
[WARNING DRT-6000] Macro pin has more than 1 polygon
[WARNING DRT-6000] Macro pin has more than 1 polygon
[WARNING DRT-6000] Macro pin has more than 1 polygon
[WARNING DRT-6000] Macro pin has more than 1 polygon
[WARNING DRT-6000] Macro pin has more than 1 polygon
[WARNING DRT-6000] Macro pin has more than 1 polygon
[WARNING DRT-6000] Macro pin has more than 1 polygon
[WARNING DRT-6000] Macro pin has more than 1 polygon
[WARNING DRT-6000] Macro pin has more than 1 polygon
[WARNING DRT-6000] Macro pin has more than 1 polygon
[WARNING DRT-6000] Macro pin has more than 1 polygon
[WARNING DRT-6000] Macro pin has more than 1 polygon
[WARNING DRT-6000] Macro pin has more than 1 polygon
[WARNING DRT-6000] Macro pin has more than 1 polygon
[WARNING DRT-6000] Macro pin has more than 1 polygon
[WARNING DRT-6000] Macro pin has more than 1 polygon
[WARNING DRT-6000] Macro pin has more than 1 polygon
[WARNING DRT-6000] Macro pin has more than 1 polygon
[WARNING DRT-6000] Macro pin has more than 1 polygon
[WARNING DRT-6000] Macro pin has more than 1 polygon
[WARNING DRT-6000] Macro pin has more than 1 polygon
[WARNING DRT-6000] Macro pin has more than 1 polygon
[WARNING DRT-6000] Macro pin has more than 1 polygon
[WARNING DRT-6000] Macro pin has more than 1 polygon
[WARNING DRT-6000] Macro pin has more than 1 polygon
[WARNING DRT-6000] Macro pin has more than 1 polygon
[WARNING DRT-6000] Macro pin has more than 1 polygon
[WARNING DRT-6000] Macro pin has more than 1 polygon
[WARNING DRT-6000] Macro pin has more than 1 polygon
[WARNING DRT-6000] Macro pin has more than 1 polygon
[WARNING DRT-6000] Macro pin has more than 1 polygon
[WARNING DRT-6000] Macro pin has more than 1 polygon
[WARNING DRT-6000] Macro pin has more than 1 polygon
[WARNING DRT-6000] Macro pin has more than 1 polygon
[WARNING DRT-6000] Macro pin has more than 1 polygon
[WARNING DRT-6000] Macro pin has more than 1 polygon
[WARNING DRT-6000] Macro pin has more than 1 polygon
[WARNING DRT-6000] Macro pin has more than 1 polygon
[WARNING DRT-6000] Macro pin has more than 1 polygon
[WARNING DRT-6000] Macro pin has more than 1 polygon
[WARNING DRT-6000] Macro pin has more than 1 polygon
[WARNING DRT-6000] Macro pin has more than 1 polygon
[WARNING DRT-6000] Macro pin has more than 1 polygon
[WARNING DRT-6000] Macro pin has more than 1 polygon
[WARNING DRT-6000] Macro pin has more than 1 polygon
[WARNING DRT-6000] Macro pin has more than 1 polygon
[WARNING DRT-6000] Macro pin has more than 1 polygon
[WARNING DRT-6000] Macro pin has more than 1 polygon
[WARNING DRT-6000] Macro pin has more than 1 polygon
[WARNING DRT-6000] Macro pin has more than 1 polygon
[WARNING DRT-6000] Macro pin has more than 1 polygon
[WARNING DRT-6000] Macro pin has more than 1 polygon
[WARNING DRT-6000] Macro pin has more than 1 polygon
[WARNING DRT-6000] Macro pin has more than 1 polygon
[WARNING DRT-6000] Macro pin has more than 1 polygon
[WARNING DRT-6000] Macro pin has more than 1 polygon
[WARNING DRT-6000] Macro pin has more than 1 polygon
[WARNING DRT-6000] Macro pin has more than 1 polygon
[WARNING DRT-6000] Macro pin has more than 1 polygon
[WARNING DRT-6000] Macro pin has more than 1 polygon
[WARNING DRT-6000] Macro pin has more than 1 polygon
[WARNING DRT-6000] Macro pin has more than 1 polygon
[WARNING DRT-6000] Macro pin has more than 1 polygon
[WARNING DRT-6000] Macro pin has more than 1 polygon
[WARNING DRT-6000] Macro pin has more than 1 polygon
[WARNING DRT-6000] Macro pin has more than 1 polygon
[WARNING DRT-6000] Macro pin has more than 1 polygon
[WARNING DRT-6000] Macro pin has more than 1 polygon
[WARNING DRT-6000] Macro pin has more than 1 polygon
[WARNING DRT-6000] Macro pin has more than 1 polygon
[WARNING DRT-6000] Macro pin has more than 1 polygon
[WARNING DRT-6000] Macro pin has more than 1 polygon
[WARNING DRT-6000] Macro pin has more than 1 polygon
[WARNING DRT-6000] Macro pin has more than 1 polygon
[WARNING DRT-6000] Macro pin has more than 1 polygon
[WARNING DRT-6000] Macro pin has more than 1 polygon
[WARNING DRT-6000] Macro pin has more than 1 polygon
[WARNING DRT-6000] Macro pin has more than 1 polygon
[WARNING DRT-6000] Macro pin has more than 1 polygon
[WARNING DRT-6000] Macro pin has more than 1 polygon
[WARNING DRT-6000] Macro pin has more than 1 polygon
[WARNING DRT-6000] Macro pin has more than 1 polygon
[WARNING DRT-6000] Macro pin has more than 1 polygon
[WARNING DRT-6000] Macro pin has more than 1 polygon
[WARNING DRT-6000] Macro pin has more than 1 polygon
[WARNING DRT-6000] Macro pin has more than 1 polygon
[WARNING DRT-6000] Macro pin has more than 1 polygon
[WARNING DRT-6000] Macro pin has more than 1 polygon
[WARNING DRT-6000] Macro pin has more than 1 polygon
[WARNING DRT-6000] Macro pin has more than 1 polygon
[WARNING DRT-6000] Macro pin has more than 1 polygon
[WARNING DRT-6000] Macro pin has more than 1 polygon
[WARNING DRT-6000] Macro pin has more than 1 polygon
[WARNING DRT-6000] Macro pin has more than 1 polygon
[WARNING DRT-6000] Macro pin has more than 1 polygon
[WARNING DRT-6000] Macro pin has more than 1 polygon
[WARNING DRT-6000] Macro pin has more than 1 polygon
[WARNING DRT-6000] Macro pin has more than 1 polygon
[WARNING DRT-6000] Macro pin has more than 1 polygon
[WARNING DRT-6000] Macro pin has more than 1 polygon
[WARNING DRT-6000] Macro pin has more than 1 polygon
[WARNING DRT-6000] Macro pin has more than 1 polygon
[WARNING DRT-6000] Macro pin has more than 1 polygon
[WARNING DRT-6000] Macro pin has more than 1 polygon
[WARNING DRT-6000] Macro pin has more than 1 polygon
[WARNING DRT-6000] Macro pin has more than 1 polygon
[WARNING DRT-6000] Macro pin has more than 1 polygon
[WARNING DRT-6000] Macro pin has more than 1 polygon
[WARNING DRT-6000] Macro pin has more than 1 polygon
[WARNING DRT-6000] Macro pin has more than 1 polygon
[WARNING DRT-6000] Macro pin has more than 1 polygon
[WARNING DRT-6000] Macro pin has more than 1 polygon
[WARNING DRT-6000] Macro pin has more than 1 polygon
[WARNING DRT-6000] Macro pin has more than 1 polygon
[WARNING DRT-6000] Macro pin has more than 1 polygon
[WARNING DRT-6000] Macro pin has more than 1 polygon
[WARNING DRT-6000] Macro pin has more than 1 polygon
[WARNING DRT-6000] Macro pin has more than 1 polygon
[WARNING DRT-6000] Macro pin has more than 1 polygon
[WARNING DRT-6000] Macro pin has more than 1 polygon
[WARNING DRT-6000] Macro pin has more than 1 polygon
[WARNING DRT-6000] Macro pin has more than 1 polygon
[WARNING DRT-6000] Macro pin has more than 1 polygon
[WARNING DRT-6000] Macro pin has more than 1 polygon
[WARNING DRT-6000] Macro pin has more than 1 polygon
[WARNING DRT-6000] Macro pin has more than 1 polygon
[WARNING DRT-6000] Macro pin has more than 1 polygon
[WARNING DRT-6000] Macro pin has more than 1 polygon
[WARNING DRT-6000] Macro pin has more than 1 polygon
[WARNING DRT-6000] Macro pin has more than 1 polygon
[WARNING DRT-6000] Macro pin has more than 1 polygon
[WARNING DRT-6000] Macro pin has more than 1 polygon
[WARNING DRT-6000] Macro pin has more than 1 polygon
[WARNING DRT-6000] Macro pin has more than 1 polygon
[WARNING DRT-6000] Macro pin has more than 1 polygon
[WARNING DRT-6000] Macro pin has more than 1 polygon
[WARNING DRT-6000] Macro pin has more than 1 polygon
[WARNING DRT-6000] Macro pin has more than 1 polygon
[WARNING DRT-6000] Macro pin has more than 1 polygon
[WARNING DRT-6000] Macro pin has more than 1 polygon
[WARNING DRT-6000] Macro pin has more than 1 polygon
[WARNING DRT-6000] Macro pin has more than 1 polygon
[WARNING DRT-6000] Macro pin has more than 1 polygon
[WARNING DRT-6000] Macro pin has more than 1 polygon
[WARNING DRT-6000] Macro pin has more than 1 polygon
[WARNING DRT-6000] Macro pin has more than 1 polygon
[WARNING DRT-6000] Macro pin has more than 1 polygon
[WARNING DRT-6000] Macro pin has more than 1 polygon
[WARNING DRT-6000] Macro pin has more than 1 polygon
[WARNING DRT-6000] Macro pin has more than 1 polygon
[WARNING DRT-6000] Macro pin has more than 1 polygon
[WARNING DRT-6000] Macro pin has more than 1 polygon
[WARNING DRT-6000] Macro pin has more than 1 polygon
[WARNING DRT-6000] Macro pin has more than 1 polygon
[WARNING DRT-6000] Macro pin has more than 1 polygon
[WARNING DRT-6000] Macro pin has more than 1 polygon
[WARNING DRT-6000] Macro pin has more than 1 polygon
[WARNING DRT-6000] Macro pin has more than 1 polygon
[WARNING DRT-6000] Macro pin has more than 1 polygon
[WARNING DRT-6000] Macro pin has more than 1 polygon
[WARNING DRT-6000] Macro pin has more than 1 polygon
[WARNING DRT-6000] Macro pin has more than 1 polygon
[WARNING DRT-6000] Macro pin has more than 1 polygon
[WARNING DRT-6000] Macro pin has more than 1 polygon
[WARNING DRT-6000] Macro pin has more than 1 polygon
[WARNING DRT-6000] Macro pin has more than 1 polygon
[WARNING DRT-6000] Macro pin has more than 1 polygon
[WARNING DRT-6000] Macro pin has more than 1 polygon
[WARNING DRT-6000] Macro pin has more than 1 polygon
[WARNING DRT-6000] Macro pin has more than 1 polygon
[WARNING DRT-6000] message limit reached, this message will no longer print
[INFO DRT-0078]   Complete 21 pins.
[INFO DRT-0081]   Complete 8 unique inst patterns.
[INFO DRT-0084]   Complete 14 groups.
#scanned instances     = 145446
#unique  instances     = 27
#stdCellGenAp          = 107
#stdCellValidPlanarAp  = 0
#stdCellValidViaAp     = 87
#stdCellPinNoAp        = 0
#stdCellPinCnt         = 10
#instTermValidViaApCnt = 0
#macroGenAp            = 13611
#macroValidPlanarAp    = 13450
#macroValidViaAp       = 2653
#macroNoAp             = 0
[INFO DRT-0166] Complete pin access.
[INFO DRT-0267] cpu time = 00:00:02, elapsed time = 00:00:02, memory = 483.06 (MB), peak = 528.52 (MB)

Number of guides:     145

[INFO DRT-0169] Post process guides.
[INFO DRT-0176] GCELLGRID X 0 DO 202 STEP 6900 ;
[INFO DRT-0177] GCELLGRID Y 0 DO 202 STEP 6900 ;
[INFO DRT-0028]   Complete FR_MASTERSLICE.
[INFO DRT-0028]   Complete Fr_VIA.
[INFO DRT-0028]   Complete li1.
[INFO DRT-0028]   Complete mcon.
[INFO DRT-0028]   Complete met1.
[INFO DRT-0028]   Complete via.
[INFO DRT-0028]   Complete met2.
[INFO DRT-0028]   Complete via2.
[INFO DRT-0028]   Complete met3.
[INFO DRT-0028]   Complete via3.
[INFO DRT-0028]   Complete met4.
[INFO DRT-0028]   Complete via4.
[INFO DRT-0028]   Complete met5.
[INFO DRT-0178] Init guide query.
[INFO DRT-0035]   Complete FR_MASTERSLICE (guide).
[INFO DRT-0035]   Complete Fr_VIA (guide).
[INFO DRT-0035]   Complete li1 (guide).
[INFO DRT-0035]   Complete mcon (guide).
[INFO DRT-0035]   Complete met1 (guide).
[INFO DRT-0035]   Complete via (guide).
[INFO DRT-0035]   Complete met2 (guide).
[INFO DRT-0035]   Complete via2 (guide).
[INFO DRT-0035]   Complete met3 (guide).
[INFO DRT-0035]   Complete via3 (guide).
[INFO DRT-0035]   Complete met4 (guide).
[INFO DRT-0035]   Complete via4 (guide).
[INFO DRT-0035]   Complete met5 (guide).
[INFO DRT-0036] FR_MASTERSLICE guide region query size = 0.
[INFO DRT-0036] FR_VIA guide region query size = 0.
[INFO DRT-0036] li1 guide region query size = 19.
[INFO DRT-0036] mcon guide region query size = 0.
[INFO DRT-0036] met1 guide region query size = 26.
[INFO DRT-0036] via guide region query size = 0.
[INFO DRT-0036] met2 guide region query size = 31.
[INFO DRT-0036] via2 guide region query size = 0.
[INFO DRT-0036] met3 guide region query size = 16.
[INFO DRT-0036] via3 guide region query size = 0.
[INFO DRT-0036] met4 guide region query size = 3.
[INFO DRT-0036] via4 guide region query size = 0.
[INFO DRT-0036] met5 guide region query size = 0.
[INFO DRT-0179] Init gr pin query.
[INFO DRT-0245] skipped writing guide updates to database.
[INFO DRT-0185] Post process initialize RPin region query.
[INFO DRT-0181] Start track assignment.
[INFO DRT-0184] Done with 53 vertical wires in 5 frboxes and 42 horizontal wires in 5 frboxes.
[INFO DRT-0186] Done with 5 vertical wires in 5 frboxes and 4 horizontal wires in 5 frboxes.
[INFO DRT-0182] Complete track assignment.
[INFO DRT-0267] cpu time = 00:00:07, elapsed time = 00:00:03, memory = 548.73 (MB), peak = 807.45 (MB)
[INFO DRT-0187] Start routing data preparation.
[INFO DRT-0267] cpu time = 00:00:00, elapsed time = 00:00:00, memory = 548.73 (MB), peak = 807.45 (MB)
[INFO DRT-0194] Start detail routing.
[INFO DRT-0195] Start 0th optimization iteration.
    Completing 10% with 0 violations.
    elapsed time = 00:00:02, memory = 819.48 (MB).
    Completing 20% with 0 violations.
    elapsed time = 00:00:05, memory = 1386.86 (MB).
    Completing 30% with 1 violations.
    elapsed time = 00:00:08, memory = 1225.80 (MB).
    Completing 40% with 1 violations.
    elapsed time = 00:00:10, memory = 1413.49 (MB).
    Completing 50% with 1 violations.
    elapsed time = 00:00:14, memory = 1755.68 (MB).
    Completing 60% with 1 violations.
    elapsed time = 00:00:16, memory = 1282.02 (MB).
    Completing 70% with 1 violations.
    elapsed time = 00:00:19, memory = 1553.14 (MB).
    Completing 80% with 1 violations.
    elapsed time = 00:00:22, memory = 1207.59 (MB).
    Completing 90% with 1 violations.
    elapsed time = 00:00:25, memory = 1419.09 (MB).
    Completing 100% with 4 violations.
    elapsed time = 00:00:29, memory = 1146.28 (MB).
[INFO DRT-0199]   Number of violations = 65.
Viol/Layer        met1   met2   met3   met4
Metal Spacing        2      0      0      1
Recheck              0      6      4     51
Short                0      1      0      0
[INFO DRT-0267] cpu time = 00:00:56, elapsed time = 00:00:29, memory = 1146.28 (MB), peak = 1823.17 (MB)
Total wire length = 7054 um.
Total wire length on LAYER li1 = 0 um.
Total wire length on LAYER met1 = 1496 um.
Total wire length on LAYER met2 = 1997 um.
Total wire length on LAYER met3 = 2502 um.
Total wire length on LAYER met4 = 1057 um.
Total wire length on LAYER met5 = 0 um.
Total number of vias = 71.
Up-via summary (total 71):.

---------------------
 FR_MASTERSLICE     0
            li1    19
           met1    31
           met2    15
           met3     6
           met4     0
---------------------
                   71


[INFO DRT-0195] Start 1st optimization iteration.
    Completing 10% with 65 violations.
    elapsed time = 00:00:02, memory = 1337.16 (MB).
    Completing 20% with 65 violations.
    elapsed time = 00:00:05, memory = 1632.47 (MB).
    Completing 30% with 58 violations.
    elapsed time = 00:00:08, memory = 1236.98 (MB).
    Completing 40% with 58 violations.
    elapsed time = 00:00:10, memory = 1437.42 (MB).
    Completing 50% with 58 violations.
    elapsed time = 00:00:14, memory = 1779.61 (MB).
    Completing 60% with 53 violations.
    elapsed time = 00:00:16, memory = 1337.26 (MB).
    Completing 70% with 53 violations.
    elapsed time = 00:00:20, memory = 1652.45 (MB).
    Completing 80% with 25 violations.
    elapsed time = 00:00:22, memory = 1245.52 (MB).
    Completing 90% with 25 violations.
    elapsed time = 00:00:25, memory = 1463.71 (MB).
    Completing 100% with 0 violations.
    elapsed time = 00:00:28, memory = 1146.27 (MB).
[INFO DRT-0199]   Number of violations = 0.
[INFO DRT-0267] cpu time = 00:00:55, elapsed time = 00:00:28, memory = 1146.27 (MB), peak = 1823.17 (MB)
Total wire length = 6902 um.
Total wire length on LAYER li1 = 0 um.
Total wire length on LAYER met1 = 1430 um.
Total wire length on LAYER met2 = 1934 um.
Total wire length on LAYER met3 = 2504 um.
Total wire length on LAYER met4 = 1033 um.
Total wire length on LAYER met5 = 0 um.
Total number of vias = 75.
Up-via summary (total 75):.

---------------------
 FR_MASTERSLICE     0
            li1    19
           met1    32
           met2    18
           met3     6
           met4     0
---------------------
                   75


[INFO DRT-0198] Complete detail routing.
Total wire length = 6902 um.
Total wire length on LAYER li1 = 0 um.
Total wire length on LAYER met1 = 1430 um.
Total wire length on LAYER met2 = 1934 um.
Total wire length on LAYER met3 = 2504 um.
Total wire length on LAYER met4 = 1033 um.
Total wire length on LAYER met5 = 0 um.
Total number of vias = 75.
Up-via summary (total 75):.

---------------------
 FR_MASTERSLICE     0
            li1    19
           met1    32
           met2    18
           met3     6
           met4     0
---------------------
                   75


[INFO DRT-0267] cpu time = 00:01:52, elapsed time = 00:00:57, memory = 1146.27 (MB), peak = 1823.17 (MB)

[INFO DRT-0180] Post processing.
Setting global connections for newly added cells…
Writing OpenROAD database to '/home/engtech/Desktop/Openlane_v2/memristor/openlane/user_proj_example/runs/24_04_09_14_21/results/routing/user_proj_example.odb'…
Writing netlist to '/home/engtech/Desktop/Openlane_v2/memristor/openlane/user_proj_example/runs/24_04_09_14_21/results/routing/user_proj_example.nl.v'…
Writing powered netlist to '/home/engtech/Desktop/Openlane_v2/memristor/openlane/user_proj_example/runs/24_04_09_14_21/results/routing/user_proj_example.pnl.v'…
Writing layout to '/home/engtech/Desktop/Openlane_v2/memristor/openlane/user_proj_example/runs/24_04_09_14_21/results/routing/user_proj_example.def'…
