Instance name,  X location,  Y location,  Voltage 
mprj, 1450.52, 1275.88, 1.8
mprj, 1450.52, 1095.88, 1.8
mprj, 1450.52, 915.88, 1.8
mprj, 1450.52, 735.88, 1.8
mprj, 1450.52, 555.88, 1.8
mprj, 1450.52, 375.88, 1.8
mprj, 1450.52, 195.88, 1.8
mprj, 1450.52, 15.88, 1.8
mprj, 1310.64, 1275.88, 1.8
mprj, 1310.64, 1095.88, 1.8
mprj, 1310.64, 915.88, 1.8
mprj, 1310.64, 735.88, 1.8
mprj, 1310.64, 555.88, 1.8
mprj, 1310.64, 375.88, 1.8
mprj, 1310.64, 195.88, 1.8
mprj, 1157.04, 1275.88, 1.8
mprj, 1157.04, 1095.88, 1.8
mprj, 1157.04, 915.88, 1.8
mprj, 1157.04, 735.88, 1.8
mprj, 1157.04, 555.88, 1.8
mprj, 1157.04, 375.88, 1.8
mprj, 1157.04, 195.88, 1.8
mprj, 1090.52, 1275.88, 1.8
mprj, 1090.52, 1095.88, 1.8
mprj, 1090.52, 915.88, 1.8
mprj, 1090.52, 735.88, 1.8
mprj, 1090.52, 555.88, 1.8
mprj, 1090.52, 375.88, 1.8
mprj, 1090.52, 195.88, 1.8
mprj, 1090.52, 15.88, 1.8
mprj, 1003.44, 1275.88, 1.8
mprj, 1003.44, 1095.88, 1.8
mprj, 1003.44, 915.88, 1.8
mprj, 1003.44, 735.88, 1.8
mprj, 1003.44, 555.88, 1.8
mprj, 1003.44, 375.88, 1.8
mprj, 1003.44, 195.88, 1.8
mprj, 910.52, 1275.88, 1.8
mprj, 910.52, 1095.88, 1.8
mprj, 910.52, 915.88, 1.8
mprj, 910.52, 735.88, 1.8
mprj, 910.52, 555.88, 1.8
mprj, 910.52, 375.88, 1.8
mprj, 910.52, 195.88, 1.8
mprj, 910.52, 15.88, 1.8
mprj, 849.84, 1275.88, 1.8
mprj, 849.84, 1095.88, 1.8
mprj, 849.84, 915.88, 1.8
mprj, 849.84, 735.88, 1.8
mprj, 849.84, 555.88, 1.8
mprj, 849.84, 375.88, 1.8
mprj, 849.84, 195.88, 1.8
mprj, 730.52, 1275.88, 1.8
mprj, 730.52, 1095.88, 1.8
mprj, 730.52, 915.88, 1.8
mprj, 730.52, 735.88, 1.8
mprj, 730.52, 555.88, 1.8
mprj, 730.52, 375.88, 1.8
mprj, 730.52, 195.88, 1.8
mprj, 730.52, 15.88, 1.8
mprj, 696.24, 1275.88, 1.8
mprj, 696.24, 1095.88, 1.8
mprj, 696.24, 915.88, 1.8
mprj, 696.24, 735.88, 1.8
mprj, 696.24, 555.88, 1.8
mprj, 696.24, 375.88, 1.8
mprj, 696.24, 195.88, 1.8
mprj, 550.52, 1275.88, 1.8
mprj, 550.52, 1095.88, 1.8
mprj, 550.52, 915.88, 1.8
mprj, 542.64, 1275.88, 1.8
mprj, 542.64, 1095.88, 1.8
mprj, 542.64, 915.88, 1.8
mprj, 542.64, 735.88, 1.8
mprj, 542.64, 555.88, 1.8
mprj, 542.64, 375.88, 1.8
mprj, 542.64, 195.88, 1.8
mprj, 389.04, 1275.88, 1.8
mprj, 389.04, 1095.88, 1.8
mprj, 389.04, 915.88, 1.8
mprj, 389.04, 735.88, 1.8
mprj, 389.04, 555.88, 1.8
mprj, 389.04, 375.88, 1.8
mprj, 389.04, 195.88, 1.8
mprj, 370.52, 1275.88, 1.8
mprj, 370.52, 1095.88, 1.8
mprj, 370.52, 915.88, 1.8
mprj, 235.44, 1275.88, 1.8
mprj, 235.44, 1095.88, 1.8
mprj, 235.44, 915.88, 1.8
mprj, 235.44, 735.88, 1.8
mprj, 235.44, 555.88, 1.8
mprj, 235.44, 375.88, 1.8
mprj, 235.44, 195.88, 1.8
mprj, 190.52, 1275.88, 1.8
mprj, 190.52, 1095.88, 1.8
mprj, 190.52, 915.88, 1.8
mprj, 81.84, 1275.88, 1.8
mprj, 81.84, 1095.88, 1.8
mprj, 81.84, 915.88, 1.8
mprj, 81.84, 735.88, 1.8
mprj, 81.84, 555.88, 1.8
mprj, 81.84, 375.88, 1.8
mprj, 81.84, 195.88, 1.8

