Instance name,  X location,  Y location,  Voltage 
mprj, 1382.12, 1387.48, 1.8
mprj, 1382.12, 1207.48, 1.8
mprj, 1382.12, 1027.48, 1.8
mprj, 1382.12, 847.48, 1.8
mprj, 1382.12, 667.48, 1.8
mprj, 1382.12, 487.48, 1.8
mprj, 1382.12, 307.48, 1.8
mprj, 1382.12, 127.48, 1.8
mprj, 1202.12, 1387.48, 1.8
mprj, 1202.12, 1207.48, 1.8
mprj, 1202.12, 1027.48, 1.8
mprj, 1202.12, 847.48, 1.8
mprj, 1202.12, 667.48, 1.8
mprj, 1202.12, 487.48, 1.8
mprj, 1202.12, 307.48, 1.8
mprj, 1202.12, 127.48, 1.8
mprj, 1022.12, 1387.48, 1.8
mprj, 1022.12, 1207.48, 1.8
mprj, 1022.12, 1027.48, 1.8
mprj, 1022.12, 847.48, 1.8
mprj, 1022.12, 667.48, 1.8
mprj, 1022.12, 487.48, 1.8
mprj, 1022.12, 307.48, 1.8
mprj, 1022.12, 127.48, 1.8
mprj, 842.12, 1387.48, 1.8
mprj, 842.12, 1207.48, 1.8
mprj, 842.12, 1027.48, 1.8
mprj, 842.12, 847.48, 1.8
mprj, 842.12, 667.48, 1.8
mprj, 842.12, 487.48, 1.8
mprj, 842.12, 307.48, 1.8
mprj, 842.12, 127.48, 1.8
mprj, 662.12, 1387.48, 1.8
mprj, 662.12, 1207.48, 1.8
mprj, 662.12, 1027.48, 1.8
mprj, 662.12, 847.48, 1.8
mprj, 662.12, 667.48, 1.8
mprj, 662.12, 487.48, 1.8
mprj, 662.12, 307.48, 1.8
mprj, 662.12, 127.48, 1.8
mprj, 482.12, 1387.48, 1.8
mprj, 482.12, 1207.48, 1.8
mprj, 482.12, 1027.48, 1.8
mprj, 302.12, 1387.48, 1.8
mprj, 302.12, 1207.48, 1.8
mprj, 302.12, 1027.48, 1.8

