Instance name,  X location,  Y location,  Voltage 
mprj, 1400.72, 1406.08, 0
mprj, 1400.72, 1226.08, 0
mprj, 1400.72, 1046.08, 0
mprj, 1400.72, 866.08, 0
mprj, 1400.72, 686.08, 0
mprj, 1400.72, 506.08, 0
mprj, 1400.72, 326.08, 0
mprj, 1400.72, 146.08, 0
mprj, 1220.72, 1406.08, 0
mprj, 1220.72, 1226.08, 0
mprj, 1220.72, 1046.08, -0
mprj, 1220.72, 866.08, 0
mprj, 1220.72, 686.08, 0
mprj, 1220.72, 506.08, -0
mprj, 1220.72, 326.08, -0
mprj, 1220.72, 146.08, 0
mprj, 860.72, 1406.08, -0
mprj, 860.72, 1226.08, 0
mprj, 860.72, 1046.08, 0
mprj, 860.72, 866.08, 0
mprj, 860.72, 686.08, -0
mprj, 860.72, 506.08, -0
mprj, 860.72, 326.08, -0
mprj, 860.72, 146.08, 0
mprj, 680.72, 1406.08, 0
mprj, 680.72, 1226.08, 0
mprj, 680.72, 1046.08, 0
mprj, 680.72, 866.08, 0
mprj, 680.72, 686.08, 0
mprj, 680.72, 506.08, 0
mprj, 680.72, 326.08, 0
mprj, 680.72, 146.08, 0
mprj, 500.72, 1406.08, 0
mprj, 500.72, 1226.08, 0
mprj, 500.72, 1046.08, 0
mprj, 320.72, 1406.08, 0
mprj, 320.72, 1226.08, 0
mprj, 320.72, 1046.08, 0
mprj, 140.72, 1406.08, 0
mprj, 140.72, 1226.08, 0
mprj, 140.72, 1046.08, 0

