
===========================================================================
report_checks -unconstrained
===========================================================================
======================= Fastest Corner ===================================

Startpoint: io_in[4] (input port)
Endpoint: ANTENNA_core_flat_v4_DIGITALIN2/DIODE (internal pin)
Path Group: unconstrained
Path Type: max
Corner: Fastest

Fanout     Cap    Slew   Delay    Time   Description
-----------------------------------------------------------------------------
                          0.00    0.00 v input external delay
                  0.38    0.00    0.00 v io_in[4] (in)
     1    0.00                           io_in[4] (net)
                  0.38    0.00    0.00 v input6/A (sky130_fd_sc_hd__clkbuf_8)
                  0.06    0.26    0.26 v input6/X (sky130_fd_sc_hd__clkbuf_8)
     1    0.06                           net6 (net)
                  0.06    0.00    0.26 v ANTENNA_core_flat_v4_DIGITALIN2/DIODE (sky130_fd_sc_hd__diode_2)
                                  0.26   data arrival time
-----------------------------------------------------------------------------
(Path is unconstrained)



======================= Slowest Corner ===================================

Startpoint: io_in[1] (input port)
Endpoint: ANTENNA_core_flat_v4_DIGITALIN1/DIODE (internal pin)
Path Group: unconstrained
Path Type: max
Corner: Slowest

Fanout     Cap    Slew   Delay    Time   Description
-----------------------------------------------------------------------------
                          0.00    0.00 v input external delay
                  0.38    0.00    0.00 v io_in[1] (in)
     1    0.00                           io_in[1] (net)
                  0.38    0.00    0.00 v input3/A (sky130_fd_sc_hd__clkbuf_4)
                  0.14    0.49    0.49 v input3/X (sky130_fd_sc_hd__clkbuf_4)
     1    0.03                           net3 (net)
                  0.14    0.01    0.50 v ANTENNA_core_flat_v4_DIGITALIN1/DIODE (sky130_fd_sc_hd__diode_2)
                                  0.50   data arrival time
-----------------------------------------------------------------------------
(Path is unconstrained)



======================= Typical Corner ===================================

Startpoint: io_in[1] (input port)
Endpoint: ANTENNA_core_flat_v4_DIGITALIN1/DIODE (internal pin)
Path Group: unconstrained
Path Type: max
Corner: Typical

Fanout     Cap    Slew   Delay    Time   Description
-----------------------------------------------------------------------------
                          0.00    0.00 v input external delay
                  0.38    0.00    0.00 v io_in[1] (in)
     1    0.00                           io_in[1] (net)
                  0.38    0.00    0.00 v input3/A (sky130_fd_sc_hd__clkbuf_4)
                  0.08    0.34    0.34 v input3/X (sky130_fd_sc_hd__clkbuf_4)
     1    0.03                           net3 (net)
                  0.08    0.01    0.34 v ANTENNA_core_flat_v4_DIGITALIN1/DIODE (sky130_fd_sc_hd__diode_2)
                                  0.34   data arrival time
-----------------------------------------------------------------------------
(Path is unconstrained)




===========================================================================
report_checks --slack_max -0.01
============================================================================
======================= Fastest Corner ===================================

No paths found.

======================= Slowest Corner ===================================

No paths found.

======================= Typical Corner ===================================

No paths found.


===========================================================================
 report_check_types -max_slew -max_cap -max_fanout -violators
============================================================================
======================= Fastest Corner ===================================


======================= Slowest Corner ===================================


======================= Typical Corner ===================================



===========================================================================
report_parasitic_annotation -report_unannotated
============================================================================
Found 9 unannotated drivers.
 user_proj_example_10/LO
 user_proj_example_11/LO
 user_proj_example_12/LO
 user_proj_example_13/LO
 user_proj_example_14/LO
 user_proj_example_15/LO
 user_proj_example_7/LO
 user_proj_example_8/LO
 user_proj_example_9/LO
Found 0 partially unannotated drivers.

===========================================================================
max slew violation count 0
max fanout violation count 0
max cap violation count 0
============================================================================

===========================================================================
check_setup -verbose -unconstrained_endpoints -multiple_clock -no_clock -no_input_delay -loops -generated_clocks
===========================================================================
Warning: There are 9 input ports missing set_input_delay.
  SEL2
  analog_io1
  analog_io2
  analog_io3
  io_in[0]
  io_in[1]
  io_in[2]
  io_in[3]
  io_in[4]
Warning: There are 12 unconstrained endpoints.
  analog_io1
  analog_io2
  analog_io3
  io_oeb[0]
  io_oeb[1]
  io_oeb[2]
  io_oeb[3]
  io_oeb[4]
  io_oeb[5]
  io_oeb[6]
  io_oeb[7]
  io_oeb[8]
