Reading /home/engtech/Desktop/Openlane_v2/memristor/openlane/user_proj_example/runs/24_04_08_16_30/results/signoff/user_proj_example.gds ..
Reading /home/engtech/Desktop/Openlane_v2/memristor/openlane/user_proj_example/runs/24_04_08_16_30/results/signoff/user_proj_example.klayout.gds ..
--- Running XOR for layer 122/16 ---
"input" in: xor.drc:94
    Polygons (raw): 124867 (flat)  13 (hierarchical)
    Elapsed: 0.000s  Memory: 570.00M
"input" in: xor.drc:94
    Polygons (raw): 124867 (flat)  13 (hierarchical)
    Elapsed: 0.000s  Memory: 570.00M
"^" in: xor.drc:94
    Polygons (raw): 0 (flat)  0 (hierarchical)
    Elapsed: 1.110s  Memory: 570.00M
XOR differences: 0
"output" in: xor.drc:69
    Polygons (raw): 0 (flat)  0 (hierarchical)
    Elapsed: 0.000s  Memory: 570.00M
--- Running XOR for layer 125/20 ---
"input" in: xor.drc:94
    Polygons (raw): 40 (flat)  40 (hierarchical)
    Elapsed: 0.000s  Memory: 570.00M
"input" in: xor.drc:94
    Polygons (raw): 40 (flat)  40 (hierarchical)
    Elapsed: 0.000s  Memory: 570.00M
"^" in: xor.drc:94
    Polygons (raw): 0 (flat)  0 (hierarchical)
    Elapsed: 0.100s  Memory: 570.00M
XOR differences: 0
"output" in: xor.drc:69
    Polygons (raw): 0 (flat)  0 (hierarchical)
    Elapsed: 0.000s  Memory: 570.00M
--- Running XOR for layer 201/20 ---
"input" in: xor.drc:94
    Polygons (raw): 4 (flat)  4 (hierarchical)
    Elapsed: 0.010s  Memory: 570.00M
"input" in: xor.drc:94
    Polygons (raw): 4 (flat)  4 (hierarchical)
    Elapsed: 0.000s  Memory: 570.00M
"^" in: xor.drc:94
    Polygons (raw): 0 (flat)  0 (hierarchical)
    Elapsed: 0.100s  Memory: 570.00M
XOR differences: 0
"output" in: xor.drc:69
    Polygons (raw): 0 (flat)  0 (hierarchical)
    Elapsed: 0.000s  Memory: 570.00M
--- Running XOR for layer 235/4 ---
"input" in: xor.drc:94
    Polygons (raw): 1 (flat)  1 (hierarchical)
    Elapsed: 0.000s  Memory: 570.00M
"input" in: xor.drc:94
    Polygons (raw): 1 (flat)  1 (hierarchical)
    Elapsed: 0.000s  Memory: 570.00M
"^" in: xor.drc:94
    Polygons (raw): 0 (flat)  0 (hierarchical)
    Elapsed: 0.100s  Memory: 570.00M
XOR differences: 0
"output" in: xor.drc:69
    Polygons (raw): 0 (flat)  0 (hierarchical)
    Elapsed: 0.000s  Memory: 570.00M
--- Running XOR for layer 236/0 ---
"input" in: xor.drc:94
    Polygons (raw): 104318 (flat)  11 (hierarchical)
    Elapsed: 0.000s  Memory: 570.00M
"input" in: xor.drc:94
    Polygons (raw): 104318 (flat)  11 (hierarchical)
    Elapsed: 0.000s  Memory: 570.00M
"^" in: xor.drc:94
    Polygons (raw): 0 (flat)  0 (hierarchical)
    Elapsed: 0.990s  Memory: 570.00M
XOR differences: 0
"output" in: xor.drc:69
    Polygons (raw): 0 (flat)  0 (hierarchical)
    Elapsed: 0.000s  Memory: 570.00M
--- Running XOR for layer 64/16 ---
"input" in: xor.drc:94
    Polygons (raw): 124867 (flat)  13 (hierarchical)
    Elapsed: 0.000s  Memory: 570.00M
"input" in: xor.drc:94
    Polygons (raw): 124867 (flat)  13 (hierarchical)
    Elapsed: 0.000s  Memory: 570.00M
"^" in: xor.drc:94
    Polygons (raw): 0 (flat)  0 (hierarchical)
    Elapsed: 1.120s  Memory: 600.00M
XOR differences: 0
"output" in: xor.drc:69
    Polygons (raw): 0 (flat)  0 (hierarchical)
    Elapsed: 0.000s  Memory: 600.00M
--- Running XOR for layer 64/20 ---
"input" in: xor.drc:94
    Polygons (raw): 145495 (flat)  65 (hierarchical)
    Elapsed: 0.000s  Memory: 600.00M
"input" in: xor.drc:94
    Polygons (raw): 145495 (flat)  65 (hierarchical)
    Elapsed: 0.000s  Memory: 600.00M
"^" in: xor.drc:94
    Polygons (raw): 0 (flat)  0 (hierarchical)
    Elapsed: 1.720s  Memory: 622.00M
XOR differences: 0
"output" in: xor.drc:69
    Polygons (raw): 0 (flat)  0 (hierarchical)
    Elapsed: 0.000s  Memory: 622.00M
--- Running XOR for layer 64/5 ---
"input" in: xor.drc:94
    Polygons (raw): 0 (flat)  0 (hierarchical)
    Elapsed: 0.000s  Memory: 622.00M
"input" in: xor.drc:94
    Polygons (raw): 0 (flat)  0 (hierarchical)
    Elapsed: 0.000s  Memory: 622.00M
"^" in: xor.drc:94
    Polygons (raw): 0 (flat)  0 (hierarchical)
    Elapsed: 0.330s  Memory: 622.00M
XOR differences: 0
"output" in: xor.drc:69
    Polygons (raw): 0 (flat)  0 (hierarchical)
    Elapsed: 0.000s  Memory: 622.00M
--- Running XOR for layer 64/59 ---
"input" in: xor.drc:94
    Polygons (raw): 0 (flat)  0 (hierarchical)
    Elapsed: 0.010s  Memory: 622.00M
"input" in: xor.drc:94
    Polygons (raw): 0 (flat)  0 (hierarchical)
    Elapsed: 0.000s  Memory: 622.00M
"^" in: xor.drc:94
    Polygons (raw): 0 (flat)  0 (hierarchical)
    Elapsed: 0.350s  Memory: 622.00M
XOR differences: 0
"output" in: xor.drc:69
    Polygons (raw): 0 (flat)  0 (hierarchical)
    Elapsed: 0.000s  Memory: 622.00M
--- Running XOR for layer 65/20 ---
"input" in: xor.drc:94
    Polygons (raw): 208745 (flat)  139 (hierarchical)
    Elapsed: 0.000s  Memory: 622.00M
"input" in: xor.drc:94
    Polygons (raw): 208745 (flat)  139 (hierarchical)
    Elapsed: 0.000s  Memory: 622.00M
"^" in: xor.drc:94
    Polygons (raw): 0 (flat)  0 (hierarchical)
    Elapsed: 1.300s  Memory: 622.00M
XOR differences: 0
"output" in: xor.drc:69
    Polygons (raw): 0 (flat)  0 (hierarchical)
    Elapsed: 0.010s  Memory: 622.00M
--- Running XOR for layer 65/44 ---
"input" in: xor.drc:94
    Polygons (raw): 41638 (flat)  486 (hierarchical)
    Elapsed: 0.000s  Memory: 622.00M
"input" in: xor.drc:94
    Polygons (raw): 41638 (flat)  486 (hierarchical)
    Elapsed: 0.000s  Memory: 622.00M
"^" in: xor.drc:94
    Polygons (raw): 0 (flat)  0 (hierarchical)
    Elapsed: 0.340s  Memory: 622.00M
XOR differences: 0
"output" in: xor.drc:69
    Polygons (raw): 0 (flat)  0 (hierarchical)
    Elapsed: 0.000s  Memory: 622.00M
--- Running XOR for layer 66/13 ---
"input" in: xor.drc:94
    Polygons (raw): 6 (flat)  6 (hierarchical)
    Elapsed: 0.000s  Memory: 622.00M
"input" in: xor.drc:94
    Polygons (raw): 6 (flat)  6 (hierarchical)
    Elapsed: 0.000s  Memory: 622.00M
"^" in: xor.drc:94
    Polygons (raw): 0 (flat)  0 (hierarchical)
    Elapsed: 0.100s  Memory: 622.00M
XOR differences: 0
"output" in: xor.drc:69
    Polygons (raw): 0 (flat)  0 (hierarchical)
    Elapsed: 0.000s  Memory: 622.00M
--- Running XOR for layer 66/20 ---
"input" in: xor.drc:94
    Polygons (raw): 208922 (flat)  324 (hierarchical)
    Elapsed: 0.000s  Memory: 622.00M
"input" in: xor.drc:94
    Polygons (raw): 208922 (flat)  324 (hierarchical)
    Elapsed: 0.000s  Memory: 622.00M
"^" in: xor.drc:94
    Polygons (raw): 0 (flat)  0 (hierarchical)
    Elapsed: 1.840s  Memory: 622.00M
XOR differences: 0
"output" in: xor.drc:69
    Polygons (raw): 0 (flat)  0 (hierarchical)
    Elapsed: 0.000s  Memory: 622.00M
--- Running XOR for layer 66/44 ---
"input" in: xor.drc:94
    Polygons (raw): 790127 (flat)  16951 (hierarchical)
    Elapsed: 0.000s  Memory: 622.00M
"input" in: xor.drc:94
    Polygons (raw): 790127 (flat)  16951 (hierarchical)
    Elapsed: 0.000s  Memory: 622.00M
"^" in: xor.drc:94
    Polygons (raw): 0 (flat)  0 (hierarchical)
    Elapsed: 4.150s  Memory: 622.00M
XOR differences: 0
"output" in: xor.drc:69
    Polygons (raw): 0 (flat)  0 (hierarchical)
    Elapsed: 0.000s  Memory: 622.00M
--- Running XOR for layer 67/16 ---
"input" in: xor.drc:94
    Polygons (raw): 161 (flat)  45 (hierarchical)
    Elapsed: 0.000s  Memory: 622.00M
"input" in: xor.drc:94
    Polygons (raw): 161 (flat)  45 (hierarchical)
    Elapsed: 0.000s  Memory: 622.00M
"^" in: xor.drc:94
    Polygons (raw): 0 (flat)  0 (hierarchical)
    Elapsed: 0.070s  Memory: 622.00M
XOR differences: 0
"output" in: xor.drc:69
    Polygons (raw): 0 (flat)  0 (hierarchical)
    Elapsed: 0.000s  Memory: 622.00M
--- Running XOR for layer 67/20 ---
"input" in: xor.drc:94
    Polygons (raw): 660438 (flat)  1159 (hierarchical)
    Elapsed: 0.000s  Memory: 622.00M
"input" in: xor.drc:94
    Polygons (raw): 660438 (flat)  1135 (hierarchical)
    Elapsed: 0.000s  Memory: 622.00M
"^" in: xor.drc:94
    Polygons (raw): 0 (flat)  0 (hierarchical)
    Elapsed: 5.120s  Memory: 705.00M
XOR differences: 0
"output" in: xor.drc:69
    Polygons (raw): 0 (flat)  0 (hierarchical)
    Elapsed: 0.000s  Memory: 705.00M
--- Running XOR for layer 67/44 ---
"input" in: xor.drc:94
    Polygons (raw): 2310475 (flat)  7731 (hierarchical)
    Elapsed: 0.000s  Memory: 705.00M
"input" in: xor.drc:94
    Polygons (raw): 2310475 (flat)  7707 (hierarchical)
    Elapsed: 0.000s  Memory: 705.00M
"^" in: xor.drc:94
    Polygons (raw): 0 (flat)  0 (hierarchical)
    Elapsed: 10.770s  Memory: 705.00M
XOR differences: 0
"output" in: xor.drc:69
    Polygons (raw): 0 (flat)  0 (hierarchical)
    Elapsed: 0.000s  Memory: 705.00M
--- Running XOR for layer 67/5 ---
"input" in: xor.drc:94
    Polygons (raw): 0 (flat)  0 (hierarchical)
    Elapsed: 0.000s  Memory: 705.00M
"input" in: xor.drc:94
    Polygons (raw): 0 (flat)  0 (hierarchical)
    Elapsed: 0.000s  Memory: 705.00M
"^" in: xor.drc:94
    Polygons (raw): 0 (flat)  0 (hierarchical)
    Elapsed: 0.070s  Memory: 705.00M
XOR differences: 0
"output" in: xor.drc:69
    Polygons (raw): 0 (flat)  0 (hierarchical)
    Elapsed: 0.000s  Memory: 705.00M
--- Running XOR for layer 68/16 ---
"input" in: xor.drc:94
    Polygons (raw): 290888 (flat)  28 (hierarchical)
    Elapsed: 0.000s  Memory: 705.00M
"input" in: xor.drc:94
    Polygons (raw): 290888 (flat)  28 (hierarchical)
    Elapsed: 0.000s  Memory: 705.00M
"^" in: xor.drc:94
    Polygons (raw): 0 (flat)  0 (hierarchical)
    Elapsed: 2.020s  Memory: 705.00M
XOR differences: 0
"output" in: xor.drc:69
    Polygons (raw): 0 (flat)  0 (hierarchical)
    Elapsed: 0.000s  Memory: 705.00M
--- Running XOR for layer 68/20 ---
"input" in: xor.drc:94
    Polygons (raw): 294380 (flat)  3520 (hierarchical)
    Elapsed: 0.000s  Memory: 705.00M
"input" in: xor.drc:94
    Polygons (raw): 297904 (flat)  3449 (hierarchical)
    Elapsed: 0.000s  Memory: 705.00M
"^" in: xor.drc:94
    Polygons (raw): 0 (flat)  0 (hierarchical)
    Elapsed: 2.690s  Memory: 717.00M
XOR differences: 0
"output" in: xor.drc:69
    Polygons (raw): 0 (flat)  0 (hierarchical)
    Elapsed: 0.010s  Memory: 717.00M
--- Running XOR for layer 68/44 ---
"input" in: xor.drc:94
    Polygons (raw): 18325 (flat)  18325 (hierarchical)
    Elapsed: 0.000s  Memory: 717.00M
"input" in: xor.drc:94
    Polygons (raw): 18325 (flat)  610 (hierarchical)
    Elapsed: 0.000s  Memory: 717.00M
"^" in: xor.drc:94
    Polygons (raw): 0 (flat)  0 (hierarchical)
    Elapsed: 0.180s  Memory: 717.00M
XOR differences: 0
"output" in: xor.drc:69
    Polygons (raw): 0 (flat)  0 (hierarchical)
    Elapsed: 0.000s  Memory: 717.00M
--- Running XOR for layer 68/5 ---
"input" in: xor.drc:94
    Polygons (raw): 0 (flat)  0 (hierarchical)
    Elapsed: 0.000s  Memory: 717.00M
"input" in: xor.drc:94
    Polygons (raw): 0 (flat)  0 (hierarchical)
    Elapsed: 0.000s  Memory: 717.00M
"^" in: xor.drc:94
    Polygons (raw): 0 (flat)  0 (hierarchical)
    Elapsed: 0.410s  Memory: 717.00M
XOR differences: 0
"output" in: xor.drc:69
    Polygons (raw): 0 (flat)  0 (hierarchical)
    Elapsed: 0.000s  Memory: 717.00M
--- Running XOR for layer 69/16 ---
"input" in: xor.drc:94
    Polygons (raw): 11 (flat)  11 (hierarchical)
    Elapsed: 0.000s  Memory: 717.00M
"input" in: xor.drc:94
    Polygons (raw): 11 (flat)  11 (hierarchical)
    Elapsed: 0.000s  Memory: 717.00M
"^" in: xor.drc:94
    Polygons (raw): 0 (flat)  0 (hierarchical)
    Elapsed: 0.110s  Memory: 717.00M
XOR differences: 0
"output" in: xor.drc:69
    Polygons (raw): 0 (flat)  0 (hierarchical)
    Elapsed: 0.000s  Memory: 717.00M
--- Running XOR for layer 69/20 ---
"input" in: xor.drc:94
    Polygons (raw): 4450 (flat)  4450 (hierarchical)
    Elapsed: 0.000s  Memory: 717.00M
"input" in: xor.drc:94
    Polygons (raw): 11527 (flat)  4401 (hierarchical)
    Elapsed: 0.000s  Memory: 717.00M
"^" in: xor.drc:94
    Polygons (raw): 0 (flat)  0 (hierarchical)
    Elapsed: 0.170s  Memory: 717.00M
XOR differences: 0
"output" in: xor.drc:69
    Polygons (raw): 0 (flat)  0 (hierarchical)
    Elapsed: 0.000s  Memory: 717.00M
--- Running XOR for layer 69/44 ---
"input" in: xor.drc:94
    Polygons (raw): 16685 (flat)  16685 (hierarchical)
    Elapsed: 0.000s  Memory: 717.00M
"input" in: xor.drc:94
    Polygons (raw): 16685 (flat)  2522 (hierarchical)
    Elapsed: 0.000s  Memory: 717.00M
"^" in: xor.drc:94
    Polygons (raw): 0 (flat)  0 (hierarchical)
    Elapsed: 0.170s  Memory: 717.00M
XOR differences: 0
"output" in: xor.drc:69
    Polygons (raw): 0 (flat)  0 (hierarchical)
    Elapsed: 0.000s  Memory: 717.00M
--- Running XOR for layer 69/5 ---
"input" in: xor.drc:94
    Polygons (raw): 0 (flat)  0 (hierarchical)
    Elapsed: 0.000s  Memory: 717.00M
"input" in: xor.drc:94
    Polygons (raw): 0 (flat)  0 (hierarchical)
    Elapsed: 0.000s  Memory: 717.00M
"^" in: xor.drc:94
    Polygons (raw): 0 (flat)  0 (hierarchical)
    Elapsed: 0.080s  Memory: 717.00M
XOR differences: 0
"output" in: xor.drc:69
    Polygons (raw): 0 (flat)  0 (hierarchical)
    Elapsed: 0.000s  Memory: 717.00M
--- Running XOR for layer 70/16 ---
"input" in: xor.drc:94
    Polygons (raw): 15 (flat)  15 (hierarchical)
    Elapsed: 0.000s  Memory: 717.00M
"input" in: xor.drc:94
    Polygons (raw): 15 (flat)  15 (hierarchical)
    Elapsed: 0.000s  Memory: 717.00M
"^" in: xor.drc:94
    Polygons (raw): 0 (flat)  0 (hierarchical)
    Elapsed: 0.110s  Memory: 717.00M
XOR differences: 0
"output" in: xor.drc:69
    Polygons (raw): 0 (flat)  0 (hierarchical)
    Elapsed: 0.000s  Memory: 717.00M
--- Running XOR for layer 70/20 ---
"input" in: xor.drc:94
    Polygons (raw): 3667 (flat)  3667 (hierarchical)
    Elapsed: 0.000s  Memory: 717.00M
"input" in: xor.drc:94
    Polygons (raw): 10719 (flat)  3591 (hierarchical)
    Elapsed: 0.000s  Memory: 717.00M
"^" in: xor.drc:94
    Polygons (raw): 0 (flat)  0 (hierarchical)
    Elapsed: 0.160s  Memory: 717.00M
XOR differences: 0
"output" in: xor.drc:69
    Polygons (raw): 0 (flat)  0 (hierarchical)
    Elapsed: 0.000s  Memory: 717.00M
--- Running XOR for layer 70/44 ---
"input" in: xor.drc:94
    Polygons (raw): 17454 (flat)  17454 (hierarchical)
    Elapsed: 0.000s  Memory: 717.00M
"input" in: xor.drc:94
    Polygons (raw): 17454 (flat)  155 (hierarchical)
    Elapsed: 0.000s  Memory: 717.00M
"^" in: xor.drc:94
    Polygons (raw): 0 (flat)  0 (hierarchical)
    Elapsed: 0.180s  Memory: 717.00M
XOR differences: 0
"output" in: xor.drc:69
    Polygons (raw): 0 (flat)  0 (hierarchical)
    Elapsed: 0.000s  Memory: 717.00M
--- Running XOR for layer 70/5 ---
"input" in: xor.drc:94
    Polygons (raw): 0 (flat)  0 (hierarchical)
    Elapsed: 0.000s  Memory: 717.00M
"input" in: xor.drc:94
    Polygons (raw): 0 (flat)  0 (hierarchical)
    Elapsed: 0.000s  Memory: 717.00M
"^" in: xor.drc:94
    Polygons (raw): 0 (flat)  0 (hierarchical)
    Elapsed: 0.090s  Memory: 717.00M
XOR differences: 0
"output" in: xor.drc:69
    Polygons (raw): 0 (flat)  0 (hierarchical)
    Elapsed: 0.000s  Memory: 717.00M
--- Running XOR for layer 71/16 ---
"input" in: xor.drc:94
    Polygons (raw): 37 (flat)  37 (hierarchical)
    Elapsed: 0.000s  Memory: 717.00M
"input" in: xor.drc:94
    Polygons (raw): 37 (flat)  37 (hierarchical)
    Elapsed: 0.000s  Memory: 717.00M
"^" in: xor.drc:94
    Polygons (raw): 0 (flat)  0 (hierarchical)
    Elapsed: 0.110s  Memory: 717.00M
XOR differences: 0
"output" in: xor.drc:69
    Polygons (raw): 0 (flat)  0 (hierarchical)
    Elapsed: 0.000s  Memory: 717.00M
--- Running XOR for layer 71/20 ---
"input" in: xor.drc:94
    Polygons (raw): 46 (flat)  46 (hierarchical)
    Elapsed: 0.000s  Memory: 717.00M
"input" in: xor.drc:94
    Polygons (raw): 3654 (flat)  81 (hierarchical)
    Elapsed: 0.000s  Memory: 717.00M
"^" in: xor.drc:94
    Polygons (raw): 0 (flat)  0 (hierarchical)
    Elapsed: 0.140s  Memory: 717.00M
XOR differences: 0
"output" in: xor.drc:69
    Polygons (raw): 0 (flat)  0 (hierarchical)
    Elapsed: 0.000s  Memory: 717.00M
--- Running XOR for layer 71/5 ---
"input" in: xor.drc:94
    Polygons (raw): 0 (flat)  0 (hierarchical)
    Elapsed: 0.000s  Memory: 717.00M
"input" in: xor.drc:94
    Polygons (raw): 0 (flat)  0 (hierarchical)
    Elapsed: 0.000s  Memory: 717.00M
"^" in: xor.drc:94
    Polygons (raw): 0 (flat)  0 (hierarchical)
    Elapsed: 0.090s  Memory: 717.00M
XOR differences: 0
"output" in: xor.drc:69
    Polygons (raw): 0 (flat)  0 (hierarchical)
    Elapsed: 0.000s  Memory: 717.00M
--- Running XOR for layer 75/20 ---
"input" in: xor.drc:94
    Polygons (raw): 74 (flat)  74 (hierarchical)
    Elapsed: 0.000s  Memory: 717.00M
"input" in: xor.drc:94
    Polygons (raw): 74 (flat)  74 (hierarchical)
    Elapsed: 0.000s  Memory: 717.00M
"^" in: xor.drc:94
    Polygons (raw): 0 (flat)  0 (hierarchical)
    Elapsed: 0.110s  Memory: 717.00M
XOR differences: 0
"output" in: xor.drc:69
    Polygons (raw): 0 (flat)  0 (hierarchical)
    Elapsed: 0.000s  Memory: 717.00M
--- Running XOR for layer 78/44 ---
"input" in: xor.drc:94
    Polygons (raw): 145444 (flat)  14 (hierarchical)
    Elapsed: 0.000s  Memory: 717.00M
"input" in: xor.drc:94
    Polygons (raw): 145444 (flat)  14 (hierarchical)
    Elapsed: 0.000s  Memory: 717.00M
"^" in: xor.drc:94
    Polygons (raw): 0 (flat)  0 (hierarchical)
    Elapsed: 1.260s  Memory: 717.00M
XOR differences: 0
"output" in: xor.drc:69
    Polygons (raw): 0 (flat)  0 (hierarchical)
    Elapsed: 0.010s  Memory: 717.00M
Warning: Skipping 81/14
--- Running XOR for layer 81/23 ---
"input" in: xor.drc:94
    Polygons (raw): 9 (flat)  1 (hierarchical)
    Elapsed: 0.000s  Memory: 717.00M
"input" in: xor.drc:94
    Polygons (raw): 9 (flat)  1 (hierarchical)
    Elapsed: 0.000s  Memory: 717.00M
"^" in: xor.drc:94
    Polygons (raw): 0 (flat)  0 (hierarchical)
    Elapsed: 0.060s  Memory: 717.00M
XOR differences: 0
"output" in: xor.drc:69
    Polygons (raw): 0 (flat)  0 (hierarchical)
    Elapsed: 0.000s  Memory: 717.00M
--- Running XOR for layer 81/4 ---
"input" in: xor.drc:94
    Polygons (raw): 145444 (flat)  14 (hierarchical)
    Elapsed: 0.000s  Memory: 717.00M
"input" in: xor.drc:94
    Polygons (raw): 145444 (flat)  14 (hierarchical)
    Elapsed: 0.000s  Memory: 717.00M
"^" in: xor.drc:94
    Polygons (raw): 0 (flat)  0 (hierarchical)
    Elapsed: 1.350s  Memory: 717.00M
XOR differences: 0
"output" in: xor.drc:69
    Polygons (raw): 0 (flat)  0 (hierarchical)
    Elapsed: 0.000s  Memory: 717.00M
--- Running XOR for layer 81/53 ---
"input" in: xor.drc:94
    Polygons (raw): 1 (flat)  1 (hierarchical)
    Elapsed: 0.000s  Memory: 717.00M
"input" in: xor.drc:94
    Polygons (raw): 1 (flat)  1 (hierarchical)
    Elapsed: 0.000s  Memory: 717.00M
"^" in: xor.drc:94
    Polygons (raw): 0 (flat)  0 (hierarchical)
    Elapsed: 0.100s  Memory: 717.00M
XOR differences: 0
"output" in: xor.drc:69
    Polygons (raw): 0 (flat)  0 (hierarchical)
    Elapsed: 0.000s  Memory: 717.00M
--- Running XOR for layer 83/44 ---
"input" in: xor.drc:94
    Polygons (raw): 0 (flat)  0 (hierarchical)
    Elapsed: 0.000s  Memory: 717.00M
"input" in: xor.drc:94
    Polygons (raw): 0 (flat)  0 (hierarchical)
    Elapsed: 0.000s  Memory: 717.00M
"^" in: xor.drc:94
    Polygons (raw): 0 (flat)  0 (hierarchical)
    Elapsed: 0.380s  Memory: 717.00M
XOR differences: 0
"output" in: xor.drc:69
    Polygons (raw): 0 (flat)  0 (hierarchical)
    Elapsed: 0.000s  Memory: 717.00M
--- Running XOR for layer 93/44 ---
"input" in: xor.drc:94
    Polygons (raw): 166292 (flat)  286 (hierarchical)
    Elapsed: 0.000s  Memory: 717.00M
"input" in: xor.drc:94
    Polygons (raw): 166292 (flat)  286 (hierarchical)
    Elapsed: 0.000s  Memory: 717.00M
"^" in: xor.drc:94
    Polygons (raw): 0 (flat)  0 (hierarchical)
    Elapsed: 1.570s  Memory: 717.00M
XOR differences: 0
"output" in: xor.drc:69
    Polygons (raw): 0 (flat)  0 (hierarchical)
    Elapsed: 0.000s  Memory: 717.00M
--- Running XOR for layer 94/20 ---
"input" in: xor.drc:94
    Polygons (raw): 166352 (flat)  346 (hierarchical)
    Elapsed: 0.000s  Memory: 717.00M
"input" in: xor.drc:94
    Polygons (raw): 166352 (flat)  346 (hierarchical)
    Elapsed: 0.000s  Memory: 717.00M
"^" in: xor.drc:94
    Polygons (raw): 0 (flat)  0 (hierarchical)
    Elapsed: 1.620s  Memory: 717.00M
XOR differences: 0
"output" in: xor.drc:69
    Polygons (raw): 0 (flat)  0 (hierarchical)
    Elapsed: 0.000s  Memory: 717.00M
--- Running XOR for layer 95/20 ---
"input" in: xor.drc:94
    Polygons (raw): 104553 (flat)  254 (hierarchical)
    Elapsed: 0.000s  Memory: 717.00M
"input" in: xor.drc:94
    Polygons (raw): 104553 (flat)  254 (hierarchical)
    Elapsed: 0.000s  Memory: 717.00M
"^" in: xor.drc:94
    Polygons (raw): 0 (flat)  0 (hierarchical)
    Elapsed: 1.060s  Memory: 717.00M
XOR differences: 0
"output" in: xor.drc:69
    Polygons (raw): 0 (flat)  0 (hierarchical)
    Elapsed: 0.010s  Memory: 717.00M
---
Total XOR differences: 0
Writing report database: /home/engtech/Desktop/Openlane_v2/memristor/openlane/user_proj_example/runs/24_04_08_16_30/reports/signoff/37-xor.xml ..
Total elapsed: 45.570s  Memory: 717.00M
