
===========================================================================
report_checks -unconstrained
===========================================================================
======================= Typical Corner ===================================

Startpoint: io_in[3] (input port)
Endpoint: core_flat/DIGITALIN3 (internal pin)
Path Group: unconstrained
Path Type: max

Fanout     Cap    Slew   Delay    Time   Description
-----------------------------------------------------------------------------
                          0.00    0.00 v input external delay
                  0.38    0.00    0.00 v io_in[3] (in)
     1    0.00                           io_in[3] (net)
                  0.38    0.00    0.00 v input7/A (sky130_fd_sc_hd__buf_2)
                  0.08    0.32    0.32 v input7/X (sky130_fd_sc_hd__buf_2)
     1    0.03                           net7 (net)
                  0.08    0.00    0.33 v core_flat/DIGITALIN3 (core_flat)
                                  0.33   data arrival time
-----------------------------------------------------------------------------
(Path is unconstrained)




===========================================================================
report_checks --slack_max -0.01
============================================================================
======================= Typical Corner ===================================

No paths found.


===========================================================================
 report_check_types -max_slew -max_cap -max_fanout -violators
============================================================================
======================= Typical Corner ===================================



===========================================================================
report_parasitic_annotation -report_unannotated
============================================================================
Found 17 unannotated drivers.
 SEL2
 analog_io1
 analog_io2
 analog_io3
 io_in[0]
 io_in[1]
 io_in[2]
 io_in[3]
 io_in[4]
 input1/X
 input2/X
 input3/X
 input4/X
 input5/X
 input6/X
 input7/X
 input8/X
Found 0 partially unannotated drivers.

===========================================================================
max slew violation count 0
max fanout violation count 0
max cap violation count 0
============================================================================

===========================================================================
check_setup -verbose -unconstrained_endpoints -multiple_clock -no_clock -no_input_delay -loops -generated_clocks
===========================================================================
Warning: There are 9 input ports missing set_input_delay.
  SEL2
  analog_io1
  analog_io2
  analog_io3
  io_in[0]
  io_in[1]
  io_in[2]
  io_in[3]
  io_in[4]
Warning: There is 1 unconstrained endpoint.
  SEL2
