[ERROR]: during executing: "openroad -exit -no_init -python /openlane/scripts/odbpy/manual_macro_place.py --config /home/engtech/Desktop/Openlane_v2/memristor/openlane/user_proj_example/runs/24_04_03_18_58/tmp/placement/macro_placement.cfg --fixed --input-lef /home/engtech/Desktop/Openlane_v2/memristor/openlane/user_proj_example/runs/24_04_03_18_58/tmp/merged.nom.lef --output-def /home/engtech/Desktop/Openlane_v2/memristor/openlane/user_proj_example/runs/24_04_03_18_58/tmp/floorplan/4-io.macro_placement.def --output /home/engtech/Desktop/Openlane_v2/memristor/openlane/user_proj_example/runs/24_04_03_18_58/tmp/floorplan/4-io.macro_placement.odb /home/engtech/Desktop/Openlane_v2/memristor/openlane/user_proj_example/runs/24_04_03_18_58/tmp/floorplan/4-io.odb |& tee /dev/null /home/engtech/Desktop/Openlane_v2/memristor/openlane/user_proj_example/runs/24_04_03_18_58/logs/placement/5-macro_placement.log"
[ERROR]: Exit code: 1
[ERROR]: Last 10 lines:
  File "/usr/local/lib/python3.6/site-packages/click/core.py", line 1395, in invoke
    return ctx.invoke(self.callback, **ctx.params)
  File "/usr/local/lib/python3.6/site-packages/click/core.py", line 754, in invoke
    return __callback(*args, **kwargs)
  File "/openlane/scripts/odbpy/reader.py", line 76, in wrapper
    function(**kwargs)
  File "/openlane/scripts/odbpy/manual_macro_place.py", line 102, in manual_macro_place
    assert not macros, ("Macros not found:", macros)
AssertionError: ('Macros not found:', {'inverter': ['60000', '30000', 'N']})
child process exited abnormally

[ERROR]: Step 5 (floorplan) failed with error:
-code 1 -level 0 -errorcode NONE -errorinfo {
    while executing
"throw_error"
    (procedure "try_exec" line 17)
    invoked from within
"try_exec $::env(OPENROAD_BIN) -exit -no_init -python {*}$args  --input-lef $::env(MERGED_LEF)  --output-def $arg_values(-output_def)  --output $arg_va..."
    (procedure "manipulate_layout" line 19)
    invoked from within
"manipulate_layout $::env(SCRIPTS_DIR)/odbpy/manual_macro_place.py -indexed_log $log  -output_def $save_def  -output $save_db  -input $prev_db  {*}$arg..."
    (procedure "manual_macro_placement" line 24)
    invoked from within
"manual_macro_placement -f"
    (procedure "run_floorplan" line 43)
    invoked from within
"run_floorplan"} -errorline 1
[ERROR]: Flow failed.
