/home/engtech/Desktop/Openlane_v2/memristor/cvc.error
/home/engtech/Desktop/Openlane_v2/memristor/sky130B_setup.tcl
/home/engtech/Desktop/Openlane_v2/memristor/lvs/user_project_wrapper/defines.v
/home/engtech/Desktop/Openlane_v2/memristor/caravel_venv/bin/activate
/home/engtech/Desktop/Openlane_v2/memristor/caravel_venv/bin/activate.fish
/home/engtech/Desktop/Openlane_v2/memristor/caravel_venv/bin/pip
/home/engtech/Desktop/Openlane_v2/memristor/caravel_venv/bin/Activate.ps1
/home/engtech/Desktop/Openlane_v2/memristor/caravel_venv/bin/pip3.10
/home/engtech/Desktop/Openlane_v2/memristor/caravel_venv/bin/pip3
/home/engtech/Desktop/Openlane_v2/memristor/caravel_venv/bin/activate.csh
/home/engtech/Desktop/Openlane_v2/memristor/caravel_venv/lib/python3.10/site-packages/distutils-precedence.pth
/home/engtech/Desktop/Openlane_v2/memristor/caravel_venv/lib/python3.10/site-packages/_yaml/__init__.py
/home/engtech/Desktop/Openlane_v2/memristor/caravel_venv/lib/python3.10/site-packages/pip-22.0.2.dist-info/RECORD
/home/engtech/Desktop/Openlane_v2/memristor/caravel_venv/lib/python3.10/site-packages/pip-22.0.2.dist-info/INSTALLER
/home/engtech/Desktop/Openlane_v2/memristor/caravel_venv/lib/python3.10/site-packages/pip-22.0.2.dist-info/METADATA
/home/engtech/Desktop/Openlane_v2/memristor/caravel_venv/lib/python3.10/site-packages/pip-22.0.2.dist-info/WHEEL
/home/engtech/Desktop/Openlane_v2/memristor/caravel_venv/lib/python3.10/site-packages/_distutils_hack/override.py
/home/engtech/Desktop/Openlane_v2/memristor/caravel_venv/lib/python3.10/site-packages/_distutils_hack/__init__.py
/home/engtech/Desktop/Openlane_v2/memristor/caravel_venv/lib/python3.10/site-packages/setuptools/monkey.py
/home/engtech/Desktop/Openlane_v2/memristor/caravel_venv/lib/python3.10/site-packages/setuptools/namespaces.py
/home/engtech/Desktop/Openlane_v2/memristor/caravel_venv/lib/python3.10/site-packages/setuptools/sandbox.py
/home/engtech/Desktop/Openlane_v2/memristor/caravel_venv/lib/python3.10/site-packages/setuptools/errors.py
/home/engtech/Desktop/Openlane_v2/memristor/caravel_venv/lib/python3.10/site-packages/setuptools/config.py
/home/engtech/Desktop/Openlane_v2/memristor/caravel_venv/lib/python3.10/site-packages/setuptools/build_meta.py
/home/engtech/Desktop/Openlane_v2/memristor/caravel_venv/lib/python3.10/site-packages/setuptools/depends.py
/home/engtech/Desktop/Openlane_v2/memristor/caravel_venv/lib/python3.10/site-packages/setuptools/version.py
/home/engtech/Desktop/Openlane_v2/memristor/caravel_venv/lib/python3.10/site-packages/setuptools/extension.py
/home/engtech/Desktop/Openlane_v2/memristor/caravel_venv/lib/python3.10/site-packages/setuptools/msvc.py
/home/engtech/Desktop/Openlane_v2/memristor/caravel_venv/lib/python3.10/site-packages/setuptools/package_index.py
/home/engtech/Desktop/Openlane_v2/memristor/caravel_venv/lib/python3.10/site-packages/setuptools/py34compat.py
/home/engtech/Desktop/Openlane_v2/memristor/caravel_venv/lib/python3.10/site-packages/setuptools/dist.py
/home/engtech/Desktop/Openlane_v2/memristor/caravel_venv/lib/python3.10/site-packages/setuptools/script (dev).tmpl
/home/engtech/Desktop/Openlane_v2/memristor/caravel_venv/lib/python3.10/site-packages/setuptools/windows_support.py
/home/engtech/Desktop/Openlane_v2/memristor/caravel_venv/lib/python3.10/site-packages/setuptools/archive_util.py
/home/engtech/Desktop/Openlane_v2/memristor/caravel_venv/lib/python3.10/site-packages/setuptools/_imp.py
/home/engtech/Desktop/Openlane_v2/memristor/caravel_venv/lib/python3.10/site-packages/setuptools/glob.py
/home/engtech/Desktop/Openlane_v2/memristor/caravel_venv/lib/python3.10/site-packages/setuptools/_deprecation_warning.py
/home/engtech/Desktop/Openlane_v2/memristor/caravel_venv/lib/python3.10/site-packages/setuptools/script.tmpl
/home/engtech/Desktop/Openlane_v2/memristor/caravel_venv/lib/python3.10/site-packages/setuptools/__init__.py
/home/engtech/Desktop/Openlane_v2/memristor/caravel_venv/lib/python3.10/site-packages/setuptools/installer.py
/home/engtech/Desktop/Openlane_v2/memristor/caravel_venv/lib/python3.10/site-packages/setuptools/launch.py
/home/engtech/Desktop/Openlane_v2/memristor/caravel_venv/lib/python3.10/site-packages/setuptools/wheel.py
/home/engtech/Desktop/Openlane_v2/memristor/caravel_venv/lib/python3.10/site-packages/setuptools/dep_util.py
/home/engtech/Desktop/Openlane_v2/memristor/caravel_venv/lib/python3.10/site-packages/setuptools/unicode_utils.py
/home/engtech/Desktop/Openlane_v2/memristor/caravel_venv/lib/python3.10/site-packages/setuptools/command/saveopts.py
/home/engtech/Desktop/Openlane_v2/memristor/caravel_venv/lib/python3.10/site-packages/setuptools/command/develop.py
/home/engtech/Desktop/Openlane_v2/memristor/caravel_venv/lib/python3.10/site-packages/setuptools/command/test.py
/home/engtech/Desktop/Openlane_v2/memristor/caravel_venv/lib/python3.10/site-packages/setuptools/command/build_ext.py
/home/engtech/Desktop/Openlane_v2/memristor/caravel_venv/lib/python3.10/site-packages/setuptools/command/sdist.py
/home/engtech/Desktop/Openlane_v2/memristor/caravel_venv/lib/python3.10/site-packages/setuptools/command/install.py
/home/engtech/Desktop/Openlane_v2/memristor/caravel_venv/lib/python3.10/site-packages/setuptools/command/py36compat.py
/home/engtech/Desktop/Openlane_v2/memristor/caravel_venv/lib/python3.10/site-packages/setuptools/command/egg_info.py
/home/engtech/Desktop/Openlane_v2/memristor/caravel_venv/lib/python3.10/site-packages/setuptools/command/dist_info.py
/home/engtech/Desktop/Openlane_v2/memristor/caravel_venv/lib/python3.10/site-packages/setuptools/command/bdist_rpm.py
/home/engtech/Desktop/Openlane_v2/memristor/caravel_venv/lib/python3.10/site-packages/setuptools/command/alias.py
/home/engtech/Desktop/Openlane_v2/memristor/caravel_venv/lib/python3.10/site-packages/setuptools/command/setopt.py
/home/engtech/Desktop/Openlane_v2/memristor/caravel_venv/lib/python3.10/site-packages/setuptools/command/install_scripts.py
/home/engtech/Desktop/Openlane_v2/memristor/caravel_venv/lib/python3.10/site-packages/setuptools/command/register.py
/home/engtech/Desktop/Openlane_v2/memristor/caravel_venv/lib/python3.10/site-packages/setuptools/command/bdist_egg.py
/home/engtech/Desktop/Openlane_v2/memristor/caravel_venv/lib/python3.10/site-packages/setuptools/command/build_py.py
/home/engtech/Desktop/Openlane_v2/memristor/caravel_venv/lib/python3.10/site-packages/setuptools/command/upload_docs.py
/home/engtech/Desktop/Openlane_v2/memristor/caravel_venv/lib/python3.10/site-packages/setuptools/command/install_lib.py
/home/engtech/Desktop/Openlane_v2/memristor/caravel_venv/lib/python3.10/site-packages/setuptools/command/build_clib.py
/home/engtech/Desktop/Openlane_v2/memristor/caravel_venv/lib/python3.10/site-packages/setuptools/command/easy_install.py
/home/engtech/Desktop/Openlane_v2/memristor/caravel_venv/lib/python3.10/site-packages/setuptools/command/upload.py
/home/engtech/Desktop/Openlane_v2/memristor/caravel_venv/lib/python3.10/site-packages/setuptools/command/__init__.py
/home/engtech/Desktop/Openlane_v2/memristor/caravel_venv/lib/python3.10/site-packages/setuptools/command/rotate.py
/home/engtech/Desktop/Openlane_v2/memristor/caravel_venv/lib/python3.10/site-packages/setuptools/command/install_egg_info.py
/home/engtech/Desktop/Openlane_v2/memristor/caravel_venv/lib/python3.10/site-packages/setuptools/extern/__init__.py
/home/engtech/Desktop/Openlane_v2/memristor/caravel_venv/lib/python3.10/site-packages/setuptools/_vendor/pyparsing.py
/home/engtech/Desktop/Openlane_v2/memristor/caravel_venv/lib/python3.10/site-packages/setuptools/_vendor/ordered_set.py
/home/engtech/Desktop/Openlane_v2/memristor/caravel_venv/lib/python3.10/site-packages/setuptools/_vendor/packaging/specifiers.py
/home/engtech/Desktop/Openlane_v2/memristor/caravel_venv/lib/python3.10/site-packages/setuptools/_vendor/packaging/version.py
/home/engtech/Desktop/Openlane_v2/memristor/caravel_venv/lib/python3.10/site-packages/setuptools/_vendor/packaging/_manylinux.py
/home/engtech/Desktop/Openlane_v2/memristor/caravel_venv/lib/python3.10/site-packages/setuptools/_vendor/packaging/_musllinux.py
/home/engtech/Desktop/Openlane_v2/memristor/caravel_venv/lib/python3.10/site-packages/setuptools/_vendor/packaging/utils.py
/home/engtech/Desktop/Openlane_v2/memristor/caravel_venv/lib/python3.10/site-packages/setuptools/_vendor/packaging/__init__.py
/home/engtech/Desktop/Openlane_v2/memristor/caravel_venv/lib/python3.10/site-packages/setuptools/_vendor/packaging/markers.py
/home/engtech/Desktop/Openlane_v2/memristor/caravel_venv/lib/python3.10/site-packages/setuptools/_vendor/packaging/__about__.py
/home/engtech/Desktop/Openlane_v2/memristor/caravel_venv/lib/python3.10/site-packages/setuptools/_vendor/packaging/requirements.py
/home/engtech/Desktop/Openlane_v2/memristor/caravel_venv/lib/python3.10/site-packages/setuptools/_vendor/packaging/tags.py
/home/engtech/Desktop/Openlane_v2/memristor/caravel_venv/lib/python3.10/site-packages/setuptools/_vendor/packaging/_structures.py
/home/engtech/Desktop/Openlane_v2/memristor/caravel_venv/lib/python3.10/site-packages/setuptools/_vendor/more_itertools/more.py
/home/engtech/Desktop/Openlane_v2/memristor/caravel_venv/lib/python3.10/site-packages/setuptools/_vendor/more_itertools/recipes.py
/home/engtech/Desktop/Openlane_v2/memristor/caravel_venv/lib/python3.10/site-packages/setuptools/_vendor/more_itertools/__init__.py
/home/engtech/Desktop/Openlane_v2/memristor/caravel_venv/lib/python3.10/site-packages/setuptools/_distutils/cmd.py
/home/engtech/Desktop/Openlane_v2/memristor/caravel_venv/lib/python3.10/site-packages/setuptools/_distutils/spawn.py
/home/engtech/Desktop/Openlane_v2/memristor/caravel_venv/lib/python3.10/site-packages/setuptools/_distutils/log.py
/home/engtech/Desktop/Openlane_v2/memristor/caravel_venv/lib/python3.10/site-packages/setuptools/_distutils/errors.py
/home/engtech/Desktop/Openlane_v2/memristor/caravel_venv/lib/python3.10/site-packages/setuptools/_distutils/unixccompiler.py
/home/engtech/Desktop/Openlane_v2/memristor/caravel_venv/lib/python3.10/site-packages/setuptools/_distutils/config.py
/home/engtech/Desktop/Openlane_v2/memristor/caravel_venv/lib/python3.10/site-packages/setuptools/_distutils/util.py
/home/engtech/Desktop/Openlane_v2/memristor/caravel_venv/lib/python3.10/site-packages/setuptools/_distutils/core.py
/home/engtech/Desktop/Openlane_v2/memristor/caravel_venv/lib/python3.10/site-packages/setuptools/_distutils/bcppcompiler.py
/home/engtech/Desktop/Openlane_v2/memristor/caravel_venv/lib/python3.10/site-packages/setuptools/_distutils/ccompiler.py
/home/engtech/Desktop/Openlane_v2/memristor/caravel_venv/lib/python3.10/site-packages/setuptools/_distutils/debug.py
/home/engtech/Desktop/Openlane_v2/memristor/caravel_venv/lib/python3.10/site-packages/setuptools/_distutils/text_file.py
/home/engtech/Desktop/Openlane_v2/memristor/caravel_venv/lib/python3.10/site-packages/setuptools/_distutils/version.py
/home/engtech/Desktop/Openlane_v2/memristor/caravel_venv/lib/python3.10/site-packages/setuptools/_distutils/dir_util.py
/home/engtech/Desktop/Openlane_v2/memristor/caravel_venv/lib/python3.10/site-packages/setuptools/_distutils/extension.py
/home/engtech/Desktop/Openlane_v2/memristor/caravel_venv/lib/python3.10/site-packages/setuptools/_distutils/filelist.py
/home/engtech/Desktop/Openlane_v2/memristor/caravel_venv/lib/python3.10/site-packages/setuptools/_distutils/dist.py
/home/engtech/Desktop/Openlane_v2/memristor/caravel_venv/lib/python3.10/site-packages/setuptools/_distutils/msvc9compiler.py
/home/engtech/Desktop/Openlane_v2/memristor/caravel_venv/lib/python3.10/site-packages/setuptools/_distutils/msvccompiler.py
/home/engtech/Desktop/Openlane_v2/memristor/caravel_venv/lib/python3.10/site-packages/setuptools/_distutils/_msvccompiler.py
/home/engtech/Desktop/Openlane_v2/memristor/caravel_venv/lib/python3.10/site-packages/setuptools/_distutils/py35compat.py
/home/engtech/Desktop/Openlane_v2/memristor/caravel_venv/lib/python3.10/site-packages/setuptools/_distutils/archive_util.py
/home/engtech/Desktop/Openlane_v2/memristor/caravel_venv/lib/python3.10/site-packages/setuptools/_distutils/sysconfig.py
/home/engtech/Desktop/Openlane_v2/memristor/caravel_venv/lib/python3.10/site-packages/setuptools/_distutils/__init__.py
/home/engtech/Desktop/Openlane_v2/memristor/caravel_venv/lib/python3.10/site-packages/setuptools/_distutils/fancy_getopt.py
/home/engtech/Desktop/Openlane_v2/memristor/caravel_venv/lib/python3.10/site-packages/setuptools/_distutils/versionpredicate.py
/home/engtech/Desktop/Openlane_v2/memristor/caravel_venv/lib/python3.10/site-packages/setuptools/_distutils/file_util.py
/home/engtech/Desktop/Openlane_v2/memristor/caravel_venv/lib/python3.10/site-packages/setuptools/_distutils/dep_util.py
/home/engtech/Desktop/Openlane_v2/memristor/caravel_venv/lib/python3.10/site-packages/setuptools/_distutils/py38compat.py
/home/engtech/Desktop/Openlane_v2/memristor/caravel_venv/lib/python3.10/site-packages/setuptools/_distutils/cygwinccompiler.py
/home/engtech/Desktop/Openlane_v2/memristor/caravel_venv/lib/python3.10/site-packages/setuptools/_distutils/command/bdist_wininst.py
/home/engtech/Desktop/Openlane_v2/memristor/caravel_venv/lib/python3.10/site-packages/setuptools/_distutils/command/py37compat.py
/home/engtech/Desktop/Openlane_v2/memristor/caravel_venv/lib/python3.10/site-packages/setuptools/_distutils/command/install_data.py
/home/engtech/Desktop/Openlane_v2/memristor/caravel_venv/lib/python3.10/site-packages/setuptools/_distutils/command/install_headers.py
/home/engtech/Desktop/Openlane_v2/memristor/caravel_venv/lib/python3.10/site-packages/setuptools/_distutils/command/bdist.py
/home/engtech/Desktop/Openlane_v2/memristor/caravel_venv/lib/python3.10/site-packages/setuptools/_distutils/command/build_ext.py
/home/engtech/Desktop/Openlane_v2/memristor/caravel_venv/lib/python3.10/site-packages/setuptools/_distutils/command/sdist.py
/home/engtech/Desktop/Openlane_v2/memristor/caravel_venv/lib/python3.10/site-packages/setuptools/_distutils/command/config.py
/home/engtech/Desktop/Openlane_v2/memristor/caravel_venv/lib/python3.10/site-packages/setuptools/_distutils/command/install.py
/home/engtech/Desktop/Openlane_v2/memristor/caravel_venv/lib/python3.10/site-packages/setuptools/_distutils/command/bdist_msi.py
/home/engtech/Desktop/Openlane_v2/memristor/caravel_venv/lib/python3.10/site-packages/setuptools/_distutils/command/bdist_rpm.py
/home/engtech/Desktop/Openlane_v2/memristor/caravel_venv/lib/python3.10/site-packages/setuptools/_distutils/command/build.py
/home/engtech/Desktop/Openlane_v2/memristor/caravel_venv/lib/python3.10/site-packages/setuptools/_distutils/command/check.py
/home/engtech/Desktop/Openlane_v2/memristor/caravel_venv/lib/python3.10/site-packages/setuptools/_distutils/command/install_scripts.py
/home/engtech/Desktop/Openlane_v2/memristor/caravel_venv/lib/python3.10/site-packages/setuptools/_distutils/command/register.py
/home/engtech/Desktop/Openlane_v2/memristor/caravel_venv/lib/python3.10/site-packages/setuptools/_distutils/command/bdist_dumb.py
/home/engtech/Desktop/Openlane_v2/memristor/caravel_venv/lib/python3.10/site-packages/setuptools/_distutils/command/build_scripts.py
/home/engtech/Desktop/Openlane_v2/memristor/caravel_venv/lib/python3.10/site-packages/setuptools/_distutils/command/build_py.py
/home/engtech/Desktop/Openlane_v2/memristor/caravel_venv/lib/python3.10/site-packages/setuptools/_distutils/command/install_lib.py
/home/engtech/Desktop/Openlane_v2/memristor/caravel_venv/lib/python3.10/site-packages/setuptools/_distutils/command/build_clib.py
/home/engtech/Desktop/Openlane_v2/memristor/caravel_venv/lib/python3.10/site-packages/setuptools/_distutils/command/upload.py
/home/engtech/Desktop/Openlane_v2/memristor/caravel_venv/lib/python3.10/site-packages/setuptools/_distutils/command/__init__.py
/home/engtech/Desktop/Openlane_v2/memristor/caravel_venv/lib/python3.10/site-packages/setuptools/_distutils/command/clean.py
/home/engtech/Desktop/Openlane_v2/memristor/caravel_venv/lib/python3.10/site-packages/setuptools/_distutils/command/install_egg_info.py
/home/engtech/Desktop/Openlane_v2/memristor/caravel_venv/lib/python3.10/site-packages/PyYAML-6.0.1.dist-info/RECORD
/home/engtech/Desktop/Openlane_v2/memristor/caravel_venv/lib/python3.10/site-packages/PyYAML-6.0.1.dist-info/INSTALLER
/home/engtech/Desktop/Openlane_v2/memristor/caravel_venv/lib/python3.10/site-packages/PyYAML-6.0.1.dist-info/METADATA
/home/engtech/Desktop/Openlane_v2/memristor/caravel_venv/lib/python3.10/site-packages/PyYAML-6.0.1.dist-info/WHEEL
/home/engtech/Desktop/Openlane_v2/memristor/caravel_venv/lib/python3.10/site-packages/pkg_resources/__init__.py
/home/engtech/Desktop/Openlane_v2/memristor/caravel_venv/lib/python3.10/site-packages/pkg_resources/extern/__init__.py
/home/engtech/Desktop/Openlane_v2/memristor/caravel_venv/lib/python3.10/site-packages/pkg_resources/_vendor/pyparsing.py
/home/engtech/Desktop/Openlane_v2/memristor/caravel_venv/lib/python3.10/site-packages/pkg_resources/_vendor/appdirs.py
/home/engtech/Desktop/Openlane_v2/memristor/caravel_venv/lib/python3.10/site-packages/pkg_resources/_vendor/packaging/specifiers.py
/home/engtech/Desktop/Openlane_v2/memristor/caravel_venv/lib/python3.10/site-packages/pkg_resources/_vendor/packaging/version.py
/home/engtech/Desktop/Openlane_v2/memristor/caravel_venv/lib/python3.10/site-packages/pkg_resources/_vendor/packaging/_manylinux.py
/home/engtech/Desktop/Openlane_v2/memristor/caravel_venv/lib/python3.10/site-packages/pkg_resources/_vendor/packaging/_musllinux.py
/home/engtech/Desktop/Openlane_v2/memristor/caravel_venv/lib/python3.10/site-packages/pkg_resources/_vendor/packaging/utils.py
/home/engtech/Desktop/Openlane_v2/memristor/caravel_venv/lib/python3.10/site-packages/pkg_resources/_vendor/packaging/__init__.py
/home/engtech/Desktop/Openlane_v2/memristor/caravel_venv/lib/python3.10/site-packages/pkg_resources/_vendor/packaging/markers.py
/home/engtech/Desktop/Openlane_v2/memristor/caravel_venv/lib/python3.10/site-packages/pkg_resources/_vendor/packaging/__about__.py
/home/engtech/Desktop/Openlane_v2/memristor/caravel_venv/lib/python3.10/site-packages/pkg_resources/_vendor/packaging/requirements.py
/home/engtech/Desktop/Openlane_v2/memristor/caravel_venv/lib/python3.10/site-packages/pkg_resources/_vendor/packaging/tags.py
/home/engtech/Desktop/Openlane_v2/memristor/caravel_venv/lib/python3.10/site-packages/pkg_resources/_vendor/packaging/_structures.py
/home/engtech/Desktop/Openlane_v2/memristor/caravel_venv/lib/python3.10/site-packages/pkg_resources/tests/data/my-test-package-source/setup.py
/home/engtech/Desktop/Openlane_v2/memristor/caravel_venv/lib/python3.10/site-packages/pip/py.typed
/home/engtech/Desktop/Openlane_v2/memristor/caravel_venv/lib/python3.10/site-packages/pip/__init__.py
/home/engtech/Desktop/Openlane_v2/memristor/caravel_venv/lib/python3.10/site-packages/pip/__main__.py
/home/engtech/Desktop/Openlane_v2/memristor/caravel_venv/lib/python3.10/site-packages/pip/_internal/main.py
/home/engtech/Desktop/Openlane_v2/memristor/caravel_venv/lib/python3.10/site-packages/pip/_internal/pyproject.py
/home/engtech/Desktop/Openlane_v2/memristor/caravel_venv/lib/python3.10/site-packages/pip/_internal/self_outdated_check.py
/home/engtech/Desktop/Openlane_v2/memristor/caravel_venv/lib/python3.10/site-packages/pip/_internal/configuration.py
/home/engtech/Desktop/Openlane_v2/memristor/caravel_venv/lib/python3.10/site-packages/pip/_internal/cache.py
/home/engtech/Desktop/Openlane_v2/memristor/caravel_venv/lib/python3.10/site-packages/pip/_internal/exceptions.py
/home/engtech/Desktop/Openlane_v2/memristor/caravel_venv/lib/python3.10/site-packages/pip/_internal/build_env.py
/home/engtech/Desktop/Openlane_v2/memristor/caravel_venv/lib/python3.10/site-packages/pip/_internal/__init__.py
/home/engtech/Desktop/Openlane_v2/memristor/caravel_venv/lib/python3.10/site-packages/pip/_internal/wheel_builder.py
/home/engtech/Desktop/Openlane_v2/memristor/caravel_venv/lib/python3.10/site-packages/pip/_internal/index/collector.py
/home/engtech/Desktop/Openlane_v2/memristor/caravel_venv/lib/python3.10/site-packages/pip/_internal/index/sources.py
/home/engtech/Desktop/Openlane_v2/memristor/caravel_venv/lib/python3.10/site-packages/pip/_internal/index/package_finder.py
/home/engtech/Desktop/Openlane_v2/memristor/caravel_venv/lib/python3.10/site-packages/pip/_internal/index/__init__.py
/home/engtech/Desktop/Openlane_v2/memristor/caravel_venv/lib/python3.10/site-packages/pip/_internal/operations/freeze.py
/home/engtech/Desktop/Openlane_v2/memristor/caravel_venv/lib/python3.10/site-packages/pip/_internal/operations/check.py
/home/engtech/Desktop/Openlane_v2/memristor/caravel_venv/lib/python3.10/site-packages/pip/_internal/operations/prepare.py
/home/engtech/Desktop/Openlane_v2/memristor/caravel_venv/lib/python3.10/site-packages/pip/_internal/operations/install/__init__.py
/home/engtech/Desktop/Openlane_v2/memristor/caravel_venv/lib/python3.10/site-packages/pip/_internal/operations/install/legacy.py
/home/engtech/Desktop/Openlane_v2/memristor/caravel_venv/lib/python3.10/site-packages/pip/_internal/operations/install/editable_legacy.py
/home/engtech/Desktop/Openlane_v2/memristor/caravel_venv/lib/python3.10/site-packages/pip/_internal/operations/install/wheel.py
/home/engtech/Desktop/Openlane_v2/memristor/caravel_venv/lib/python3.10/site-packages/pip/_internal/operations/build/wheel_legacy.py
/home/engtech/Desktop/Openlane_v2/memristor/caravel_venv/lib/python3.10/site-packages/pip/_internal/operations/build/metadata.py
/home/engtech/Desktop/Openlane_v2/memristor/caravel_venv/lib/python3.10/site-packages/pip/_internal/operations/build/metadata_legacy.py
/home/engtech/Desktop/Openlane_v2/memristor/caravel_venv/lib/python3.10/site-packages/pip/_internal/operations/build/wheel.py
/home/engtech/Desktop/Openlane_v2/memristor/caravel_venv/lib/python3.10/site-packages/pip/_internal/operations/build/metadata_editable.py
/home/engtech/Desktop/Openlane_v2/memristor/caravel_venv/lib/python3.10/site-packages/pip/_internal/operations/build/wheel_editable.py
/home/engtech/Desktop/Openlane_v2/memristor/caravel_venv/lib/python3.10/site-packages/pip/_internal/distributions/sdist.py
/home/engtech/Desktop/Openlane_v2/memristor/caravel_venv/lib/python3.10/site-packages/pip/_internal/distributions/installed.py
/home/engtech/Desktop/Openlane_v2/memristor/caravel_venv/lib/python3.10/site-packages/pip/_internal/distributions/base.py
/home/engtech/Desktop/Openlane_v2/memristor/caravel_venv/lib/python3.10/site-packages/pip/_internal/distributions/__init__.py
/home/engtech/Desktop/Openlane_v2/memristor/caravel_venv/lib/python3.10/site-packages/pip/_internal/distributions/wheel.py
/home/engtech/Desktop/Openlane_v2/memristor/caravel_venv/lib/python3.10/site-packages/pip/_internal/vcs/mercurial.py
/home/engtech/Desktop/Openlane_v2/memristor/caravel_venv/lib/python3.10/site-packages/pip/_internal/vcs/subversion.py
/home/engtech/Desktop/Openlane_v2/memristor/caravel_venv/lib/python3.10/site-packages/pip/_internal/vcs/bazaar.py
/home/engtech/Desktop/Openlane_v2/memristor/caravel_venv/lib/python3.10/site-packages/pip/_internal/vcs/git.py
/home/engtech/Desktop/Openlane_v2/memristor/caravel_venv/lib/python3.10/site-packages/pip/_internal/vcs/versioncontrol.py
/home/engtech/Desktop/Openlane_v2/memristor/caravel_venv/lib/python3.10/site-packages/pip/_internal/vcs/__init__.py
/home/engtech/Desktop/Openlane_v2/memristor/caravel_venv/lib/python3.10/site-packages/pip/_internal/models/link.py
/home/engtech/Desktop/Openlane_v2/memristor/caravel_venv/lib/python3.10/site-packages/pip/_internal/models/index.py
/home/engtech/Desktop/Openlane_v2/memristor/caravel_venv/lib/python3.10/site-packages/pip/_internal/models/format_control.py
/home/engtech/Desktop/Openlane_v2/memristor/caravel_venv/lib/python3.10/site-packages/pip/_internal/models/search_scope.py
/home/engtech/Desktop/Openlane_v2/memristor/caravel_venv/lib/python3.10/site-packages/pip/_internal/models/scheme.py
/home/engtech/Desktop/Openlane_v2/memristor/caravel_venv/lib/python3.10/site-packages/pip/_internal/models/__init__.py
/home/engtech/Desktop/Openlane_v2/memristor/caravel_venv/lib/python3.10/site-packages/pip/_internal/models/target_python.py
/home/engtech/Desktop/Openlane_v2/memristor/caravel_venv/lib/python3.10/site-packages/pip/_internal/models/wheel.py
/home/engtech/Desktop/Openlane_v2/memristor/caravel_venv/lib/python3.10/site-packages/pip/_internal/models/direct_url.py
/home/engtech/Desktop/Openlane_v2/memristor/caravel_venv/lib/python3.10/site-packages/pip/_internal/models/candidate.py
/home/engtech/Desktop/Openlane_v2/memristor/caravel_venv/lib/python3.10/site-packages/pip/_internal/models/selection_prefs.py
/home/engtech/Desktop/Openlane_v2/memristor/caravel_venv/lib/python3.10/site-packages/pip/_internal/locations/_sysconfig.py
/home/engtech/Desktop/Openlane_v2/memristor/caravel_venv/lib/python3.10/site-packages/pip/_internal/locations/_distutils.py
/home/engtech/Desktop/Openlane_v2/memristor/caravel_venv/lib/python3.10/site-packages/pip/_internal/locations/base.py
/home/engtech/Desktop/Openlane_v2/memristor/caravel_venv/lib/python3.10/site-packages/pip/_internal/locations/__init__.py
/home/engtech/Desktop/Openlane_v2/memristor/caravel_venv/lib/python3.10/site-packages/pip/_internal/req/constructors.py
/home/engtech/Desktop/Openlane_v2/memristor/caravel_venv/lib/python3.10/site-packages/pip/_internal/req/req_uninstall.py
/home/engtech/Desktop/Openlane_v2/memristor/caravel_venv/lib/python3.10/site-packages/pip/_internal/req/req_tracker.py
/home/engtech/Desktop/Openlane_v2/memristor/caravel_venv/lib/python3.10/site-packages/pip/_internal/req/req_set.py
/home/engtech/Desktop/Openlane_v2/memristor/caravel_venv/lib/python3.10/site-packages/pip/_internal/req/req_file.py
/home/engtech/Desktop/Openlane_v2/memristor/caravel_venv/lib/python3.10/site-packages/pip/_internal/req/__init__.py
/home/engtech/Desktop/Openlane_v2/memristor/caravel_venv/lib/python3.10/site-packages/pip/_internal/req/req_install.py
/home/engtech/Desktop/Openlane_v2/memristor/caravel_venv/lib/python3.10/site-packages/pip/_internal/commands/uninstall.py
/home/engtech/Desktop/Openlane_v2/memristor/caravel_venv/lib/python3.10/site-packages/pip/_internal/commands/search.py
/home/engtech/Desktop/Openlane_v2/memristor/caravel_venv/lib/python3.10/site-packages/pip/_internal/commands/download.py
/home/engtech/Desktop/Openlane_v2/memristor/caravel_venv/lib/python3.10/site-packages/pip/_internal/commands/index.py
/home/engtech/Desktop/Openlane_v2/memristor/caravel_venv/lib/python3.10/site-packages/pip/_internal/commands/install.py
/home/engtech/Desktop/Openlane_v2/memristor/caravel_venv/lib/python3.10/site-packages/pip/_internal/commands/help.py
/home/engtech/Desktop/Openlane_v2/memristor/caravel_venv/lib/python3.10/site-packages/pip/_internal/commands/freeze.py
/home/engtech/Desktop/Openlane_v2/memristor/caravel_venv/lib/python3.10/site-packages/pip/_internal/commands/configuration.py
/home/engtech/Desktop/Openlane_v2/memristor/caravel_venv/lib/python3.10/site-packages/pip/_internal/commands/show.py
/home/engtech/Desktop/Openlane_v2/memristor/caravel_venv/lib/python3.10/site-packages/pip/_internal/commands/debug.py
/home/engtech/Desktop/Openlane_v2/memristor/caravel_venv/lib/python3.10/site-packages/pip/_internal/commands/cache.py
/home/engtech/Desktop/Openlane_v2/memristor/caravel_venv/lib/python3.10/site-packages/pip/_internal/commands/check.py
/home/engtech/Desktop/Openlane_v2/memristor/caravel_venv/lib/python3.10/site-packages/pip/_internal/commands/list.py
/home/engtech/Desktop/Openlane_v2/memristor/caravel_venv/lib/python3.10/site-packages/pip/_internal/commands/completion.py
/home/engtech/Desktop/Openlane_v2/memristor/caravel_venv/lib/python3.10/site-packages/pip/_internal/commands/__init__.py
/home/engtech/Desktop/Openlane_v2/memristor/caravel_venv/lib/python3.10/site-packages/pip/_internal/commands/hash.py
/home/engtech/Desktop/Openlane_v2/memristor/caravel_venv/lib/python3.10/site-packages/pip/_internal/commands/wheel.py
/home/engtech/Desktop/Openlane_v2/memristor/caravel_venv/lib/python3.10/site-packages/pip/_internal/resolution/base.py
/home/engtech/Desktop/Openlane_v2/memristor/caravel_venv/lib/python3.10/site-packages/pip/_internal/resolution/resolvelib/found_candidates.py
/home/engtech/Desktop/Openlane_v2/memristor/caravel_venv/lib/python3.10/site-packages/pip/_internal/resolution/resolvelib/provider.py
/home/engtech/Desktop/Openlane_v2/memristor/caravel_venv/lib/python3.10/site-packages/pip/_internal/resolution/resolvelib/reporter.py
/home/engtech/Desktop/Openlane_v2/memristor/caravel_venv/lib/python3.10/site-packages/pip/_internal/resolution/resolvelib/base.py
/home/engtech/Desktop/Openlane_v2/memristor/caravel_venv/lib/python3.10/site-packages/pip/_internal/resolution/resolvelib/factory.py
/home/engtech/Desktop/Openlane_v2/memristor/caravel_venv/lib/python3.10/site-packages/pip/_internal/resolution/resolvelib/resolver.py
/home/engtech/Desktop/Openlane_v2/memristor/caravel_venv/lib/python3.10/site-packages/pip/_internal/resolution/resolvelib/candidates.py
/home/engtech/Desktop/Openlane_v2/memristor/caravel_venv/lib/python3.10/site-packages/pip/_internal/resolution/resolvelib/requirements.py
/home/engtech/Desktop/Openlane_v2/memristor/caravel_venv/lib/python3.10/site-packages/pip/_internal/resolution/legacy/resolver.py
/home/engtech/Desktop/Openlane_v2/memristor/caravel_venv/lib/python3.10/site-packages/pip/_internal/metadata/base.py
/home/engtech/Desktop/Openlane_v2/memristor/caravel_venv/lib/python3.10/site-packages/pip/_internal/metadata/__init__.py
/home/engtech/Desktop/Openlane_v2/memristor/caravel_venv/lib/python3.10/site-packages/pip/_internal/metadata/pkg_resources.py
/home/engtech/Desktop/Openlane_v2/memristor/caravel_venv/lib/python3.10/site-packages/pip/_internal/utils/subprocess.py
/home/engtech/Desktop/Openlane_v2/memristor/caravel_venv/lib/python3.10/site-packages/pip/_internal/utils/glibc.py
/home/engtech/Desktop/Openlane_v2/memristor/caravel_venv/lib/python3.10/site-packages/pip/_internal/utils/encoding.py
/home/engtech/Desktop/Openlane_v2/memristor/caravel_venv/lib/python3.10/site-packages/pip/_internal/utils/compatibility_tags.py
/home/engtech/Desktop/Openlane_v2/memristor/caravel_venv/lib/python3.10/site-packages/pip/_internal/utils/urls.py
/home/engtech/Desktop/Openlane_v2/memristor/caravel_venv/lib/python3.10/site-packages/pip/_internal/utils/deprecation.py
/home/engtech/Desktop/Openlane_v2/memristor/caravel_venv/lib/python3.10/site-packages/pip/_internal/utils/setuptools_build.py
/home/engtech/Desktop/Openlane_v2/memristor/caravel_venv/lib/python3.10/site-packages/pip/_internal/utils/_log.py
/home/engtech/Desktop/Openlane_v2/memristor/caravel_venv/lib/python3.10/site-packages/pip/_internal/utils/filetypes.py
/home/engtech/Desktop/Openlane_v2/memristor/caravel_venv/lib/python3.10/site-packages/pip/_internal/utils/temp_dir.py
/home/engtech/Desktop/Openlane_v2/memristor/caravel_venv/lib/python3.10/site-packages/pip/_internal/utils/entrypoints.py
/home/engtech/Desktop/Openlane_v2/memristor/caravel_venv/lib/python3.10/site-packages/pip/_internal/utils/virtualenv.py
/home/engtech/Desktop/Openlane_v2/memristor/caravel_venv/lib/python3.10/site-packages/pip/_internal/utils/egg_link.py
/home/engtech/Desktop/Openlane_v2/memristor/caravel_venv/lib/python3.10/site-packages/pip/_internal/utils/packaging.py
/home/engtech/Desktop/Openlane_v2/memristor/caravel_venv/lib/python3.10/site-packages/pip/_internal/utils/filesystem.py
/home/engtech/Desktop/Openlane_v2/memristor/caravel_venv/lib/python3.10/site-packages/pip/_internal/utils/hashes.py
/home/engtech/Desktop/Openlane_v2/memristor/caravel_venv/lib/python3.10/site-packages/pip/_internal/utils/compat.py
/home/engtech/Desktop/Openlane_v2/memristor/caravel_venv/lib/python3.10/site-packages/pip/_internal/utils/datetime.py
/home/engtech/Desktop/Openlane_v2/memristor/caravel_venv/lib/python3.10/site-packages/pip/_internal/utils/unpacking.py
/home/engtech/Desktop/Openlane_v2/memristor/caravel_venv/lib/python3.10/site-packages/pip/_internal/utils/appdirs.py
/home/engtech/Desktop/Openlane_v2/memristor/caravel_venv/lib/python3.10/site-packages/pip/_internal/utils/logging.py
/home/engtech/Desktop/Openlane_v2/memristor/caravel_venv/lib/python3.10/site-packages/pip/_internal/utils/models.py
/home/engtech/Desktop/Openlane_v2/memristor/caravel_venv/lib/python3.10/site-packages/pip/_internal/utils/wheel.py
/home/engtech/Desktop/Openlane_v2/memristor/caravel_venv/lib/python3.10/site-packages/pip/_internal/utils/direct_url_helpers.py
/home/engtech/Desktop/Openlane_v2/memristor/caravel_venv/lib/python3.10/site-packages/pip/_internal/utils/inject_securetransport.py
/home/engtech/Desktop/Openlane_v2/memristor/caravel_venv/lib/python3.10/site-packages/pip/_internal/utils/distutils_args.py
/home/engtech/Desktop/Openlane_v2/memristor/caravel_venv/lib/python3.10/site-packages/pip/_internal/utils/misc.py
/home/engtech/Desktop/Openlane_v2/memristor/caravel_venv/lib/python3.10/site-packages/pip/_internal/cli/status_codes.py
/home/engtech/Desktop/Openlane_v2/memristor/caravel_venv/lib/python3.10/site-packages/pip/_internal/cli/command_context.py
/home/engtech/Desktop/Openlane_v2/memristor/caravel_venv/lib/python3.10/site-packages/pip/_internal/cli/main.py
/home/engtech/Desktop/Openlane_v2/memristor/caravel_venv/lib/python3.10/site-packages/pip/_internal/cli/req_command.py
/home/engtech/Desktop/Openlane_v2/memristor/caravel_venv/lib/python3.10/site-packages/pip/_internal/cli/parser.py
/home/engtech/Desktop/Openlane_v2/memristor/caravel_venv/lib/python3.10/site-packages/pip/_internal/cli/cmdoptions.py
/home/engtech/Desktop/Openlane_v2/memristor/caravel_venv/lib/python3.10/site-packages/pip/_internal/cli/progress_bars.py
/home/engtech/Desktop/Openlane_v2/memristor/caravel_venv/lib/python3.10/site-packages/pip/_internal/cli/base_command.py
/home/engtech/Desktop/Openlane_v2/memristor/caravel_venv/lib/python3.10/site-packages/pip/_internal/cli/spinners.py
/home/engtech/Desktop/Openlane_v2/memristor/caravel_venv/lib/python3.10/site-packages/pip/_internal/cli/main_parser.py
/home/engtech/Desktop/Openlane_v2/memristor/caravel_venv/lib/python3.10/site-packages/pip/_internal/cli/autocompletion.py
/home/engtech/Desktop/Openlane_v2/memristor/caravel_venv/lib/python3.10/site-packages/pip/_internal/cli/__init__.py
/home/engtech/Desktop/Openlane_v2/memristor/caravel_venv/lib/python3.10/site-packages/pip/_internal/network/xmlrpc.py
/home/engtech/Desktop/Openlane_v2/memristor/caravel_venv/lib/python3.10/site-packages/pip/_internal/network/download.py
/home/engtech/Desktop/Openlane_v2/memristor/caravel_venv/lib/python3.10/site-packages/pip/_internal/network/cache.py
/home/engtech/Desktop/Openlane_v2/memristor/caravel_venv/lib/python3.10/site-packages/pip/_internal/network/session.py
/home/engtech/Desktop/Openlane_v2/memristor/caravel_venv/lib/python3.10/site-packages/pip/_internal/network/utils.py
/home/engtech/Desktop/Openlane_v2/memristor/caravel_venv/lib/python3.10/site-packages/pip/_internal/network/lazy_wheel.py
/home/engtech/Desktop/Openlane_v2/memristor/caravel_venv/lib/python3.10/site-packages/pip/_internal/network/__init__.py
/home/engtech/Desktop/Openlane_v2/memristor/caravel_venv/lib/python3.10/site-packages/pip/_internal/network/auth.py
/home/engtech/Desktop/Openlane_v2/memristor/caravel_venv/lib/python3.10/site-packages/pip/_vendor/six.py
/home/engtech/Desktop/Openlane_v2/memristor/caravel_venv/lib/python3.10/site-packages/pip/_vendor/__init__.py
/home/engtech/Desktop/Openlane_v2/memristor/caravel_venv/lib/python3.10/site-packages/pip/_vendor/typing_extensions.py
/home/engtech/Desktop/Openlane_v2/memristor/caravel_venv/lib/python3.10/site-packages/pip/_vendor/distro.py
/home/engtech/Desktop/Openlane_v2/memristor/caravel_venv/lib/python3.10/site-packages/pip/_vendor/idna/idnadata.py
/home/engtech/Desktop/Openlane_v2/memristor/caravel_venv/lib/python3.10/site-packages/pip/_vendor/idna/core.py
/home/engtech/Desktop/Openlane_v2/memristor/caravel_venv/lib/python3.10/site-packages/pip/_vendor/idna/uts46data.py
/home/engtech/Desktop/Openlane_v2/memristor/caravel_venv/lib/python3.10/site-packages/pip/_vendor/idna/package_data.py
/home/engtech/Desktop/Openlane_v2/memristor/caravel_venv/lib/python3.10/site-packages/pip/_vendor/idna/__init__.py
/home/engtech/Desktop/Openlane_v2/memristor/caravel_venv/lib/python3.10/site-packages/pip/_vendor/idna/intranges.py
/home/engtech/Desktop/Openlane_v2/memristor/caravel_venv/lib/python3.10/site-packages/pip/_vendor/idna/compat.py
/home/engtech/Desktop/Openlane_v2/memristor/caravel_venv/lib/python3.10/site-packages/pip/_vendor/idna/codec.py
/home/engtech/Desktop/Openlane_v2/memristor/caravel_venv/lib/python3.10/site-packages/pip/_vendor/tenacity/before_sleep.py
/home/engtech/Desktop/Openlane_v2/memristor/caravel_venv/lib/python3.10/site-packages/pip/_vendor/tenacity/nap.py
/home/engtech/Desktop/Openlane_v2/memristor/caravel_venv/lib/python3.10/site-packages/pip/_vendor/tenacity/_asyncio.py
/home/engtech/Desktop/Openlane_v2/memristor/caravel_venv/lib/python3.10/site-packages/pip/_vendor/tenacity/wait.py
/home/engtech/Desktop/Openlane_v2/memristor/caravel_venv/lib/python3.10/site-packages/pip/_vendor/tenacity/retry.py
/home/engtech/Desktop/Openlane_v2/memristor/caravel_venv/lib/python3.10/site-packages/pip/_vendor/tenacity/after.py
/home/engtech/Desktop/Openlane_v2/memristor/caravel_venv/lib/python3.10/site-packages/pip/_vendor/tenacity/stop.py
/home/engtech/Desktop/Openlane_v2/memristor/caravel_venv/lib/python3.10/site-packages/pip/_vendor/tenacity/_utils.py
/home/engtech/Desktop/Openlane_v2/memristor/caravel_venv/lib/python3.10/site-packages/pip/_vendor/tenacity/__init__.py
/home/engtech/Desktop/Openlane_v2/memristor/caravel_venv/lib/python3.10/site-packages/pip/_vendor/tenacity/before.py
/home/engtech/Desktop/Openlane_v2/memristor/caravel_venv/lib/python3.10/site-packages/pip/_vendor/tenacity/tornadoweb.py
/home/engtech/Desktop/Openlane_v2/memristor/caravel_venv/lib/python3.10/site-packages/pip/_vendor/resolvelib/providers.py
/home/engtech/Desktop/Openlane_v2/memristor/caravel_venv/lib/python3.10/site-packages/pip/_vendor/resolvelib/structs.py
/home/engtech/Desktop/Openlane_v2/memristor/caravel_venv/lib/python3.10/site-packages/pip/_vendor/resolvelib/reporters.py
/home/engtech/Desktop/Openlane_v2/memristor/caravel_venv/lib/python3.10/site-packages/pip/_vendor/resolvelib/__init__.py
/home/engtech/Desktop/Openlane_v2/memristor/caravel_venv/lib/python3.10/site-packages/pip/_vendor/resolvelib/resolvers.py
/home/engtech/Desktop/Openlane_v2/memristor/caravel_venv/lib/python3.10/site-packages/pip/_vendor/resolvelib/compat/collections_abc.py
/home/engtech/Desktop/Openlane_v2/memristor/caravel_venv/lib/python3.10/site-packages/pip/_vendor/platformdirs/unix.py
/home/engtech/Desktop/Openlane_v2/memristor/caravel_venv/lib/python3.10/site-packages/pip/_vendor/platformdirs/android.py
/home/engtech/Desktop/Openlane_v2/memristor/caravel_venv/lib/python3.10/site-packages/pip/_vendor/platformdirs/api.py
/home/engtech/Desktop/Openlane_v2/memristor/caravel_venv/lib/python3.10/site-packages/pip/_vendor/platformdirs/windows.py
/home/engtech/Desktop/Openlane_v2/memristor/caravel_venv/lib/python3.10/site-packages/pip/_vendor/platformdirs/version.py
/home/engtech/Desktop/Openlane_v2/memristor/caravel_venv/lib/python3.10/site-packages/pip/_vendor/platformdirs/macos.py
/home/engtech/Desktop/Openlane_v2/memristor/caravel_venv/lib/python3.10/site-packages/pip/_vendor/platformdirs/__init__.py
/home/engtech/Desktop/Openlane_v2/memristor/caravel_venv/lib/python3.10/site-packages/pip/_vendor/platformdirs/__main__.py
/home/engtech/Desktop/Openlane_v2/memristor/caravel_venv/lib/python3.10/site-packages/pip/_vendor/pyparsing/common.py
/home/engtech/Desktop/Openlane_v2/memristor/caravel_venv/lib/python3.10/site-packages/pip/_vendor/pyparsing/actions.py
/home/engtech/Desktop/Openlane_v2/memristor/caravel_venv/lib/python3.10/site-packages/pip/_vendor/pyparsing/util.py
/home/engtech/Desktop/Openlane_v2/memristor/caravel_venv/lib/python3.10/site-packages/pip/_vendor/pyparsing/core.py
/home/engtech/Desktop/Openlane_v2/memristor/caravel_venv/lib/python3.10/site-packages/pip/_vendor/pyparsing/testing.py
/home/engtech/Desktop/Openlane_v2/memristor/caravel_venv/lib/python3.10/site-packages/pip/_vendor/pyparsing/exceptions.py
/home/engtech/Desktop/Openlane_v2/memristor/caravel_venv/lib/python3.10/site-packages/pip/_vendor/pyparsing/results.py
/home/engtech/Desktop/Openlane_v2/memristor/caravel_venv/lib/python3.10/site-packages/pip/_vendor/pyparsing/__init__.py
/home/engtech/Desktop/Openlane_v2/memristor/caravel_venv/lib/python3.10/site-packages/pip/_vendor/pyparsing/helpers.py
/home/engtech/Desktop/Openlane_v2/memristor/caravel_venv/lib/python3.10/site-packages/pip/_vendor/pyparsing/unicode.py
/home/engtech/Desktop/Openlane_v2/memristor/caravel_venv/lib/python3.10/site-packages/pip/_vendor/pyparsing/diagram/__init__.py
/home/engtech/Desktop/Openlane_v2/memristor/caravel_venv/lib/python3.10/site-packages/pip/_vendor/distlib/manifest.py
/home/engtech/Desktop/Openlane_v2/memristor/caravel_venv/lib/python3.10/site-packages/pip/_vendor/distlib/metadata.py
/home/engtech/Desktop/Openlane_v2/memristor/caravel_venv/lib/python3.10/site-packages/pip/_vendor/distlib/resources.py
/home/engtech/Desktop/Openlane_v2/memristor/caravel_venv/lib/python3.10/site-packages/pip/_vendor/distlib/index.py
/home/engtech/Desktop/Openlane_v2/memristor/caravel_venv/lib/python3.10/site-packages/pip/_vendor/distlib/util.py
/home/engtech/Desktop/Openlane_v2/memristor/caravel_venv/lib/python3.10/site-packages/pip/_vendor/distlib/scripts.py
/home/engtech/Desktop/Openlane_v2/memristor/caravel_venv/lib/python3.10/site-packages/pip/_vendor/distlib/version.py
/home/engtech/Desktop/Openlane_v2/memristor/caravel_venv/lib/python3.10/site-packages/pip/_vendor/distlib/database.py
/home/engtech/Desktop/Openlane_v2/memristor/caravel_venv/lib/python3.10/site-packages/pip/_vendor/distlib/locators.py
/home/engtech/Desktop/Openlane_v2/memristor/caravel_venv/lib/python3.10/site-packages/pip/_vendor/distlib/__init__.py
/home/engtech/Desktop/Openlane_v2/memristor/caravel_venv/lib/python3.10/site-packages/pip/_vendor/distlib/compat.py
/home/engtech/Desktop/Openlane_v2/memristor/caravel_venv/lib/python3.10/site-packages/pip/_vendor/distlib/markers.py
/home/engtech/Desktop/Openlane_v2/memristor/caravel_venv/lib/python3.10/site-packages/pip/_vendor/distlib/wheel.py
/home/engtech/Desktop/Openlane_v2/memristor/caravel_venv/lib/python3.10/site-packages/pip/_vendor/colorama/initialise.py
/home/engtech/Desktop/Openlane_v2/memristor/caravel_venv/lib/python3.10/site-packages/pip/_vendor/colorama/win32.py
/home/engtech/Desktop/Openlane_v2/memristor/caravel_venv/lib/python3.10/site-packages/pip/_vendor/colorama/ansi.py
/home/engtech/Desktop/Openlane_v2/memristor/caravel_venv/lib/python3.10/site-packages/pip/_vendor/colorama/winterm.py
/home/engtech/Desktop/Openlane_v2/memristor/caravel_venv/lib/python3.10/site-packages/pip/_vendor/colorama/ansitowin32.py
/home/engtech/Desktop/Openlane_v2/memristor/caravel_venv/lib/python3.10/site-packages/pip/_vendor/colorama/__init__.py
/home/engtech/Desktop/Openlane_v2/memristor/caravel_venv/lib/python3.10/site-packages/pip/_vendor/progress/colors.py
/home/engtech/Desktop/Openlane_v2/memristor/caravel_venv/lib/python3.10/site-packages/pip/_vendor/progress/bar.py
/home/engtech/Desktop/Openlane_v2/memristor/caravel_venv/lib/python3.10/site-packages/pip/_vendor/progress/__init__.py
/home/engtech/Desktop/Openlane_v2/memristor/caravel_venv/lib/python3.10/site-packages/pip/_vendor/progress/counter.py
/home/engtech/Desktop/Openlane_v2/memristor/caravel_venv/lib/python3.10/site-packages/pip/_vendor/progress/spinner.py
/home/engtech/Desktop/Openlane_v2/memristor/caravel_venv/lib/python3.10/site-packages/pip/_vendor/urllib3/connectionpool.py
/home/engtech/Desktop/Openlane_v2/memristor/caravel_venv/lib/python3.10/site-packages/pip/_vendor/urllib3/response.py
/home/engtech/Desktop/Openlane_v2/memristor/caravel_venv/lib/python3.10/site-packages/pip/_vendor/urllib3/connection.py
/home/engtech/Desktop/Openlane_v2/memristor/caravel_venv/lib/python3.10/site-packages/pip/_vendor/urllib3/poolmanager.py
/home/engtech/Desktop/Openlane_v2/memristor/caravel_venv/lib/python3.10/site-packages/pip/_vendor/urllib3/exceptions.py
/home/engtech/Desktop/Openlane_v2/memristor/caravel_venv/lib/python3.10/site-packages/pip/_vendor/urllib3/request.py
/home/engtech/Desktop/Openlane_v2/memristor/caravel_venv/lib/python3.10/site-packages/pip/_vendor/urllib3/filepost.py
/home/engtech/Desktop/Openlane_v2/memristor/caravel_venv/lib/python3.10/site-packages/pip/_vendor/urllib3/fields.py
/home/engtech/Desktop/Openlane_v2/memristor/caravel_venv/lib/python3.10/site-packages/pip/_vendor/urllib3/__init__.py
/home/engtech/Desktop/Openlane_v2/memristor/caravel_venv/lib/python3.10/site-packages/pip/_vendor/urllib3/_version.py
/home/engtech/Desktop/Openlane_v2/memristor/caravel_venv/lib/python3.10/site-packages/pip/_vendor/urllib3/_collections.py
/home/engtech/Desktop/Openlane_v2/memristor/caravel_venv/lib/python3.10/site-packages/pip/_vendor/urllib3/packages/six.py
/home/engtech/Desktop/Openlane_v2/memristor/caravel_venv/lib/python3.10/site-packages/pip/_vendor/urllib3/packages/backports/makefile.py
/home/engtech/Desktop/Openlane_v2/memristor/caravel_venv/lib/python3.10/site-packages/pip/_vendor/urllib3/util/url.py
/home/engtech/Desktop/Openlane_v2/memristor/caravel_venv/lib/python3.10/site-packages/pip/_vendor/urllib3/util/ssl_match_hostname.py
/home/engtech/Desktop/Openlane_v2/memristor/caravel_venv/lib/python3.10/site-packages/pip/_vendor/urllib3/util/ssltransport.py
/home/engtech/Desktop/Openlane_v2/memristor/caravel_venv/lib/python3.10/site-packages/pip/_vendor/urllib3/util/response.py
/home/engtech/Desktop/Openlane_v2/memristor/caravel_venv/lib/python3.10/site-packages/pip/_vendor/urllib3/util/connection.py
/home/engtech/Desktop/Openlane_v2/memristor/caravel_venv/lib/python3.10/site-packages/pip/_vendor/urllib3/util/wait.py
/home/engtech/Desktop/Openlane_v2/memristor/caravel_venv/lib/python3.10/site-packages/pip/_vendor/urllib3/util/retry.py
/home/engtech/Desktop/Openlane_v2/memristor/caravel_venv/lib/python3.10/site-packages/pip/_vendor/urllib3/util/request.py
/home/engtech/Desktop/Openlane_v2/memristor/caravel_venv/lib/python3.10/site-packages/pip/_vendor/urllib3/util/ssl_.py
/home/engtech/Desktop/Openlane_v2/memristor/caravel_venv/lib/python3.10/site-packages/pip/_vendor/urllib3/util/timeout.py
/home/engtech/Desktop/Openlane_v2/memristor/caravel_venv/lib/python3.10/site-packages/pip/_vendor/urllib3/util/__init__.py
/home/engtech/Desktop/Openlane_v2/memristor/caravel_venv/lib/python3.10/site-packages/pip/_vendor/urllib3/util/proxy.py
/home/engtech/Desktop/Openlane_v2/memristor/caravel_venv/lib/python3.10/site-packages/pip/_vendor/urllib3/util/queue.py
/home/engtech/Desktop/Openlane_v2/memristor/caravel_venv/lib/python3.10/site-packages/pip/_vendor/urllib3/contrib/securetransport.py
/home/engtech/Desktop/Openlane_v2/memristor/caravel_venv/lib/python3.10/site-packages/pip/_vendor/urllib3/contrib/ntlmpool.py
/home/engtech/Desktop/Openlane_v2/memristor/caravel_venv/lib/python3.10/site-packages/pip/_vendor/urllib3/contrib/socks.py
/home/engtech/Desktop/Openlane_v2/memristor/caravel_venv/lib/python3.10/site-packages/pip/_vendor/urllib3/contrib/pyopenssl.py
/home/engtech/Desktop/Openlane_v2/memristor/caravel_venv/lib/python3.10/site-packages/pip/_vendor/urllib3/contrib/appengine.py
/home/engtech/Desktop/Openlane_v2/memristor/caravel_venv/lib/python3.10/site-packages/pip/_vendor/urllib3/contrib/_appengine_environ.py
/home/engtech/Desktop/Openlane_v2/memristor/caravel_venv/lib/python3.10/site-packages/pip/_vendor/urllib3/contrib/_securetransport/low_level.py
/home/engtech/Desktop/Openlane_v2/memristor/caravel_venv/lib/python3.10/site-packages/pip/_vendor/urllib3/contrib/_securetransport/bindings.py
/home/engtech/Desktop/Openlane_v2/memristor/caravel_venv/lib/python3.10/site-packages/pip/_vendor/pygments/scanner.py
/home/engtech/Desktop/Openlane_v2/memristor/caravel_venv/lib/python3.10/site-packages/pip/_vendor/pygments/lexer.py
/home/engtech/Desktop/Openlane_v2/memristor/caravel_venv/lib/python3.10/site-packages/pip/_vendor/pygments/formatter.py
/home/engtech/Desktop/Openlane_v2/memristor/caravel_venv/lib/python3.10/site-packages/pip/_vendor/pygments/filter.py
/home/engtech/Desktop/Openlane_v2/memristor/caravel_venv/lib/python3.10/site-packages/pip/_vendor/pygments/modeline.py
/home/engtech/Desktop/Openlane_v2/memristor/caravel_venv/lib/python3.10/site-packages/pip/_vendor/pygments/unistring.py
/home/engtech/Desktop/Openlane_v2/memristor/caravel_venv/lib/python3.10/site-packages/pip/_vendor/pygments/util.py
/home/engtech/Desktop/Openlane_v2/memristor/caravel_venv/lib/python3.10/site-packages/pip/_vendor/pygments/console.py
/home/engtech/Desktop/Openlane_v2/memristor/caravel_venv/lib/python3.10/site-packages/pip/_vendor/pygments/sphinxext.py
/home/engtech/Desktop/Openlane_v2/memristor/caravel_venv/lib/python3.10/site-packages/pip/_vendor/pygments/cmdline.py
/home/engtech/Desktop/Openlane_v2/memristor/caravel_venv/lib/python3.10/site-packages/pip/_vendor/pygments/style.py
/home/engtech/Desktop/Openlane_v2/memristor/caravel_venv/lib/python3.10/site-packages/pip/_vendor/pygments/regexopt.py
/home/engtech/Desktop/Openlane_v2/memristor/caravel_venv/lib/python3.10/site-packages/pip/_vendor/pygments/__init__.py
/home/engtech/Desktop/Openlane_v2/memristor/caravel_venv/lib/python3.10/site-packages/pip/_vendor/pygments/plugin.py
/home/engtech/Desktop/Openlane_v2/memristor/caravel_venv/lib/python3.10/site-packages/pip/_vendor/pygments/token.py
/home/engtech/Desktop/Openlane_v2/memristor/caravel_venv/lib/python3.10/site-packages/pip/_vendor/pygments/__main__.py
/home/engtech/Desktop/Openlane_v2/memristor/caravel_venv/lib/python3.10/site-packages/pip/_vendor/pygments/formatters/img.py
/home/engtech/Desktop/Openlane_v2/memristor/caravel_venv/lib/python3.10/site-packages/pip/_vendor/pygments/formatters/html.py
/home/engtech/Desktop/Openlane_v2/memristor/caravel_venv/lib/python3.10/site-packages/pip/_vendor/pygments/formatters/terminal.py
/home/engtech/Desktop/Openlane_v2/memristor/caravel_venv/lib/python3.10/site-packages/pip/_vendor/pygments/formatters/other.py
/home/engtech/Desktop/Openlane_v2/memristor/caravel_venv/lib/python3.10/site-packages/pip/_vendor/pygments/formatters/rtf.py
/home/engtech/Desktop/Openlane_v2/memristor/caravel_venv/lib/python3.10/site-packages/pip/_vendor/pygments/formatters/pangomarkup.py
/home/engtech/Desktop/Openlane_v2/memristor/caravel_venv/lib/python3.10/site-packages/pip/_vendor/pygments/formatters/groff.py
/home/engtech/Desktop/Openlane_v2/memristor/caravel_venv/lib/python3.10/site-packages/pip/_vendor/pygments/formatters/irc.py
/home/engtech/Desktop/Openlane_v2/memristor/caravel_venv/lib/python3.10/site-packages/pip/_vendor/pygments/formatters/latex.py
/home/engtech/Desktop/Openlane_v2/memristor/caravel_venv/lib/python3.10/site-packages/pip/_vendor/pygments/formatters/svg.py
/home/engtech/Desktop/Openlane_v2/memristor/caravel_venv/lib/python3.10/site-packages/pip/_vendor/pygments/formatters/bbcode.py
/home/engtech/Desktop/Openlane_v2/memristor/caravel_venv/lib/python3.10/site-packages/pip/_vendor/pygments/formatters/_mapping.py
/home/engtech/Desktop/Openlane_v2/memristor/caravel_venv/lib/python3.10/site-packages/pip/_vendor/pygments/formatters/terminal256.py
/home/engtech/Desktop/Openlane_v2/memristor/caravel_venv/lib/python3.10/site-packages/pip/_vendor/pygments/formatters/__init__.py
/home/engtech/Desktop/Openlane_v2/memristor/caravel_venv/lib/python3.10/site-packages/pip/_vendor/pygments/lexers/_mapping.py
/home/engtech/Desktop/Openlane_v2/memristor/caravel_venv/lib/python3.10/site-packages/pip/_vendor/pygments/lexers/__init__.py
/home/engtech/Desktop/Openlane_v2/memristor/caravel_venv/lib/python3.10/site-packages/pip/_vendor/pygments/lexers/python.py
/home/engtech/Desktop/Openlane_v2/memristor/caravel_venv/lib/python3.10/site-packages/pip/_vendor/pygments/filters/__init__.py
/home/engtech/Desktop/Openlane_v2/memristor/caravel_venv/lib/python3.10/site-packages/pip/_vendor/pygments/styles/__init__.py
/home/engtech/Desktop/Openlane_v2/memristor/caravel_venv/lib/python3.10/site-packages/pip/_vendor/packaging/specifiers.py
/home/engtech/Desktop/Openlane_v2/memristor/caravel_venv/lib/python3.10/site-packages/pip/_vendor/packaging/version.py
/home/engtech/Desktop/Openlane_v2/memristor/caravel_venv/lib/python3.10/site-packages/pip/_vendor/packaging/_manylinux.py
/home/engtech/Desktop/Openlane_v2/memristor/caravel_venv/lib/python3.10/site-packages/pip/_vendor/packaging/_musllinux.py
/home/engtech/Desktop/Openlane_v2/memristor/caravel_venv/lib/python3.10/site-packages/pip/_vendor/packaging/utils.py
/home/engtech/Desktop/Openlane_v2/memristor/caravel_venv/lib/python3.10/site-packages/pip/_vendor/packaging/__init__.py
/home/engtech/Desktop/Openlane_v2/memristor/caravel_venv/lib/python3.10/site-packages/pip/_vendor/packaging/markers.py
/home/engtech/Desktop/Openlane_v2/memristor/caravel_venv/lib/python3.10/site-packages/pip/_vendor/packaging/__about__.py
/home/engtech/Desktop/Openlane_v2/memristor/caravel_venv/lib/python3.10/site-packages/pip/_vendor/packaging/requirements.py
/home/engtech/Desktop/Openlane_v2/memristor/caravel_venv/lib/python3.10/site-packages/pip/_vendor/packaging/tags.py
/home/engtech/Desktop/Openlane_v2/memristor/caravel_venv/lib/python3.10/site-packages/pip/_vendor/packaging/_structures.py
/home/engtech/Desktop/Openlane_v2/memristor/caravel_venv/lib/python3.10/site-packages/pip/_vendor/pkg_resources/py31compat.py
/home/engtech/Desktop/Openlane_v2/memristor/caravel_venv/lib/python3.10/site-packages/pip/_vendor/pkg_resources/__init__.py
/home/engtech/Desktop/Openlane_v2/memristor/caravel_venv/lib/python3.10/site-packages/pip/_vendor/pep517/dirtools.py
/home/engtech/Desktop/Openlane_v2/memristor/caravel_venv/lib/python3.10/site-packages/pip/_vendor/pep517/build.py
/home/engtech/Desktop/Openlane_v2/memristor/caravel_venv/lib/python3.10/site-packages/pip/_vendor/pep517/check.py
/home/engtech/Desktop/Openlane_v2/memristor/caravel_venv/lib/python3.10/site-packages/pip/_vendor/pep517/meta.py
/home/engtech/Desktop/Openlane_v2/memristor/caravel_venv/lib/python3.10/site-packages/pip/_vendor/pep517/colorlog.py
/home/engtech/Desktop/Openlane_v2/memristor/caravel_venv/lib/python3.10/site-packages/pip/_vendor/pep517/wrappers.py
/home/engtech/Desktop/Openlane_v2/memristor/caravel_venv/lib/python3.10/site-packages/pip/_vendor/pep517/__init__.py
/home/engtech/Desktop/Openlane_v2/memristor/caravel_venv/lib/python3.10/site-packages/pip/_vendor/pep517/compat.py
/home/engtech/Desktop/Openlane_v2/memristor/caravel_venv/lib/python3.10/site-packages/pip/_vendor/pep517/envbuild.py
/home/engtech/Desktop/Openlane_v2/memristor/caravel_venv/lib/python3.10/site-packages/pip/_vendor/pep517/in_process/_in_process.py
/home/engtech/Desktop/Openlane_v2/memristor/caravel_venv/lib/python3.10/site-packages/pip/_vendor/pep517/in_process/__init__.py
/home/engtech/Desktop/Openlane_v2/memristor/caravel_venv/lib/python3.10/site-packages/pip/_vendor/html5lib/_ihatexml.py
/home/engtech/Desktop/Openlane_v2/memristor/caravel_venv/lib/python3.10/site-packages/pip/_vendor/html5lib/html5parser.py
/home/engtech/Desktop/Openlane_v2/memristor/caravel_venv/lib/python3.10/site-packages/pip/_vendor/html5lib/serializer.py
/home/engtech/Desktop/Openlane_v2/memristor/caravel_venv/lib/python3.10/site-packages/pip/_vendor/html5lib/_utils.py
/home/engtech/Desktop/Openlane_v2/memristor/caravel_venv/lib/python3.10/site-packages/pip/_vendor/html5lib/_inputstream.py
/home/engtech/Desktop/Openlane_v2/memristor/caravel_venv/lib/python3.10/site-packages/pip/_vendor/html5lib/_tokenizer.py
/home/engtech/Desktop/Openlane_v2/memristor/caravel_venv/lib/python3.10/site-packages/pip/_vendor/html5lib/__init__.py
/home/engtech/Desktop/Openlane_v2/memristor/caravel_venv/lib/python3.10/site-packages/pip/_vendor/html5lib/constants.py
/home/engtech/Desktop/Openlane_v2/memristor/caravel_venv/lib/python3.10/site-packages/pip/_vendor/html5lib/treewalkers/genshi.py
/home/engtech/Desktop/Openlane_v2/memristor/caravel_venv/lib/python3.10/site-packages/pip/_vendor/html5lib/treewalkers/dom.py
/home/engtech/Desktop/Openlane_v2/memristor/caravel_venv/lib/python3.10/site-packages/pip/_vendor/html5lib/treewalkers/etree_lxml.py
/home/engtech/Desktop/Openlane_v2/memristor/caravel_venv/lib/python3.10/site-packages/pip/_vendor/html5lib/treewalkers/base.py
/home/engtech/Desktop/Openlane_v2/memristor/caravel_venv/lib/python3.10/site-packages/pip/_vendor/html5lib/treewalkers/__init__.py
/home/engtech/Desktop/Openlane_v2/memristor/caravel_venv/lib/python3.10/site-packages/pip/_vendor/html5lib/treewalkers/etree.py
/home/engtech/Desktop/Openlane_v2/memristor/caravel_venv/lib/python3.10/site-packages/pip/_vendor/html5lib/treeadapters/genshi.py
/home/engtech/Desktop/Openlane_v2/memristor/caravel_venv/lib/python3.10/site-packages/pip/_vendor/html5lib/treeadapters/sax.py
/home/engtech/Desktop/Openlane_v2/memristor/caravel_venv/lib/python3.10/site-packages/pip/_vendor/html5lib/treeadapters/__init__.py
/home/engtech/Desktop/Openlane_v2/memristor/caravel_venv/lib/python3.10/site-packages/pip/_vendor/html5lib/filters/whitespace.py
/home/engtech/Desktop/Openlane_v2/memristor/caravel_venv/lib/python3.10/site-packages/pip/_vendor/html5lib/filters/sanitizer.py
/home/engtech/Desktop/Openlane_v2/memristor/caravel_venv/lib/python3.10/site-packages/pip/_vendor/html5lib/filters/base.py
/home/engtech/Desktop/Openlane_v2/memristor/caravel_venv/lib/python3.10/site-packages/pip/_vendor/html5lib/filters/inject_meta_charset.py
/home/engtech/Desktop/Openlane_v2/memristor/caravel_venv/lib/python3.10/site-packages/pip/_vendor/html5lib/filters/lint.py
/home/engtech/Desktop/Openlane_v2/memristor/caravel_venv/lib/python3.10/site-packages/pip/_vendor/html5lib/filters/optionaltags.py
/home/engtech/Desktop/Openlane_v2/memristor/caravel_venv/lib/python3.10/site-packages/pip/_vendor/html5lib/filters/alphabeticalattributes.py
/home/engtech/Desktop/Openlane_v2/memristor/caravel_venv/lib/python3.10/site-packages/pip/_vendor/html5lib/_trie/py.py
/home/engtech/Desktop/Openlane_v2/memristor/caravel_venv/lib/python3.10/site-packages/pip/_vendor/html5lib/_trie/__init__.py
/home/engtech/Desktop/Openlane_v2/memristor/caravel_venv/lib/python3.10/site-packages/pip/_vendor/html5lib/_trie/_base.py
/home/engtech/Desktop/Openlane_v2/memristor/caravel_venv/lib/python3.10/site-packages/pip/_vendor/html5lib/treebuilders/dom.py
/home/engtech/Desktop/Openlane_v2/memristor/caravel_venv/lib/python3.10/site-packages/pip/_vendor/html5lib/treebuilders/etree_lxml.py
/home/engtech/Desktop/Openlane_v2/memristor/caravel_venv/lib/python3.10/site-packages/pip/_vendor/html5lib/treebuilders/base.py
/home/engtech/Desktop/Openlane_v2/memristor/caravel_venv/lib/python3.10/site-packages/pip/_vendor/html5lib/treebuilders/__init__.py
/home/engtech/Desktop/Openlane_v2/memristor/caravel_venv/lib/python3.10/site-packages/pip/_vendor/html5lib/treebuilders/etree.py
/home/engtech/Desktop/Openlane_v2/memristor/caravel_venv/lib/python3.10/site-packages/pip/_vendor/certifi/core.py
/home/engtech/Desktop/Openlane_v2/memristor/caravel_venv/lib/python3.10/site-packages/pip/_vendor/certifi/cacert.pem
/home/engtech/Desktop/Openlane_v2/memristor/caravel_venv/lib/python3.10/site-packages/pip/_vendor/certifi/__init__.py
/home/engtech/Desktop/Openlane_v2/memristor/caravel_venv/lib/python3.10/site-packages/pip/_vendor/certifi/__main__.py
/home/engtech/Desktop/Openlane_v2/memristor/caravel_venv/lib/python3.10/site-packages/pip/_vendor/chardet/mbcharsetprober.py
/home/engtech/Desktop/Openlane_v2/memristor/caravel_venv/lib/python3.10/site-packages/pip/_vendor/chardet/escprober.py
/home/engtech/Desktop/Openlane_v2/memristor/caravel_venv/lib/python3.10/site-packages/pip/_vendor/chardet/langrussianmodel.py
/home/engtech/Desktop/Openlane_v2/memristor/caravel_venv/lib/python3.10/site-packages/pip/_vendor/chardet/sbcsgroupprober.py
/home/engtech/Desktop/Openlane_v2/memristor/caravel_venv/lib/python3.10/site-packages/pip/_vendor/chardet/universaldetector.py
/home/engtech/Desktop/Openlane_v2/memristor/caravel_venv/lib/python3.10/site-packages/pip/_vendor/chardet/gb2312freq.py
/home/engtech/Desktop/Openlane_v2/memristor/caravel_venv/lib/python3.10/site-packages/pip/_vendor/chardet/gb2312prober.py
/home/engtech/Desktop/Openlane_v2/memristor/caravel_venv/lib/python3.10/site-packages/pip/_vendor/chardet/cp949prober.py
/home/engtech/Desktop/Openlane_v2/memristor/caravel_venv/lib/python3.10/site-packages/pip/_vendor/chardet/langgreekmodel.py
/home/engtech/Desktop/Openlane_v2/memristor/caravel_venv/lib/python3.10/site-packages/pip/_vendor/chardet/sbcharsetprober.py
/home/engtech/Desktop/Openlane_v2/memristor/caravel_venv/lib/python3.10/site-packages/pip/_vendor/chardet/langturkishmodel.py
/home/engtech/Desktop/Openlane_v2/memristor/caravel_venv/lib/python3.10/site-packages/pip/_vendor/chardet/mbcssm.py
/home/engtech/Desktop/Openlane_v2/memristor/caravel_venv/lib/python3.10/site-packages/pip/_vendor/chardet/sjisprober.py
/home/engtech/Desktop/Openlane_v2/memristor/caravel_venv/lib/python3.10/site-packages/pip/_vendor/chardet/langhungarianmodel.py
/home/engtech/Desktop/Openlane_v2/memristor/caravel_venv/lib/python3.10/site-packages/pip/_vendor/chardet/euctwfreq.py
/home/engtech/Desktop/Openlane_v2/memristor/caravel_venv/lib/python3.10/site-packages/pip/_vendor/chardet/big5freq.py
/home/engtech/Desktop/Openlane_v2/memristor/caravel_venv/lib/python3.10/site-packages/pip/_vendor/chardet/hebrewprober.py
/home/engtech/Desktop/Openlane_v2/memristor/caravel_venv/lib/python3.10/site-packages/pip/_vendor/chardet/utf8prober.py
/home/engtech/Desktop/Openlane_v2/memristor/caravel_venv/lib/python3.10/site-packages/pip/_vendor/chardet/big5prober.py
/home/engtech/Desktop/Openlane_v2/memristor/caravel_venv/lib/python3.10/site-packages/pip/_vendor/chardet/euctwprober.py
/home/engtech/Desktop/Openlane_v2/memristor/caravel_venv/lib/python3.10/site-packages/pip/_vendor/chardet/version.py
/home/engtech/Desktop/Openlane_v2/memristor/caravel_venv/lib/python3.10/site-packages/pip/_vendor/chardet/langbulgarianmodel.py
/home/engtech/Desktop/Openlane_v2/memristor/caravel_venv/lib/python3.10/site-packages/pip/_vendor/chardet/latin1prober.py
/home/engtech/Desktop/Openlane_v2/memristor/caravel_venv/lib/python3.10/site-packages/pip/_vendor/chardet/jisfreq.py
/home/engtech/Desktop/Openlane_v2/memristor/caravel_venv/lib/python3.10/site-packages/pip/_vendor/chardet/escsm.py
/home/engtech/Desktop/Openlane_v2/memristor/caravel_venv/lib/python3.10/site-packages/pip/_vendor/chardet/jpcntx.py
/home/engtech/Desktop/Openlane_v2/memristor/caravel_venv/lib/python3.10/site-packages/pip/_vendor/chardet/enums.py
/home/engtech/Desktop/Openlane_v2/memristor/caravel_venv/lib/python3.10/site-packages/pip/_vendor/chardet/codingstatemachine.py
/home/engtech/Desktop/Openlane_v2/memristor/caravel_venv/lib/python3.10/site-packages/pip/_vendor/chardet/langhebrewmodel.py
/home/engtech/Desktop/Openlane_v2/memristor/caravel_venv/lib/python3.10/site-packages/pip/_vendor/chardet/mbcsgroupprober.py
/home/engtech/Desktop/Openlane_v2/memristor/caravel_venv/lib/python3.10/site-packages/pip/_vendor/chardet/chardistribution.py
/home/engtech/Desktop/Openlane_v2/memristor/caravel_venv/lib/python3.10/site-packages/pip/_vendor/chardet/charsetprober.py
/home/engtech/Desktop/Openlane_v2/memristor/caravel_venv/lib/python3.10/site-packages/pip/_vendor/chardet/__init__.py
/home/engtech/Desktop/Openlane_v2/memristor/caravel_venv/lib/python3.10/site-packages/pip/_vendor/chardet/eucjpprober.py
/home/engtech/Desktop/Openlane_v2/memristor/caravel_venv/lib/python3.10/site-packages/pip/_vendor/chardet/euckrprober.py
/home/engtech/Desktop/Openlane_v2/memristor/caravel_venv/lib/python3.10/site-packages/pip/_vendor/chardet/langthaimodel.py
/home/engtech/Desktop/Openlane_v2/memristor/caravel_venv/lib/python3.10/site-packages/pip/_vendor/chardet/compat.py
/home/engtech/Desktop/Openlane_v2/memristor/caravel_venv/lib/python3.10/site-packages/pip/_vendor/chardet/euckrfreq.py
/home/engtech/Desktop/Openlane_v2/memristor/caravel_venv/lib/python3.10/site-packages/pip/_vendor/chardet/charsetgroupprober.py
/home/engtech/Desktop/Openlane_v2/memristor/caravel_venv/lib/python3.10/site-packages/pip/_vendor/chardet/metadata/languages.py
/home/engtech/Desktop/Openlane_v2/memristor/caravel_venv/lib/python3.10/site-packages/pip/_vendor/chardet/cli/chardetect.py
/home/engtech/Desktop/Openlane_v2/memristor/caravel_venv/lib/python3.10/site-packages/pip/_vendor/requests/certs.py
/home/engtech/Desktop/Openlane_v2/memristor/caravel_venv/lib/python3.10/site-packages/pip/_vendor/requests/status_codes.py
/home/engtech/Desktop/Openlane_v2/memristor/caravel_venv/lib/python3.10/site-packages/pip/_vendor/requests/help.py
/home/engtech/Desktop/Openlane_v2/memristor/caravel_venv/lib/python3.10/site-packages/pip/_vendor/requests/api.py
/home/engtech/Desktop/Openlane_v2/memristor/caravel_venv/lib/python3.10/site-packages/pip/_vendor/requests/cookies.py
/home/engtech/Desktop/Openlane_v2/memristor/caravel_venv/lib/python3.10/site-packages/pip/_vendor/requests/exceptions.py
/home/engtech/Desktop/Openlane_v2/memristor/caravel_venv/lib/python3.10/site-packages/pip/_vendor/requests/_internal_utils.py
/home/engtech/Desktop/Openlane_v2/memristor/caravel_venv/lib/python3.10/site-packages/pip/_vendor/requests/utils.py
/home/engtech/Desktop/Openlane_v2/memristor/caravel_venv/lib/python3.10/site-packages/pip/_vendor/requests/sessions.py
/home/engtech/Desktop/Openlane_v2/memristor/caravel_venv/lib/python3.10/site-packages/pip/_vendor/requests/structures.py
/home/engtech/Desktop/Openlane_v2/memristor/caravel_venv/lib/python3.10/site-packages/pip/_vendor/requests/packages.py
/home/engtech/Desktop/Openlane_v2/memristor/caravel_venv/lib/python3.10/site-packages/pip/_vendor/requests/__init__.py
/home/engtech/Desktop/Openlane_v2/memristor/caravel_venv/lib/python3.10/site-packages/pip/_vendor/requests/compat.py
/home/engtech/Desktop/Openlane_v2/memristor/caravel_venv/lib/python3.10/site-packages/pip/_vendor/requests/adapters.py
/home/engtech/Desktop/Openlane_v2/memristor/caravel_venv/lib/python3.10/site-packages/pip/_vendor/requests/__version__.py
/home/engtech/Desktop/Openlane_v2/memristor/caravel_venv/lib/python3.10/site-packages/pip/_vendor/requests/models.py
/home/engtech/Desktop/Openlane_v2/memristor/caravel_venv/lib/python3.10/site-packages/pip/_vendor/requests/hooks.py
/home/engtech/Desktop/Openlane_v2/memristor/caravel_venv/lib/python3.10/site-packages/pip/_vendor/requests/auth.py
/home/engtech/Desktop/Openlane_v2/memristor/caravel_venv/lib/python3.10/site-packages/pip/_vendor/webencodings/labels.py
/home/engtech/Desktop/Openlane_v2/memristor/caravel_venv/lib/python3.10/site-packages/pip/_vendor/webencodings/tests.py
/home/engtech/Desktop/Openlane_v2/memristor/caravel_venv/lib/python3.10/site-packages/pip/_vendor/webencodings/mklabels.py
/home/engtech/Desktop/Openlane_v2/memristor/caravel_venv/lib/python3.10/site-packages/pip/_vendor/webencodings/x_user_defined.py
/home/engtech/Desktop/Openlane_v2/memristor/caravel_venv/lib/python3.10/site-packages/pip/_vendor/webencodings/__init__.py
/home/engtech/Desktop/Openlane_v2/memristor/caravel_venv/lib/python3.10/site-packages/pip/_vendor/msgpack/exceptions.py
/home/engtech/Desktop/Openlane_v2/memristor/caravel_venv/lib/python3.10/site-packages/pip/_vendor/msgpack/ext.py
/home/engtech/Desktop/Openlane_v2/memristor/caravel_venv/lib/python3.10/site-packages/pip/_vendor/msgpack/fallback.py
/home/engtech/Desktop/Openlane_v2/memristor/caravel_venv/lib/python3.10/site-packages/pip/_vendor/msgpack/__init__.py
/home/engtech/Desktop/Openlane_v2/memristor/caravel_venv/lib/python3.10/site-packages/pip/_vendor/msgpack/_version.py
/home/engtech/Desktop/Openlane_v2/memristor/caravel_venv/lib/python3.10/site-packages/pip/_vendor/tomli/_re.py
/home/engtech/Desktop/Openlane_v2/memristor/caravel_venv/lib/python3.10/site-packages/pip/_vendor/tomli/_parser.py
/home/engtech/Desktop/Openlane_v2/memristor/caravel_venv/lib/python3.10/site-packages/pip/_vendor/tomli/__init__.py
/home/engtech/Desktop/Openlane_v2/memristor/caravel_venv/lib/python3.10/site-packages/pip/_vendor/rich/highlighter.py
/home/engtech/Desktop/Openlane_v2/memristor/caravel_venv/lib/python3.10/site-packages/pip/_vendor/rich/diagnose.py
/home/engtech/Desktop/Openlane_v2/memristor/caravel_venv/lib/python3.10/site-packages/pip/_vendor/rich/prompt.py
/home/engtech/Desktop/Openlane_v2/memristor/caravel_venv/lib/python3.10/site-packages/pip/_vendor/rich/progress.py
/home/engtech/Desktop/Openlane_v2/memristor/caravel_venv/lib/python3.10/site-packages/pip/_vendor/rich/status.py
/home/engtech/Desktop/Openlane_v2/memristor/caravel_venv/lib/python3.10/site-packages/pip/_vendor/rich/json.py
/home/engtech/Desktop/Openlane_v2/memristor/caravel_venv/lib/python3.10/site-packages/pip/_vendor/rich/syntax.py
/home/engtech/Desktop/Openlane_v2/memristor/caravel_venv/lib/python3.10/site-packages/pip/_vendor/rich/tree.py
/home/engtech/Desktop/Openlane_v2/memristor/caravel_venv/lib/python3.10/site-packages/pip/_vendor/rich/table.py
/home/engtech/Desktop/Openlane_v2/memristor/caravel_venv/lib/python3.10/site-packages/pip/_vendor/rich/theme.py
/home/engtech/Desktop/Openlane_v2/memristor/caravel_venv/lib/python3.10/site-packages/pip/_vendor/rich/_wrap.py
/home/engtech/Desktop/Openlane_v2/memristor/caravel_venv/lib/python3.10/site-packages/pip/_vendor/rich/errors.py
/home/engtech/Desktop/Openlane_v2/memristor/caravel_venv/lib/python3.10/site-packages/pip/_vendor/rich/_inspect.py
/home/engtech/Desktop/Openlane_v2/memristor/caravel_venv/lib/python3.10/site-packages/pip/_vendor/rich/protocol.py
/home/engtech/Desktop/Openlane_v2/memristor/caravel_venv/lib/python3.10/site-packages/pip/_vendor/rich/text.py
/home/engtech/Desktop/Openlane_v2/memristor/caravel_venv/lib/python3.10/site-packages/pip/_vendor/rich/progress_bar.py
/home/engtech/Desktop/Openlane_v2/memristor/caravel_venv/lib/python3.10/site-packages/pip/_vendor/rich/tabulate.py
/home/engtech/Desktop/Openlane_v2/memristor/caravel_venv/lib/python3.10/site-packages/pip/_vendor/rich/pager.py
/home/engtech/Desktop/Openlane_v2/memristor/caravel_venv/lib/python3.10/site-packages/pip/_vendor/rich/console.py
/home/engtech/Desktop/Openlane_v2/memristor/caravel_venv/lib/python3.10/site-packages/pip/_vendor/rich/_emoji_codes.py
/home/engtech/Desktop/Openlane_v2/memristor/caravel_venv/lib/python3.10/site-packages/pip/_vendor/rich/emoji.py
/home/engtech/Desktop/Openlane_v2/memristor/caravel_venv/lib/python3.10/site-packages/pip/_vendor/rich/_palettes.py
/home/engtech/Desktop/Openlane_v2/memristor/caravel_venv/lib/python3.10/site-packages/pip/_vendor/rich/_loop.py
/home/engtech/Desktop/Openlane_v2/memristor/caravel_venv/lib/python3.10/site-packages/pip/_vendor/rich/styled.py
/home/engtech/Desktop/Openlane_v2/memristor/caravel_venv/lib/python3.10/site-packages/pip/_vendor/rich/control.py
/home/engtech/Desktop/Openlane_v2/memristor/caravel_venv/lib/python3.10/site-packages/pip/_vendor/rich/box.py
/home/engtech/Desktop/Openlane_v2/memristor/caravel_venv/lib/python3.10/site-packages/pip/_vendor/rich/live_render.py
/home/engtech/Desktop/Openlane_v2/memristor/caravel_venv/lib/python3.10/site-packages/pip/_vendor/rich/screen.py
/home/engtech/Desktop/Openlane_v2/memristor/caravel_venv/lib/python3.10/site-packages/pip/_vendor/rich/columns.py
/home/engtech/Desktop/Openlane_v2/memristor/caravel_venv/lib/python3.10/site-packages/pip/_vendor/rich/palette.py
/home/engtech/Desktop/Openlane_v2/memristor/caravel_venv/lib/python3.10/site-packages/pip/_vendor/rich/layout.py
/home/engtech/Desktop/Openlane_v2/memristor/caravel_venv/lib/python3.10/site-packages/pip/_vendor/rich/padding.py
/home/engtech/Desktop/Openlane_v2/memristor/caravel_venv/lib/python3.10/site-packages/pip/_vendor/rich/ansi.py
/home/engtech/Desktop/Openlane_v2/memristor/caravel_venv/lib/python3.10/site-packages/pip/_vendor/rich/style.py
/home/engtech/Desktop/Openlane_v2/memristor/caravel_venv/lib/python3.10/site-packages/pip/_vendor/rich/_log_render.py
/home/engtech/Desktop/Openlane_v2/memristor/caravel_venv/lib/python3.10/site-packages/pip/_vendor/rich/default_styles.py
/home/engtech/Desktop/Openlane_v2/memristor/caravel_venv/lib/python3.10/site-packages/pip/_vendor/rich/file_proxy.py
/home/engtech/Desktop/Openlane_v2/memristor/caravel_venv/lib/python3.10/site-packages/pip/_vendor/rich/_pick.py
/home/engtech/Desktop/Openlane_v2/memristor/caravel_venv/lib/python3.10/site-packages/pip/_vendor/rich/_spinners.py
/home/engtech/Desktop/Openlane_v2/memristor/caravel_venv/lib/python3.10/site-packages/pip/_vendor/rich/rule.py
/home/engtech/Desktop/Openlane_v2/memristor/caravel_venv/lib/python3.10/site-packages/pip/_vendor/rich/_timer.py
/home/engtech/Desktop/Openlane_v2/memristor/caravel_venv/lib/python3.10/site-packages/pip/_vendor/rich/_windows.py
/home/engtech/Desktop/Openlane_v2/memristor/caravel_venv/lib/python3.10/site-packages/pip/_vendor/rich/filesize.py
/home/engtech/Desktop/Openlane_v2/memristor/caravel_venv/lib/python3.10/site-packages/pip/_vendor/rich/cells.py
/home/engtech/Desktop/Openlane_v2/memristor/caravel_venv/lib/python3.10/site-packages/pip/_vendor/rich/scope.py
/home/engtech/Desktop/Openlane_v2/memristor/caravel_venv/lib/python3.10/site-packages/pip/_vendor/rich/terminal_theme.py
/home/engtech/Desktop/Openlane_v2/memristor/caravel_venv/lib/python3.10/site-packages/pip/_vendor/rich/markup.py
/home/engtech/Desktop/Openlane_v2/memristor/caravel_venv/lib/python3.10/site-packages/pip/_vendor/rich/jupyter.py
/home/engtech/Desktop/Openlane_v2/memristor/caravel_venv/lib/python3.10/site-packages/pip/_vendor/rich/measure.py
/home/engtech/Desktop/Openlane_v2/memristor/caravel_venv/lib/python3.10/site-packages/pip/_vendor/rich/color_triplet.py
/home/engtech/Desktop/Openlane_v2/memristor/caravel_venv/lib/python3.10/site-packages/pip/_vendor/rich/panel.py
/home/engtech/Desktop/Openlane_v2/memristor/caravel_venv/lib/python3.10/site-packages/pip/_vendor/rich/color.py
/home/engtech/Desktop/Openlane_v2/memristor/caravel_venv/lib/python3.10/site-packages/pip/_vendor/rich/bar.py
/home/engtech/Desktop/Openlane_v2/memristor/caravel_venv/lib/python3.10/site-packages/pip/_vendor/rich/_ratio.py
/home/engtech/Desktop/Openlane_v2/memristor/caravel_venv/lib/python3.10/site-packages/pip/_vendor/rich/live.py
/home/engtech/Desktop/Openlane_v2/memristor/caravel_venv/lib/python3.10/site-packages/pip/_vendor/rich/_extension.py
/home/engtech/Desktop/Openlane_v2/memristor/caravel_venv/lib/python3.10/site-packages/pip/_vendor/rich/align.py
/home/engtech/Desktop/Openlane_v2/memristor/caravel_venv/lib/python3.10/site-packages/pip/_vendor/rich/repr.py
/home/engtech/Desktop/Openlane_v2/memristor/caravel_venv/lib/python3.10/site-packages/pip/_vendor/rich/segment.py
/home/engtech/Desktop/Openlane_v2/memristor/caravel_venv/lib/python3.10/site-packages/pip/_vendor/rich/__init__.py
/home/engtech/Desktop/Openlane_v2/memristor/caravel_venv/lib/python3.10/site-packages/pip/_vendor/rich/_emoji_replace.py
/home/engtech/Desktop/Openlane_v2/memristor/caravel_venv/lib/python3.10/site-packages/pip/_vendor/rich/_stack.py
/home/engtech/Desktop/Openlane_v2/memristor/caravel_venv/lib/python3.10/site-packages/pip/_vendor/rich/themes.py
/home/engtech/Desktop/Openlane_v2/memristor/caravel_venv/lib/python3.10/site-packages/pip/_vendor/rich/_cell_widths.py
/home/engtech/Desktop/Openlane_v2/memristor/caravel_venv/lib/python3.10/site-packages/pip/_vendor/rich/pretty.py
/home/engtech/Desktop/Openlane_v2/memristor/caravel_venv/lib/python3.10/site-packages/pip/_vendor/rich/containers.py
/home/engtech/Desktop/Openlane_v2/memristor/caravel_venv/lib/python3.10/site-packages/pip/_vendor/rich/traceback.py
/home/engtech/Desktop/Openlane_v2/memristor/caravel_venv/lib/python3.10/site-packages/pip/_vendor/rich/logging.py
/home/engtech/Desktop/Openlane_v2/memristor/caravel_venv/lib/python3.10/site-packages/pip/_vendor/rich/_lru_cache.py
/home/engtech/Desktop/Openlane_v2/memristor/caravel_venv/lib/python3.10/site-packages/pip/_vendor/rich/__main__.py
/home/engtech/Desktop/Openlane_v2/memristor/caravel_venv/lib/python3.10/site-packages/pip/_vendor/rich/spinner.py
/home/engtech/Desktop/Openlane_v2/memristor/caravel_venv/lib/python3.10/site-packages/pip/_vendor/rich/constrain.py
/home/engtech/Desktop/Openlane_v2/memristor/caravel_venv/lib/python3.10/site-packages/pip/_vendor/rich/region.py
/home/engtech/Desktop/Openlane_v2/memristor/caravel_venv/lib/python3.10/site-packages/pip/_vendor/rich/abc.py
/home/engtech/Desktop/Openlane_v2/memristor/caravel_venv/lib/python3.10/site-packages/yaml/scanner.py
/home/engtech/Desktop/Openlane_v2/memristor/caravel_venv/lib/python3.10/site-packages/yaml/cyaml.py
/home/engtech/Desktop/Openlane_v2/memristor/caravel_venv/lib/python3.10/site-packages/yaml/dumper.py
/home/engtech/Desktop/Openlane_v2/memristor/caravel_venv/lib/python3.10/site-packages/yaml/emitter.py
/home/engtech/Desktop/Openlane_v2/memristor/caravel_venv/lib/python3.10/site-packages/yaml/error.py
/home/engtech/Desktop/Openlane_v2/memristor/caravel_venv/lib/python3.10/site-packages/yaml/parser.py
/home/engtech/Desktop/Openlane_v2/memristor/caravel_venv/lib/python3.10/site-packages/yaml/constructor.py
/home/engtech/Desktop/Openlane_v2/memristor/caravel_venv/lib/python3.10/site-packages/yaml/reader.py
/home/engtech/Desktop/Openlane_v2/memristor/caravel_venv/lib/python3.10/site-packages/yaml/serializer.py
/home/engtech/Desktop/Openlane_v2/memristor/caravel_venv/lib/python3.10/site-packages/yaml/representer.py
/home/engtech/Desktop/Openlane_v2/memristor/caravel_venv/lib/python3.10/site-packages/yaml/events.py
/home/engtech/Desktop/Openlane_v2/memristor/caravel_venv/lib/python3.10/site-packages/yaml/resolver.py
/home/engtech/Desktop/Openlane_v2/memristor/caravel_venv/lib/python3.10/site-packages/yaml/__init__.py
/home/engtech/Desktop/Openlane_v2/memristor/caravel_venv/lib/python3.10/site-packages/yaml/loader.py
/home/engtech/Desktop/Openlane_v2/memristor/caravel_venv/lib/python3.10/site-packages/yaml/composer.py
/home/engtech/Desktop/Openlane_v2/memristor/caravel_venv/lib/python3.10/site-packages/yaml/nodes.py
/home/engtech/Desktop/Openlane_v2/memristor/caravel_venv/lib/python3.10/site-packages/yaml/tokens.py
/home/engtech/Desktop/Openlane_v2/memristor/caravel_venv/lib/python3.10/site-packages/click/_compat.py
/home/engtech/Desktop/Openlane_v2/memristor/caravel_venv/lib/python3.10/site-packages/click/parser.py
/home/engtech/Desktop/Openlane_v2/memristor/caravel_venv/lib/python3.10/site-packages/click/core.py
/home/engtech/Desktop/Openlane_v2/memristor/caravel_venv/lib/python3.10/site-packages/click/decorators.py
/home/engtech/Desktop/Openlane_v2/memristor/caravel_venv/lib/python3.10/site-packages/click/testing.py
/home/engtech/Desktop/Openlane_v2/memristor/caravel_venv/lib/python3.10/site-packages/click/_textwrap.py
/home/engtech/Desktop/Openlane_v2/memristor/caravel_venv/lib/python3.10/site-packages/click/formatting.py
/home/engtech/Desktop/Openlane_v2/memristor/caravel_venv/lib/python3.10/site-packages/click/exceptions.py
/home/engtech/Desktop/Openlane_v2/memristor/caravel_venv/lib/python3.10/site-packages/click/_winconsole.py
/home/engtech/Desktop/Openlane_v2/memristor/caravel_venv/lib/python3.10/site-packages/click/_termui_impl.py
/home/engtech/Desktop/Openlane_v2/memristor/caravel_venv/lib/python3.10/site-packages/click/termui.py
/home/engtech/Desktop/Openlane_v2/memristor/caravel_venv/lib/python3.10/site-packages/click/utils.py
/home/engtech/Desktop/Openlane_v2/memristor/caravel_venv/lib/python3.10/site-packages/click/globals.py
/home/engtech/Desktop/Openlane_v2/memristor/caravel_venv/lib/python3.10/site-packages/click/__init__.py
/home/engtech/Desktop/Openlane_v2/memristor/caravel_venv/lib/python3.10/site-packages/click/shell_completion.py
/home/engtech/Desktop/Openlane_v2/memristor/caravel_venv/lib/python3.10/site-packages/click/types.py
/home/engtech/Desktop/Openlane_v2/memristor/caravel_venv/lib/python3.10/site-packages/click-8.1.7.dist-info/RECORD
/home/engtech/Desktop/Openlane_v2/memristor/caravel_venv/lib/python3.10/site-packages/click-8.1.7.dist-info/LICENSE.rst
/home/engtech/Desktop/Openlane_v2/memristor/caravel_venv/lib/python3.10/site-packages/click-8.1.7.dist-info/INSTALLER
/home/engtech/Desktop/Openlane_v2/memristor/caravel_venv/lib/python3.10/site-packages/click-8.1.7.dist-info/METADATA
/home/engtech/Desktop/Openlane_v2/memristor/caravel_venv/lib/python3.10/site-packages/click-8.1.7.dist-info/WHEEL
/home/engtech/Desktop/Openlane_v2/memristor/caravel_venv/lib/python3.10/site-packages/setuptools-59.6.0.dist-info/RECORD
/home/engtech/Desktop/Openlane_v2/memristor/caravel_venv/lib/python3.10/site-packages/setuptools-59.6.0.dist-info/INSTALLER
/home/engtech/Desktop/Openlane_v2/memristor/caravel_venv/lib/python3.10/site-packages/setuptools-59.6.0.dist-info/METADATA
/home/engtech/Desktop/Openlane_v2/memristor/caravel_venv/lib/python3.10/site-packages/setuptools-59.6.0.dist-info/WHEEL
/home/engtech/Desktop/Openlane_v2/memristor/verilog/rtl/user_proj_example.v
/home/engtech/Desktop/Openlane_v2/memristor/verilog/rtl/core_flat_v4.v
/home/engtech/Desktop/Openlane_v2/memristor/verilog/dv/cocotb/cocotb_tests.py
/home/engtech/Desktop/Openlane_v2/memristor/verilog/dv/cocotb/design_info.yaml
/home/engtech/Desktop/Openlane_v2/memristor/verilog/dv/cocotb/gpio_test/gpio_test.c
/home/engtech/Desktop/Openlane_v2/memristor/verilog/dv/cocotb/hello_world_uart/hello_world_uart.c
/home/engtech/Desktop/Openlane_v2/memristor/verilog/dv/cocotb/user_proj_tests/user_proj_tests_gl.yaml
/home/engtech/Desktop/Openlane_v2/memristor/verilog/dv/cocotb/user_proj_tests/counter_la_reset/counter_la_reset.c
/home/engtech/Desktop/Openlane_v2/memristor/verilog/dv/cocotb/user_proj_tests/counter_wb/counter_wb.c
/home/engtech/Desktop/Openlane_v2/memristor/verilog/dv/cocotb/user_proj_tests/counter_la_clk/counter_la_clk.c
/home/engtech/Desktop/Openlane_v2/memristor/verilog/dv/cocotb/user_proj_tests/counter_la/counter_la.c
/home/engtech/Desktop/Openlane_v2/memristor/verilog/dv/cocotb/hello_world/hello_world.c
