/root/mpw_precheck/checks/tech-files/sky130B_mr.drc:52: warning: already initialized constant DRC::DRCEngine::FEOL
/root/mpw_precheck/checks/tech-files/sky130B_mr.drc:42: warning: previous definition of FEOL was here
/root/mpw_precheck/checks/tech-files/sky130B_mr.drc:58: warning: already initialized constant DRC::DRCEngine::BEOL
/root/mpw_precheck/checks/tech-files/sky130B_mr.drc:43: warning: previous definition of BEOL was here
/root/mpw_precheck/checks/tech-files/sky130B_mr.drc:62: warning: already initialized constant DRC::DRCEngine::OFFGRID
/root/mpw_precheck/checks/tech-files/sky130B_mr.drc:44: warning: previous definition of OFFGRID was here
/root/mpw_precheck/checks/tech-files/sky130B_mr.drc:70: warning: already initialized constant DRC::DRCEngine::SEAL
/root/mpw_precheck/checks/tech-files/sky130B_mr.drc:45: warning: previous definition of SEAL was here
/root/mpw_precheck/checks/tech-files/sky130B_mr.drc:76: warning: already initialized constant DRC::DRCEngine::FLOATING_MET
/root/mpw_precheck/checks/tech-files/sky130B_mr.drc:46: warning: previous definition of FLOATING_MET was here
"input" in: sky130B_mr.drc:126
    Polygons (raw): 208751 (flat)  139 (hierarchical)
    Elapsed: 0.070s  Memory: 720.00M
"polygons" in: sky130B_mr.drc:127
    Polygons (raw): 41638 (flat)  486 (hierarchical)
    Elapsed: 0.040s  Memory: 720.00M
"polygons" in: sky130B_mr.drc:128
    Polygons (raw): 145495 (flat)  65 (hierarchical)
    Elapsed: 0.030s  Memory: 720.00M
"polygons" in: sky130B_mr.drc:129
    Polygons (raw): 0 (flat)  0 (hierarchical)
    Elapsed: 0.000s  Memory: 720.00M
"polygons" in: sky130B_mr.drc:130
    Polygons (raw): 0 (flat)  0 (hierarchical)
    Elapsed: 0.000s  Memory: 720.00M
"polygons" in: sky130B_mr.drc:131
    Polygons (raw): 0 (flat)  0 (hierarchical)
    Elapsed: 0.000s  Memory: 720.00M
"polygons" in: sky130B_mr.drc:132
    Polygons (raw): 0 (flat)  0 (hierarchical)
    Elapsed: 0.000s  Memory: 720.00M
"polygons" in: sky130B_mr.drc:133
    Polygons (raw): 0 (flat)  0 (hierarchical)
    Elapsed: 0.000s  Memory: 720.00M
"polygons" in: sky130B_mr.drc:134
    Polygons (raw): 145446 (flat)  16 (hierarchical)
    Elapsed: 0.030s  Memory: 720.00M
"polygons" in: sky130B_mr.drc:135
    Polygons (raw): 0 (flat)  0 (hierarchical)
    Elapsed: 0.000s  Memory: 720.00M
"polygons" in: sky130B_mr.drc:136
    Polygons (raw): 74 (flat)  74 (hierarchical)
    Elapsed: 0.040s  Memory: 720.00M
"polygons" in: sky130B_mr.drc:137
    Polygons (raw): 0 (flat)  0 (hierarchical)
    Elapsed: 0.000s  Memory: 720.00M
"polygons" in: sky130B_mr.drc:138
    Polygons (raw): 0 (flat)  0 (hierarchical)
    Elapsed: 0.000s  Memory: 720.00M
"polygons" in: sky130B_mr.drc:139
    Polygons (raw): 208952 (flat)  343 (hierarchical)
    Elapsed: 0.040s  Memory: 720.00M
"polygons" in: sky130B_mr.drc:140
    Polygons (raw): 40 (flat)  40 (hierarchical)
    Elapsed: 0.040s  Memory: 720.00M
"polygons" in: sky130B_mr.drc:141
    Polygons (raw): 166292 (flat)  286 (hierarchical)
    Elapsed: 0.040s  Memory: 720.00M
"polygons" in: sky130B_mr.drc:142
    Polygons (raw): 166352 (flat)  346 (hierarchical)
    Elapsed: 0.030s  Memory: 720.00M
"polygons" in: sky130B_mr.drc:143
    Polygons (raw): 0 (flat)  0 (hierarchical)
    Elapsed: 0.000s  Memory: 720.00M
"polygons" in: sky130B_mr.drc:144
    Polygons (raw): 0 (flat)  0 (hierarchical)
    Elapsed: 0.000s  Memory: 720.00M
"polygons" in: sky130B_mr.drc:145
    Polygons (raw): 104556 (flat)  254 (hierarchical)
    Elapsed: 0.030s  Memory: 720.00M
"polygons" in: sky130B_mr.drc:146
    Polygons (raw): 790145 (flat)  16962 (hierarchical)
    Elapsed: 0.040s  Memory: 720.00M
"polygons" in: sky130B_mr.drc:148
    Polygons (raw): 660466 (flat)  1182 (hierarchical)
    Elapsed: 0.030s  Memory: 720.00M
"polygons" in: sky130B_mr.drc:149
    Polygons (raw): 2310475 (flat)  7735 (hierarchical)
    Elapsed: 0.040s  Memory: 720.00M
"polygons" in: sky130B_mr.drc:151
    Polygons (raw): 294414 (flat)  3554 (hierarchical)
    Elapsed: 0.040s  Memory: 720.00M
"polygons" in: sky130B_mr.drc:152
    Polygons (raw): 18431 (flat)  18431 (hierarchical)
    Elapsed: 0.060s  Memory: 720.00M
"polygons" in: sky130B_mr.drc:154
    Polygons (raw): 5034 (flat)  5034 (hierarchical)
    Elapsed: 0.060s  Memory: 720.00M
"polygons" in: sky130B_mr.drc:155
    Polygons (raw): 17110 (flat)  17110 (hierarchical)
    Elapsed: 0.050s  Memory: 720.00M
"polygons" in: sky130B_mr.drc:157
    Polygons (raw): 3798 (flat)  3798 (hierarchical)
    Elapsed: 0.040s  Memory: 720.00M
"polygons" in: sky130B_mr.drc:158
    Polygons (raw): 15852 (flat)  15852 (hierarchical)
    Elapsed: 0.050s  Memory: 720.00M
"polygons" in: sky130B_mr.drc:160
    Polygons (raw): 484 (flat)  484 (hierarchical)
    Elapsed: 0.050s  Memory: 720.00M
"polygons" in: sky130B_mr.drc:161
    Polygons (raw): 12774 (flat)  12774 (hierarchical)
    Elapsed: 0.010s  Memory: 720.00M
"polygons" in: sky130B_mr.drc:163
    Polygons (raw): 172 (flat)  172 (hierarchical)
    Elapsed: 0.000s  Memory: 720.00M
"polygons" in: sky130B_mr.drc:165
    Polygons (raw): 0 (flat)  0 (hierarchical)
    Elapsed: 0.000s  Memory: 720.00M
"polygons" in: sky130B_mr.drc:166
    Polygons (raw): 0 (flat)  0 (hierarchical)
    Elapsed: 0.000s  Memory: 720.00M
"polygons" in: sky130B_mr.drc:167
    Polygons (raw): 0 (flat)  0 (hierarchical)
    Elapsed: 0.000s  Memory: 720.00M
"polygons" in: sky130B_mr.drc:168
    Polygons (raw): 0 (flat)  0 (hierarchical)
    Elapsed: 0.000s  Memory: 720.00M
"polygons" in: sky130B_mr.drc:169
    Polygons (raw): 0 (flat)  0 (hierarchical)
    Elapsed: 0.000s  Memory: 720.00M
"polygons" in: sky130B_mr.drc:170
    Polygons (raw): 0 (flat)  0 (hierarchical)
    Elapsed: 0.000s  Memory: 720.00M
"polygons" in: sky130B_mr.drc:171
    Polygons (raw): 0 (flat)  0 (hierarchical)
    Elapsed: 0.000s  Memory: 720.00M
"polygons" in: sky130B_mr.drc:172
    Polygons (raw): 0 (flat)  0 (hierarchical)
    Elapsed: 0.000s  Memory: 720.00M
"polygons" in: sky130B_mr.drc:173
    Polygons (raw): 0 (flat)  0 (hierarchical)
    Elapsed: 0.000s  Memory: 720.00M
"polygons" in: sky130B_mr.drc:174
    Polygons (raw): 0 (flat)  0 (hierarchical)
    Elapsed: 0.000s  Memory: 720.00M
"polygons" in: sky130B_mr.drc:175
    Polygons (raw): 0 (flat)  0 (hierarchical)
    Elapsed: 0.000s  Memory: 720.00M
"polygons" in: sky130B_mr.drc:176
    Polygons (raw): 0 (flat)  0 (hierarchical)
    Elapsed: 0.000s  Memory: 720.00M
"polygons" in: sky130B_mr.drc:177
    Polygons (raw): 0 (flat)  0 (hierarchical)
    Elapsed: 0.000s  Memory: 720.00M
"polygons" in: sky130B_mr.drc:178
    Polygons (raw): 0 (flat)  0 (hierarchical)
    Elapsed: 0.000s  Memory: 720.00M
"polygons" in: sky130B_mr.drc:179
    Polygons (raw): 0 (flat)  0 (hierarchical)
    Elapsed: 0.000s  Memory: 720.00M
"polygons" in: sky130B_mr.drc:180
    Polygons (raw): 0 (flat)  0 (hierarchical)
    Elapsed: 0.000s  Memory: 720.00M
"polygons" in: sky130B_mr.drc:181
    Polygons (raw): 0 (flat)  0 (hierarchical)
    Elapsed: 0.000s  Memory: 720.00M
"polygons" in: sky130B_mr.drc:182
    Polygons (raw): 145444 (flat)  14 (hierarchical)
    Elapsed: 0.040s  Memory: 720.00M
"polygons" in: sky130B_mr.drc:183
    Polygons (raw): 0 (flat)  0 (hierarchical)
    Elapsed: 0.000s  Memory: 720.00M
"polygons" in: sky130B_mr.drc:184
    Polygons (raw): 0 (flat)  0 (hierarchical)
    Elapsed: 0.000s  Memory: 720.00M
"polygons" in: sky130B_mr.drc:185
    Polygons (raw): 0 (flat)  0 (hierarchical)
    Elapsed: 0.000s  Memory: 720.00M
"polygons" in: sky130B_mr.drc:186
    Polygons (raw): 0 (flat)  0 (hierarchical)
    Elapsed: 0.000s  Memory: 720.00M
"polygons" in: sky130B_mr.drc:187
    Polygons (raw): 0 (flat)  0 (hierarchical)
    Elapsed: 0.000s  Memory: 720.00M
"polygons" in: sky130B_mr.drc:188
    Polygons (raw): 0 (flat)  0 (hierarchical)
    Elapsed: 0.000s  Memory: 720.00M
"polygons" in: sky130B_mr.drc:189
    Polygons (raw): 0 (flat)  0 (hierarchical)
    Elapsed: 0.000s  Memory: 720.00M
"polygons" in: sky130B_mr.drc:190
    Polygons (raw): 3 (flat)  3 (hierarchical)
    Elapsed: 0.040s  Memory: 720.00M
"polygons" in: sky130B_mr.drc:191
    Polygons (raw): 0 (flat)  0 (hierarchical)
    Elapsed: 0.010s  Memory: 722.00M
"polygons" in: sky130B_mr.drc:192
    Polygons (raw): 0 (flat)  0 (hierarchical)
    Elapsed: 0.000s  Memory: 722.00M
"polygons" in: sky130B_mr.drc:193
    Polygons (raw): 0 (flat)  0 (hierarchical)
    Elapsed: 0.000s  Memory: 722.00M
"polygons" in: sky130B_mr.drc:194
    Polygons (raw): 0 (flat)  0 (hierarchical)
    Elapsed: 0.000s  Memory: 722.00M
"polygons" in: sky130B_mr.drc:195
    Polygons (raw): 9 (flat)  1 (hierarchical)
    Elapsed: 0.040s  Memory: 722.00M
"polygons" in: sky130B_mr.drc:196
    Polygons (raw): 0 (flat)  0 (hierarchical)
    Elapsed: 0.000s  Memory: 722.00M
"polygons" in: sky130B_mr.drc:197
    Polygons (raw): 0 (flat)  0 (hierarchical)
    Elapsed: 0.000s  Memory: 722.00M
"polygons" in: sky130B_mr.drc:198
    Polygons (raw): 0 (flat)  0 (hierarchical)
    Elapsed: 0.000s  Memory: 722.00M
"polygons" in: sky130B_mr.drc:199
    Polygons (raw): 0 (flat)  0 (hierarchical)
    Elapsed: 0.000s  Memory: 722.00M
"polygons" in: sky130B_mr.drc:200
    Polygons (raw): 4 (flat)  4 (hierarchical)
    Elapsed: 0.040s  Memory: 722.00M
"polygons" in: sky130B_mr.drc:201
    Polygons (raw): 0 (flat)  0 (hierarchical)
    Elapsed: 0.000s  Memory: 722.00M
"polygons" in: sky130B_mr.drc:202
    Polygons (raw): 0 (flat)  0 (hierarchical)
    Elapsed: 0.000s  Memory: 722.00M
"polygons" in: sky130B_mr.drc:203
    Polygons (raw): 0 (flat)  0 (hierarchical)
    Elapsed: 0.000s  Memory: 722.00M
"polygons" in: sky130B_mr.drc:204
    Polygons (raw): 0 (flat)  0 (hierarchical)
    Elapsed: 0.000s  Memory: 722.00M
"polygons" in: sky130B_mr.drc:205
    Polygons (raw): 0 (flat)  0 (hierarchical)
    Elapsed: 0.000s  Memory: 722.00M
"polygons" in: sky130B_mr.drc:206
    Polygons (raw): 0 (flat)  0 (hierarchical)
    Elapsed: 0.000s  Memory: 722.00M
"polygons" in: sky130B_mr.drc:207
    Polygons (raw): 0 (flat)  0 (hierarchical)
    Elapsed: 0.000s  Memory: 722.00M
"polygons" in: sky130B_mr.drc:208
    Polygons (raw): 0 (flat)  0 (hierarchical)
    Elapsed: 0.000s  Memory: 722.00M
"polygons" in: sky130B_mr.drc:209
    Polygons (raw): 0 (flat)  0 (hierarchical)
    Elapsed: 0.000s  Memory: 722.00M
"polygons" in: sky130B_mr.drc:210
    Polygons (raw): 0 (flat)  0 (hierarchical)
    Elapsed: 0.000s  Memory: 722.00M
"polygons" in: sky130B_mr.drc:211
    Polygons (raw): 0 (flat)  0 (hierarchical)
    Elapsed: 0.000s  Memory: 722.00M
"polygons" in: sky130B_mr.drc:212
    Polygons (raw): 0 (flat)  0 (hierarchical)
    Elapsed: 0.000s  Memory: 722.00M
"polygons" in: sky130B_mr.drc:213
    Polygons (raw): 6 (flat)  6 (hierarchical)
    Elapsed: 0.050s  Memory: 722.00M
"polygons" in: sky130B_mr.drc:214
    Polygons (raw): 0 (flat)  0 (hierarchical)
    Elapsed: 0.000s  Memory: 722.00M
"polygons" in: sky130B_mr.drc:215
    Polygons (raw): 0 (flat)  0 (hierarchical)
    Elapsed: 0.000s  Memory: 722.00M
"polygons" in: sky130B_mr.drc:216
    Polygons (raw): 0 (flat)  0 (hierarchical)
    Elapsed: 0.000s  Memory: 722.00M
"polygons" in: sky130B_mr.drc:217
    Polygons (raw): 0 (flat)  0 (hierarchical)
    Elapsed: 0.000s  Memory: 722.00M
DRC section
OFFGRID-ANGLES section
"ongrid" in: sky130B_mr.drc:710
    Edge pairs: 0 (flat)  0 (hierarchical)
    Elapsed: 0.000s  Memory: 722.00M
"output" in: sky130B_mr.drc:710
    Edge pairs: 0 (flat)  0 (hierarchical)
    Elapsed: 0.000s  Memory: 722.00M
"with_angle" in: sky130B_mr.drc:711
    Edge pairs: 0 (flat)  0 (hierarchical)
    Elapsed: 0.000s  Memory: 722.00M
"output" in: sky130B_mr.drc:711
    Edge pairs: 0 (flat)  0 (hierarchical)
    Elapsed: 0.000s  Memory: 722.00M
"ongrid" in: sky130B_mr.drc:712
    Edge pairs: 0 (flat)  0 (hierarchical)
    Elapsed: 1.320s  Memory: 771.00M
"output" in: sky130B_mr.drc:712
    Edge pairs: 0 (flat)  0 (hierarchical)
    Elapsed: 0.020s  Memory: 771.00M
"with_angle" in: sky130B_mr.drc:713
    Edge pairs: 0 (flat)  0 (hierarchical)
    Elapsed: 0.000s  Memory: 771.00M
"output" in: sky130B_mr.drc:713
    Edge pairs: 0 (flat)  0 (hierarchical)
    Elapsed: 0.000s  Memory: 771.00M
"ongrid" in: sky130B_mr.drc:714
    Edge pairs: 0 (flat)  0 (hierarchical)
    Elapsed: 0.000s  Memory: 771.00M
"output" in: sky130B_mr.drc:714
    Edge pairs: 0 (flat)  0 (hierarchical)
    Elapsed: 0.000s  Memory: 771.00M
"with_angle" in: sky130B_mr.drc:715
    Edge pairs: 0 (flat)  0 (hierarchical)
    Elapsed: 0.000s  Memory: 771.00M
"output" in: sky130B_mr.drc:715
    Edge pairs: 0 (flat)  0 (hierarchical)
    Elapsed: 0.000s  Memory: 771.00M
"ongrid" in: sky130B_mr.drc:716
    Edge pairs: 0 (flat)  0 (hierarchical)
    Elapsed: 0.000s  Memory: 771.00M
"output" in: sky130B_mr.drc:716
    Edge pairs: 0 (flat)  0 (hierarchical)
    Elapsed: 0.000s  Memory: 771.00M
"with_angle" in: sky130B_mr.drc:717
    Edge pairs: 0 (flat)  0 (hierarchical)
    Elapsed: 0.000s  Memory: 771.00M
"output" in: sky130B_mr.drc:717
    Edge pairs: 0 (flat)  0 (hierarchical)
    Elapsed: 0.010s  Memory: 771.00M
"ongrid" in: sky130B_mr.drc:718
    Edge pairs: 0 (flat)  0 (hierarchical)
    Elapsed: 1.160s  Memory: 771.00M
"output" in: sky130B_mr.drc:718
    Edge pairs: 0 (flat)  0 (hierarchical)
    Elapsed: 0.010s  Memory: 771.00M
"with_angle" in: sky130B_mr.drc:719
    Edge pairs: 0 (flat)  0 (hierarchical)
    Elapsed: 0.000s  Memory: 771.00M
"output" in: sky130B_mr.drc:719
    Edge pairs: 0 (flat)  0 (hierarchical)
    Elapsed: 0.000s  Memory: 771.00M
"ongrid" in: sky130B_mr.drc:720
    Edge pairs: 0 (flat)  0 (hierarchical)
    Elapsed: 0.000s  Memory: 771.00M
"output" in: sky130B_mr.drc:720
    Edge pairs: 0 (flat)  0 (hierarchical)
    Elapsed: 0.000s  Memory: 771.00M
"with_angle" in: sky130B_mr.drc:721
    Edge pairs: 0 (flat)  0 (hierarchical)
    Elapsed: 0.000s  Memory: 771.00M
"output" in: sky130B_mr.drc:721
    Edge pairs: 0 (flat)  0 (hierarchical)
    Elapsed: 0.000s  Memory: 771.00M
"ongrid" in: sky130B_mr.drc:722
    Edge pairs: 0 (flat)  0 (hierarchical)
    Elapsed: 0.000s  Memory: 771.00M
"output" in: sky130B_mr.drc:722
    Edge pairs: 0 (flat)  0 (hierarchical)
    Elapsed: 0.000s  Memory: 771.00M
"with_angle" in: sky130B_mr.drc:723
    Edge pairs: 0 (flat)  0 (hierarchical)
    Elapsed: 0.000s  Memory: 771.00M
"output" in: sky130B_mr.drc:723
    Edge pairs: 0 (flat)  0 (hierarchical)
    Elapsed: 0.000s  Memory: 771.00M
"ongrid" in: sky130B_mr.drc:724
    Edge pairs: 0 (flat)  0 (hierarchical)
    Elapsed: 0.000s  Memory: 771.00M
"output" in: sky130B_mr.drc:724
    Edge pairs: 0 (flat)  0 (hierarchical)
    Elapsed: 0.000s  Memory: 771.00M
"with_angle" in: sky130B_mr.drc:725
    Edge pairs: 0 (flat)  0 (hierarchical)
    Elapsed: 0.000s  Memory: 771.00M
"output" in: sky130B_mr.drc:725
    Edge pairs: 0 (flat)  0 (hierarchical)
    Elapsed: 0.000s  Memory: 771.00M
"ongrid" in: sky130B_mr.drc:726
    Edge pairs: 0 (flat)  0 (hierarchical)
    Elapsed: 0.250s  Memory: 771.00M
"output" in: sky130B_mr.drc:726
    Edge pairs: 0 (flat)  0 (hierarchical)
    Elapsed: 0.000s  Memory: 771.00M
"ongrid" in: sky130B_mr.drc:727
    Edge pairs: 0 (flat)  0 (hierarchical)
    Elapsed: 0.110s  Memory: 771.00M
"output" in: sky130B_mr.drc:727
    Edge pairs: 0 (flat)  0 (hierarchical)
    Elapsed: 0.000s  Memory: 771.00M
"&" in: sky130B_mr.drc:728
    Polygons (raw): 0 (flat)  0 (hierarchical)
    Elapsed: 0.000s  Memory: 771.00M
"-" in: sky130B_mr.drc:728
    Polygons (raw): 208751 (flat)  139 (hierarchical)
    Elapsed: 0.000s  Memory: 771.00M
"with_angle" in: sky130B_mr.drc:728
    Edge pairs: 0 (flat)  0 (hierarchical)
    Elapsed: 0.200s  Memory: 771.00M
"output" in: sky130B_mr.drc:728
    Edge pairs: 0 (flat)  0 (hierarchical)
    Elapsed: 0.040s  Memory: 771.00M
"&" in: sky130B_mr.drc:729
    Polygons (raw): 0 (flat)  0 (hierarchical)
    Elapsed: 0.000s  Memory: 771.00M
"&" in: sky130B_mr.drc:729
    Polygons (raw): 0 (flat)  0 (hierarchical)
    Elapsed: 0.000s  Memory: 771.00M
"with_angle" in: sky130B_mr.drc:729
    Edge pairs: 0 (flat)  0 (hierarchical)
    Elapsed: 0.000s  Memory: 771.00M
"output" in: sky130B_mr.drc:729
    Edge pairs: 0 (flat)  0 (hierarchical)
    Elapsed: 0.000s  Memory: 771.00M
"&" in: sky130B_mr.drc:730
    Polygons (raw): 0 (flat)  0 (hierarchical)
    Elapsed: 0.000s  Memory: 771.00M
"-" in: sky130B_mr.drc:730
    Polygons (raw): 41638 (flat)  486 (hierarchical)
    Elapsed: 0.000s  Memory: 771.00M
"with_angle" in: sky130B_mr.drc:730
    Edge pairs: 0 (flat)  0 (hierarchical)
    Elapsed: 0.060s  Memory: 771.00M
"output" in: sky130B_mr.drc:730
    Edge pairs: 0 (flat)  0 (hierarchical)
    Elapsed: 0.000s  Memory: 771.00M
"&" in: sky130B_mr.drc:731
    Polygons (raw): 0 (flat)  0 (hierarchical)
    Elapsed: 0.000s  Memory: 771.00M
"&" in: sky130B_mr.drc:731
    Polygons (raw): 0 (flat)  0 (hierarchical)
    Elapsed: 0.000s  Memory: 771.00M
"with_angle" in: sky130B_mr.drc:731
    Edge pairs: 0 (flat)  0 (hierarchical)
    Elapsed: 0.000s  Memory: 771.00M
"output" in: sky130B_mr.drc:731
    Edge pairs: 0 (flat)  0 (hierarchical)
    Elapsed: 0.000s  Memory: 771.00M
"ongrid" in: sky130B_mr.drc:732
    Edge pairs: 0 (flat)  0 (hierarchical)
    Elapsed: 0.000s  Memory: 771.00M
"output" in: sky130B_mr.drc:732
    Edge pairs: 0 (flat)  0 (hierarchical)
    Elapsed: 0.000s  Memory: 771.00M
"with_angle" in: sky130B_mr.drc:733
    Edge pairs: 0 (flat)  0 (hierarchical)
    Elapsed: 0.000s  Memory: 771.00M
"output" in: sky130B_mr.drc:733
    Edge pairs: 0 (flat)  0 (hierarchical)
    Elapsed: 0.000s  Memory: 771.00M
"ongrid" in: sky130B_mr.drc:734
    Edge pairs: 0 (flat)  0 (hierarchical)
    Elapsed: 0.250s  Memory: 771.00M
"output" in: sky130B_mr.drc:734
    Edge pairs: 0 (flat)  0 (hierarchical)
    Elapsed: 0.000s  Memory: 771.00M
"with_angle" in: sky130B_mr.drc:735
    Edge pairs: 0 (flat)  0 (hierarchical)
    Elapsed: 0.000s  Memory: 771.00M
"output" in: sky130B_mr.drc:735
    Edge pairs: 0 (flat)  0 (hierarchical)
    Elapsed: 0.000s  Memory: 771.00M
"ongrid" in: sky130B_mr.drc:736
    Edge pairs: 0 (flat)  0 (hierarchical)
    Elapsed: 0.000s  Memory: 771.00M
"output" in: sky130B_mr.drc:736
    Edge pairs: 0 (flat)  0 (hierarchical)
    Elapsed: 0.000s  Memory: 771.00M
"with_angle" in: sky130B_mr.drc:737
    Edge pairs: 0 (flat)  0 (hierarchical)
    Elapsed: 0.000s  Memory: 771.00M
"output" in: sky130B_mr.drc:737
    Edge pairs: 0 (flat)  0 (hierarchical)
    Elapsed: 0.000s  Memory: 771.00M
"ongrid" in: sky130B_mr.drc:738
    Edge pairs: 0 (flat)  0 (hierarchical)
    Elapsed: 0.850s  Memory: 771.00M
"output" in: sky130B_mr.drc:738
    Edge pairs: 0 (flat)  0 (hierarchical)
    Elapsed: 0.010s  Memory: 771.00M
"with_angle" in: sky130B_mr.drc:739
    Edge pairs: 0 (flat)  0 (hierarchical)
    Elapsed: 0.010s  Memory: 771.00M
"output" in: sky130B_mr.drc:739
    Edge pairs: 0 (flat)  0 (hierarchical)
    Elapsed: 0.000s  Memory: 771.00M
"ongrid" in: sky130B_mr.drc:740
    Edge pairs: 0 (flat)  0 (hierarchical)
    Elapsed: 1.330s  Memory: 771.00M
"output" in: sky130B_mr.drc:740
    Edge pairs: 0 (flat)  0 (hierarchical)
    Elapsed: 0.010s  Memory: 771.00M
"with_angle" in: sky130B_mr.drc:741
    Edge pairs: 0 (flat)  0 (hierarchical)
    Elapsed: 0.000s  Memory: 771.00M
"output" in: sky130B_mr.drc:741
    Edge pairs: 0 (flat)  0 (hierarchical)
    Elapsed: 0.000s  Memory: 771.00M
"ongrid" in: sky130B_mr.drc:742
    Edge pairs: 0 (flat)  0 (hierarchical)
    Elapsed: 1.280s  Memory: 771.00M
"output" in: sky130B_mr.drc:742
    Edge pairs: 0 (flat)  0 (hierarchical)
    Elapsed: 0.010s  Memory: 771.00M
"with_angle" in: sky130B_mr.drc:743
    Edge pairs: 0 (flat)  0 (hierarchical)
    Elapsed: 0.000s  Memory: 771.00M
"output" in: sky130B_mr.drc:743
    Edge pairs: 0 (flat)  0 (hierarchical)
    Elapsed: 0.000s  Memory: 771.00M
"ongrid" in: sky130B_mr.drc:744
    Edge pairs: 0 (flat)  0 (hierarchical)
    Elapsed: 0.400s  Memory: 773.00M
"output" in: sky130B_mr.drc:744
    Edge pairs: 0 (flat)  0 (hierarchical)
    Elapsed: 0.000s  Memory: 773.00M
"with_angle" in: sky130B_mr.drc:745
    Edge pairs: 0 (flat)  0 (hierarchical)
    Elapsed: 0.010s  Memory: 773.00M
"output" in: sky130B_mr.drc:745
    Edge pairs: 0 (flat)  0 (hierarchical)
    Elapsed: 0.000s  Memory: 773.00M
"ongrid" in: sky130B_mr.drc:746
    Edge pairs: 0 (flat)  0 (hierarchical)
    Elapsed: 3.150s  Memory: 814.00M
"output" in: sky130B_mr.drc:746
    Edge pairs: 0 (flat)  0 (hierarchical)
    Elapsed: 0.010s  Memory: 814.00M
"with_angle" in: sky130B_mr.drc:747
    Edge pairs: 0 (flat)  0 (hierarchical)
    Elapsed: 0.050s  Memory: 814.00M
"output" in: sky130B_mr.drc:747
    Edge pairs: 0 (flat)  0 (hierarchical)
    Elapsed: 0.000s  Memory: 814.00M
"ongrid" in: sky130B_mr.drc:748
