[ERROR]: during executing openroad script /openlane/scripts/openroad/resizer_routing_design.tcl
[ERROR]: Log: ../home/engtech/Desktop/Openlane_v2/memristor/openlane/user_proj_example/runs/24_04_03_19_01/logs/routing/16-resizer_design.log
[ERROR]: Last 10 lines:
[INFO GRT-0088] Layer met4    Track-Pitch = 0.9200  line-2-Via Pitch: 0.6150
[INFO GRT-0019] Found 0 clock nets.
[WARNING GRT-0035] Pin core_flat/SEL2 is outside die area.
[WARNING GRT-0035] Pin core_flat/AIN2 is outside die area.
[WARNING GRT-0035] Pin core_flat/DIGITALIN2 is outside die area.
[INFO GRT-0001] Minimum degree: 2
[INFO GRT-0002] Maximum degree: 2
[ERROR GRT-0039] Found pin SEL2 outside die area in instance core_flat.
Error: resizer_routing_design.tcl, 46 GRT-0039
child process exited abnormally

[ERROR]: Creating issue reproducible...
[ERROR]: Step 16 (routing) failed with error:
-code 1 -level 0 -errorcode NONE -errorinfo {
    while executing
"throw_error"
    (procedure "run_tcl_script" line 219)
    invoked from within
"run_tcl_script -tool openroad -no_consume {*}$args"
    (procedure "run_openroad_script" line 2)
    invoked from within
"run_openroad_script $::env(SCRIPTS_DIR)/openroad/resizer_routing_design.tcl -indexed_log $log -save "dir=$::env(routing_tmpfiles),def,sdc,odb,netlist,..."
    (procedure "run_resizer_design_routing" line 9)
    invoked from within
"run_resizer_design_routing"
    (procedure "run_routing" line 8)
    invoked from within
"run_routing"
    (procedure "run_routing_step" line 7)
    invoked from within
"run_routing_step"} -errorline 1
[ERROR]: Flow failed.
