Instance name,  X location,  Y location,  Voltage 
mprj, 1686.32, 1691.68, 0
mprj, 1686.32, 1511.68, 0
mprj, 1686.32, 1331.68, 0
mprj, 1686.32, 1151.68, 0
mprj, 1686.32, 971.68, 0
mprj, 1686.32, 791.68, 0
mprj, 1686.32, 611.68, 0
mprj, 1686.32, 431.68, 0
mprj, 1686.32, 251.68, 0
mprj, 1686.32, 71.68, 0
mprj, 1506.32, 1691.68, -0
mprj, 1506.32, 1511.68, -0
mprj, 1506.32, 1331.68, 0
mprj, 1506.32, 1151.68, 0
mprj, 1506.32, 971.68, 0
mprj, 1506.32, 791.68, 0
mprj, 1506.32, 611.68, 0
mprj, 1506.32, 431.68, 0
mprj, 1506.32, 251.68, 0
mprj, 1506.32, 71.68, 0
mprj, 1326.32, 1691.68, -0
mprj, 1326.32, 1511.68, 0
mprj, 1326.32, 1331.68, 0
mprj, 1326.32, 1151.68, -0
mprj, 1326.32, 971.68, -0
mprj, 1326.32, 791.68, 0
mprj, 1326.32, 611.68, 0
mprj, 1326.32, 431.68, 0
mprj, 1326.32, 251.68, -0
mprj, 1326.32, 71.68, 0
mprj, 1146.32, 1691.68, 0
mprj, 1146.32, 1511.68, 0
mprj, 1146.32, 1331.68, 0
mprj, 1146.32, 1151.68, 0
mprj, 1146.32, 971.68, 0
mprj, 1146.32, 791.68, 0
mprj, 1146.32, 611.68, 0
mprj, 1146.32, 431.68, 0
mprj, 1146.32, 251.68, 0
mprj, 1146.32, 71.68, 0
mprj, 786.32, 1691.68, 0
mprj, 786.32, 1511.68, 0
mprj, 786.32, 1331.68, 0
mprj, 786.32, 1151.68, 0
mprj, 786.32, 971.68, 0
mprj, 786.32, 791.68, 0
mprj, 786.32, 611.68, 0
mprj, 786.32, 431.68, 0
mprj, 786.32, 251.68, 0
mprj, 786.32, 71.68, 0
mprj, 606.32, 1691.68, 0
mprj, 606.32, 1511.68, 0
mprj, 606.32, 1331.68, 0
mprj, 606.32, 1151.68, 0
mprj, 606.32, 971.68, 0
mprj, 606.32, 791.68, 0
mprj, 606.32, 611.68, 0
mprj, 606.32, 431.68, 0
mprj, 606.32, 251.68, 0
mprj, 606.32, 71.68, 0
mprj, 246.32, 1691.68, 0
mprj, 246.32, 1511.68, 0
mprj, 246.32, 1331.68, 0
mprj, 246.32, 1151.68, 0
mprj, 246.32, 971.68, 0
mprj, 246.32, 791.68, 0
mprj, 246.32, 611.68, 0
mprj, 246.32, 431.68, 0
mprj, 246.32, 251.68, 0
mprj, 246.32, 71.68, 0
mprj, 66.32, 1691.68, 0
mprj, 66.32, 1511.68, 0
mprj, 66.32, 1331.68, -0
mprj, 66.32, 1151.68, 0
mprj, 66.32, 971.68, 0
mprj, 66.32, 791.68, 0
mprj, 66.32, 611.68, -0
mprj, 66.32, 431.68, 0
mprj, 66.32, 251.68, -0
mprj, 66.32, 71.68, -0
mprj, 1684.77, 1759.84, 0
mprj, 1687.87, 1759.84, 0
mprj, 1504.77, 1759.84, 0
mprj, 1507.87, 1759.84, 0
mprj, 1324.77, 1759.84, 0
mprj, 1327.87, 1759.84, 0
mprj, 1144.77, 1759.84, 0
mprj, 1147.87, 1759.84, 0
mprj, 784.77, 1759.84, 0
mprj, 787.87, 1759.84, 0
mprj, 604.77, 1759.84, 0
mprj, 607.87, 1759.84, 0
mprj, 244.77, 1759.84, 0
mprj, 247.87, 1759.84, 0
mprj, 64.77, 1759.84, 0
mprj, 67.87, 1759.84, 0

