Instance name,  X location,  Y location,  Voltage 
mprj, 1848.24, 1710.28, 1.8
mprj, 1848.24, 1530.28, 1.8
mprj, 1848.24, 1350.28, 1.8
mprj, 1848.24, 1170.28, 1.8
mprj, 1848.24, 990.28, 1.8
mprj, 1848.24, 810.28, 1.8
mprj, 1848.24, 630.28, 1.8
mprj, 1848.24, 450.28, 1.8
mprj, 1848.24, 270.28, 1.8
mprj, 1848.24, 90.28, 1.8
mprj, 1704.92, 1710.28, 1.8
mprj, 1704.92, 1530.28, 1.8
mprj, 1704.92, 1350.28, 1.8
mprj, 1704.92, 1170.28, 1.8
mprj, 1704.92, 990.28, 1.8
mprj, 1704.92, 810.28, 1.8
mprj, 1704.92, 630.28, 1.8
mprj, 1704.92, 450.28, 1.8
mprj, 1704.92, 270.28, 1.8
mprj, 1704.92, 90.28, 1.8
mprj, 1694.64, 1710.28, 1.8
mprj, 1694.64, 1530.28, 1.8
mprj, 1694.64, 1350.28, 1.8
mprj, 1694.64, 1170.28, 1.8
mprj, 1694.64, 990.28, 1.8
mprj, 1694.64, 810.28, 1.8
mprj, 1694.64, 630.28, 1.8
mprj, 1694.64, 450.28, 1.8
mprj, 1694.64, 270.28, 1.8
mprj, 1694.64, 90.28, 1.8
mprj, 1541.04, 1710.28, 1.8
mprj, 1541.04, 1530.28, 1.8
mprj, 1541.04, 1350.28, 1.8
mprj, 1541.04, 1170.28, 1.8
mprj, 1541.04, 990.28, 1.8
mprj, 1541.04, 810.28, 1.8
mprj, 1541.04, 630.28, 1.8
mprj, 1541.04, 450.28, 1.8
mprj, 1541.04, 270.28, 1.8
mprj, 1541.04, 90.28, 1.8
mprj, 1524.92, 1710.28, 1.8
mprj, 1524.92, 1530.28, 1.8
mprj, 1524.92, 1350.28, 1.8
mprj, 1524.92, 1170.28, 1.8
mprj, 1524.92, 990.28, 1.8
mprj, 1524.92, 810.28, 1.8
mprj, 1524.92, 630.28, 1.8
mprj, 1524.92, 450.28, 1.8
mprj, 1524.92, 270.28, 1.8
mprj, 1524.92, 90.28, 1.8
mprj, 1387.44, 1710.28, 1.8
mprj, 1387.44, 1530.28, 1.8
mprj, 1387.44, 1350.28, 1.8
mprj, 1387.44, 1170.28, 1.8
mprj, 1387.44, 990.28, 1.8
mprj, 1387.44, 810.28, 1.8
mprj, 1387.44, 630.28, 1.8
mprj, 1387.44, 450.28, 1.8
mprj, 1387.44, 270.28, 1.8
mprj, 1387.44, 90.28, 1.8
mprj, 1344.92, 1710.28, 1.8
mprj, 1344.92, 1530.28, 1.8
mprj, 1344.92, 1350.28, 1.8
mprj, 1344.92, 1170.28, 1.8
mprj, 1344.92, 990.28, 1.8
mprj, 1344.92, 810.28, 1.8
mprj, 1344.92, 630.28, 1.8
mprj, 1344.92, 450.28, 1.8
mprj, 1344.92, 270.28, 1.8
mprj, 1344.92, 90.28, 1.8
mprj, 1233.84, 1710.28, 1.8
mprj, 1233.84, 1530.28, 1.8
mprj, 1233.84, 1350.28, 1.8
mprj, 1233.84, 1170.28, 1.8
mprj, 1233.84, 990.28, 1.8
mprj, 1233.84, 810.28, 1.8
mprj, 1233.84, 630.28, 1.8
mprj, 1233.84, 450.28, 1.8
mprj, 1233.84, 270.28, 1.8
mprj, 1233.84, 90.28, 1.8
mprj, 1164.92, 1710.28, 1.8
mprj, 1164.92, 1530.28, 1.8
mprj, 1164.92, 1350.28, 1.8
mprj, 1164.92, 1170.28, 1.8
mprj, 1164.92, 990.28, 1.8
mprj, 1164.92, 810.28, 1.8
mprj, 1164.92, 630.28, 1.8
mprj, 1164.92, 450.28, 1.8
mprj, 1164.92, 270.28, 1.8
mprj, 1164.92, 90.28, 1.8
mprj, 1080.24, 1710.28, 1.8
mprj, 1080.24, 1530.28, 1.8
mprj, 1080.24, 1350.28, 1.8
mprj, 1080.24, 1170.28, 1.8
mprj, 1080.24, 990.28, 1.8
mprj, 1080.24, 810.28, 1.8
mprj, 1080.24, 630.28, 1.8
mprj, 1080.24, 450.28, 1.8
mprj, 1080.24, 270.28, 1.8
mprj, 1080.24, 90.28, 1.8
mprj, 984.92, 1710.28, 1.8
mprj, 984.92, 1530.28, 1.8
mprj, 984.92, 1350.28, 1.8
mprj, 984.92, 1170.28, 1.8
mprj, 984.92, 990.28, 1.8
mprj, 984.92, 810.28, 1.8
mprj, 984.92, 630.28, 1.8
mprj, 984.92, 450.28, 1.8
mprj, 984.92, 270.28, 1.8
mprj, 984.92, 90.28, 1.8
mprj, 926.64, 1710.28, 1.8
mprj, 926.64, 1530.28, 1.8
mprj, 926.64, 1350.28, 1.8
mprj, 926.64, 1170.28, 1.8
mprj, 926.64, 990.28, 1.8
mprj, 926.64, 810.28, 1.8
mprj, 926.64, 630.28, 1.8
mprj, 926.64, 450.28, 1.8
mprj, 926.64, 270.28, 1.8
mprj, 926.64, 90.28, 1.8
mprj, 804.92, 1710.28, 1.8
mprj, 804.92, 1530.28, 1.8
mprj, 804.92, 1350.28, 1.8
mprj, 804.92, 1170.28, 1.8
mprj, 804.92, 990.28, 1.8
mprj, 804.92, 810.28, 1.8
mprj, 804.92, 630.28, 1.8
mprj, 804.92, 450.28, 1.8
mprj, 804.92, 270.28, 1.8
mprj, 804.92, 90.28, 1.8
mprj, 773.04, 1710.28, 1.8
mprj, 773.04, 1530.28, 1.8
mprj, 773.04, 1350.28, 1.8
mprj, 773.04, 1170.28, 1.8
mprj, 773.04, 990.28, 1.8
mprj, 773.04, 810.28, 1.8
mprj, 773.04, 630.28, 1.8
mprj, 773.04, 450.28, 1.8
mprj, 773.04, 270.28, 1.8
mprj, 773.04, 90.28, 1.8
mprj, 624.92, 1710.28, 1.8
mprj, 624.92, 1530.28, 1.8
mprj, 624.92, 1350.28, 1.8
mprj, 624.92, 1170.28, 1.8
mprj, 624.92, 990.28, 1.8
mprj, 624.92, 810.28, 1.8
mprj, 624.92, 630.28, 1.8
mprj, 624.92, 450.28, 1.8
mprj, 624.92, 270.28, 1.8
mprj, 624.92, 90.28, 1.8
mprj, 619.44, 1710.28, 1.8
mprj, 619.44, 1530.28, 1.8
mprj, 619.44, 1350.28, 1.8
mprj, 619.44, 1170.28, 1.8
mprj, 619.44, 990.28, 1.8
mprj, 619.44, 810.28, 1.8
mprj, 619.44, 630.28, 1.8
mprj, 619.44, 450.28, 1.8
mprj, 619.44, 270.28, 1.8
mprj, 619.44, 90.28, 1.8
mprj, 465.84, 1710.28, 1.8
mprj, 465.84, 1530.28, 1.8
mprj, 465.84, 1350.28, 1.8
mprj, 465.84, 1170.28, 1.8
mprj, 465.84, 990.28, 1.8
mprj, 465.84, 810.28, 1.8
mprj, 465.84, 630.28, 1.8
mprj, 465.84, 450.28, 1.8
mprj, 465.84, 270.28, 1.8
mprj, 465.84, 90.28, 1.8
mprj, 444.92, 1710.28, 1.8
mprj, 444.92, 1530.28, 1.8
mprj, 444.92, 1350.28, 1.8
mprj, 444.92, 1170.28, 1.8
mprj, 444.92, 990.28, 1.8
mprj, 444.92, 810.28, 1.8
mprj, 444.92, 630.28, 1.8
mprj, 444.92, 450.28, 1.8
mprj, 444.92, 270.28, 1.8
mprj, 444.92, 90.28, 1.8
mprj, 312.24, 1710.28, 1.8
mprj, 312.24, 1530.28, 1.8
mprj, 312.24, 1350.28, 1.8
mprj, 312.24, 1170.28, 1.8
mprj, 312.24, 990.28, 1.8
mprj, 312.24, 810.28, 1.8
mprj, 312.24, 630.28, 1.8
mprj, 312.24, 450.28, 1.8
mprj, 312.24, 270.28, 1.8
mprj, 312.24, 90.28, 1.8
mprj, 264.92, 1710.28, 1.8
mprj, 264.92, 1530.28, 1.8
mprj, 264.92, 1350.28, 1.8
mprj, 264.92, 1170.28, 1.8
mprj, 264.92, 990.28, 1.8
mprj, 264.92, 810.28, 1.8
mprj, 264.92, 630.28, 1.8
mprj, 264.92, 450.28, 1.8
mprj, 264.92, 270.28, 1.8
mprj, 264.92, 90.28, 1.8
mprj, 158.64, 1710.28, 1.8
mprj, 158.64, 1530.28, 1.8
mprj, 158.64, 1350.28, 1.8
mprj, 158.64, 1170.28, 1.8
mprj, 158.64, 990.28, 1.8
mprj, 158.64, 810.28, 1.8
mprj, 158.64, 630.28, 1.8
mprj, 158.64, 450.28, 1.8
mprj, 158.64, 270.28, 1.8
mprj, 158.64, 90.28, 1.8
mprj, 84.92, 1710.28, 1.8
mprj, 84.92, 1530.28, 1.8
mprj, 84.92, 1350.28, 1.8
mprj, 84.92, 1170.28, 1.8
mprj, 84.92, 990.28, 1.8
mprj, 84.92, 810.28, 1.8
mprj, 84.92, 630.28, 1.8
mprj, 84.92, 450.28, 1.8
mprj, 84.92, 270.28, 1.8
mprj, 84.92, 90.28, 1.8
mprj, 1703.37, 1759.84, 1.8
mprj, 1706.47, 1759.84, 1.8
mprj, 1523.37, 1759.84, 1.8
mprj, 1526.47, 1759.84, 1.8
mprj, 1343.37, 1759.84, 1.8
mprj, 1346.47, 1759.84, 1.8
mprj, 1163.37, 1759.84, 1.8
mprj, 1166.47, 1759.84, 1.8
mprj, 983.37, 1759.84, 1.8
mprj, 986.47, 1759.84, 1.8
mprj, 803.37, 1759.84, 1.8
mprj, 806.47, 1759.84, 1.8
mprj, 623.37, 1759.84, 1.8
mprj, 626.47, 1759.84, 1.8
mprj, 443.37, 1759.84, 1.8
mprj, 446.47, 1759.84, 1.8
mprj, 263.37, 1759.84, 1.8
mprj, 266.47, 1759.84, 1.8
mprj, 83.37, 1759.84, 1.8
mprj, 86.47, 1759.84, 1.8

