
===========================================================================
report_checks -unconstrained
===========================================================================
======================= Fastest Corner ===================================

Startpoint: io_in[1] (input port)
Endpoint: ANTENNA_core_flat_v4_DIGITALIN1/DIODE (internal pin)
Path Group: unconstrained
Path Type: max
Corner: Fastest

Fanout     Cap    Slew   Delay    Time   Description
-----------------------------------------------------------------------------
                          0.00    0.00 v input external delay
                  0.38    0.00    0.00 v io_in[1] (in)
     1    0.00                           io_in[1] (net)
                  0.38    0.00    0.00 v input3/A (sky130_fd_sc_hd__buf_4)
                  0.07    0.26    0.26 v input3/X (sky130_fd_sc_hd__buf_4)
     1    0.06                           net3 (net)
                  0.08    0.02    0.28 v ANTENNA_core_flat_v4_DIGITALIN1/DIODE (sky130_fd_sc_hd__diode_2)
                                  0.28   data arrival time
-----------------------------------------------------------------------------
(Path is unconstrained)



======================= Slowest Corner ===================================

Startpoint: io_in[3] (input port)
Endpoint: ANTENNA_core_flat_v4_DIGITALIN3/DIODE (internal pin)
Path Group: unconstrained
Path Type: max
Corner: Slowest

Fanout     Cap    Slew   Delay    Time   Description
-----------------------------------------------------------------------------
                          0.00    0.00 ^ input external delay
                  0.38    0.00    0.00 ^ io_in[3] (in)
     1    0.00                           io_in[3] (net)
                  0.38    0.00    0.00 ^ input5/A (sky130_fd_sc_hd__clkbuf_4)
                  0.22    0.52    0.52 ^ input5/X (sky130_fd_sc_hd__clkbuf_4)
     1    0.04                           net5 (net)
                  0.22    0.01    0.53 ^ ANTENNA_core_flat_v4_DIGITALIN3/DIODE (sky130_fd_sc_hd__diode_2)
                                  0.53   data arrival time
-----------------------------------------------------------------------------
(Path is unconstrained)



======================= Typical Corner ===================================

Startpoint: io_in[1] (input port)
Endpoint: ANTENNA_core_flat_v4_DIGITALIN1/DIODE (internal pin)
Path Group: unconstrained
Path Type: max
Corner: Typical

Fanout     Cap    Slew   Delay    Time   Description
-----------------------------------------------------------------------------
                          0.00    0.00 v input external delay
                  0.38    0.00    0.00 v io_in[1] (in)
     1    0.00                           io_in[1] (net)
                  0.38    0.00    0.00 v input3/A (sky130_fd_sc_hd__buf_4)
                  0.09    0.35    0.35 v input3/X (sky130_fd_sc_hd__buf_4)
     1    0.06                           net3 (net)
                  0.09    0.02    0.36 v ANTENNA_core_flat_v4_DIGITALIN1/DIODE (sky130_fd_sc_hd__diode_2)
                                  0.36   data arrival time
-----------------------------------------------------------------------------
(Path is unconstrained)




===========================================================================
report_checks --slack_max -0.01
============================================================================
======================= Fastest Corner ===================================

No paths found.

======================= Slowest Corner ===================================

No paths found.

======================= Typical Corner ===================================

No paths found.


===========================================================================
 report_check_types -max_slew -max_cap -max_fanout -violators
============================================================================
======================= Fastest Corner ===================================


======================= Slowest Corner ===================================


======================= Typical Corner ===================================



===========================================================================
report_parasitic_annotation -report_unannotated
============================================================================
Found 0 unannotated drivers.
Found 0 partially unannotated drivers.

===========================================================================
max slew violation count 0
max fanout violation count 0
max cap violation count 0
============================================================================

===========================================================================
check_setup -verbose -unconstrained_endpoints -multiple_clock -no_clock -no_input_delay -loops -generated_clocks
===========================================================================
Warning: There are 9 input ports missing set_input_delay.
  SEL2
  analog_io1
  analog_io2
  analog_io3
  io_in[0]
  io_in[1]
  io_in[2]
  io_in[3]
  io_in[4]
Warning: There is 1 unconstrained endpoint.
  analog_io2
