Instance name,  X location,  Y location,  Voltage 
mprj, 1425.84, 1368.88, 0
mprj, 1425.84, 1188.88, 0
mprj, 1425.84, 1008.88, 0
mprj, 1425.84, 828.88, 0
mprj, 1425.84, 648.88, 0
mprj, 1425.84, 468.88, 0
mprj, 1425.84, 288.88, 0
mprj, 1425.84, 108.88, 0
mprj, 1363.52, 1368.88, 0
mprj, 1363.52, 1188.88, 0
mprj, 1363.52, 1008.88, 0
mprj, 1363.52, 828.88, 0
mprj, 1363.52, 648.88, 0
mprj, 1363.52, 468.88, -0
mprj, 1363.52, 288.88, 0
mprj, 1363.52, 108.88, 0
mprj, 1272.24, 1368.88, 0
mprj, 1272.24, 1188.88, 0
mprj, 1272.24, 1008.88, 0
mprj, 1272.24, 828.88, 0
mprj, 1272.24, 648.88, 0
mprj, 1272.24, 468.88, 0
mprj, 1272.24, 288.88, 0
mprj, 1272.24, 108.88, 0
mprj, 1183.52, 1368.88, -0
mprj, 1183.52, 1188.88, 0
mprj, 1183.52, 1008.88, 0
mprj, 1183.52, 828.88, -0
mprj, 1183.52, 648.88, 0
mprj, 1183.52, 468.88, 0
mprj, 1183.52, 288.88, 0
mprj, 1183.52, 108.88, 0
mprj, 1118.64, 1368.88, 0
mprj, 1118.64, 1188.88, 0
mprj, 1118.64, 1008.88, 0
mprj, 1118.64, 828.88, 0
mprj, 1118.64, 648.88, 0
mprj, 1118.64, 468.88, 0
mprj, 1118.64, 288.88, 0
mprj, 1118.64, 108.88, 0
mprj, 965.04, 1368.88, 0
mprj, 965.04, 1188.88, 0
mprj, 965.04, 1008.88, 0
mprj, 965.04, 828.88, 0
mprj, 965.04, 648.88, 0
mprj, 965.04, 468.88, 0
mprj, 965.04, 288.88, 0
mprj, 965.04, 108.88, 0
mprj, 823.52, 1368.88, 0
mprj, 823.52, 1188.88, 0
mprj, 823.52, 1008.88, 0
mprj, 823.52, 828.88, 0
mprj, 823.52, 648.88, 0
mprj, 823.52, 468.88, 0
mprj, 823.52, 288.88, 0
mprj, 823.52, 108.88, 0
mprj, 811.44, 1368.88, 0
mprj, 811.44, 1188.88, 0
mprj, 811.44, 1008.88, 0
mprj, 811.44, 828.88, 0
mprj, 811.44, 648.88, 0
mprj, 811.44, 468.88, 0
mprj, 811.44, 288.88, 0
mprj, 811.44, 108.88, 0
mprj, 657.84, 1368.88, 0
mprj, 657.84, 1188.88, 0
mprj, 657.84, 1008.88, 0
mprj, 657.84, 828.88, 0
mprj, 657.84, 648.88, 0
mprj, 657.84, 468.88, 0
mprj, 657.84, 288.88, 0
mprj, 657.84, 108.88, 0
mprj, 643.52, 1368.88, 0
mprj, 643.52, 1188.88, -0
mprj, 643.52, 1008.88, 0
mprj, 643.52, 828.88, -0
mprj, 643.52, 648.88, 0
mprj, 643.52, 468.88, -0
mprj, 643.52, 288.88, 0
mprj, 643.52, 108.88, 0
mprj, 504.24, 1368.88, 0
mprj, 504.24, 1188.88, 0
mprj, 504.24, 1008.88, 0
mprj, 504.24, 828.88, 0
mprj, 504.24, 648.88, 0
mprj, 504.24, 468.88, 0
mprj, 504.24, 288.88, 0
mprj, 504.24, 108.88, 0
mprj, 350.64, 1368.88, 0
mprj, 350.64, 1188.88, 0
mprj, 350.64, 1008.88, 0
mprj, 350.64, 828.88, 0
mprj, 350.64, 648.88, 0
mprj, 350.64, 468.88, 0
mprj, 350.64, 288.88, 0
mprj, 350.64, 108.88, 0
mprj, 283.52, 1368.88, 0
mprj, 283.52, 1188.88, 0
mprj, 283.52, 1008.88, 0
mprj, 283.52, 828.88, 0
mprj, 283.52, 648.88, -0
mprj, 197.04, 1368.88, 0
mprj, 197.04, 1188.88, 0
mprj, 197.04, 1008.88, 0
mprj, 197.04, 828.88, 0
mprj, 197.04, 648.88, 0
mprj, 197.04, 468.88, 0
mprj, 197.04, 288.88, 0
mprj, 197.04, 108.88, 0
mprj, 103.52, 1368.88, -0
mprj, 103.52, 1188.88, 0
mprj, 103.52, 1008.88, -0
mprj, 103.52, 828.88, 0
mprj, 103.52, 648.88, 0
mprj, 103.52, 468.88, 0
mprj, 103.52, 288.88, 0
mprj, 103.52, 108.88, -0

