/root/mpw_precheck/checks/tech-files/sky130B_mr.drc:52: warning: already initialized constant DRC::DRCEngine::FEOL
/root/mpw_precheck/checks/tech-files/sky130B_mr.drc:42: warning: previous definition of FEOL was here
/root/mpw_precheck/checks/tech-files/sky130B_mr.drc:56: warning: already initialized constant DRC::DRCEngine::BEOL
/root/mpw_precheck/checks/tech-files/sky130B_mr.drc:43: warning: previous definition of BEOL was here
/root/mpw_precheck/checks/tech-files/sky130B_mr.drc:64: warning: already initialized constant DRC::DRCEngine::OFFGRID
/root/mpw_precheck/checks/tech-files/sky130B_mr.drc:44: warning: previous definition of OFFGRID was here
/root/mpw_precheck/checks/tech-files/sky130B_mr.drc:70: warning: already initialized constant DRC::DRCEngine::SEAL
/root/mpw_precheck/checks/tech-files/sky130B_mr.drc:45: warning: previous definition of SEAL was here
/root/mpw_precheck/checks/tech-files/sky130B_mr.drc:76: warning: already initialized constant DRC::DRCEngine::FLOATING_MET
/root/mpw_precheck/checks/tech-files/sky130B_mr.drc:46: warning: previous definition of FLOATING_MET was here
"input" in: sky130B_mr.drc:126
    Polygons (raw): 208743 (flat)  139 (hierarchical)
    Elapsed: 0.060s  Memory: 720.00M
"polygons" in: sky130B_mr.drc:127
    Polygons (raw): 41638 (flat)  486 (hierarchical)
    Elapsed: 0.040s  Memory: 720.00M
"polygons" in: sky130B_mr.drc:128
    Polygons (raw): 145495 (flat)  65 (hierarchical)
    Elapsed: 0.030s  Memory: 720.00M
"polygons" in: sky130B_mr.drc:129
    Polygons (raw): 0 (flat)  0 (hierarchical)
    Elapsed: 0.000s  Memory: 720.00M
"polygons" in: sky130B_mr.drc:130
    Polygons (raw): 0 (flat)  0 (hierarchical)
    Elapsed: 0.000s  Memory: 720.00M
"polygons" in: sky130B_mr.drc:131
    Polygons (raw): 0 (flat)  0 (hierarchical)
    Elapsed: 0.000s  Memory: 720.00M
"polygons" in: sky130B_mr.drc:132
    Polygons (raw): 0 (flat)  0 (hierarchical)
    Elapsed: 0.000s  Memory: 720.00M
"polygons" in: sky130B_mr.drc:133
    Polygons (raw): 0 (flat)  0 (hierarchical)
    Elapsed: 0.000s  Memory: 720.00M
"polygons" in: sky130B_mr.drc:134
    Polygons (raw): 145444 (flat)  14 (hierarchical)
    Elapsed: 0.030s  Memory: 720.00M
"polygons" in: sky130B_mr.drc:135
    Polygons (raw): 0 (flat)  0 (hierarchical)
    Elapsed: 0.010s  Memory: 720.00M
"polygons" in: sky130B_mr.drc:136
    Polygons (raw): 74 (flat)  74 (hierarchical)
    Elapsed: 0.030s  Memory: 720.00M
"polygons" in: sky130B_mr.drc:137
    Polygons (raw): 0 (flat)  0 (hierarchical)
    Elapsed: 0.000s  Memory: 720.00M
"polygons" in: sky130B_mr.drc:138
    Polygons (raw): 0 (flat)  0 (hierarchical)
    Elapsed: 0.000s  Memory: 720.00M
"polygons" in: sky130B_mr.drc:139
    Polygons (raw): 208937 (flat)  336 (hierarchical)
    Elapsed: 0.040s  Memory: 720.00M
"polygons" in: sky130B_mr.drc:140
    Polygons (raw): 40 (flat)  40 (hierarchical)
    Elapsed: 0.040s  Memory: 720.00M
"polygons" in: sky130B_mr.drc:141
    Polygons (raw): 166292 (flat)  286 (hierarchical)
    Elapsed: 0.050s  Memory: 720.00M
"polygons" in: sky130B_mr.drc:142
    Polygons (raw): 166352 (flat)  346 (hierarchical)
    Elapsed: 0.030s  Memory: 720.00M
"polygons" in: sky130B_mr.drc:143
    Polygons (raw): 0 (flat)  0 (hierarchical)
    Elapsed: 0.000s  Memory: 720.00M
"polygons" in: sky130B_mr.drc:144
    Polygons (raw): 0 (flat)  0 (hierarchical)
    Elapsed: 0.000s  Memory: 720.00M
"polygons" in: sky130B_mr.drc:145
    Polygons (raw): 104552 (flat)  254 (hierarchical)
    Elapsed: 0.030s  Memory: 720.00M
"polygons" in: sky130B_mr.drc:146
    Polygons (raw): 790111 (flat)  16951 (hierarchical)
    Elapsed: 0.040s  Memory: 720.00M
"polygons" in: sky130B_mr.drc:148
    Polygons (raw): 660473 (flat)  1179 (hierarchical)
    Elapsed: 0.030s  Memory: 720.00M
"polygons" in: sky130B_mr.drc:149
    Polygons (raw): 2310475 (flat)  7731 (hierarchical)
    Elapsed: 0.040s  Memory: 720.00M
"polygons" in: sky130B_mr.drc:151
    Polygons (raw): 294377 (flat)  3517 (hierarchical)
    Elapsed: 0.040s  Memory: 720.00M
"polygons" in: sky130B_mr.drc:152
    Polygons (raw): 18325 (flat)  18325 (hierarchical)
    Elapsed: 0.050s  Memory: 720.00M
"polygons" in: sky130B_mr.drc:154
    Polygons (raw): 5028 (flat)  5028 (hierarchical)
    Elapsed: 0.050s  Memory: 720.00M
"polygons" in: sky130B_mr.drc:155
    Polygons (raw): 16709 (flat)  16709 (hierarchical)
    Elapsed: 0.050s  Memory: 720.00M
"polygons" in: sky130B_mr.drc:157
    Polygons (raw): 3852 (flat)  3852 (hierarchical)
    Elapsed: 0.040s  Memory: 720.00M
"polygons" in: sky130B_mr.drc:158
    Polygons (raw): 17456 (flat)  17456 (hierarchical)
    Elapsed: 0.050s  Memory: 720.00M
"polygons" in: sky130B_mr.drc:160
    Polygons (raw): 504 (flat)  504 (hierarchical)
    Elapsed: 0.040s  Memory: 720.00M
"polygons" in: sky130B_mr.drc:161
    Polygons (raw): 12578 (flat)  12578 (hierarchical)
    Elapsed: 0.010s  Memory: 720.00M
"polygons" in: sky130B_mr.drc:163
    Polygons (raw): 172 (flat)  172 (hierarchical)
    Elapsed: 0.000s  Memory: 720.00M
"polygons" in: sky130B_mr.drc:165
    Polygons (raw): 0 (flat)  0 (hierarchical)
    Elapsed: 0.000s  Memory: 720.00M
"polygons" in: sky130B_mr.drc:166
    Polygons (raw): 0 (flat)  0 (hierarchical)
    Elapsed: 0.000s  Memory: 720.00M
"polygons" in: sky130B_mr.drc:167
    Polygons (raw): 0 (flat)  0 (hierarchical)
    Elapsed: 0.000s  Memory: 720.00M
"polygons" in: sky130B_mr.drc:168
    Polygons (raw): 0 (flat)  0 (hierarchical)
    Elapsed: 0.000s  Memory: 720.00M
"polygons" in: sky130B_mr.drc:169
    Polygons (raw): 0 (flat)  0 (hierarchical)
    Elapsed: 0.000s  Memory: 720.00M
"polygons" in: sky130B_mr.drc:170
    Polygons (raw): 0 (flat)  0 (hierarchical)
    Elapsed: 0.000s  Memory: 720.00M
"polygons" in: sky130B_mr.drc:171
    Polygons (raw): 0 (flat)  0 (hierarchical)
    Elapsed: 0.000s  Memory: 720.00M
"polygons" in: sky130B_mr.drc:172
    Polygons (raw): 0 (flat)  0 (hierarchical)
    Elapsed: 0.000s  Memory: 720.00M
"polygons" in: sky130B_mr.drc:173
    Polygons (raw): 0 (flat)  0 (hierarchical)
    Elapsed: 0.000s  Memory: 720.00M
"polygons" in: sky130B_mr.drc:174
    Polygons (raw): 0 (flat)  0 (hierarchical)
    Elapsed: 0.000s  Memory: 720.00M
"polygons" in: sky130B_mr.drc:175
    Polygons (raw): 0 (flat)  0 (hierarchical)
    Elapsed: 0.000s  Memory: 720.00M
"polygons" in: sky130B_mr.drc:176
    Polygons (raw): 0 (flat)  0 (hierarchical)
    Elapsed: 0.000s  Memory: 720.00M
"polygons" in: sky130B_mr.drc:177
    Polygons (raw): 0 (flat)  0 (hierarchical)
    Elapsed: 0.000s  Memory: 720.00M
"polygons" in: sky130B_mr.drc:178
    Polygons (raw): 0 (flat)  0 (hierarchical)
    Elapsed: 0.000s  Memory: 720.00M
"polygons" in: sky130B_mr.drc:179
    Polygons (raw): 0 (flat)  0 (hierarchical)
    Elapsed: 0.000s  Memory: 720.00M
"polygons" in: sky130B_mr.drc:180
    Polygons (raw): 0 (flat)  0 (hierarchical)
    Elapsed: 0.000s  Memory: 720.00M
"polygons" in: sky130B_mr.drc:181
    Polygons (raw): 0 (flat)  0 (hierarchical)
    Elapsed: 0.000s  Memory: 720.00M
"polygons" in: sky130B_mr.drc:182
    Polygons (raw): 145444 (flat)  14 (hierarchical)
    Elapsed: 0.030s  Memory: 720.00M
"polygons" in: sky130B_mr.drc:183
    Polygons (raw): 0 (flat)  0 (hierarchical)
    Elapsed: 0.000s  Memory: 722.00M
"polygons" in: sky130B_mr.drc:184
    Polygons (raw): 0 (flat)  0 (hierarchical)
    Elapsed: 0.000s  Memory: 722.00M
"polygons" in: sky130B_mr.drc:185
    Polygons (raw): 0 (flat)  0 (hierarchical)
    Elapsed: 0.000s  Memory: 722.00M
"polygons" in: sky130B_mr.drc:186
    Polygons (raw): 0 (flat)  0 (hierarchical)
    Elapsed: 0.000s  Memory: 722.00M
"polygons" in: sky130B_mr.drc:187
    Polygons (raw): 0 (flat)  0 (hierarchical)
    Elapsed: 0.000s  Memory: 722.00M
"polygons" in: sky130B_mr.drc:188
    Polygons (raw): 0 (flat)  0 (hierarchical)
    Elapsed: 0.000s  Memory: 722.00M
"polygons" in: sky130B_mr.drc:189
    Polygons (raw): 0 (flat)  0 (hierarchical)
    Elapsed: 0.000s  Memory: 722.00M
"polygons" in: sky130B_mr.drc:190
    Polygons (raw): 3 (flat)  3 (hierarchical)
    Elapsed: 0.040s  Memory: 722.00M
"polygons" in: sky130B_mr.drc:191
    Polygons (raw): 0 (flat)  0 (hierarchical)
    Elapsed: 0.020s  Memory: 722.00M
"polygons" in: sky130B_mr.drc:192
    Polygons (raw): 0 (flat)  0 (hierarchical)
    Elapsed: 0.000s  Memory: 722.00M
"polygons" in: sky130B_mr.drc:193
    Polygons (raw): 0 (flat)  0 (hierarchical)
    Elapsed: 0.000s  Memory: 722.00M
"polygons" in: sky130B_mr.drc:194
    Polygons (raw): 0 (flat)  0 (hierarchical)
    Elapsed: 0.000s  Memory: 722.00M
"polygons" in: sky130B_mr.drc:195
    Polygons (raw): 9 (flat)  1 (hierarchical)
    Elapsed: 0.040s  Memory: 722.00M
"polygons" in: sky130B_mr.drc:196
    Polygons (raw): 0 (flat)  0 (hierarchical)
    Elapsed: 0.000s  Memory: 722.00M
"polygons" in: sky130B_mr.drc:197
    Polygons (raw): 0 (flat)  0 (hierarchical)
    Elapsed: 0.000s  Memory: 722.00M
"polygons" in: sky130B_mr.drc:198
    Polygons (raw): 0 (flat)  0 (hierarchical)
    Elapsed: 0.000s  Memory: 722.00M
"polygons" in: sky130B_mr.drc:199
    Polygons (raw): 0 (flat)  0 (hierarchical)
    Elapsed: 0.000s  Memory: 722.00M
"polygons" in: sky130B_mr.drc:200
    Polygons (raw): 1 (flat)  1 (hierarchical)
    Elapsed: 0.040s  Memory: 722.00M
"polygons" in: sky130B_mr.drc:201
    Polygons (raw): 0 (flat)  0 (hierarchical)
    Elapsed: 0.000s  Memory: 722.00M
"polygons" in: sky130B_mr.drc:202
    Polygons (raw): 0 (flat)  0 (hierarchical)
    Elapsed: 0.000s  Memory: 722.00M
"polygons" in: sky130B_mr.drc:203
    Polygons (raw): 0 (flat)  0 (hierarchical)
    Elapsed: 0.000s  Memory: 722.00M
"polygons" in: sky130B_mr.drc:204
    Polygons (raw): 0 (flat)  0 (hierarchical)
    Elapsed: 0.000s  Memory: 722.00M
"polygons" in: sky130B_mr.drc:205
    Polygons (raw): 0 (flat)  0 (hierarchical)
    Elapsed: 0.010s  Memory: 722.00M
"polygons" in: sky130B_mr.drc:206
    Polygons (raw): 0 (flat)  0 (hierarchical)
    Elapsed: 0.000s  Memory: 722.00M
"polygons" in: sky130B_mr.drc:207
    Polygons (raw): 0 (flat)  0 (hierarchical)
    Elapsed: 0.000s  Memory: 722.00M
"polygons" in: sky130B_mr.drc:208
    Polygons (raw): 0 (flat)  0 (hierarchical)
    Elapsed: 0.000s  Memory: 722.00M
"polygons" in: sky130B_mr.drc:209
    Polygons (raw): 0 (flat)  0 (hierarchical)
    Elapsed: 0.000s  Memory: 722.00M
"polygons" in: sky130B_mr.drc:210
    Polygons (raw): 0 (flat)  0 (hierarchical)
    Elapsed: 0.000s  Memory: 722.00M
"polygons" in: sky130B_mr.drc:211
    Polygons (raw): 0 (flat)  0 (hierarchical)
    Elapsed: 0.000s  Memory: 722.00M
"polygons" in: sky130B_mr.drc:212
    Polygons (raw): 0 (flat)  0 (hierarchical)
    Elapsed: 0.000s  Memory: 722.00M
"polygons" in: sky130B_mr.drc:213
    Polygons (raw): 6 (flat)  6 (hierarchical)
    Elapsed: 0.040s  Memory: 722.00M
"polygons" in: sky130B_mr.drc:214
    Polygons (raw): 0 (flat)  0 (hierarchical)
    Elapsed: 0.000s  Memory: 722.00M
"polygons" in: sky130B_mr.drc:215
    Polygons (raw): 0 (flat)  0 (hierarchical)
    Elapsed: 0.000s  Memory: 722.00M
"polygons" in: sky130B_mr.drc:216
    Polygons (raw): 0 (flat)  0 (hierarchical)
    Elapsed: 0.000s  Memory: 722.00M
"polygons" in: sky130B_mr.drc:217
    Polygons (raw): 0 (flat)  0 (hierarchical)
    Elapsed: 0.000s  Memory: 722.00M
DRC section
BEOL section
START: 67/20 (li)
"interacting" in: sky130B_mr.drc:399
    Polygons (raw): 0 (flat)  0 (hierarchical)
    Elapsed: 0.000s  Memory: 722.00M
"-" in: sky130B_mr.drc:399
    Polygons (raw): 660473 (flat)  1179 (hierarchical)
    Elapsed: 0.000s  Memory: 722.00M
"width" in: sky130B_mr.drc:400
    Edge pairs: 0 (flat)  0 (hierarchical)
    Elapsed: 3.950s  Memory: 816.00M
"output" in: sky130B_mr.drc:400
    Edge pairs: 0 (flat)  0 (hierarchical)
    Elapsed: 0.010s  Memory: 816.00M
"edges" in: sky130B_mr.drc:402
    Edges: 1750394 (flat)  1750354 (hierarchical)
    Elapsed: 0.130s  Memory: 856.00M
"space" in: sky130B_mr.drc:402
    Edge pairs: 0 (flat)  0 (hierarchical)
    Elapsed: 4.810s  Memory: 4208.00M
"output" in: sky130B_mr.drc:402
    Edge pairs: 0 (flat)  0 (hierarchical)
    Elapsed: 0.040s  Memory: 3920.00M
"-" in: sky130B_mr.drc:403
    Polygons (raw): 790111 (flat)  16951 (hierarchical)
    Elapsed: 0.000s  Memory: 3920.00M
"enclosing" in: sky130B_mr.drc:404
    Edge pairs: 651811 (flat)  651787 (hierarchical)
    Elapsed: 19.570s  Memory: 3954.00M
"second_edges" in: sky130B_mr.drc:404
    Edges: 651811 (flat)  651787 (hierarchical)
    Elapsed: 0.050s  Memory: 3970.00M
"width" in: sky130B_mr.drc:405
    Edge pairs: 0 (flat)  0 (hierarchical)
    Elapsed: 1.700s  Memory: 4313.00M
"polygons" in: sky130B_mr.drc:406
    Polygons (raw): 0 (flat)  0 (hierarchical)
    Elapsed: 0.010s  Memory: 4057.00M
"interacting" in: sky130B_mr.drc:406
    Polygons (raw): 0 (flat)  0 (hierarchical)
    Elapsed: 0.000s  Memory: 4057.00M
"output" in: sky130B_mr.drc:407
    Polygons (raw): 0 (flat)  0 (hierarchical)
    Elapsed: 0.000s  Memory: 4057.00M
"with_area" in: sky130B_mr.drc:408
    Polygons (raw): 0 (flat)  0 (hierarchical)
    Elapsed: 0.070s  Memory: 4057.00M
"output" in: sky130B_mr.drc:408
    Polygons (raw): 0 (flat)  0 (hierarchical)
    Elapsed: 0.000s  Memory: 4057.00M
END: 67/20 (li)
START: 67/44 (mcon)
"-" in: sky130B_mr.drc:413
    Polygons (raw): 2310475 (flat)  7731 (hierarchical)
    Elapsed: 0.000s  Memory: 4057.00M
"-" in: sky130B_mr.drc:420
    Polygons (raw): 2310475 (flat)  7731 (hierarchical)
    Elapsed: 0.000s  Memory: 4057.00M
"non_rectangles" in: sky130B_mr.drc:421
    Polygons (raw): 0 (flat)  0 (hierarchical)
    Elapsed: 14.610s  Memory: 4538.00M
"output" in: sky130B_mr.drc:421
    Polygons (raw): 0 (flat)  0 (hierarchical)
    Elapsed: 0.010s  Memory: 4538.00M
"drc" in: sky130B_mr.drc:423
    Edge pairs: 0 (flat)  0 (hierarchical)
    Elapsed: 17.240s  Memory: 4786.00M
"output" in: sky130B_mr.drc:423
    Edge pairs: 0 (flat)  0 (hierarchical)
    Elapsed: 0.020s  Memory: 4570.00M
"drc" in: sky130B_mr.drc:424
    Edges: 0 (flat)  0 (hierarchical)
    Elapsed: 2.910s  Memory: 4770.00M
"output" in: sky130B_mr.drc:424
    Edges: 0 (flat)  0 (hierarchical)
    Elapsed: 0.010s  Memory: 4570.00M
"space" in: sky130B_mr.drc:425
    Edge pairs: 0 (flat)  0 (hierarchical)
    Elapsed: 2.480s  Memory: 4786.00M
"output" in: sky130B_mr.drc:425
    Edge pairs: 0 (flat)  0 (hierarchical)
    Elapsed: 0.010s  Memory: 4570.00M
"-" in: sky130B_mr.drc:431
    Polygons (raw): 0 (flat)  0 (hierarchical)
    Elapsed: 2.440s  Memory: 4802.00M
"output" in: sky130B_mr.drc:431
    Polygons (raw): 0 (flat)  0 (hierarchical)
    Elapsed: 0.010s  Memory: 4570.00M
END: 67/44 (mcon)
START: 68/20 (m1)
"width" in: sky130B_mr.drc:436
    Edge pairs: 0 (flat)  0 (hierarchical)
    Elapsed: 3.130s  Memory: 4570.00M
"output" in: sky130B_mr.drc:436
    Edge pairs: 0 (flat)  0 (hierarchical)
    Elapsed: 0.020s  Memory: 4570.00M
"sized" in: sky130B_mr.drc:437
    Polygons (raw): 13 (flat)  13 (hierarchical)
    Elapsed: 0.030s  Memory: 4570.00M
"sized" in: sky130B_mr.drc:437
    Polygons (raw): 13 (flat)  13 (hierarchical)
    Elapsed: 0.010s  Memory: 4570.00M
"snap" in: sky130B_mr.drc:437
    Polygons (raw): 13 (flat)  13 (hierarchical)
    Elapsed: 0.120s  Memory: 4570.00M
"&" in: sky130B_mr.drc:437
    Polygons (raw): 13 (flat)  13 (hierarchical)
    Elapsed: 0.100s  Memory: 4650.00M
"edges" in: sky130B_mr.drc:438
    Edges: 10652 (flat)  10652 (hierarchical)
    Elapsed: 0.000s  Memory: 4570.00M
"-" in: sky130B_mr.drc:438
    Edges: 10596 (flat)  10596 (hierarchical)
    Elapsed: 0.100s  Memory: 4594.00M
"edges" in: sky130B_mr.drc:439
    Edges: 52 (flat)  52 (hierarchical)
    Elapsed: 0.130s  Memory: 4594.00M
"merged" in: sky130B_mr.drc:439
    Polygons (raw): 1119 (flat)  1119 (hierarchical)
    Elapsed: 0.000s  Memory: 4570.00M
"outside_part" in: sky130B_mr.drc:439
    Edges: 62 (flat)  62 (hierarchical)
    Elapsed: 0.090s  Memory: 4618.00M
"space" in: sky130B_mr.drc:441
    Edge pairs: 0 (flat)  0 (hierarchical)
    Elapsed: 0.150s  Memory: 4850.00M
"output" in: sky130B_mr.drc:441
    Edge pairs: 0 (flat)  0 (hierarchical)
    Elapsed: 0.000s  Memory: 4570.00M
"separation" in: sky130B_mr.drc:443
    Edge pairs: 0 (flat)  0 (hierarchical)
    Elapsed: 0.130s  Memory: 4810.00M
"space" in: sky130B_mr.drc:443
    Edge pairs: 0 (flat)  0 (hierarchical)
    Elapsed: 0.060s  Memory: 4826.00M
"+" in: sky130B_mr.drc:443
    Edge pairs: 0 (flat)  0 (hierarchical)
    Elapsed: 0.050s  Memory: 4570.00M
"output" in: sky130B_mr.drc:443
    Edge pairs: 0 (flat)  0 (hierarchical)
    Elapsed: 0.000s  Memory: 4570.00M
"input" in: sky130B_mr.drc:447
    Polygons (raw): 294377 (flat)  3541 (hierarchical)
    Elapsed: 0.030s  Memory: 4570.00M
"enclosing" in: sky130B_mr.drc:449
    Edge pairs: 0 (flat)  0 (hierarchical)
    Elapsed: 13.520s  Memory: 4738.00M
"output" in: sky130B_mr.drc:449
    Edge pairs: 0 (flat)  0 (hierarchical)
    Elapsed: 0.010s  Memory: 4570.00M
"-" in: sky130B_mr.drc:450
    Polygons (raw): 0 (flat)  0 (hierarchical)
    Elapsed: 3.780s  Memory: 4762.00M
"output" in: sky130B_mr.drc:450
    Polygons (raw): 0 (flat)  0 (hierarchical)
    Elapsed: 0.010s  Memory: 4570.00M
"input" in: sky130B_mr.drc:452
    Polygons (raw): 0 (flat)  0 (hierarchical)
    Elapsed: 0.050s  Memory: 4570.00M
"enclosing" in: sky130B_mr.drc:453
    Edge pairs: 0 (flat)  0 (hierarchical)
    Elapsed: 0.000s  Memory: 4570.00M
"output" in: sky130B_mr.drc:453
    Edge pairs: 0 (flat)  0 (hierarchical)
    Elapsed: 0.000s  Memory: 4570.00M
"-" in: sky130B_mr.drc:455
    Polygons (raw): 0 (flat)  0 (hierarchical)
    Elapsed: 0.000s  Memory: 4570.00M
"output" in: sky130B_mr.drc:455
    Polygons (raw): 0 (flat)  0 (hierarchical)
    Elapsed: 0.000s  Memory: 4570.00M
"with_area" in: sky130B_mr.drc:457
    Polygons (raw): 0 (flat)  0 (hierarchical)
    Elapsed: 0.010s  Memory: 4570.00M
"output" in: sky130B_mr.drc:457
    Polygons (raw): 0 (flat)  0 (hierarchical)
    Elapsed: 0.000s  Memory: 4570.00M
"holes" in: sky130B_mr.drc:459
    Polygons (raw): 30 (flat)  30 (hierarchical)
    Elapsed: 0.000s  Memory: 4570.00M
"with_area" in: sky130B_mr.drc:459
    Polygons (raw): 0 (flat)  0 (hierarchical)
    Elapsed: 0.070s  Memory: 4570.00M
"output" in: sky130B_mr.drc:459
    Polygons (raw): 0 (flat)  0 (hierarchical)
    Elapsed: 0.000s  Memory: 4570.00M
"enclosing" in: sky130B_mr.drc:466
    Edge pairs: 13610 (flat)  13610 (hierarchical)
    Elapsed: 10.840s  Memory: 4586.00M
"second_edges" in: sky130B_mr.drc:466
    Edges: 13610 (flat)  13610 (hierarchical)
    Elapsed: 0.020s  Memory: 4570.00M
"width" in: sky130B_mr.drc:467
    Edge pairs: 0 (flat)  0 (hierarchical)
    Elapsed: 0.140s  Memory: 4834.00M
"polygons" in: sky130B_mr.drc:468
    Polygons (raw): 0 (flat)  0 (hierarchical)
    Elapsed: 0.000s  Memory: 4570.00M
"interacting" in: sky130B_mr.drc:468
    Polygons (raw): 0 (flat)  0 (hierarchical)
    Elapsed: 0.000s  Memory: 4570.00M
"output" in: sky130B_mr.drc:469
    Polygons (raw): 0 (flat)  0 (hierarchical)
    Elapsed: 0.000s  Memory: 4570.00M
END: 68/20 (m1)
START: 68/44 (via)
"-" in: sky130B_mr.drc:483
    Polygons (raw): 18325 (flat)  18325 (hierarchical)
    Elapsed: 0.000s  Memory: 4570.00M
"non_rectangles" in: sky130B_mr.drc:485
    Polygons (raw): 0 (flat)  0 (hierarchical)
    Elapsed: 0.120s  Memory: 4570.00M
"output" in: sky130B_mr.drc:485
    Polygons (raw): 0 (flat)  0 (hierarchical)
    Elapsed: 0.000s  Memory: 4570.00M
"width" in: sky130B_mr.drc:486
    Edge pairs: 0 (flat)  0 (hierarchical)
    Elapsed: 0.010s  Memory: 4570.00M
"output" in: sky130B_mr.drc:486
    Edge pairs: 0 (flat)  0 (hierarchical)
    Elapsed: 0.000s  Memory: 4570.00M
"drc" in: sky130B_mr.drc:488
    Edges: 0 (flat)  0 (hierarchical)
    Elapsed: 0.100s  Memory: 4818.00M
"output" in: sky130B_mr.drc:488
    Edges: 0 (flat)  0 (hierarchical)
    Elapsed: 0.000s  Memory: 4570.00M
"space" in: sky130B_mr.drc:490
    Edge pairs: 0 (flat)  0 (hierarchical)
    Elapsed: 0.090s  Memory: 4842.00M
"output" in: sky130B_mr.drc:490
    Edge pairs: 0 (flat)  0 (hierarchical)
    Elapsed: 0.050s  Memory: 4570.00M
"edges" in: sky130B_mr.drc:498
    Edges: 10652 (flat)  10652 (hierarchical)
    Elapsed: 0.000s  Memory: 4570.00M
"drc" in: sky130B_mr.drc:498
    Edges: 73300 (flat)  73300 (hierarchical)
    Elapsed: 0.420s  Memory: 4570.00M
"enclosing" in: sky130B_mr.drc:498
    Edge pairs: 0 (flat)  0 (hierarchical)
    Elapsed: 0.070s  Memory: 4802.00M
"output" in: sky130B_mr.drc:498
    Edge pairs: 0 (flat)  0 (hierarchical)
    Elapsed: 0.050s  Memory: 4570.00M
"squares" in: sky130B_mr.drc:499
    Polygons (raw): 18325 (flat)  18325 (hierarchical)
    Elapsed: 0.010s  Memory: 4570.00M
"drc" in: sky130B_mr.drc:499
    Edges: 73300 (flat)  73300 (hierarchical)
    Elapsed: 0.280s  Memory: 4570.00M
"-" in: sky130B_mr.drc:499
    Edges: 0 (flat)  0 (hierarchical)
    Elapsed: 0.860s  Memory: 4770.00M
"output" in: sky130B_mr.drc:499
    Edges: 0 (flat)  0 (hierarchical)
    Elapsed: 0.060s  Memory: 4570.00M
"edges" in: sky130B_mr.drc:501
    Edges: 10652 (flat)  10652 (hierarchical)
    Elapsed: 0.000s  Memory: 4570.00M
"drc" in: sky130B_mr.drc:501
    Edges: 73300 (flat)  73300 (hierarchical)
    Elapsed: 0.270s  Memory: 4570.00M
"enclosing" in: sky130B_mr.drc:501
    Edge pairs: 109 (flat)  109 (hierarchical)
    Elapsed: 0.120s  Memory: 4626.00M
"second_edges" in: sky130B_mr.drc:501
    Edges: 109 (flat)  109 (hierarchical)
    Elapsed: 0.000s  Memory: 4570.00M
"width" in: sky130B_mr.drc:502
    Edge pairs: 0 (flat)  0 (hierarchical)
    Elapsed: 0.110s  Memory: 4802.00M
"polygons" in: sky130B_mr.drc:503
    Polygons (raw): 0 (flat)  0 (hierarchical)
    Elapsed: 0.010s  Memory: 4570.00M
"interacting" in: sky130B_mr.drc:503
    Polygons (raw): 0 (flat)  0 (hierarchical)
    Elapsed: 0.000s  Memory: 4570.00M
"output" in: sky130B_mr.drc:504
    Polygons (raw): 0 (flat)  0 (hierarchical)
    Elapsed: 0.000s  Memory: 4570.00M
END: 68/44 (via)
START: 69/20 (m2)
"width" in: sky130B_mr.drc:511
    Edge pairs: 0 (flat)  0 (hierarchical)
    Elapsed: 0.060s  Memory: 4570.00M
"output" in: sky130B_mr.drc:511
    Edge pairs: 0 (flat)  0 (hierarchical)
    Elapsed: 0.000s  Memory: 4570.00M
"sized" in: sky130B_mr.drc:513
    Polygons (raw): 14 (flat)  14 (hierarchical)
    Elapsed: 0.030s  Memory: 4570.00M
"sized" in: sky130B_mr.drc:513
    Polygons (raw): 14 (flat)  14 (hierarchical)
    Elapsed: 0.010s  Memory: 4570.00M
"snap" in: sky130B_mr.drc:513
    Polygons (raw): 14 (flat)  14 (hierarchical)
    Elapsed: 0.080s  Memory: 4570.00M
"&" in: sky130B_mr.drc:513
    Polygons (raw): 14 (flat)  14 (hierarchical)
    Elapsed: 0.090s  Memory: 4634.00M
"edges" in: sky130B_mr.drc:514
    Edges: 18996 (flat)  18996 (hierarchical)
    Elapsed: 0.000s  Memory: 4570.00M
"-" in: sky130B_mr.drc:514
    Edges: 18934 (flat)  18934 (hierarchical)
    Elapsed: 0.100s  Memory: 4642.00M
"edges" in: sky130B_mr.drc:515
    Edges: 56 (flat)  56 (hierarchical)
    Elapsed: 0.130s  Memory: 4626.00M
"merged" in: sky130B_mr.drc:515
    Polygons (raw): 4198 (flat)  4198 (hierarchical)
    Elapsed: 0.000s  Memory: 4570.00M
"outside_part" in: sky130B_mr.drc:515
    Edges: 62 (flat)  62 (hierarchical)
    Elapsed: 0.080s  Memory: 4618.00M
"-" in: sky130B_mr.drc:516
    Polygons (raw): 18325 (flat)  18325 (hierarchical)
    Elapsed: 0.000s  Memory: 4570.00M
"space" in: sky130B_mr.drc:518
    Edge pairs: 0 (flat)  0 (hierarchical)
    Elapsed: 0.180s  Memory: 4730.00M
"output" in: sky130B_mr.drc:518
    Edge pairs: 0 (flat)  0 (hierarchical)
    Elapsed: 0.000s  Memory: 4570.00M
"separation" in: sky130B_mr.drc:520
    Edge pairs: 0 (flat)  0 (hierarchical)
    Elapsed: 0.130s  Memory: 4778.00M
"space" in: sky130B_mr.drc:520
    Edge pairs: 0 (flat)  0 (hierarchical)
    Elapsed: 0.100s  Memory: 4842.00M
"+" in: sky130B_mr.drc:520
    Edge pairs: 0 (flat)  0 (hierarchical)
    Elapsed: 0.000s  Memory: 4570.00M
"output" in: sky130B_mr.drc:520
    Edge pairs: 0 (flat)  0 (hierarchical)
    Elapsed: 0.000s  Memory: 4570.00M
"with_area" in: sky130B_mr.drc:522
    Polygons (raw): 0 (flat)  0 (hierarchical)
    Elapsed: 0.010s  Memory: 4570.00M
"output" in: sky130B_mr.drc:522
    Polygons (raw): 0 (flat)  0 (hierarchical)
    Elapsed: 0.000s  Memory: 4570.00M
"holes" in: sky130B_mr.drc:523
    Polygons (raw): 1 (flat)  1 (hierarchical)
    Elapsed: 0.000s  Memory: 4570.00M
"with_area" in: sky130B_mr.drc:523
    Polygons (raw): 0 (flat)  0 (hierarchical)
    Elapsed: 0.050s  Memory: 4570.00M
"output" in: sky130B_mr.drc:523
    Polygons (raw): 0 (flat)  0 (hierarchical)
    Elapsed: 0.000s  Memory: 4570.00M
"enclosing" in: sky130B_mr.drc:528
    Edge pairs: 0 (flat)  0 (hierarchical)
    Elapsed: 0.130s  Memory: 4754.00M
"output" in: sky130B_mr.drc:528
    Edge pairs: 0 (flat)  0 (hierarchical)
    Elapsed: 0.000s  Memory: 4570.00M
"-" in: sky130B_mr.drc:529
    Polygons (raw): 0 (flat)  0 (hierarchical)
    Elapsed: 0.100s  Memory: 4786.00M
"output" in: sky130B_mr.drc:529
    Polygons (raw): 0 (flat)  0 (hierarchical)
    Elapsed: 0.000s  Memory: 4570.00M
"enclosing" in: sky130B_mr.drc:530
    Edge pairs: 7242 (flat)  7242 (hierarchical)
    Elapsed: 0.200s  Memory: 4610.00M
"second_edges" in: sky130B_mr.drc:530
    Edges: 7242 (flat)  7242 (hierarchical)
    Elapsed: 0.020s  Memory: 4570.00M
"width" in: sky130B_mr.drc:531
    Edge pairs: 0 (flat)  0 (hierarchical)
    Elapsed: 0.130s  Memory: 4810.00M
"polygons" in: sky130B_mr.drc:532
    Polygons (raw): 0 (flat)  0 (hierarchical)
    Elapsed: 0.000s  Memory: 4570.00M
"interacting" in: sky130B_mr.drc:532
    Polygons (raw): 0 (flat)  0 (hierarchical)
    Elapsed: 0.000s  Memory: 4570.00M
"output" in: sky130B_mr.drc:533
    Polygons (raw): 0 (flat)  0 (hierarchical)
    Elapsed: 0.000s  Memory: 4570.00M
END: 69/20 (m2)
START: 69/44 (via2)
"-" in: sky130B_mr.drc:548
    Polygons (raw): 16709 (flat)  16709 (hierarchical)
    Elapsed: 0.000s  Memory: 4570.00M
"non_rectangles" in: sky130B_mr.drc:549
    Polygons (raw): 0 (flat)  0 (hierarchical)
    Elapsed: 0.110s  Memory: 4570.00M
"output" in: sky130B_mr.drc:549
    Polygons (raw): 0 (flat)  0 (hierarchical)
    Elapsed: 0.000s  Memory: 4570.00M
"width" in: sky130B_mr.drc:550
    Edge pairs: 0 (flat)  0 (hierarchical)
    Elapsed: 0.010s  Memory: 4570.00M
"output" in: sky130B_mr.drc:550
    Edge pairs: 0 (flat)  0 (hierarchical)
    Elapsed: 0.000s  Memory: 4570.00M
"edges" in: sky130B_mr.drc:551
    Edges: 66836 (flat)  66836 (hierarchical)
    Elapsed: 0.000s  Memory: 4570.00M
"without_length" in: sky130B_mr.drc:551
    Edges: 0 (flat)  0 (hierarchical)
    Elapsed: 0.020s  Memory: 4570.00M
"output" in: sky130B_mr.drc:551
    Edges: 0 (flat)  0 (hierarchical)
    Elapsed: 0.000s  Memory: 4570.00M
"space" in: sky130B_mr.drc:552
    Edge pairs: 0 (flat)  0 (hierarchical)
    Elapsed: 0.100s  Memory: 4786.00M
"output" in: sky130B_mr.drc:552
    Edge pairs: 0 (flat)  0 (hierarchical)
    Elapsed: 0.050s  Memory: 4570.00M
"enclosing" in: sky130B_mr.drc:560
    Edge pairs: 0 (flat)  0 (hierarchical)
    Elapsed: 0.110s  Memory: 4778.00M
"output" in: sky130B_mr.drc:560
    Edge pairs: 0 (flat)  0 (hierarchical)
    Elapsed: 0.000s  Memory: 4570.00M
"-" in: sky130B_mr.drc:561
    Polygons (raw): 0 (flat)  0 (hierarchical)
    Elapsed: 0.110s  Memory: 4866.00M
"output" in: sky130B_mr.drc:561
    Polygons (raw): 0 (flat)  0 (hierarchical)
    Elapsed: 0.000s  Memory: 4586.00M
"enclosing" in: sky130B_mr.drc:563
    Edge pairs: 7163 (flat)  7163 (hierarchical)
    Elapsed: 0.130s  Memory: 4634.00M
"second_edges" in: sky130B_mr.drc:563
    Edges: 7163 (flat)  7163 (hierarchical)
    Elapsed: 0.000s  Memory: 4570.00M
"width" in: sky130B_mr.drc:564
    Edge pairs: 0 (flat)  0 (hierarchical)
    Elapsed: 0.110s  Memory: 4786.00M
"polygons" in: sky130B_mr.drc:565
    Polygons (raw): 0 (flat)  0 (hierarchical)
    Elapsed: 0.000s  Memory: 4570.00M
"interacting" in: sky130B_mr.drc:565
    Polygons (raw): 0 (flat)  0 (hierarchical)
    Elapsed: 0.000s  Memory: 4570.00M
"output" in: sky130B_mr.drc:566
    Polygons (raw): 0 (flat)  0 (hierarchical)
    Elapsed: 0.000s  Memory: 4570.00M
END: 69/44 (via2)
START: 70/20 (m3)
"width" in: sky130B_mr.drc:572
    Edge pairs: 0 (flat)  0 (hierarchical)
    Elapsed: 0.050s  Memory: 4570.00M
"output" in: sky130B_mr.drc:572
    Edge pairs: 0 (flat)  0 (hierarchical)
    Elapsed: 0.010s  Memory: 4570.00M
"sized" in: sky130B_mr.drc:574
    Polygons (raw): 8 (flat)  8 (hierarchical)
    Elapsed: 0.030s  Memory: 4570.00M
"sized" in: sky130B_mr.drc:574
    Polygons (raw): 8 (flat)  8 (hierarchical)
    Elapsed: 0.010s  Memory: 4570.00M
"snap" in: sky130B_mr.drc:574
    Polygons (raw): 8 (flat)  8 (hierarchical)
    Elapsed: 0.050s  Memory: 4570.00M
"&" in: sky130B_mr.drc:574
    Polygons (raw): 8 (flat)  8 (hierarchical)
    Elapsed: 0.050s  Memory: 4642.00M
"edges" in: sky130B_mr.drc:575
    Edges: 15024 (flat)  15024 (hierarchical)
    Elapsed: 0.000s  Memory: 4570.00M
"-" in: sky130B_mr.drc:575
    Edges: 14992 (flat)  14992 (hierarchical)
    Elapsed: 0.070s  Memory: 4634.00M
"edges" in: sky130B_mr.drc:576
    Edges: 32 (flat)  32 (hierarchical)
    Elapsed: 0.060s  Memory: 4642.00M
"merged" in: sky130B_mr.drc:576
    Polygons (raw): 3675 (flat)  3675 (hierarchical)
    Elapsed: 0.000s  Memory: 4570.00M
"outside_part" in: sky130B_mr.drc:576
    Edges: 32 (flat)  32 (hierarchical)
    Elapsed: 0.050s  Memory: 4650.00M
"space" in: sky130B_mr.drc:578
    Edge pairs: 0 (flat)  0 (hierarchical)
    Elapsed: 0.130s  Memory: 4746.00M
"output" in: sky130B_mr.drc:578
    Edge pairs: 0 (flat)  0 (hierarchical)
    Elapsed: 0.000s  Memory: 4570.00M
"with_area" in: sky130B_mr.drc:580
    Polygons (raw): 0 (flat)  0 (hierarchical)
    Elapsed: 0.010s  Memory: 4570.00M
"output" in: sky130B_mr.drc:580
    Polygons (raw): 0 (flat)  0 (hierarchical)
    Elapsed: 0.000s  Memory: 4570.00M
"separation" in: sky130B_mr.drc:582
    Edge pairs: 0 (flat)  0 (hierarchical)
    Elapsed: 0.100s  Memory: 4626.00M
"space" in: sky130B_mr.drc:582
    Edge pairs: 0 (flat)  0 (hierarchical)
    Elapsed: 0.070s  Memory: 4794.00M
"+" in: sky130B_mr.drc:582
    Edge pairs: 0 (flat)  0 (hierarchical)
    Elapsed: 0.000s  Memory: 4570.00M
"output" in: sky130B_mr.drc:582
    Edge pairs: 0 (flat)  0 (hierarchical)
    Elapsed: 0.000s  Memory: 4570.00M
"enclosing" in: sky130B_mr.drc:587
    Edge pairs: 0 (flat)  0 (hierarchical)
    Elapsed: 0.110s  Memory: 4794.00M
"output" in: sky130B_mr.drc:587
    Edge pairs: 0 (flat)  0 (hierarchical)
    Elapsed: 0.000s  Memory: 4570.00M
"-" in: sky130B_mr.drc:588
    Polygons (raw): 0 (flat)  0 (hierarchical)
    Elapsed: 0.120s  Memory: 4818.00M
"output" in: sky130B_mr.drc:588
    Polygons (raw): 0 (flat)  0 (hierarchical)
    Elapsed: 0.000s  Memory: 4570.00M
END: 70/20 (m3)
START: 70/44 (via3)
"-" in: sky130B_mr.drc:602
    Polygons (raw): 17456 (flat)  17456 (hierarchical)
    Elapsed: 0.000s  Memory: 4570.00M
"non_rectangles" in: sky130B_mr.drc:603
    Polygons (raw): 0 (flat)  0 (hierarchical)
    Elapsed: 0.120s  Memory: 4570.00M
"output" in: sky130B_mr.drc:603
    Polygons (raw): 0 (flat)  0 (hierarchical)
    Elapsed: 0.000s  Memory: 4570.00M
"width" in: sky130B_mr.drc:604
    Edge pairs: 0 (flat)  0 (hierarchical)
    Elapsed: 0.010s  Memory: 4570.00M
"output" in: sky130B_mr.drc:604
    Edge pairs: 0 (flat)  0 (hierarchical)
    Elapsed: 0.000s  Memory: 4570.00M
"edges" in: sky130B_mr.drc:605
    Edges: 69824 (flat)  69824 (hierarchical)
    Elapsed: 0.010s  Memory: 4570.00M
"without_length" in: sky130B_mr.drc:605
    Edges: 0 (flat)  0 (hierarchical)
    Elapsed: 0.010s  Memory: 4570.00M
"output" in: sky130B_mr.drc:605
    Edges: 0 (flat)  0 (hierarchical)
    Elapsed: 0.000s  Memory: 4570.00M
"space" in: sky130B_mr.drc:607
    Edge pairs: 0 (flat)  0 (hierarchical)
    Elapsed: 0.090s  Memory: 4842.00M
"output" in: sky130B_mr.drc:607
    Edge pairs: 0 (flat)  0 (hierarchical)
    Elapsed: 0.020s  Memory: 4570.00M
"enclosing" in: sky130B_mr.drc:608
    Edge pairs: 0 (flat)  0 (hierarchical)
    Elapsed: 0.120s  Memory: 4802.00M
"output" in: sky130B_mr.drc:608
    Edge pairs: 0 (flat)  0 (hierarchical)
    Elapsed: 0.000s  Memory: 4570.00M
"-" in: sky130B_mr.drc:609
    Polygons (raw): 0 (flat)  0 (hierarchical)
    Elapsed: 0.100s  Memory: 4858.00M
"output" in: sky130B_mr.drc:609
    Polygons (raw): 0 (flat)  0 (hierarchical)
    Elapsed: 0.000s  Memory: 4570.00M
"enclosing" in: sky130B_mr.drc:611
    Edge pairs: 28313 (flat)  28313 (hierarchical)
    Elapsed: 0.200s  Memory: 4578.00M
"second_edges" in: sky130B_mr.drc:611
    Edges: 28313 (flat)  28313 (hierarchical)
    Elapsed: 0.000s  Memory: 4570.00M
"width" in: sky130B_mr.drc:612
    Edge pairs: 0 (flat)  0 (hierarchical)
    Elapsed: 0.140s  Memory: 4802.00M
"polygons" in: sky130B_mr.drc:613
    Polygons (raw): 0 (flat)  0 (hierarchical)
    Elapsed: 0.000s  Memory: 4570.00M
"interacting" in: sky130B_mr.drc:613
    Polygons (raw): 0 (flat)  0 (hierarchical)
    Elapsed: 0.010s  Memory: 4570.00M
"output" in: sky130B_mr.drc:614
    Polygons (raw): 0 (flat)  0 (hierarchical)
    Elapsed: 0.000s  Memory: 4570.00M
END: 70/44 (via3)
START: 71/20 (m4)
"width" in: sky130B_mr.drc:620
    Edge pairs: 0 (flat)  0 (hierarchical)
    Elapsed: 0.060s  Memory: 4570.00M
"output" in: sky130B_mr.drc:620
    Edge pairs: 0 (flat)  0 (hierarchical)
    Elapsed: 0.000s  Memory: 4570.00M
"sized" in: sky130B_mr.drc:622
    Polygons (raw): 172 (flat)  172 (hierarchical)
    Elapsed: 0.010s  Memory: 4570.00M
"sized" in: sky130B_mr.drc:622
    Polygons (raw): 172 (flat)  172 (hierarchical)
    Elapsed: 0.010s  Memory: 4570.00M
"snap" in: sky130B_mr.drc:622
    Polygons (raw): 172 (flat)  172 (hierarchical)
    Elapsed: 0.050s  Memory: 4570.00M
"&" in: sky130B_mr.drc:622
    Polygons (raw): 172 (flat)  172 (hierarchical)
    Elapsed: 0.040s  Memory: 4690.00M
"edges" in: sky130B_mr.drc:623
    Edges: 884 (flat)  884 (hierarchical)
    Elapsed: 0.000s  Memory: 4570.00M
"-" in: sky130B_mr.drc:623
    Edges: 196 (flat)  196 (hierarchical)
    Elapsed: 0.050s  Memory: 4642.00M
"edges" in: sky130B_mr.drc:624
    Edges: 688 (flat)  688 (hierarchical)
    Elapsed: 0.030s  Memory: 4690.00M
"merged" in: sky130B_mr.drc:624
    Polygons (raw): 213 (flat)  213 (hierarchical)
    Elapsed: 0.000s  Memory: 4570.00M
"outside_part" in: sky130B_mr.drc:624
    Edges: 688 (flat)  688 (hierarchical)
    Elapsed: 0.030s  Memory: 4706.00M
"space" in: sky130B_mr.drc:626
    Edge pairs: 0 (flat)  0 (hierarchical)
    Elapsed: 0.080s  Memory: 4786.00M
"output" in: sky130B_mr.drc:626
    Edge pairs: 0 (flat)  0 (hierarchical)
    Elapsed: 0.000s  Memory: 4570.00M
"with_area" in: sky130B_mr.drc:628
    Polygons (raw): 0 (flat)  0 (hierarchical)
    Elapsed: 0.010s  Memory: 4570.00M
"output" in: sky130B_mr.drc:628
    Polygons (raw): 0 (flat)  0 (hierarchical)
    Elapsed: 0.000s  Memory: 4570.00M
"separation" in: sky130B_mr.drc:630
    Edge pairs: 0 (flat)  0 (hierarchical)
    Elapsed: 0.070s  Memory: 4786.00M
"space" in: sky130B_mr.drc:630
    Edge pairs: 0 (flat)  0 (hierarchical)
    Elapsed: 0.020s  Memory: 4754.00M
"+" in: sky130B_mr.drc:630
    Edge pairs: 0 (flat)  0 (hierarchical)
    Elapsed: 0.000s  Memory: 4570.00M
"output" in: sky130B_mr.drc:630
    Edge pairs: 0 (flat)  0 (hierarchical)
    Elapsed: 0.000s  Memory: 4570.00M
"enclosing" in: sky130B_mr.drc:635
    Edge pairs: 0 (flat)  0 (hierarchical)
    Elapsed: 0.140s  Memory: 4698.00M
"output" in: sky130B_mr.drc:635
    Edge pairs: 0 (flat)  0 (hierarchical)
    Elapsed: 0.010s  Memory: 4570.00M
"-" in: sky130B_mr.drc:636
    Polygons (raw): 0 (flat)  0 (hierarchical)
    Elapsed: 0.130s  Memory: 4826.00M
"output" in: sky130B_mr.drc:636
    Polygons (raw): 0 (flat)  0 (hierarchical)
    Elapsed: 0.000s  Memory: 4570.00M
END: 71/20 (m4)
START: 71/44 (via4)
"-" in: sky130B_mr.drc:649
    Polygons (raw): 12578 (flat)  12578 (hierarchical)
    Elapsed: 0.000s  Memory: 4570.00M
"non_rectangles" in: sky130B_mr.drc:650
    Polygons (raw): 0 (flat)  0 (hierarchical)
    Elapsed: 0.090s  Memory: 4570.00M
"output" in: sky130B_mr.drc:650
    Polygons (raw): 0 (flat)  0 (hierarchical)
    Elapsed: 0.000s  Memory: 4570.00M
"width" in: sky130B_mr.drc:651
    Edge pairs: 0 (flat)  0 (hierarchical)
    Elapsed: 0.100s  Memory: 4570.00M
"output" in: sky130B_mr.drc:651
    Edge pairs: 0 (flat)  0 (hierarchical)
    Elapsed: 0.000s  Memory: 4570.00M
"drc" in: sky130B_mr.drc:652
    Edges: 0 (flat)  0 (hierarchical)
    Elapsed: 0.050s  Memory: 4714.00M
"output" in: sky130B_mr.drc:652
    Edges: 0 (flat)  0 (hierarchical)
    Elapsed: 0.000s  Memory: 4570.00M
"space" in: sky130B_mr.drc:654
    Edge pairs: 0 (flat)  0 (hierarchical)
    Elapsed: 0.050s  Memory: 4770.00M
"polygons" in: sky130B_mr.drc:654
    Polygons (raw): 0 (flat)  0 (hierarchical)
    Elapsed: 0.010s  Memory: 4570.00M
"output" in: sky130B_mr.drc:654
    Polygons (raw): 0 (flat)  0 (hierarchical)
    Elapsed: 0.000s  Memory: 4570.00M
"enclosing" in: sky130B_mr.drc:662
    Edge pairs: 0 (flat)  0 (hierarchical)
    Elapsed: 0.100s  Memory: 4738.00M
"output" in: sky130B_mr.drc:662
    Edge pairs: 0 (flat)  0 (hierarchical)
    Elapsed: 0.000s  Memory: 4570.00M
"-" in: sky130B_mr.drc:663
    Polygons (raw): 0 (flat)  0 (hierarchical)
    Elapsed: 0.140s  Memory: 4722.00M
"output" in: sky130B_mr.drc:663
    Polygons (raw): 0 (flat)  0 (hierarchical)
    Elapsed: 0.000s  Memory: 4570.00M
END: 71/44 (via4)
START: 72/20 (m5)
"width" in: sky130B_mr.drc:668
    Edge pairs: 0 (flat)  0 (hierarchical)
    Elapsed: 0.060s  Memory: 4570.00M
"output" in: sky130B_mr.drc:668
    Edge pairs: 0 (flat)  0 (hierarchical)
    Elapsed: 0.000s  Memory: 4570.00M
"space" in: sky130B_mr.drc:670
    Edge pairs: 0 (flat)  0 (hierarchical)
    Elapsed: 0.030s  Memory: 4826.00M
"output" in: sky130B_mr.drc:670
    Edge pairs: 0 (flat)  0 (hierarchical)
    Elapsed: 0.000s  Memory: 4570.00M
"enclosing" in: sky130B_mr.drc:672
    Edge pairs: 0 (flat)  0 (hierarchical)
    Elapsed: 0.070s  Memory: 4714.00M
"output" in: sky130B_mr.drc:672
    Edge pairs: 0 (flat)  0 (hierarchical)
    Elapsed: 0.000s  Memory: 4570.00M
"-" in: sky130B_mr.drc:673
    Polygons (raw): 0 (flat)  0 (hierarchical)
    Elapsed: 0.060s  Memory: 4778.00M
"output" in: sky130B_mr.drc:673
    Polygons (raw): 0 (flat)  0 (hierarchical)
    Elapsed: 0.000s  Memory: 4570.00M
"with_area" in: sky130B_mr.drc:677
    Polygons (raw): 0 (flat)  0 (hierarchical)
    Elapsed: 0.010s  Memory: 4570.00M
"output" in: sky130B_mr.drc:677
    Polygons (raw): 0 (flat)  0 (hierarchical)
    Elapsed: 0.000s  Memory: 4570.00M
END: 72/20 (m5)
START: 76/20 (pad)
"space" in: sky130B_mr.drc:682
    Edge pairs: 0 (flat)  0 (hierarchical)
    Elapsed: 0.000s  Memory: 4570.00M
"output" in: sky130B_mr.drc:682
    Edge pairs: 0 (flat)  0 (hierarchical)
    Elapsed: 0.000s  Memory: 4570.00M
END: 76/20 (pad)
Writing report database: /home/engtech/Desktop/Openlane_v2/memristor/precheck_results/04_APR_2024___16_43_21/outputs/reports/klayout_beol_check.xml ..
Total elapsed: 116.580s  Memory: 4057.00M
 
Cell exclusion list:
   rule    | cell
   nwell.6 | sky130_fd_io__gpiov2_amux, sky130_fd_io__simple_pad_and_busses, sram
   nsd.1   | sram
   nsd.2   | sram
   psd.1   | sram
   psd.2   | sram
 
release 2023.6.14_01.08
