
Magic 8.3 revision 413 - Compiled on Wed Jul 12 10:04:40 UTC 2023.
Starting magic under Tcl interpreter
Using the terminal as the console.
Using NULL graphics device.
Processing system .magicrc file
Sourcing design .magicrc for technology sky130B ...
2 Magic internal units = 1 Lambda
Input style sky130(): scaleFactor=2, multiplier=2
The following types are not handled by extraction and will be treated as non-electrical types:
    ubm 
Scaled tech values by 2 / 1 to match internal grid scaling
Loading sky130B Device Generator Menu ...
Using technology "sky130B", version 1.0.424-0-g78b7bc3
Reading LEF data from file /home/engtech/Desktop/Openlane_v2/memristor/dependencies/pdks/sky130B/libs.ref/sky130_fd_sc_hd/techlef/sky130_fd_sc_hd__nom.tlef.
This action cannot be undone.
LEF read, Line 78 (Message): Unknown keyword "ANTENNAMODEL" in LEF file; ignoring.
LEF read, Line 79 (Message): Unknown keyword "ANTENNADIFFSIDEAREARATIO" in LEF file; ignoring.
LEF read, Line 112 (Message): Unknown keyword "MINENCLOSEDAREA" in LEF file; ignoring.
LEF read, Line 114 (Message): Unknown keyword "ANTENNAMODEL" in LEF file; ignoring.
LEF read, Line 115 (Message): Unknown keyword "ANTENNADIFFSIDEAREARATIO" in LEF file; ignoring.
LEF read, Line 121 (Message): Unknown keyword "MAXIMUMDENSITY" in LEF file; ignoring.
LEF read, Line 122 (Message): Unknown keyword "DENSITYCHECKWINDOW" in LEF file; ignoring.
LEF read, Line 123 (Message): Unknown keyword "DENSITYCHECKSTEP" in LEF file; ignoring.
LEF read, Line 156 (Message): Unknown keyword "MINENCLOSEDAREA" in LEF file; ignoring.
LEF read, Line 164 (Message): Unknown keyword "ANTENNAMODEL" in LEF file; ignoring.
LEF read, Line 165 (Message): Unknown keyword "ANTENNADIFFSIDEAREARATIO" in LEF file; ignoring.
LEF read, Line 167 (Message): Unknown keyword "MAXIMUMDENSITY" in LEF file; ignoring.
LEF read, Line 168 (Message): Unknown keyword "DENSITYCHECKWINDOW" in LEF file; ignoring.
LEF read, Line 169 (Message): Unknown keyword "DENSITYCHECKSTEP" in LEF file; ignoring.
LEF read, Line 206 (Message): Unknown keyword "ANTENNAMODEL" in LEF file; ignoring.
LEF read, Line 207 (Message): Unknown keyword "ANTENNADIFFSIDEAREARATIO" in LEF file; ignoring.
LEF read, Line 209 (Message): Unknown keyword "MAXIMUMDENSITY" in LEF file; ignoring.
LEF read, Line 210 (Message): Unknown keyword "DENSITYCHECKWINDOW" in LEF file; ignoring.
LEF read, Line 211 (Message): Unknown keyword "DENSITYCHECKSTEP" in LEF file; ignoring.
LEF read, Line 248 (Message): Unknown keyword "ANTENNAMODEL" in LEF file; ignoring.
LEF read, Line 249 (Message): Unknown keyword "ANTENNADIFFSIDEAREARATIO" in LEF file; ignoring.
LEF read, Line 251 (Message): Unknown keyword "MAXIMUMDENSITY" in LEF file; ignoring.
LEF read, Line 252 (Message): Unknown keyword "DENSITYCHECKWINDOW" in LEF file; ignoring.
LEF read, Line 253 (Message): Unknown keyword "DENSITYCHECKSTEP" in LEF file; ignoring.
LEF read, Line 290 (Message): Unknown keyword "ANTENNAMODEL" in LEF file; ignoring.
LEF read, Line 291 (Message): Unknown keyword "ANTENNADIFFSIDEAREARATIO" in LEF file; ignoring.
LEF read: Processed 797 lines.
Reading LEF data from file /home/engtech/Desktop/Openlane_v2/memristor/openlane/user_proj_example/macros/lef/core_flat.lef.
This action cannot be undone.
LEF read: Processed 5663 lines.
Reading DEF data from file /home/engtech/Desktop/Openlane_v2/memristor/openlane/user_proj_example/runs/24_04_04_01_15/results/routing/user_proj_example.def.
This action cannot be undone.
  Processed 4 vias total.
Warning: cell <sky130_fd_sc_hd__diode_2> from file /home/engtech/Desktop/Openlane_v2/memristor/dependencies/pdks/sky130B/libs.ref/sky130_fd_sc_hd/mag/sky130_fd_sc_hd__diode_2.mag is not writeable
Cell sky130_fd_sc_hd__diode_2 read from path /home/engtech/Desktop/Openlane_v2/memristor/dependencies/pdks/sky130B/libs.ref/sky130_fd_sc_hd/mag
Warning: cell <sky130_fd_sc_hd__decap_3> from file /home/engtech/Desktop/Openlane_v2/memristor/dependencies/pdks/sky130B/libs.ref/sky130_fd_sc_hd/mag/sky130_fd_sc_hd__decap_3.mag is not writeable
Cell sky130_fd_sc_hd__decap_3 read from path /home/engtech/Desktop/Openlane_v2/memristor/dependencies/pdks/sky130B/libs.ref/sky130_fd_sc_hd/mag
Warning: cell <sky130_ef_sc_hd__decap_12> from file /home/engtech/Desktop/Openlane_v2/memristor/dependencies/pdks/sky130B/libs.ref/sky130_fd_sc_hd/mag/sky130_ef_sc_hd__decap_12.mag is not writeable
Cell sky130_ef_sc_hd__decap_12 read from path /home/engtech/Desktop/Openlane_v2/memristor/dependencies/pdks/sky130B/libs.ref/sky130_fd_sc_hd/mag
Warning: cell <sky130_fd_sc_hd__decap_8> from file /home/engtech/Desktop/Openlane_v2/memristor/dependencies/pdks/sky130B/libs.ref/sky130_fd_sc_hd/mag/sky130_fd_sc_hd__decap_8.mag is not writeable
Cell sky130_fd_sc_hd__decap_8 read from path /home/engtech/Desktop/Openlane_v2/memristor/dependencies/pdks/sky130B/libs.ref/sky130_fd_sc_hd/mag
Warning: cell <sky130_fd_sc_hd__fill_1> from file /home/engtech/Desktop/Openlane_v2/memristor/dependencies/pdks/sky130B/libs.ref/sky130_fd_sc_hd/mag/sky130_fd_sc_hd__fill_1.mag is not writeable
Cell sky130_fd_sc_hd__fill_1 read from path /home/engtech/Desktop/Openlane_v2/memristor/dependencies/pdks/sky130B/libs.ref/sky130_fd_sc_hd/mag
Warning: cell <sky130_fd_sc_hd__decap_4> from file /home/engtech/Desktop/Openlane_v2/memristor/dependencies/pdks/sky130B/libs.ref/sky130_fd_sc_hd/mag/sky130_fd_sc_hd__decap_4.mag is not writeable
Cell sky130_fd_sc_hd__decap_4 read from path /home/engtech/Desktop/Openlane_v2/memristor/dependencies/pdks/sky130B/libs.ref/sky130_fd_sc_hd/mag
Warning: cell <sky130_fd_sc_hd__decap_6> from file /home/engtech/Desktop/Openlane_v2/memristor/dependencies/pdks/sky130B/libs.ref/sky130_fd_sc_hd/mag/sky130_fd_sc_hd__decap_6.mag is not writeable
Cell sky130_fd_sc_hd__decap_6 read from path /home/engtech/Desktop/Openlane_v2/memristor/dependencies/pdks/sky130B/libs.ref/sky130_fd_sc_hd/mag
Warning: cell <sky130_fd_sc_hd__fill_2> from file /home/engtech/Desktop/Openlane_v2/memristor/dependencies/pdks/sky130B/libs.ref/sky130_fd_sc_hd/mag/sky130_fd_sc_hd__fill_2.mag is not writeable
Cell sky130_fd_sc_hd__fill_2 read from path /home/engtech/Desktop/Openlane_v2/memristor/dependencies/pdks/sky130B/libs.ref/sky130_fd_sc_hd/mag
Warning: cell <sky130_fd_sc_hd__tapvpwrvgnd_1> from file /home/engtech/Desktop/Openlane_v2/memristor/dependencies/pdks/sky130B/libs.ref/sky130_fd_sc_hd/mag/sky130_fd_sc_hd__tapvpwrvgnd_1.mag is not writeable
Cell sky130_fd_sc_hd__tapvpwrvgnd_1 read from path /home/engtech/Desktop/Openlane_v2/memristor/dependencies/pdks/sky130B/libs.ref/sky130_fd_sc_hd/mag
Warning: cell <sky130_fd_sc_hd__buf_4> from file /home/engtech/Desktop/Openlane_v2/memristor/dependencies/pdks/sky130B/libs.ref/sky130_fd_sc_hd/mag/sky130_fd_sc_hd__buf_4.mag is not writeable
Cell sky130_fd_sc_hd__buf_4 read from path /home/engtech/Desktop/Openlane_v2/memristor/dependencies/pdks/sky130B/libs.ref/sky130_fd_sc_hd/mag
Warning: cell <sky130_fd_sc_hd__clkbuf_8> from file /home/engtech/Desktop/Openlane_v2/memristor/dependencies/pdks/sky130B/libs.ref/sky130_fd_sc_hd/mag/sky130_fd_sc_hd__clkbuf_8.mag is not writeable
Cell sky130_fd_sc_hd__clkbuf_8 read from path /home/engtech/Desktop/Openlane_v2/memristor/dependencies/pdks/sky130B/libs.ref/sky130_fd_sc_hd/mag
Warning: cell <sky130_fd_sc_hd__buf_2> from file /home/engtech/Desktop/Openlane_v2/memristor/dependencies/pdks/sky130B/libs.ref/sky130_fd_sc_hd/mag/sky130_fd_sc_hd__buf_2.mag is not writeable
Cell sky130_fd_sc_hd__buf_2 read from path /home/engtech/Desktop/Openlane_v2/memristor/dependencies/pdks/sky130B/libs.ref/sky130_fd_sc_hd/mag
Warning: cell <sky130_fd_sc_hd__clkbuf_4> from file /home/engtech/Desktop/Openlane_v2/memristor/dependencies/pdks/sky130B/libs.ref/sky130_fd_sc_hd/mag/sky130_fd_sc_hd__clkbuf_4.mag is not writeable
Cell sky130_fd_sc_hd__clkbuf_4 read from path /home/engtech/Desktop/Openlane_v2/memristor/dependencies/pdks/sky130B/libs.ref/sky130_fd_sc_hd/mag
Warning: cell <sky130_fd_sc_hd__buf_8> from file /home/engtech/Desktop/Openlane_v2/memristor/dependencies/pdks/sky130B/libs.ref/sky130_fd_sc_hd/mag/sky130_fd_sc_hd__buf_8.mag is not writeable
Cell sky130_fd_sc_hd__buf_8 read from path /home/engtech/Desktop/Openlane_v2/memristor/dependencies/pdks/sky130B/libs.ref/sky130_fd_sc_hd/mag
  Processed 145445 subcell instances total.
  Processed 13 pins total.
  Processed 4 special nets total.
  Processed 17 nets total.
DEF read: Processed 232619 lines.
[INFO]: Writing abstract LEF
Generating LEF output /home/engtech/Desktop/Openlane_v2/memristor/openlane/user_proj_example/runs/24_04_04_01_15/results/signoff/user_proj_example.lef for cell user_proj_example:
Diagnostic:  Write LEF header for cell user_proj_example
Diagnostic:  Writing LEF output for cell user_proj_example
Diagnostic:  Scale value is 0.005000
[INFO]: LEF Write Complete
