
Cell sky130_fd_sc_hd__tapvpwrvgnd_1 (0) disconnected node: VGND
Cell sky130_fd_sc_hd__tapvpwrvgnd_1 (0) disconnected node: VPWR
Warning: Equate pins:  cell sky130_fd_sc_hd__tapvpwrvgnd_1 is a placeholder, treated as a black box.

Subcircuit pins:
Circuit 1: sky130_fd_sc_hd__tapvpwrvgnd_1  |Circuit 2: sky130_fd_sc_hd__tapvpwrvgnd_1  
-------------------------------------------|-------------------------------------------
VGND                                       |VGND                                       
VPWR                                       |VPWR                                       
---------------------------------------------------------------------------------------
Cell pin lists are equivalent.
Device classes sky130_fd_sc_hd__tapvpwrvgnd_1 and sky130_fd_sc_hd__tapvpwrvgnd_1 are equivalent.

Cell sky130_fd_sc_hd__decap_6 (0) disconnected node: VGND
Cell sky130_fd_sc_hd__decap_6 (0) disconnected node: VNB
Cell sky130_fd_sc_hd__decap_6 (0) disconnected node: VPB
Cell sky130_fd_sc_hd__decap_6 (0) disconnected node: VPWR
Warning: Equate pins:  cell sky130_fd_sc_hd__decap_6 is a placeholder, treated as a black box.

Subcircuit pins:
Circuit 1: sky130_fd_sc_hd__decap_6        |Circuit 2: sky130_fd_sc_hd__decap_6        
-------------------------------------------|-------------------------------------------
VGND                                       |VGND                                       
VNB                                        |VNB                                        
VPB                                        |VPB                                        
VPWR                                       |VPWR                                       
---------------------------------------------------------------------------------------
Cell pin lists are equivalent.
Device classes sky130_fd_sc_hd__decap_6 and sky130_fd_sc_hd__decap_6 are equivalent.

Cell sky130_ef_sc_hd__decap_12 (0) disconnected node: VGND
Cell sky130_ef_sc_hd__decap_12 (0) disconnected node: VNB
Cell sky130_ef_sc_hd__decap_12 (0) disconnected node: VPB
Cell sky130_ef_sc_hd__decap_12 (0) disconnected node: VPWR
Warning: Equate pins:  cell sky130_ef_sc_hd__decap_12 is a placeholder, treated as a black box.

Subcircuit pins:
Circuit 1: sky130_ef_sc_hd__decap_12       |Circuit 2: sky130_ef_sc_hd__decap_12       
-------------------------------------------|-------------------------------------------
VGND                                       |VGND                                       
VNB                                        |VNB                                        
VPB                                        |VPB                                        
VPWR                                       |VPWR                                       
---------------------------------------------------------------------------------------
Cell pin lists are equivalent.
Device classes sky130_ef_sc_hd__decap_12 and sky130_ef_sc_hd__decap_12 are equivalent.

Cell sky130_fd_sc_hd__fill_1 (0) disconnected node: VGND
Cell sky130_fd_sc_hd__fill_1 (0) disconnected node: VNB
Cell sky130_fd_sc_hd__fill_1 (0) disconnected node: VPB
Cell sky130_fd_sc_hd__fill_1 (0) disconnected node: VPWR
Warning: Equate pins:  cell sky130_fd_sc_hd__fill_1 is a placeholder, treated as a black box.

Subcircuit pins:
Circuit 1: sky130_fd_sc_hd__fill_1         |Circuit 2: sky130_fd_sc_hd__fill_1         
-------------------------------------------|-------------------------------------------
VGND                                       |VGND                                       
VNB                                        |VNB                                        
VPB                                        |VPB                                        
VPWR                                       |VPWR                                       
---------------------------------------------------------------------------------------
Cell pin lists are equivalent.
Device classes sky130_fd_sc_hd__fill_1 and sky130_fd_sc_hd__fill_1 are equivalent.

Cell sky130_fd_sc_hd__decap_8 (0) disconnected node: VGND
Cell sky130_fd_sc_hd__decap_8 (0) disconnected node: VNB
Cell sky130_fd_sc_hd__decap_8 (0) disconnected node: VPB
Cell sky130_fd_sc_hd__decap_8 (0) disconnected node: VPWR
Warning: Equate pins:  cell sky130_fd_sc_hd__decap_8 is a placeholder, treated as a black box.

Subcircuit pins:
Circuit 1: sky130_fd_sc_hd__decap_8        |Circuit 2: sky130_fd_sc_hd__decap_8        
-------------------------------------------|-------------------------------------------
VGND                                       |VGND                                       
VNB                                        |VNB                                        
VPB                                        |VPB                                        
VPWR                                       |VPWR                                       
---------------------------------------------------------------------------------------
Cell pin lists are equivalent.
Device classes sky130_fd_sc_hd__decap_8 and sky130_fd_sc_hd__decap_8 are equivalent.

Cell sky130_fd_sc_hd__decap_3 (0) disconnected node: VGND
Cell sky130_fd_sc_hd__decap_3 (0) disconnected node: VNB
Cell sky130_fd_sc_hd__decap_3 (0) disconnected node: VPB
Cell sky130_fd_sc_hd__decap_3 (0) disconnected node: VPWR
Warning: Equate pins:  cell sky130_fd_sc_hd__decap_3 is a placeholder, treated as a black box.

Subcircuit pins:
Circuit 1: sky130_fd_sc_hd__decap_3        |Circuit 2: sky130_fd_sc_hd__decap_3        
-------------------------------------------|-------------------------------------------
VGND                                       |VGND                                       
VNB                                        |VNB                                        
VPB                                        |VPB                                        
VPWR                                       |VPWR                                       
---------------------------------------------------------------------------------------
Cell pin lists are equivalent.
Device classes sky130_fd_sc_hd__decap_3 and sky130_fd_sc_hd__decap_3 are equivalent.

Cell sky130_fd_sc_hd__decap_4 (0) disconnected node: VGND
Cell sky130_fd_sc_hd__decap_4 (0) disconnected node: VNB
Cell sky130_fd_sc_hd__decap_4 (0) disconnected node: VPB
Cell sky130_fd_sc_hd__decap_4 (0) disconnected node: VPWR
Warning: Equate pins:  cell sky130_fd_sc_hd__decap_4 is a placeholder, treated as a black box.

Subcircuit pins:
Circuit 1: sky130_fd_sc_hd__decap_4        |Circuit 2: sky130_fd_sc_hd__decap_4        
-------------------------------------------|-------------------------------------------
VGND                                       |VGND                                       
VNB                                        |VNB                                        
VPB                                        |VPB                                        
VPWR                                       |VPWR                                       
---------------------------------------------------------------------------------------
Cell pin lists are equivalent.
Device classes sky130_fd_sc_hd__decap_4 and sky130_fd_sc_hd__decap_4 are equivalent.

Cell sky130_fd_sc_hd__buf_4 (0) disconnected node: A
Cell sky130_fd_sc_hd__buf_4 (0) disconnected node: VGND
Cell sky130_fd_sc_hd__buf_4 (0) disconnected node: VNB
Cell sky130_fd_sc_hd__buf_4 (0) disconnected node: VPB
Cell sky130_fd_sc_hd__buf_4 (0) disconnected node: VPWR
Cell sky130_fd_sc_hd__buf_4 (0) disconnected node: X
Warning: Equate pins:  cell sky130_fd_sc_hd__buf_4 is a placeholder, treated as a black box.

Subcircuit pins:
Circuit 1: sky130_fd_sc_hd__buf_4          |Circuit 2: sky130_fd_sc_hd__buf_4          
-------------------------------------------|-------------------------------------------
A                                          |A                                          
VGND                                       |VGND                                       
VNB                                        |VNB                                        
VPB                                        |VPB                                        
VPWR                                       |VPWR                                       
X                                          |X                                          
---------------------------------------------------------------------------------------
Cell pin lists are equivalent.
Device classes sky130_fd_sc_hd__buf_4 and sky130_fd_sc_hd__buf_4 are equivalent.

Cell sky130_fd_sc_hd__clkbuf_8 (0) disconnected node: A
Cell sky130_fd_sc_hd__clkbuf_8 (0) disconnected node: VGND
Cell sky130_fd_sc_hd__clkbuf_8 (0) disconnected node: VNB
Cell sky130_fd_sc_hd__clkbuf_8 (0) disconnected node: VPB
Cell sky130_fd_sc_hd__clkbuf_8 (0) disconnected node: VPWR
Cell sky130_fd_sc_hd__clkbuf_8 (0) disconnected node: X
Warning: Equate pins:  cell sky130_fd_sc_hd__clkbuf_8 is a placeholder, treated as a black box.

Subcircuit pins:
Circuit 1: sky130_fd_sc_hd__clkbuf_8       |Circuit 2: sky130_fd_sc_hd__clkbuf_8       
-------------------------------------------|-------------------------------------------
A                                          |A                                          
VGND                                       |VGND                                       
VNB                                        |VNB                                        
VPB                                        |VPB                                        
VPWR                                       |VPWR                                       
X                                          |X                                          
---------------------------------------------------------------------------------------
Cell pin lists are equivalent.
Device classes sky130_fd_sc_hd__clkbuf_8 and sky130_fd_sc_hd__clkbuf_8 are equivalent.

Cell sky130_fd_sc_hd__fill_2 (0) disconnected node: VGND
Cell sky130_fd_sc_hd__fill_2 (0) disconnected node: VNB
Cell sky130_fd_sc_hd__fill_2 (0) disconnected node: VPB
Cell sky130_fd_sc_hd__fill_2 (0) disconnected node: VPWR
Warning: Equate pins:  cell sky130_fd_sc_hd__fill_2 is a placeholder, treated as a black box.

Subcircuit pins:
Circuit 1: sky130_fd_sc_hd__fill_2         |Circuit 2: sky130_fd_sc_hd__fill_2         
-------------------------------------------|-------------------------------------------
VGND                                       |VGND                                       
VNB                                        |VNB                                        
VPB                                        |VPB                                        
VPWR                                       |VPWR                                       
---------------------------------------------------------------------------------------
Cell pin lists are equivalent.
Device classes sky130_fd_sc_hd__fill_2 and sky130_fd_sc_hd__fill_2 are equivalent.

Cell sky130_fd_sc_hd__diode_2 (0) disconnected node: DIODE
Cell sky130_fd_sc_hd__diode_2 (0) disconnected node: VGND
Cell sky130_fd_sc_hd__diode_2 (0) disconnected node: VNB
Cell sky130_fd_sc_hd__diode_2 (0) disconnected node: VPB
Cell sky130_fd_sc_hd__diode_2 (0) disconnected node: VPWR
Warning: Equate pins:  cell sky130_fd_sc_hd__diode_2 is a placeholder, treated as a black box.

Subcircuit pins:
Circuit 1: sky130_fd_sc_hd__diode_2        |Circuit 2: sky130_fd_sc_hd__diode_2        
-------------------------------------------|-------------------------------------------
DIODE                                      |DIODE                                      
VGND                                       |VGND                                       
VNB                                        |VNB                                        
VPB                                        |VPB                                        
VPWR                                       |VPWR                                       
---------------------------------------------------------------------------------------
Cell pin lists are equivalent.
Device classes sky130_fd_sc_hd__diode_2 and sky130_fd_sc_hd__diode_2 are equivalent.

Cell sky130_fd_sc_hd__buf_2 (0) disconnected node: A
Cell sky130_fd_sc_hd__buf_2 (0) disconnected node: VGND
Cell sky130_fd_sc_hd__buf_2 (0) disconnected node: VNB
Cell sky130_fd_sc_hd__buf_2 (0) disconnected node: VPB
Cell sky130_fd_sc_hd__buf_2 (0) disconnected node: VPWR
Cell sky130_fd_sc_hd__buf_2 (0) disconnected node: X
Warning: Equate pins:  cell sky130_fd_sc_hd__buf_2 is a placeholder, treated as a black box.

Subcircuit pins:
Circuit 1: sky130_fd_sc_hd__buf_2          |Circuit 2: sky130_fd_sc_hd__buf_2          
-------------------------------------------|-------------------------------------------
A                                          |A                                          
VGND                                       |VGND                                       
VNB                                        |VNB                                        
VPB                                        |VPB                                        
VPWR                                       |VPWR                                       
X                                          |X                                          
---------------------------------------------------------------------------------------
Cell pin lists are equivalent.
Device classes sky130_fd_sc_hd__buf_2 and sky130_fd_sc_hd__buf_2 are equivalent.

Cell sky130_fd_sc_hd__clkbuf_4 (0) disconnected node: A
Cell sky130_fd_sc_hd__clkbuf_4 (0) disconnected node: VGND
Cell sky130_fd_sc_hd__clkbuf_4 (0) disconnected node: VNB
Cell sky130_fd_sc_hd__clkbuf_4 (0) disconnected node: VPB
Cell sky130_fd_sc_hd__clkbuf_4 (0) disconnected node: VPWR
Cell sky130_fd_sc_hd__clkbuf_4 (0) disconnected node: X
Warning: Equate pins:  cell sky130_fd_sc_hd__clkbuf_4 is a placeholder, treated as a black box.

Subcircuit pins:
Circuit 1: sky130_fd_sc_hd__clkbuf_4       |Circuit 2: sky130_fd_sc_hd__clkbuf_4       
-------------------------------------------|-------------------------------------------
A                                          |A                                          
VGND                                       |VGND                                       
VNB                                        |VNB                                        
VPB                                        |VPB                                        
VPWR                                       |VPWR                                       
X                                          |X                                          
---------------------------------------------------------------------------------------
Cell pin lists are equivalent.
Device classes sky130_fd_sc_hd__clkbuf_4 and sky130_fd_sc_hd__clkbuf_4 are equivalent.

Cell core_flat (0) disconnected node: SEL1
Cell core_flat (0) disconnected node: DIGITALIN1
Cell core_flat (0) disconnected node: AIN1
Cell core_flat (0) disconnected node: SEL3
Cell core_flat (0) disconnected node: DIGITALIN3
Cell core_flat (0) disconnected node: AIN3
Cell core_flat (0) disconnected node: SEL2
Cell core_flat (0) disconnected node: DIGITALIN2
Cell core_flat (0) disconnected node: AIN2
Cell core_flat (0) disconnected node: vssa1
Cell core_flat (0) disconnected node: vdda1
Cell core_flat (0) disconnected node: vssd1
Cell core_flat (0) disconnected node: vccd1
Warning: Equate pins:  cell core_flat is a placeholder, treated as a black box.

Subcircuit pins:
Circuit 1: core_flat                       |Circuit 2: core_flat                       
-------------------------------------------|-------------------------------------------
SEL1                                       |SEL1                                       
DIGITALIN1                                 |DIGITALIN1                                 
AIN1                                       |AIN1                                       
SEL3                                       |SEL3                                       
DIGITALIN3                                 |DIGITALIN3                                 
AIN3                                       |AIN3                                       
SEL2                                       |SEL2                                       
DIGITALIN2                                 |DIGITALIN2                                 
AIN2                                       |AIN2                                       
vssa1                                      |vssa1                                      
vdda1                                      |vdda1                                      
vssd1                                      |vssd1                                      
vccd1                                      |vccd1                                      
---------------------------------------------------------------------------------------
Cell pin lists are equivalent.
Device classes core_flat and core_flat are equivalent.

Cell sky130_fd_sc_hd__buf_8 (0) disconnected node: A
Cell sky130_fd_sc_hd__buf_8 (0) disconnected node: VGND
Cell sky130_fd_sc_hd__buf_8 (0) disconnected node: VNB
Cell sky130_fd_sc_hd__buf_8 (0) disconnected node: VPB
Cell sky130_fd_sc_hd__buf_8 (0) disconnected node: VPWR
Cell sky130_fd_sc_hd__buf_8 (0) disconnected node: X
Warning: Equate pins:  cell sky130_fd_sc_hd__buf_8 is a placeholder, treated as a black box.

Subcircuit pins:
Circuit 1: sky130_fd_sc_hd__buf_8          |Circuit 2: sky130_fd_sc_hd__buf_8          
-------------------------------------------|-------------------------------------------
A                                          |A                                          
VGND                                       |VGND                                       
VNB                                        |VNB                                        
VPB                                        |VPB                                        
VPWR                                       |VPWR                                       
X                                          |X                                          
---------------------------------------------------------------------------------------
Cell pin lists are equivalent.
Device classes sky130_fd_sc_hd__buf_8 and sky130_fd_sc_hd__buf_8 are equivalent.

Class user_proj_example (0):  Merged 145419 parallel devices.
Class user_proj_example (1):  Merged 145419 parallel devices.
Subcircuit summary:
Circuit 1: user_proj_example               |Circuit 2: user_proj_example               
-------------------------------------------|-------------------------------------------
sky130_fd_sc_hd__tapvpwrvgnd_1 (20577->1)  |sky130_fd_sc_hd__tapvpwrvgnd_1 (20577->1)  
sky130_fd_sc_hd__decap_6 (19519->1)        |sky130_fd_sc_hd__decap_6 (19519->1)        
sky130_ef_sc_hd__decap_12 (81814->1)       |sky130_ef_sc_hd__decap_12 (81814->1)       
sky130_fd_sc_hd__fill_1 (20542->1)         |sky130_fd_sc_hd__fill_1 (20542->1)         
sky130_fd_sc_hd__decap_8 (388->1)          |sky130_fd_sc_hd__decap_8 (388->1)          
sky130_fd_sc_hd__decap_3 (2067->1)         |sky130_fd_sc_hd__decap_3 (2067->1)         
sky130_fd_sc_hd__decap_4 (512->1)          |sky130_fd_sc_hd__decap_4 (512->1)          
sky130_fd_sc_hd__buf_4 (3)                 |sky130_fd_sc_hd__buf_4 (3)                 
sky130_fd_sc_hd__clkbuf_8 (2)              |sky130_fd_sc_hd__clkbuf_8 (2)              
sky130_fd_sc_hd__fill_2 (8->1)             |sky130_fd_sc_hd__fill_2 (8->1)             
sky130_fd_sc_hd__diode_2 (9)               |sky130_fd_sc_hd__diode_2 (9)               
sky130_fd_sc_hd__buf_2 (1)                 |sky130_fd_sc_hd__buf_2 (1)                 
sky130_fd_sc_hd__clkbuf_4 (1)              |sky130_fd_sc_hd__clkbuf_4 (1)              
core_flat (1)                              |core_flat (1)                              
sky130_fd_sc_hd__buf_8 (1)                 |sky130_fd_sc_hd__buf_8 (1)                 
Number of devices: 26                      |Number of devices: 26                      
Number of nets: 22 **Mismatch**            |Number of nets: 21 **Mismatch**            
---------------------------------------------------------------------------------------
NET mismatches: Class fragments follow (with fanout counts):
Circuit 1: user_proj_example               |Circuit 2: user_proj_example               

---------------------------------------------------------------------------------------
Net: vccd1                                 |Net: vccd1                                 
  sky130_fd_sc_hd__tapvpwrvgnd_1/VPWR = 1  |  sky130_fd_sc_hd__tapvpwrvgnd_1/VPWR = 1  
  sky130_fd_sc_hd__decap_6/VPB = 1         |  sky130_fd_sc_hd__decap_6/VPB = 1         
  sky130_fd_sc_hd__decap_6/VPWR = 1        |  sky130_fd_sc_hd__decap_6/VPWR = 1        
  sky130_ef_sc_hd__decap_12/VPB = 1        |  sky130_ef_sc_hd__decap_12/VPB = 1        
  sky130_ef_sc_hd__decap_12/VPWR = 1       |  sky130_ef_sc_hd__decap_12/VPWR = 1       
  sky130_fd_sc_hd__fill_1/VPB = 1          |  sky130_fd_sc_hd__fill_1/VPB = 1          
  sky130_fd_sc_hd__fill_1/VPWR = 1         |  sky130_fd_sc_hd__fill_1/VPWR = 1         
  sky130_fd_sc_hd__decap_8/VPB = 1         |  sky130_fd_sc_hd__decap_8/VPB = 1         
  sky130_fd_sc_hd__decap_8/VPWR = 1        |  sky130_fd_sc_hd__decap_8/VPWR = 1        
  sky130_fd_sc_hd__decap_3/VPB = 1         |  sky130_fd_sc_hd__decap_3/VPB = 1         
  sky130_fd_sc_hd__decap_3/VPWR = 1        |  sky130_fd_sc_hd__decap_3/VPWR = 1        
  sky130_fd_sc_hd__decap_4/VPB = 1         |  sky130_fd_sc_hd__decap_4/VPB = 1         
  sky130_fd_sc_hd__decap_4/VPWR = 1        |  sky130_fd_sc_hd__decap_4/VPWR = 1        
  sky130_fd_sc_hd__buf_4/VPB = 3           |  sky130_fd_sc_hd__buf_4/VPB = 3           
  sky130_fd_sc_hd__buf_4/VPWR = 3          |  sky130_fd_sc_hd__buf_4/VPWR = 3          
  sky130_fd_sc_hd__clkbuf_8/VPB = 2        |  sky130_fd_sc_hd__clkbuf_8/VPB = 2        
  sky130_fd_sc_hd__clkbuf_8/VPWR = 2       |  sky130_fd_sc_hd__clkbuf_8/VPWR = 2       
  sky130_fd_sc_hd__fill_2/VPB = 1          |  sky130_fd_sc_hd__fill_2/VPB = 1          
  sky130_fd_sc_hd__fill_2/VPWR = 1         |  sky130_fd_sc_hd__fill_2/VPWR = 1         
  sky130_fd_sc_hd__diode_2/VPB = 9         |  sky130_fd_sc_hd__diode_2/VPB = 9         
  sky130_fd_sc_hd__diode_2/VPWR = 9        |  sky130_fd_sc_hd__diode_2/VPWR = 9        
  sky130_fd_sc_hd__buf_2/VPB = 1           |  sky130_fd_sc_hd__buf_2/VPB = 1           
  sky130_fd_sc_hd__buf_2/VPWR = 1          |  sky130_fd_sc_hd__buf_2/VPWR = 1          
  sky130_fd_sc_hd__clkbuf_4/VPB = 1        |  sky130_fd_sc_hd__clkbuf_4/VPB = 1        
  sky130_fd_sc_hd__clkbuf_4/VPWR = 1       |  sky130_fd_sc_hd__clkbuf_4/VPWR = 1       
  sky130_fd_sc_hd__buf_8/VPB = 1           |  sky130_fd_sc_hd__buf_8/VPB = 1           
  sky130_fd_sc_hd__buf_8/VPWR = 1          |  sky130_fd_sc_hd__buf_8/VPWR = 1          
                                           |  core_flat/vccd1 = 1                      
                                           |                                           
Net: core_flat/vccd1                       |(no matching net)                          
  core_flat/vccd1 = 1                      |                                           
---------------------------------------------------------------------------------------
Netlists do not match.

Subcircuit pins:
Circuit 1: user_proj_example               |Circuit 2: user_proj_example               
-------------------------------------------|-------------------------------------------
vccd1                                      |vccd1                                      
io_in[4]                                   |io_in[4]                                   
vdda1                                      |vdda1                                      
vssa1                                      |vssa1                                      
io_in[2]                                   |io_in[2]                                   
io_in[0]                                   |io_in[0]                                   
analog_io2                                 |analog_io2                                 
analog_io3                                 |analog_io3                                 
analog_io1                                 |analog_io1                                 
io_in[1]                                   |io_in[1]                                   
io_in[3]                                   |io_in[3]                                   
vssd1                                      |vssd1                                      
SEL2                                       |SEL2                                       
---------------------------------------------------------------------------------------
Cell pin lists are equivalent.
Device classes user_proj_example and user_proj_example are equivalent.

Final result: Netlists do not match.
