OpenSTA 2.4.0 41a51eaf4c Copyright (c) 2021, Parallax Software, Inc.
License GPLv3: GNU GPL version 3 <http://gnu.org/licenses/gpl.html>

This is free software, and you are free to change and redistribute it
under certain conditions; type `show_copying' for details. 
This program comes with ABSOLUTELY NO WARRANTY; for details type `show_warranty'.
define_corners Typical
read_liberty -corner Typical /home/engtech/Desktop/Openlane_v2/memristor/dependencies/pdks/sky130B/libs.ref/sky130_fd_sc_hd/lib/sky130_fd_sc_hd__tt_025C_1v80.lib
Using 1e-12 for capacitance...
Using 1e+03 for resistance...
Using 1e-09 for time...
Using 1e+00 for voltage...
Using 1e-03 for current...
Using 1e-09 for power...
Using 1e-06 for distance...
Reading netlist '/home/engtech/Desktop/Openlane_v2/memristor/openlane/user_proj_example/runs/24_04_04_00_23/results/routing/user_proj_example.nl.v'…
Warning: /home/engtech/Desktop/Openlane_v2/memristor/openlane/user_proj_example/runs/24_04_04_00_23/results/routing/user_proj_example.nl.v line 1558, module sky130_fd_sc_hd__tapvpwrvgnd_1 not found. Creating black box for TAP_1528.
Warning: /home/engtech/Desktop/Openlane_v2/memristor/openlane/user_proj_example/runs/24_04_04_00_23/results/routing/user_proj_example.nl.v line 22160, module sky130_ef_sc_hd__decap_12 not found. Creating black box for FILLER_0_0_3.
Warning: /home/engtech/Desktop/Openlane_v2/memristor/openlane/user_proj_example/runs/24_04_04_00_23/results/routing/user_proj_example.nl.v line 22162, module sky130_fd_sc_hd__fill_1 not found. Creating black box for FILLER_0_0_27.
Warning: /home/engtech/Desktop/Openlane_v2/memristor/openlane/user_proj_example/runs/24_04_04_00_23/results/routing/user_proj_example.nl.v line 22193, module sky130_fd_sc_hd__fill_2 not found. Creating black box for FILLER_0_0_306.
Reading design constraints file at '/home/engtech/Desktop/Openlane_v2/memristor/openlane/user_proj_example/runs/24_04_04_00_23/tmp/18-user_proj_example.sdc'…
min_report

===========================================================================
report_checks -path_delay min (Hold)
============================================================================
======================= Typical Corner ===================================

No paths found.

min_report_end
max_report

===========================================================================
report_checks -path_delay max (Setup)
============================================================================
======================= Typical Corner ===================================

No paths found.

max_report_end
checks_report

===========================================================================
report_checks -unconstrained
===========================================================================
======================= Typical Corner ===================================

Startpoint: io_in[3] (input port)
Endpoint: ANTENNA_core_flat_DIGITALIN3/DIODE (internal pin)
Path Group: unconstrained
Path Type: max

Fanout     Cap    Slew   Delay    Time   Description
-----------------------------------------------------------------------------
                          0.00    0.00 v input external delay
                  0.38    0.00    0.00 v io_in[3] (in)
     1    0.00                           io_in[3] (net)
                  0.38    0.00    0.00 v input7/A (sky130_fd_sc_hd__buf_4)
                  0.08    0.34    0.34 v input7/X (sky130_fd_sc_hd__buf_4)
     1    0.05                           net7 (net)
                  0.09    0.01    0.35 v ANTENNA_core_flat_DIGITALIN3/DIODE (sky130_fd_sc_hd__diode_2)
                                  0.35   data arrival time
-----------------------------------------------------------------------------
(Path is unconstrained)




===========================================================================
report_checks --slack_max -0.01
============================================================================
======================= Typical Corner ===================================

No paths found.


===========================================================================
 report_check_types -max_slew -max_cap -max_fanout -violators
============================================================================
======================= Typical Corner ===================================



===========================================================================
report_parasitic_annotation -report_unannotated
============================================================================
Found 0 unannotated drivers.
Found 0 partially unannotated drivers.

===========================================================================
max slew violation count 0
max fanout violation count 0
max cap violation count 0
============================================================================

===========================================================================
check_setup -verbose -unconstrained_endpoints -multiple_clock -no_clock -no_input_delay -loops -generated_clocks
===========================================================================
Warning: There are 9 input ports missing set_input_delay.
  SEL2
  analog_io1
  analog_io2
  analog_io3
  io_in[0]
  io_in[1]
  io_in[2]
  io_in[3]
  io_in[4]
Warning: There is 1 unconstrained endpoint.
  SEL2
checks_report_end
power_report

===========================================================================
 report_power
============================================================================
======================= Typical Corner ===================================

Group                  Internal  Switching    Leakage      Total
                          Power      Power      Power      Power (Watts)
----------------------------------------------------------------
Sequential             0.00e+00   0.00e+00   0.00e+00   0.00e+00   0.0%
Combinational          2.61e-14   7.17e-14   7.29e-08   7.29e-08 100.0%
Macro                  0.00e+00   0.00e+00   0.00e+00   0.00e+00   0.0%
Pad                    0.00e+00   0.00e+00   0.00e+00   0.00e+00   0.0%
----------------------------------------------------------------
Total                  2.61e-14   7.17e-14   7.29e-08   7.29e-08 100.0%
                           0.0%       0.0%     100.0%

power_report_end
summary_report

===========================================================================
report_tns
============================================================================
tns 0.00

===========================================================================
report_wns
============================================================================
wns 0.00

===========================================================================
report_worst_slack -max (Setup)
============================================================================
worst slack INF

===========================================================================
report_worst_slack -min (Hold)
============================================================================
worst slack INF
summary_report_end
[WARNING] Did not save OpenROAD database!
Writing SDF to '/home/engtech/Desktop/Openlane_v2/memristor/openlane/user_proj_example/runs/24_04_04_00_23/results/routing/mca/process_corner_nom/user_proj_example.sdf'…
Writing timing model to '/home/engtech/Desktop/Openlane_v2/memristor/openlane/user_proj_example/runs/24_04_04_00_23/results/routing/mca/process_corner_nom/user_proj_example.lib'…
