
Magic 8.3 revision 413 - Compiled on Wed Jul 12 10:04:40 UTC 2023.
Starting magic under Tcl interpreter
Using the terminal as the console.
Using NULL graphics device.
Processing system .magicrc file
Sourcing design .magicrc for technology sky130B ...
2 Magic internal units = 1 Lambda
Input style sky130(): scaleFactor=2, multiplier=2
The following types are not handled by extraction and will be treated as non-electrical types:
    ubm 
Scaled tech values by 2 / 1 to match internal grid scaling
Loading sky130B Device Generator Menu ...
Using technology "sky130B", version 1.0.424-0-g78b7bc3
Reading LEF data from file /home/engtech/Desktop/Openlane_v2/memristor/dependencies/pdks/sky130B/libs.ref/sky130_fd_sc_hd/techlef/sky130_fd_sc_hd__nom.tlef.
This action cannot be undone.
LEF read, Line 78 (Message): Unknown keyword "ANTENNAMODEL" in LEF file; ignoring.
LEF read, Line 79 (Message): Unknown keyword "ANTENNADIFFSIDEAREARATIO" in LEF file; ignoring.
LEF read, Line 112 (Message): Unknown keyword "MINENCLOSEDAREA" in LEF file; ignoring.
LEF read, Line 114 (Message): Unknown keyword "ANTENNAMODEL" in LEF file; ignoring.
LEF read, Line 115 (Message): Unknown keyword "ANTENNADIFFSIDEAREARATIO" in LEF file; ignoring.
LEF read, Line 121 (Message): Unknown keyword "MAXIMUMDENSITY" in LEF file; ignoring.
LEF read, Line 122 (Message): Unknown keyword "DENSITYCHECKWINDOW" in LEF file; ignoring.
LEF read, Line 123 (Message): Unknown keyword "DENSITYCHECKSTEP" in LEF file; ignoring.
LEF read, Line 156 (Message): Unknown keyword "MINENCLOSEDAREA" in LEF file; ignoring.
LEF read, Line 164 (Message): Unknown keyword "ANTENNAMODEL" in LEF file; ignoring.
LEF read, Line 165 (Message): Unknown keyword "ANTENNADIFFSIDEAREARATIO" in LEF file; ignoring.
LEF read, Line 167 (Message): Unknown keyword "MAXIMUMDENSITY" in LEF file; ignoring.
LEF read, Line 168 (Message): Unknown keyword "DENSITYCHECKWINDOW" in LEF file; ignoring.
LEF read, Line 169 (Message): Unknown keyword "DENSITYCHECKSTEP" in LEF file; ignoring.
LEF read, Line 206 (Message): Unknown keyword "ANTENNAMODEL" in LEF file; ignoring.
LEF read, Line 207 (Message): Unknown keyword "ANTENNADIFFSIDEAREARATIO" in LEF file; ignoring.
LEF read, Line 209 (Message): Unknown keyword "MAXIMUMDENSITY" in LEF file; ignoring.
LEF read, Line 210 (Message): Unknown keyword "DENSITYCHECKWINDOW" in LEF file; ignoring.
LEF read, Line 211 (Message): Unknown keyword "DENSITYCHECKSTEP" in LEF file; ignoring.
LEF read, Line 248 (Message): Unknown keyword "ANTENNAMODEL" in LEF file; ignoring.
LEF read, Line 249 (Message): Unknown keyword "ANTENNADIFFSIDEAREARATIO" in LEF file; ignoring.
LEF read, Line 251 (Message): Unknown keyword "MAXIMUMDENSITY" in LEF file; ignoring.
LEF read, Line 252 (Message): Unknown keyword "DENSITYCHECKWINDOW" in LEF file; ignoring.
LEF read, Line 253 (Message): Unknown keyword "DENSITYCHECKSTEP" in LEF file; ignoring.
LEF read, Line 290 (Message): Unknown keyword "ANTENNAMODEL" in LEF file; ignoring.
LEF read, Line 291 (Message): Unknown keyword "ANTENNADIFFSIDEAREARATIO" in LEF file; ignoring.
LEF read: Processed 797 lines.
Reading LEF data from file /home/engtech/Desktop/Openlane_v2/memristor/openlane/user_proj_example/macros/lef/core_flat_v4.lef.
This action cannot be undone.
LEF read: Processed 122 lines.
Reading DEF data from file /home/engtech/Desktop/Openlane_v2/memristor/openlane/user_proj_example/runs/24_04_17_23_21/results/routing/user_proj_example.def.
This action cannot be undone.
  Processed 5 vias total.
Warning: cell <sky130_fd_sc_hd__diode_2> from file /home/engtech/Desktop/Openlane_v2/memristor/dependencies/pdks/sky130B/libs.ref/sky130_fd_sc_hd/mag/sky130_fd_sc_hd__diode_2.mag is not writeable
Cell sky130_fd_sc_hd__diode_2 read from path /home/engtech/Desktop/Openlane_v2/memristor/dependencies/pdks/sky130B/libs.ref/sky130_fd_sc_hd/mag
Warning: cell <sky130_fd_sc_hd__decap_3> from file /home/engtech/Desktop/Openlane_v2/memristor/dependencies/pdks/sky130B/libs.ref/sky130_fd_sc_hd/mag/sky130_fd_sc_hd__decap_3.mag is not writeable
Cell sky130_fd_sc_hd__decap_3 read from path /home/engtech/Desktop/Openlane_v2/memristor/dependencies/pdks/sky130B/libs.ref/sky130_fd_sc_hd/mag
Warning: cell <sky130_ef_sc_hd__decap_12> from file /home/engtech/Desktop/Openlane_v2/memristor/dependencies/pdks/sky130B/libs.ref/sky130_fd_sc_hd/mag/sky130_ef_sc_hd__decap_12.mag is not writeable
Cell sky130_ef_sc_hd__decap_12 read from path /home/engtech/Desktop/Openlane_v2/memristor/dependencies/pdks/sky130B/libs.ref/sky130_fd_sc_hd/mag
Warning: cell <sky130_fd_sc_hd__decap_8> from file /home/engtech/Desktop/Openlane_v2/memristor/dependencies/pdks/sky130B/libs.ref/sky130_fd_sc_hd/mag/sky130_fd_sc_hd__decap_8.mag is not writeable
Cell sky130_fd_sc_hd__decap_8 read from path /home/engtech/Desktop/Openlane_v2/memristor/dependencies/pdks/sky130B/libs.ref/sky130_fd_sc_hd/mag
Warning: cell <sky130_fd_sc_hd__decap_4> from file /home/engtech/Desktop/Openlane_v2/memristor/dependencies/pdks/sky130B/libs.ref/sky130_fd_sc_hd/mag/sky130_fd_sc_hd__decap_4.mag is not writeable
Cell sky130_fd_sc_hd__decap_4 read from path /home/engtech/Desktop/Openlane_v2/memristor/dependencies/pdks/sky130B/libs.ref/sky130_fd_sc_hd/mag
Warning: cell <sky130_fd_sc_hd__fill_1> from file /home/engtech/Desktop/Openlane_v2/memristor/dependencies/pdks/sky130B/libs.ref/sky130_fd_sc_hd/mag/sky130_fd_sc_hd__fill_1.mag is not writeable
Cell sky130_fd_sc_hd__fill_1 read from path /home/engtech/Desktop/Openlane_v2/memristor/dependencies/pdks/sky130B/libs.ref/sky130_fd_sc_hd/mag
Warning: cell <sky130_fd_sc_hd__fill_2> from file /home/engtech/Desktop/Openlane_v2/memristor/dependencies/pdks/sky130B/libs.ref/sky130_fd_sc_hd/mag/sky130_fd_sc_hd__fill_2.mag is not writeable
Cell sky130_fd_sc_hd__fill_2 read from path /home/engtech/Desktop/Openlane_v2/memristor/dependencies/pdks/sky130B/libs.ref/sky130_fd_sc_hd/mag
Warning: cell <sky130_fd_sc_hd__decap_6> from file /home/engtech/Desktop/Openlane_v2/memristor/dependencies/pdks/sky130B/libs.ref/sky130_fd_sc_hd/mag/sky130_fd_sc_hd__decap_6.mag is not writeable
Cell sky130_fd_sc_hd__decap_6 read from path /home/engtech/Desktop/Openlane_v2/memristor/dependencies/pdks/sky130B/libs.ref/sky130_fd_sc_hd/mag
Warning: cell <sky130_fd_sc_hd__tapvpwrvgnd_1> from file /home/engtech/Desktop/Openlane_v2/memristor/dependencies/pdks/sky130B/libs.ref/sky130_fd_sc_hd/mag/sky130_fd_sc_hd__tapvpwrvgnd_1.mag is not writeable
Cell sky130_fd_sc_hd__tapvpwrvgnd_1 read from path /home/engtech/Desktop/Openlane_v2/memristor/dependencies/pdks/sky130B/libs.ref/sky130_fd_sc_hd/mag
Warning: cell <sky130_fd_sc_hd__buf_6> from file /home/engtech/Desktop/Openlane_v2/memristor/dependencies/pdks/sky130B/libs.ref/sky130_fd_sc_hd/mag/sky130_fd_sc_hd__buf_6.mag is not writeable
Cell sky130_fd_sc_hd__buf_6 read from path /home/engtech/Desktop/Openlane_v2/memristor/dependencies/pdks/sky130B/libs.ref/sky130_fd_sc_hd/mag
Warning: cell <sky130_fd_sc_hd__buf_4> from file /home/engtech/Desktop/Openlane_v2/memristor/dependencies/pdks/sky130B/libs.ref/sky130_fd_sc_hd/mag/sky130_fd_sc_hd__buf_4.mag is not writeable
Cell sky130_fd_sc_hd__buf_4 read from path /home/engtech/Desktop/Openlane_v2/memristor/dependencies/pdks/sky130B/libs.ref/sky130_fd_sc_hd/mag
Warning: cell <sky130_fd_sc_hd__clkbuf_4> from file /home/engtech/Desktop/Openlane_v2/memristor/dependencies/pdks/sky130B/libs.ref/sky130_fd_sc_hd/mag/sky130_fd_sc_hd__clkbuf_4.mag is not writeable
Cell sky130_fd_sc_hd__clkbuf_4 read from path /home/engtech/Desktop/Openlane_v2/memristor/dependencies/pdks/sky130B/libs.ref/sky130_fd_sc_hd/mag
Warning: cell <sky130_fd_sc_hd__clkbuf_2> from file /home/engtech/Desktop/Openlane_v2/memristor/dependencies/pdks/sky130B/libs.ref/sky130_fd_sc_hd/mag/sky130_fd_sc_hd__clkbuf_2.mag is not writeable
Cell sky130_fd_sc_hd__clkbuf_2 read from path /home/engtech/Desktop/Openlane_v2/memristor/dependencies/pdks/sky130B/libs.ref/sky130_fd_sc_hd/mag
Warning: cell <sky130_fd_sc_hd__buf_12> from file /home/engtech/Desktop/Openlane_v2/memristor/dependencies/pdks/sky130B/libs.ref/sky130_fd_sc_hd/mag/sky130_fd_sc_hd__buf_12.mag is not writeable
Cell sky130_fd_sc_hd__buf_12 read from path /home/engtech/Desktop/Openlane_v2/memristor/dependencies/pdks/sky130B/libs.ref/sky130_fd_sc_hd/mag
  Processed 145445 subcell instances total.
  Processed 11 pins total.
DEF read, Line 155524 (Error): Unknown layer type ";" for NEW route
DEF read, Line 155525 (Error): Route has via name "-" but no points!
DEF read, Line 155525 (Error): Route has via name "vssa1" but no points!
DEF read, Line 155525 (Error): No reference point for "*" wildcard
DEF read, Line 155526 (Message): Unknown keyword "ROUTED" in SPECIALNET definition; ignoring.
DEF read, Line 155527 (Error): Route has via name "-" but no points!
DEF read, Line 155527 (Error): Route has via name "vssd1" but no points!
DEF read, Line 155527 (Error): Cannot parse X coordinate.
DEF read, Line 155527 (Error): No reference point for "*" wildcard
DEF read, Line 155527 (Error): No reference point for "*" wildcard
DEF read, Line 155527 (Error): No reference point for "*" wildcard
DEF read, Line 155528 (Message): Unknown keyword "ROUTED" in SPECIALNET definition; ignoring.
DEF read, Line 164787 (Error): Route has via name "END" but no points!
DEF read, Line 164787 (Error): Route has via name "SPECIALNETS" but no points!
DEF read, Line 164788 (Error): Route has via name "NETS" but no points!
DEF read, Line 164788 (Error): Route has via name "17" but no points!
DEF read, Line 164790 (Error): Bad width in special net
DEF read, Line 164790 (Error): Route has via name "3220" but no points!
DEF read, Line 164790 (Error): Route has via name "1224340" but no points!
DEF read, Line 164790 (Error): Route has via name "0" but no points!
DEF read, Line 164790 (Error): Route has via name ")" but no points!
DEF read, Line 164790 (Error): No reference point for "*" wildcard
DEF read, Line 164791 (Error): Bad width in special net
DEF read, Line 164791 (Error): Route has via name "4830" but no points!
DEF read, Line 164791 (Error): Route has via name "1224340" but no points!
DEF read, Line 164791 (Error): Route has via name ")" but no points!
DEF read, Line 164791 (Error): No reference point for "*" wildcard
DEF read, Line 164792 (Error): Bad width in special net
DEF read, Line 164792 (Error): Route has via name "4830" but no points!
DEF read, Line 164792 (Error): Route has via name "1225190" but no points!
DEF read, Line 164792 (Error): Route has via name ")" but no points!
DEF read, Line 164792 (Error): No reference point for "*" wildcard
DEF read, Line 164793 (Error): Bad width in special net
DEF read, Line 164793 (Error): Route has via name "4830" but no points!
DEF read, Line 164793 (Error): Route has via name "1224340" but no points!
DEF read, Line 164793 (Error): Route has via name ")" but no points!
DEF read, Line 164793 (Error): Route has via name "M2M3_PR" but no points!
DEF read, Line 164794 (Error): Bad width in special net
DEF read, Line 164794 (Error): Route has via name "4830" but no points!
DEF read, Line 164794 (Error): Route has via name "1225190" but no points!
DEF read, Line 164794 (Error): Route has via name ")" but no points!
DEF read, Line 164794 (Error): Route has via name "M1M2_PR" but no points!
DEF read, Line 164795 (Error): Bad width in special net
DEF read, Line 164795 (Error): Route has via name "7590" but no points!
DEF read, Line 164795 (Error): Route has via name "1225190" but no points!
DEF read, Line 164795 (Error): Route has via name ")" but no points!
DEF read, Line 164795 (Error): Route has via name "L1M1_PR_MR" but no points!
DEF read, Line 164797 (Error): Bad width in special net
DEF read, Line 164797 (Error): Route has via name "3220" but no points!
DEF read, Line 164797 (Error): Route has via name "874820" but no points!
DEF read, Line 164797 (Error): Route has via name "0" but no points!
DEF read, Line 164797 (Error): Route has via name ")" but no points!
DEF read, Line 164797 (Error): No reference point for "*" wildcard
DEF read, Line 164798 (Error): Bad width in special net
DEF read, Line 164798 (Error): Route has via name "4140" but no points!
DEF read, Line 164798 (Error): Route has via name "874820" but no points!
DEF read, Line 164798 (Error): Route has via name ")" but no points!
DEF read, Line 164798 (Error): No reference point for "*" wildcard
DEF read, Line 164799 (Error): Bad width in special net
DEF read, Line 164799 (Error): Route has via name "4140" but no points!
DEF read, Line 164799 (Error): Route has via name "876180" but no points!
DEF read, Line 164799 (Error): Route has via name ")" but no points!
DEF read, Line 164799 (Error): No reference point for "*" wildcard
DEF read, Line 164800 (Error): Bad width in special net
DEF read, Line 164800 (Error): Route has via name "7130" but no points!
DEF read, Line 164800 (Error): Route has via name "876180" but no points!
DEF read, Line 164800 (Error): Route has via name ")" but no points!
DEF read, Line 164800 (Error): No reference point for "*" wildcard
DEF read, Line 164801 (Error): Bad width in special net
DEF read, Line 164801 (Error): Route has via name "7130" but no points!
DEF read, Line 164801 (Error): Route has via name "876180" but no points!
DEF read, Line 164801 (Error): Route has via name ")" but no points!
DEF read, Line 164801 (Error): Route has via name "M2M3_PR" but no points!
DEF read, Line 164802 (Error): Bad width in special net
DEF read, Line 164802 (Error): Route has via name "7130" but no points!
DEF read, Line 164802 (Error): Route has via name "877030" but no points!
DEF read, Line 164802 (Error): Route has via name ")" but no points!
DEF read, Line 164802 (Error): Route has via name "L1M1_PR_MR" but no points!
DEF read, Line 164803 (Error): Bad width in special net
DEF read, Line 164803 (Error): Route has via name "7130" but no points!
DEF read, Line 164803 (Error): Route has via name "877030" but no points!
DEF read, Line 164803 (Error): Route has via name ")" but no points!
DEF read, Line 164803 (Error): Route has via name "M1M2_PR" but no points!
DEF read, Line 164805 (Error): Bad width in special net
DEF read, Line 164805 (Error): Route has via name "3220" but no points!
DEF read, Line 164805 (Error): Route has via name "525300" but no points!
DEF read, Line 164805 (Error): Route has via name "0" but no points!
DEF read, Line 164805 (Error): Route has via name ")" but no points!
DEF read, Line 164805 (Error): No reference point for "*" wildcard
DEF read, Line 164806 (Error): Bad width in special net
DEF read, Line 164806 (Error): Route has via name "500020" but no points!
DEF read, Line 164806 (Error): Route has via name "708900" but no points!
DEF read, Line 164806 (Error): Route has via name "0" but no points!
DEF read, Line 164806 (Error): Route has via name ")" but no points!
DEF read, Line 164806 (Error): No reference point for "*" wildcard
DEF read, Line 164807 (Error): Bad width in special net
DEF read, Line 164807 (Error): Route has via name "500250" but no points!
DEF read, Line 164807 (Error): Route has via name "708900" but no points!
DEF read, Line 164807 (Error): Route has via name ")" but no points!
DEF read, Line 164807 (Error): No reference point for "*" wildcard
DEF read, Line 164808 (Error): Bad width in special net
DEF read, Line 164808 (Error): Route has via name "498410" but no points!
DEF Read:  Further errors will not be reported.
DEF read, Line 164958 (Warning): Number of nets read (19) does not match the number declared (4).
DEF read: Processed 164958 lines.
DEF Read: encountered 782 errors total.
DEF Read: encountered 1 warning total.
Root cell box:
           width x height  (   llx,  lly  ), (   urx,  ury  )  area (units^2)

microns:  1400.000 x 1400.000  ( 0.000,  0.000), ( 1400.000,  1400.000)  1959999.750
lambda:   140000.00 x 140000.00  (  0.00,  0.00 ), ( 140000.00,  140000.00)  19599998976.00
internal: 280000 x 280000  (     0,  0    ), ( 280000,  280000)  78400000000
Warning: Calma reading is not undoable!  I hope that's OK.
Library written using GDS-II Release 3.0
Library name: core_flat_v4
Reading "core_flat_v4".
Warning:  cell core_flat_v4 already existed before reading GDS!
   Generating output for cell sky130_fd_sc_hd__decap_3
   Generating output for cell sky130_ef_sc_hd__decap_12
   Generating output for cell sky130_fd_sc_hd__tapvpwrvgnd_1
   Generating output for cell sky130_fd_sc_hd__fill_1
   Generating output for cell sky130_fd_sc_hd__decap_4
   Generating output for cell sky130_fd_sc_hd__decap_6
   Generating output for cell sky130_fd_sc_hd__decap_8
   Generating output for cell sky130_fd_sc_hd__clkbuf_4
   Generating output for cell sky130_fd_sc_hd__buf_4
   Generating output for cell sky130_fd_sc_hd__diode_2
   Generating output for cell sky130_fd_sc_hd__fill_2
   Generating output for cell core_flat_v4
   Generating output for cell sky130_fd_sc_hd__clkbuf_2
   Generating output for cell sky130_fd_sc_hd__buf_12
   Generating output for cell sky130_fd_sc_hd__buf_6
   Generating output for cell user_proj_example
[INFO]: GDS Write Complete
