
===========================================================================
report_checks -unconstrained
===========================================================================
======================= Typical Corner ===================================

No paths found.


===========================================================================
report_checks --slack_max -0.01
============================================================================
======================= Typical Corner ===================================

No paths found.


===========================================================================
 report_check_types -max_slew -max_cap -max_fanout -violators
============================================================================
======================= Typical Corner ===================================



===========================================================================
report_parasitic_annotation -report_unannotated
============================================================================
Found 27 unannotated drivers.
 SEL2
 analog_io1
 analog_io2
 analog_io3
 io_in[0]
 io_in[1]
 io_in[2]
 io_in[3]
 io_in[4]
 _0_/HI
 _0_/LO
 _1_/HI
 _1_/LO
 _2_/HI
 _2_/LO
 _3_/HI
 _3_/LO
 _4_/HI
 _4_/LO
 _5_/HI
 _5_/LO
 _6_/HI
 _6_/LO
 _7_/HI
 _7_/LO
 _8_/HI
 _8_/LO
Found 0 partially unannotated drivers.

===========================================================================
max slew violation count 0
max fanout violation count 0
max cap violation count 0
============================================================================

===========================================================================
check_setup -verbose -unconstrained_endpoints -multiple_clock -no_clock -no_input_delay -loops -generated_clocks
===========================================================================
Warning: There are 9 input ports missing set_input_delay.
  SEL2
  analog_io1
  analog_io2
  analog_io3
  io_in[0]
  io_in[1]
  io_in[2]
  io_in[3]
  io_in[4]
Warning: There are 12 unconstrained endpoints.
  analog_io1
  analog_io2
  analog_io3
  io_oeb[0]
  io_oeb[1]
  io_oeb[2]
  io_oeb[3]
  io_oeb[4]
  io_oeb[5]
  io_oeb[6]
  io_oeb[7]
  io_oeb[8]
