2024-04-15 07:50:52 - [INFO] - {{EXTRACTING FILES}} Extracting compressed files in: /home/engtech/Desktop/Openlane_v2/memristor
2024-04-15 07:50:53 - [INFO] - {{Project Type Info}} digital
2024-04-15 07:50:53 - [INFO] - {{Project GDS Info}} user_project_wrapper: 6edd3bcfa67187193179c56c031d2858bb9c64e6
2024-04-15 07:50:53 - [INFO] - {{Tools Info}} KLayout: v0.28.12 | Magic: v8.3.452
2024-04-15 07:50:53 - [INFO] - {{PDKs Info}} SKY130B: 7198cf647113f56041e02abf3eb623692820c5e1 | Open PDKs: 78b7bc32ddb4b6f14f76883c2e2dc5b5de9d1cbc
2024-04-15 07:50:53 - [INFO] - {{START}} Precheck Started, the full log 'precheck.log' will be located in '/home/engtech/Desktop/Openlane_v2/memristor/precheck_results/15_APR_2024___07_50_52/logs'
2024-04-15 07:50:53 - [INFO] - {{PRECHECK SEQUENCE}} Precheck will run the following checks: [License, Makefile, Default, Documentation, Consistency, GPIO-Defines, XOR, Magic DRC, Klayout FEOL, Klayout BEOL, Klayout Offgrid, Klayout Metal Minimum Clear Area Density, Klayout Pin Label Purposes Overlapping Drawing, Klayout ZeroArea, OEB, LVS]
2024-04-15 07:50:53 - [INFO] - {{STEP UPDATE}} Executing Check 1 of 16: License
2024-04-15 07:50:54 - [INFO] - An approved LICENSE (Apache-2.0) was found in /home/engtech/Desktop/Openlane_v2/memristor.
2024-04-15 07:50:54 - [INFO] - {{MAIN LICENSE CHECK PASSED}} An approved LICENSE was found in project root.
2024-04-15 07:50:55 - [INFO] - An approved LICENSE (Apache-2.0) was found in /home/engtech/Desktop/Openlane_v2/memristor.
2024-04-15 07:50:55 - [INFO] - An approved LICENSE (Apache-2.0) was found in /home/engtech/Desktop/Openlane_v2/memristor.
2024-04-15 07:50:56 - [INFO] - An approved LICENSE (Apache-2.0) was found in /home/engtech/Desktop/Openlane_v2/memristor.
2024-04-15 07:50:57 - [INFO] - An approved LICENSE (Apache-2.0) was found in /home/engtech/Desktop/Openlane_v2/memristor.
2024-04-15 07:50:58 - [INFO] - An approved LICENSE (Apache-2.0) was found in /home/engtech/Desktop/Openlane_v2/memristor.
2024-04-15 07:50:58 - [INFO] - {{SUBMODULES LICENSE CHECK PASSED}} No prohibited LICENSE file(s) was found in project submodules
2024-04-15 07:51:01 - [ERROR] - SPDX COMPLIANCE FILE UNICODE DECODE EXCEPTION in (/home/engtech/Desktop/Openlane_v2/memristor/caravel_venv/bin/python3): 'utf-8' codec can't decode byte 0xf8 in position 96: invalid start byte
2024-04-15 07:51:01 - [ERROR] - SPDX COMPLIANCE FILE UNICODE DECODE EXCEPTION in (/home/engtech/Desktop/Openlane_v2/memristor/caravel_venv/bin/python3.10): 'utf-8' codec can't decode byte 0xf8 in position 96: invalid start byte
2024-04-15 07:51:01 - [ERROR] - SPDX COMPLIANCE FILE UNICODE DECODE EXCEPTION in (/home/engtech/Desktop/Openlane_v2/memristor/caravel_venv/bin/python): 'utf-8' codec can't decode byte 0xf8 in position 96: invalid start byte
2024-04-15 07:51:01 - [ERROR] - SPDX COMPLIANCE FILE UNICODE DECODE EXCEPTION in (/home/engtech/Desktop/Openlane_v2/memristor/caravel_venv/lib/python3.10/site-packages/setuptools/cli.exe): 'utf-8' codec can't decode byte 0x90 in position 2: invalid start byte
2024-04-15 07:51:01 - [ERROR] - SPDX COMPLIANCE FILE UNICODE DECODE EXCEPTION in (/home/engtech/Desktop/Openlane_v2/memristor/caravel_venv/lib/python3.10/site-packages/setuptools/cli-arm64.exe): 'utf-8' codec can't decode byte 0x90 in position 2: invalid start byte
2024-04-15 07:51:01 - [ERROR] - SPDX COMPLIANCE FILE UNICODE DECODE EXCEPTION in (/home/engtech/Desktop/Openlane_v2/memristor/caravel_venv/lib/python3.10/site-packages/setuptools/gui-arm64.exe): 'utf-8' codec can't decode byte 0x90 in position 2: invalid start byte
2024-04-15 07:51:01 - [ERROR] - SPDX COMPLIANCE FILE UNICODE DECODE EXCEPTION in (/home/engtech/Desktop/Openlane_v2/memristor/caravel_venv/lib/python3.10/site-packages/setuptools/gui.exe): 'utf-8' codec can't decode byte 0x90 in position 2: invalid start byte
2024-04-15 07:51:01 - [ERROR] - SPDX COMPLIANCE FILE UNICODE DECODE EXCEPTION in (/home/engtech/Desktop/Openlane_v2/memristor/caravel_venv/lib/python3.10/site-packages/setuptools/cli-64.exe): 'utf-8' codec can't decode byte 0x90 in position 2: invalid start byte
2024-04-15 07:51:01 - [ERROR] - SPDX COMPLIANCE FILE UNICODE DECODE EXCEPTION in (/home/engtech/Desktop/Openlane_v2/memristor/caravel_venv/lib/python3.10/site-packages/setuptools/gui-32.exe): 'utf-8' codec can't decode byte 0x90 in position 2: invalid start byte
2024-04-15 07:51:01 - [ERROR] - SPDX COMPLIANCE FILE UNICODE DECODE EXCEPTION in (/home/engtech/Desktop/Openlane_v2/memristor/caravel_venv/lib/python3.10/site-packages/setuptools/gui-64.exe): 'utf-8' codec can't decode byte 0x90 in position 2: invalid start byte
2024-04-15 07:51:01 - [ERROR] - SPDX COMPLIANCE FILE UNICODE DECODE EXCEPTION in (/home/engtech/Desktop/Openlane_v2/memristor/caravel_venv/lib/python3.10/site-packages/setuptools/cli-32.exe): 'utf-8' codec can't decode byte 0x90 in position 2: invalid start byte
2024-04-15 07:51:02 - [ERROR] - SPDX COMPLIANCE FILE UNICODE DECODE EXCEPTION in (/home/engtech/Desktop/Openlane_v2/memristor/caravel_venv/lib/python3.10/site-packages/yaml/_yaml.cpython-310-x86_64-linux-gnu.so): 'utf-8' codec can't decode byte 0x90 in position 24: invalid start byte
2024-04-15 07:51:02 - [WARNING] - {{SPDX COMPLIANCE CHECK FAILED}} Found 698 non-compliant file(s) with the SPDX Standard.
2024-04-15 07:51:02 - [INFO] - SPDX COMPLIANCE: NON-COMPLIANT FILE(S) PREVIEW: ['/home/engtech/Desktop/Openlane_v2/memristor/user_proj_example.v', '/home/engtech/Desktop/Openlane_v2/memristor/.readthedocs.yaml', '/home/engtech/Desktop/Openlane_v2/memristor/caravel_venv/bin/activate', '/home/engtech/Desktop/Openlane_v2/memristor/caravel_venv/bin/activate.fish', '/home/engtech/Desktop/Openlane_v2/memristor/caravel_venv/bin/pip', '/home/engtech/Desktop/Openlane_v2/memristor/caravel_venv/bin/Activate.ps1', '/home/engtech/Desktop/Openlane_v2/memristor/caravel_venv/bin/pip3.10', '/home/engtech/Desktop/Openlane_v2/memristor/caravel_venv/bin/pip3', '/home/engtech/Desktop/Openlane_v2/memristor/caravel_venv/bin/activate.csh', '/home/engtech/Desktop/Openlane_v2/memristor/caravel_venv/lib/python3.10/site-packages/distutils-precedence.pth', '/home/engtech/Desktop/Openlane_v2/memristor/caravel_venv/lib/python3.10/site-packages/_yaml/__init__.py', '/home/engtech/Desktop/Openlane_v2/memristor/caravel_venv/lib/python3.10/site-packages/pip-22.0.2.dist-info/RECORD', '/home/engtech/Desktop/Openlane_v2/memristor/caravel_venv/lib/python3.10/site-packages/pip-22.0.2.dist-info/INSTALLER', '/home/engtech/Desktop/Openlane_v2/memristor/caravel_venv/lib/python3.10/site-packages/pip-22.0.2.dist-info/METADATA', '/home/engtech/Desktop/Openlane_v2/memristor/caravel_venv/lib/python3.10/site-packages/pip-22.0.2.dist-info/WHEEL']
2024-04-15 07:51:02 - [INFO] - For the full SPDX compliance report check: /home/engtech/Desktop/Openlane_v2/memristor/precheck_results/15_APR_2024___07_50_52/logs/spdx_compliance_report.log
2024-04-15 07:51:02 - [INFO] - {{STEP UPDATE}} Executing Check 2 of 16: Makefile
2024-04-15 07:51:02 - [INFO] - {{MAKEFILE CHECK PASSED}} Makefile valid.
2024-04-15 07:51:02 - [INFO] - {{STEP UPDATE}} Executing Check 3 of 16: Default
2024-04-15 07:51:02 - [WARNING] - The provided 'README.md' is identical to the default 'README.md'
2024-04-15 07:51:02 - [WARNING] - {{README DEFAULT CHECK FAILED}} Project 'README.md' was not modified and is identical to the default 'README.md'
2024-04-15 07:51:02 - [INFO] - {{CONTENT DEFAULT CHECK PASSED}} Project 'gds' was modified and is not identical to the default 'gds'
2024-04-15 07:51:02 - [INFO] - {{STEP UPDATE}} Executing Check 4 of 16: Documentation
2024-04-15 07:51:03 - [INFO] - {{DOCUMENTATION CHECK PASSED}} Project documentation is appropriate.
2024-04-15 07:51:03 - [INFO] - {{STEP UPDATE}} Executing Check 5 of 16: Consistency
2024-04-15 07:51:07 - [WARNING] - PORTS CHECK FAILED: user_project_wrapper ports do not match the golden wrapper ports. Mismatching ports are : ['analog_io2', 'analog_io[28]']
2024-04-15 07:51:07 - [INFO] - COMPLEXITY CHECK PASSED: Netlist user_project_wrapper contains at least 1 instances (1 instances). 
2024-04-15 07:51:07 - [INFO] - MODELING CHECK PASSED: Netlist user_project_wrapper is structural.
2024-04-15 07:51:07 - [INFO] - LAYOUT CHECK PASSED: The GDS layout for user_project_wrapper matches the provided structural netlist.
2024-04-15 07:51:07 - [INFO] - POWER CONNECTIONS CHECK PASSED: All instances in user_project_wrapper are connected to power
