
===========================================================================
report_checks -unconstrained
===========================================================================
======================= Typical Corner ===================================

Startpoint: io_in[4] (input port)
Endpoint: core_flat_v4/DIGITALIN2 (internal pin)
Path Group: unconstrained
Path Type: max

Fanout     Cap    Slew   Delay    Time   Description
-----------------------------------------------------------------------------
                          0.00    0.00 v input external delay
                  0.38    0.00    0.00 v io_in[4] (in)
     1    0.01                           io_in[4] (net)
                  0.38    0.00    0.00 v input8/A (sky130_fd_sc_hd__clkbuf_16)
                  0.03    0.29    0.29 v input8/X (sky130_fd_sc_hd__clkbuf_16)
     1    0.00                           net8 (net)
                  0.03    0.00    0.29 v core_flat_v4/DIGITALIN2 (core_flat_v4)
                                  0.29   data arrival time
-----------------------------------------------------------------------------
(Path is unconstrained)




===========================================================================
report_checks --slack_max -0.01
============================================================================
======================= Typical Corner ===================================

No paths found.


===========================================================================
 report_check_types -max_slew -max_cap -max_fanout -violators
============================================================================
======================= Typical Corner ===================================



===========================================================================
report_parasitic_annotation -report_unannotated
============================================================================
Found 17 unannotated drivers.
 SEL2
 analog_io1
 analog_io2
 analog_io3
 io_in[0]
 io_in[1]
 io_in[2]
 io_in[3]
 io_in[4]
 input1/X
 input2/X
 input3/X
 input4/X
 input5/X
 input6/X
 input7/X
 input8/X
Found 0 partially unannotated drivers.

===========================================================================
max slew violation count 0
max fanout violation count 0
max cap violation count 0
============================================================================

===========================================================================
check_setup -verbose -unconstrained_endpoints -multiple_clock -no_clock -no_input_delay -loops -generated_clocks
===========================================================================
Warning: There are 9 input ports missing set_input_delay.
  SEL2
  analog_io1
  analog_io2
  analog_io3
  io_in[0]
  io_in[1]
  io_in[2]
  io_in[3]
  io_in[4]
Warning: There is 1 unconstrained endpoint.
  SEL2
