/root/mpw_precheck/checks/tech-files/sky130B_mr.drc:52: warning: already initialized constant DRC::DRCEngine::FEOL
/root/mpw_precheck/checks/tech-files/sky130B_mr.drc:42: warning: previous definition of FEOL was here
/root/mpw_precheck/checks/tech-files/sky130B_mr.drc:56: warning: already initialized constant DRC::DRCEngine::BEOL
/root/mpw_precheck/checks/tech-files/sky130B_mr.drc:43: warning: previous definition of BEOL was here
/root/mpw_precheck/checks/tech-files/sky130B_mr.drc:64: warning: already initialized constant DRC::DRCEngine::OFFGRID
/root/mpw_precheck/checks/tech-files/sky130B_mr.drc:44: warning: previous definition of OFFGRID was here
/root/mpw_precheck/checks/tech-files/sky130B_mr.drc:70: warning: already initialized constant DRC::DRCEngine::SEAL
/root/mpw_precheck/checks/tech-files/sky130B_mr.drc:45: warning: previous definition of SEAL was here
/root/mpw_precheck/checks/tech-files/sky130B_mr.drc:76: warning: already initialized constant DRC::DRCEngine::FLOATING_MET
/root/mpw_precheck/checks/tech-files/sky130B_mr.drc:46: warning: previous definition of FLOATING_MET was here
"input" in: sky130B_mr.drc:126
    Polygons (raw): 208743 (flat)  139 (hierarchical)
    Elapsed: 0.070s  Memory: 720.00M
"polygons" in: sky130B_mr.drc:127
    Polygons (raw): 41638 (flat)  486 (hierarchical)
    Elapsed: 0.030s  Memory: 720.00M
"polygons" in: sky130B_mr.drc:128
    Polygons (raw): 145491 (flat)  65 (hierarchical)
    Elapsed: 0.030s  Memory: 720.00M
"polygons" in: sky130B_mr.drc:129
    Polygons (raw): 0 (flat)  0 (hierarchical)
    Elapsed: 0.000s  Memory: 720.00M
"polygons" in: sky130B_mr.drc:130
    Polygons (raw): 0 (flat)  0 (hierarchical)
    Elapsed: 0.000s  Memory: 720.00M
"polygons" in: sky130B_mr.drc:131
    Polygons (raw): 0 (flat)  0 (hierarchical)
    Elapsed: 0.000s  Memory: 720.00M
"polygons" in: sky130B_mr.drc:132
    Polygons (raw): 0 (flat)  0 (hierarchical)
    Elapsed: 0.000s  Memory: 720.00M
"polygons" in: sky130B_mr.drc:133
    Polygons (raw): 0 (flat)  0 (hierarchical)
    Elapsed: 0.000s  Memory: 720.00M
"polygons" in: sky130B_mr.drc:134
    Polygons (raw): 145442 (flat)  16 (hierarchical)
    Elapsed: 0.030s  Memory: 720.00M
"polygons" in: sky130B_mr.drc:135
    Polygons (raw): 0 (flat)  0 (hierarchical)
    Elapsed: 0.000s  Memory: 720.00M
"polygons" in: sky130B_mr.drc:136
    Polygons (raw): 74 (flat)  74 (hierarchical)
    Elapsed: 0.040s  Memory: 720.00M
"polygons" in: sky130B_mr.drc:137
    Polygons (raw): 0 (flat)  0 (hierarchical)
    Elapsed: 0.000s  Memory: 720.00M
"polygons" in: sky130B_mr.drc:138
    Polygons (raw): 0 (flat)  0 (hierarchical)
    Elapsed: 0.000s  Memory: 720.00M
"polygons" in: sky130B_mr.drc:139
    Polygons (raw): 208944 (flat)  343 (hierarchical)
    Elapsed: 0.030s  Memory: 720.00M
"polygons" in: sky130B_mr.drc:140
    Polygons (raw): 40 (flat)  40 (hierarchical)
    Elapsed: 0.040s  Memory: 720.00M
"polygons" in: sky130B_mr.drc:141
    Polygons (raw): 166288 (flat)  286 (hierarchical)
    Elapsed: 0.050s  Memory: 720.00M
"polygons" in: sky130B_mr.drc:142
    Polygons (raw): 166348 (flat)  346 (hierarchical)
    Elapsed: 0.030s  Memory: 720.00M
"polygons" in: sky130B_mr.drc:143
    Polygons (raw): 0 (flat)  0 (hierarchical)
    Elapsed: 0.000s  Memory: 720.00M
"polygons" in: sky130B_mr.drc:144
    Polygons (raw): 0 (flat)  0 (hierarchical)
    Elapsed: 0.000s  Memory: 720.00M
"polygons" in: sky130B_mr.drc:145
    Polygons (raw): 104553 (flat)  254 (hierarchical)
    Elapsed: 0.030s  Memory: 720.00M
"polygons" in: sky130B_mr.drc:146
    Polygons (raw): 790061 (flat)  16962 (hierarchical)
    Elapsed: 0.040s  Memory: 720.00M
"polygons" in: sky130B_mr.drc:148
    Polygons (raw): 660456 (flat)  1176 (hierarchical)
    Elapsed: 0.030s  Memory: 720.00M
"polygons" in: sky130B_mr.drc:149
    Polygons (raw): 2310469 (flat)  7729 (hierarchical)
    Elapsed: 0.040s  Memory: 720.00M
"polygons" in: sky130B_mr.drc:151
    Polygons (raw): 294381 (flat)  3529 (hierarchical)
    Elapsed: 0.040s  Memory: 720.00M
"polygons" in: sky130B_mr.drc:152
    Polygons (raw): 18422 (flat)  18422 (hierarchical)
    Elapsed: 0.050s  Memory: 720.00M
"polygons" in: sky130B_mr.drc:154
    Polygons (raw): 5020 (flat)  5020 (hierarchical)
    Elapsed: 0.060s  Memory: 720.00M
"polygons" in: sky130B_mr.drc:155
    Polygons (raw): 17110 (flat)  17110 (hierarchical)
    Elapsed: 0.050s  Memory: 720.00M
"polygons" in: sky130B_mr.drc:157
    Polygons (raw): 3802 (flat)  3802 (hierarchical)
    Elapsed: 0.040s  Memory: 720.00M
"polygons" in: sky130B_mr.drc:158
    Polygons (raw): 15854 (flat)  15854 (hierarchical)
    Elapsed: 0.050s  Memory: 720.00M
"polygons" in: sky130B_mr.drc:160
    Polygons (raw): 504 (flat)  504 (hierarchical)
    Elapsed: 0.040s  Memory: 720.00M
"polygons" in: sky130B_mr.drc:161
    Polygons (raw): 12426 (flat)  12426 (hierarchical)
    Elapsed: 0.010s  Memory: 720.00M
"polygons" in: sky130B_mr.drc:163
    Polygons (raw): 172 (flat)  172 (hierarchical)
    Elapsed: 0.000s  Memory: 720.00M
"polygons" in: sky130B_mr.drc:165
    Polygons (raw): 0 (flat)  0 (hierarchical)
    Elapsed: 0.000s  Memory: 720.00M
"polygons" in: sky130B_mr.drc:166
    Polygons (raw): 0 (flat)  0 (hierarchical)
    Elapsed: 0.000s  Memory: 720.00M
"polygons" in: sky130B_mr.drc:167
    Polygons (raw): 0 (flat)  0 (hierarchical)
    Elapsed: 0.000s  Memory: 720.00M
"polygons" in: sky130B_mr.drc:168
    Polygons (raw): 0 (flat)  0 (hierarchical)
    Elapsed: 0.000s  Memory: 720.00M
"polygons" in: sky130B_mr.drc:169
    Polygons (raw): 0 (flat)  0 (hierarchical)
    Elapsed: 0.000s  Memory: 720.00M
"polygons" in: sky130B_mr.drc:170
    Polygons (raw): 0 (flat)  0 (hierarchical)
    Elapsed: 0.000s  Memory: 720.00M
"polygons" in: sky130B_mr.drc:171
    Polygons (raw): 0 (flat)  0 (hierarchical)
    Elapsed: 0.000s  Memory: 720.00M
"polygons" in: sky130B_mr.drc:172
    Polygons (raw): 0 (flat)  0 (hierarchical)
    Elapsed: 0.000s  Memory: 720.00M
"polygons" in: sky130B_mr.drc:173
    Polygons (raw): 0 (flat)  0 (hierarchical)
    Elapsed: 0.000s  Memory: 720.00M
"polygons" in: sky130B_mr.drc:174
    Polygons (raw): 0 (flat)  0 (hierarchical)
    Elapsed: 0.000s  Memory: 720.00M
"polygons" in: sky130B_mr.drc:175
    Polygons (raw): 0 (flat)  0 (hierarchical)
    Elapsed: 0.000s  Memory: 720.00M
"polygons" in: sky130B_mr.drc:176
    Polygons (raw): 0 (flat)  0 (hierarchical)
    Elapsed: 0.000s  Memory: 720.00M
"polygons" in: sky130B_mr.drc:177
    Polygons (raw): 0 (flat)  0 (hierarchical)
    Elapsed: 0.000s  Memory: 720.00M
"polygons" in: sky130B_mr.drc:178
    Polygons (raw): 0 (flat)  0 (hierarchical)
    Elapsed: 0.000s  Memory: 720.00M
"polygons" in: sky130B_mr.drc:179
    Polygons (raw): 0 (flat)  0 (hierarchical)
    Elapsed: 0.000s  Memory: 720.00M
"polygons" in: sky130B_mr.drc:180
    Polygons (raw): 0 (flat)  0 (hierarchical)
    Elapsed: 0.000s  Memory: 720.00M
"polygons" in: sky130B_mr.drc:181
    Polygons (raw): 0 (flat)  0 (hierarchical)
    Elapsed: 0.000s  Memory: 720.00M
"polygons" in: sky130B_mr.drc:182
    Polygons (raw): 145440 (flat)  14 (hierarchical)
    Elapsed: 0.030s  Memory: 720.00M
"polygons" in: sky130B_mr.drc:183
    Polygons (raw): 0 (flat)  0 (hierarchical)
    Elapsed: 0.000s  Memory: 720.00M
"polygons" in: sky130B_mr.drc:184
    Polygons (raw): 0 (flat)  0 (hierarchical)
    Elapsed: 0.000s  Memory: 720.00M
"polygons" in: sky130B_mr.drc:185
    Polygons (raw): 0 (flat)  0 (hierarchical)
    Elapsed: 0.000s  Memory: 720.00M
"polygons" in: sky130B_mr.drc:186
    Polygons (raw): 0 (flat)  0 (hierarchical)
    Elapsed: 0.000s  Memory: 720.00M
"polygons" in: sky130B_mr.drc:187
    Polygons (raw): 0 (flat)  0 (hierarchical)
    Elapsed: 0.000s  Memory: 720.00M
"polygons" in: sky130B_mr.drc:188
    Polygons (raw): 0 (flat)  0 (hierarchical)
    Elapsed: 0.000s  Memory: 720.00M
"polygons" in: sky130B_mr.drc:189
    Polygons (raw): 0 (flat)  0 (hierarchical)
    Elapsed: 0.000s  Memory: 720.00M
"polygons" in: sky130B_mr.drc:190
    Polygons (raw): 3 (flat)  3 (hierarchical)
    Elapsed: 0.040s  Memory: 720.00M
"polygons" in: sky130B_mr.drc:191
    Polygons (raw): 0 (flat)  0 (hierarchical)
    Elapsed: 0.010s  Memory: 722.00M
"polygons" in: sky130B_mr.drc:192
    Polygons (raw): 0 (flat)  0 (hierarchical)
    Elapsed: 0.000s  Memory: 722.00M
"polygons" in: sky130B_mr.drc:193
    Polygons (raw): 0 (flat)  0 (hierarchical)
    Elapsed: 0.000s  Memory: 722.00M
"polygons" in: sky130B_mr.drc:194
    Polygons (raw): 0 (flat)  0 (hierarchical)
    Elapsed: 0.000s  Memory: 722.00M
"polygons" in: sky130B_mr.drc:195
    Polygons (raw): 7 (flat)  1 (hierarchical)
    Elapsed: 0.040s  Memory: 722.00M
"polygons" in: sky130B_mr.drc:196
    Polygons (raw): 0 (flat)  0 (hierarchical)
    Elapsed: 0.000s  Memory: 722.00M
"polygons" in: sky130B_mr.drc:197
    Polygons (raw): 0 (flat)  0 (hierarchical)
    Elapsed: 0.000s  Memory: 722.00M
"polygons" in: sky130B_mr.drc:198
    Polygons (raw): 0 (flat)  0 (hierarchical)
    Elapsed: 0.000s  Memory: 722.00M
"polygons" in: sky130B_mr.drc:199
    Polygons (raw): 0 (flat)  0 (hierarchical)
    Elapsed: 0.000s  Memory: 722.00M
"polygons" in: sky130B_mr.drc:200
    Polygons (raw): 4 (flat)  4 (hierarchical)
    Elapsed: 0.040s  Memory: 722.00M
"polygons" in: sky130B_mr.drc:201
    Polygons (raw): 0 (flat)  0 (hierarchical)
    Elapsed: 0.000s  Memory: 722.00M
"polygons" in: sky130B_mr.drc:202
    Polygons (raw): 0 (flat)  0 (hierarchical)
    Elapsed: 0.000s  Memory: 722.00M
"polygons" in: sky130B_mr.drc:203
    Polygons (raw): 0 (flat)  0 (hierarchical)
    Elapsed: 0.000s  Memory: 722.00M
"polygons" in: sky130B_mr.drc:204
    Polygons (raw): 0 (flat)  0 (hierarchical)
    Elapsed: 0.000s  Memory: 722.00M
"polygons" in: sky130B_mr.drc:205
    Polygons (raw): 0 (flat)  0 (hierarchical)
    Elapsed: 0.000s  Memory: 722.00M
"polygons" in: sky130B_mr.drc:206
    Polygons (raw): 0 (flat)  0 (hierarchical)
    Elapsed: 0.000s  Memory: 722.00M
"polygons" in: sky130B_mr.drc:207
    Polygons (raw): 0 (flat)  0 (hierarchical)
    Elapsed: 0.000s  Memory: 722.00M
"polygons" in: sky130B_mr.drc:208
    Polygons (raw): 0 (flat)  0 (hierarchical)
    Elapsed: 0.000s  Memory: 722.00M
"polygons" in: sky130B_mr.drc:209
    Polygons (raw): 0 (flat)  0 (hierarchical)
    Elapsed: 0.000s  Memory: 722.00M
"polygons" in: sky130B_mr.drc:210
    Polygons (raw): 0 (flat)  0 (hierarchical)
    Elapsed: 0.000s  Memory: 722.00M
"polygons" in: sky130B_mr.drc:211
    Polygons (raw): 0 (flat)  0 (hierarchical)
    Elapsed: 0.000s  Memory: 722.00M
"polygons" in: sky130B_mr.drc:212
    Polygons (raw): 0 (flat)  0 (hierarchical)
    Elapsed: 0.000s  Memory: 722.00M
"polygons" in: sky130B_mr.drc:213
    Polygons (raw): 6 (flat)  6 (hierarchical)
    Elapsed: 0.040s  Memory: 722.00M
"polygons" in: sky130B_mr.drc:214
    Polygons (raw): 0 (flat)  0 (hierarchical)
    Elapsed: 0.000s  Memory: 722.00M
"polygons" in: sky130B_mr.drc:215
    Polygons (raw): 0 (flat)  0 (hierarchical)
    Elapsed: 0.000s  Memory: 722.00M
"polygons" in: sky130B_mr.drc:216
    Polygons (raw): 0 (flat)  0 (hierarchical)
    Elapsed: 0.000s  Memory: 722.00M
"polygons" in: sky130B_mr.drc:217
    Polygons (raw): 0 (flat)  0 (hierarchical)
    Elapsed: 0.000s  Memory: 722.00M
DRC section
BEOL section
START: 67/20 (li)
"interacting" in: sky130B_mr.drc:399
    Polygons (raw): 0 (flat)  0 (hierarchical)
    Elapsed: 0.000s  Memory: 722.00M
"-" in: sky130B_mr.drc:399
    Polygons (raw): 660456 (flat)  1176 (hierarchical)
    Elapsed: 0.000s  Memory: 722.00M
"width" in: sky130B_mr.drc:400
    Edge pairs: 0 (flat)  0 (hierarchical)
    Elapsed: 3.970s  Memory: 815.00M
"output" in: sky130B_mr.drc:400
    Edge pairs: 0 (flat)  0 (hierarchical)
    Elapsed: 0.010s  Memory: 815.00M
"edges" in: sky130B_mr.drc:402
    Edges: 1750310 (flat)  1750296 (hierarchical)
    Elapsed: 0.140s  Memory: 855.00M
"space" in: sky130B_mr.drc:402
    Edge pairs: 0 (flat)  0 (hierarchical)
    Elapsed: 4.750s  Memory: 4183.00M
"output" in: sky130B_mr.drc:402
    Edge pairs: 0 (flat)  0 (hierarchical)
    Elapsed: 0.040s  Memory: 3919.00M
"-" in: sky130B_mr.drc:403
    Polygons (raw): 790061 (flat)  16962 (hierarchical)
    Elapsed: 0.000s  Memory: 3919.00M
"enclosing" in: sky130B_mr.drc:404
    Edge pairs: 651726 (flat)  651717 (hierarchical)
    Elapsed: 19.240s  Memory: 3953.00M
"second_edges" in: sky130B_mr.drc:404
    Edges: 651726 (flat)  651717 (hierarchical)
    Elapsed: 0.040s  Memory: 3969.00M
"width" in: sky130B_mr.drc:405
    Edge pairs: 0 (flat)  0 (hierarchical)
    Elapsed: 1.650s  Memory: 4264.00M
"polygons" in: sky130B_mr.drc:406
    Polygons (raw): 0 (flat)  0 (hierarchical)
    Elapsed: 0.020s  Memory: 4056.00M
"interacting" in: sky130B_mr.drc:406
    Polygons (raw): 0 (flat)  0 (hierarchical)
    Elapsed: 0.000s  Memory: 4056.00M
"output" in: sky130B_mr.drc:407
    Polygons (raw): 0 (flat)  0 (hierarchical)
    Elapsed: 0.000s  Memory: 4056.00M
"with_area" in: sky130B_mr.drc:408
    Polygons (raw): 0 (flat)  0 (hierarchical)
    Elapsed: 0.070s  Memory: 4056.00M
"output" in: sky130B_mr.drc:408
    Polygons (raw): 0 (flat)  0 (hierarchical)
    Elapsed: 0.000s  Memory: 4056.00M
END: 67/20 (li)
START: 67/44 (mcon)
"-" in: sky130B_mr.drc:413
    Polygons (raw): 2310469 (flat)  7729 (hierarchical)
    Elapsed: 0.000s  Memory: 4056.00M
"-" in: sky130B_mr.drc:420
    Polygons (raw): 2310469 (flat)  7729 (hierarchical)
    Elapsed: 0.000s  Memory: 4056.00M
"non_rectangles" in: sky130B_mr.drc:421
    Polygons (raw): 0 (flat)  0 (hierarchical)
    Elapsed: 14.590s  Memory: 4537.00M
"output" in: sky130B_mr.drc:421
    Polygons (raw): 0 (flat)  0 (hierarchical)
    Elapsed: 0.020s  Memory: 4537.00M
"drc" in: sky130B_mr.drc:423
    Edge pairs: 0 (flat)  0 (hierarchical)
    Elapsed: 16.800s  Memory: 4761.00M
"output" in: sky130B_mr.drc:423
    Edge pairs: 0 (flat)  0 (hierarchical)
    Elapsed: 0.010s  Memory: 4569.00M
"drc" in: sky130B_mr.drc:424
    Edges: 0 (flat)  0 (hierarchical)
    Elapsed: 2.990s  Memory: 4777.00M
"output" in: sky130B_mr.drc:424
    Edges: 0 (flat)  0 (hierarchical)
    Elapsed: 0.020s  Memory: 4569.00M
"space" in: sky130B_mr.drc:425
    Edge pairs: 0 (flat)  0 (hierarchical)
    Elapsed: 2.420s  Memory: 4785.00M
"output" in: sky130B_mr.drc:425
    Edge pairs: 0 (flat)  0 (hierarchical)
    Elapsed: 0.010s  Memory: 4569.00M
"-" in: sky130B_mr.drc:431
    Polygons (raw): 0 (flat)  0 (hierarchical)
    Elapsed: 2.380s  Memory: 4785.00M
"output" in: sky130B_mr.drc:431
    Polygons (raw): 0 (flat)  0 (hierarchical)
    Elapsed: 0.010s  Memory: 4569.00M
END: 67/44 (mcon)
START: 68/20 (m1)
"width" in: sky130B_mr.drc:436
    Edge pairs: 0 (flat)  0 (hierarchical)
    Elapsed: 3.140s  Memory: 4569.00M
"output" in: sky130B_mr.drc:436
    Edge pairs: 0 (flat)  0 (hierarchical)
    Elapsed: 0.010s  Memory: 4569.00M
"sized" in: sky130B_mr.drc:437
    Polygons (raw): 18 (flat)  18 (hierarchical)
    Elapsed: 0.020s  Memory: 4569.00M
"sized" in: sky130B_mr.drc:437
    Polygons (raw): 18 (flat)  18 (hierarchical)
    Elapsed: 0.010s  Memory: 4569.00M
"snap" in: sky130B_mr.drc:437
    Polygons (raw): 18 (flat)  18 (hierarchical)
    Elapsed: 0.120s  Memory: 4569.00M
"&" in: sky130B_mr.drc:437
    Polygons (raw): 18 (flat)  18 (hierarchical)
    Elapsed: 0.100s  Memory: 4625.00M
"edges" in: sky130B_mr.drc:438
    Edges: 10684 (flat)  10684 (hierarchical)
    Elapsed: 0.000s  Memory: 4569.00M
"-" in: sky130B_mr.drc:438
    Edges: 10600 (flat)  10600 (hierarchical)
    Elapsed: 0.090s  Memory: 4609.00M
"edges" in: sky130B_mr.drc:439
    Edges: 80 (flat)  80 (hierarchical)
    Elapsed: 0.130s  Memory: 4649.00M
"merged" in: sky130B_mr.drc:439
    Polygons (raw): 1115 (flat)  1115 (hierarchical)
    Elapsed: 0.000s  Memory: 4569.00M
"outside_part" in: sky130B_mr.drc:439
    Edges: 94 (flat)  94 (hierarchical)
    Elapsed: 0.090s  Memory: 4657.00M
"space" in: sky130B_mr.drc:441
    Edge pairs: 0 (flat)  0 (hierarchical)
    Elapsed: 0.150s  Memory: 4793.00M
"output" in: sky130B_mr.drc:441
    Edge pairs: 0 (flat)  0 (hierarchical)
    Elapsed: 0.000s  Memory: 4569.00M
"separation" in: sky130B_mr.drc:443
    Edge pairs: 0 (flat)  0 (hierarchical)
    Elapsed: 0.120s  Memory: 4873.00M
"space" in: sky130B_mr.drc:443
    Edge pairs: 0 (flat)  0 (hierarchical)
    Elapsed: 0.060s  Memory: 4873.00M
"+" in: sky130B_mr.drc:443
    Edge pairs: 0 (flat)  0 (hierarchical)
    Elapsed: 0.050s  Memory: 4569.00M
"output" in: sky130B_mr.drc:443
    Edge pairs: 0 (flat)  0 (hierarchical)
    Elapsed: 0.000s  Memory: 4569.00M
"input" in: sky130B_mr.drc:447
    Polygons (raw): 294381 (flat)  3553 (hierarchical)
    Elapsed: 0.040s  Memory: 4569.00M
"enclosing" in: sky130B_mr.drc:449
    Edge pairs: 0 (flat)  0 (hierarchical)
    Elapsed: 13.680s  Memory: 4745.00M
"output" in: sky130B_mr.drc:449
    Edge pairs: 0 (flat)  0 (hierarchical)
    Elapsed: 0.010s  Memory: 4569.00M
"-" in: sky130B_mr.drc:450
    Polygons (raw): 0 (flat)  0 (hierarchical)
    Elapsed: 3.770s  Memory: 4793.00M
"output" in: sky130B_mr.drc:450
    Polygons (raw): 0 (flat)  0 (hierarchical)
    Elapsed: 0.010s  Memory: 4569.00M
"input" in: sky130B_mr.drc:452
    Polygons (raw): 0 (flat)  0 (hierarchical)
    Elapsed: 0.050s  Memory: 4569.00M
"enclosing" in: sky130B_mr.drc:453
    Edge pairs: 0 (flat)  0 (hierarchical)
    Elapsed: 0.000s  Memory: 4569.00M
"output" in: sky130B_mr.drc:453
    Edge pairs: 0 (flat)  0 (hierarchical)
    Elapsed: 0.000s  Memory: 4569.00M
"-" in: sky130B_mr.drc:455
    Polygons (raw): 0 (flat)  0 (hierarchical)
    Elapsed: 0.000s  Memory: 4569.00M
"output" in: sky130B_mr.drc:455
    Polygons (raw): 0 (flat)  0 (hierarchical)
    Elapsed: 0.000s  Memory: 4569.00M
"with_area" in: sky130B_mr.drc:457
    Polygons (raw): 0 (flat)  0 (hierarchical)
    Elapsed: 0.020s  Memory: 4569.00M
"output" in: sky130B_mr.drc:457
    Polygons (raw): 0 (flat)  0 (hierarchical)
    Elapsed: 0.000s  Memory: 4569.00M
"holes" in: sky130B_mr.drc:459
    Polygons (raw): 30 (flat)  30 (hierarchical)
    Elapsed: 0.000s  Memory: 4569.00M
"with_area" in: sky130B_mr.drc:459
    Polygons (raw): 0 (flat)  0 (hierarchical)
    Elapsed: 0.070s  Memory: 4569.00M
"output" in: sky130B_mr.drc:459
    Polygons (raw): 0 (flat)  0 (hierarchical)
    Elapsed: 0.000s  Memory: 4569.00M
"enclosing" in: sky130B_mr.drc:466
    Edge pairs: 13598 (flat)  13598 (hierarchical)
    Elapsed: 10.810s  Memory: 4585.00M
"second_edges" in: sky130B_mr.drc:466
    Edges: 13598 (flat)  13598 (hierarchical)
    Elapsed: 0.010s  Memory: 4569.00M
"width" in: sky130B_mr.drc:467
    Edge pairs: 0 (flat)  0 (hierarchical)
    Elapsed: 0.140s  Memory: 4889.00M
"polygons" in: sky130B_mr.drc:468
    Polygons (raw): 0 (flat)  0 (hierarchical)
    Elapsed: 0.000s  Memory: 4569.00M
"interacting" in: sky130B_mr.drc:468
    Polygons (raw): 0 (flat)  0 (hierarchical)
    Elapsed: 0.000s  Memory: 4569.00M
"output" in: sky130B_mr.drc:469
    Polygons (raw): 0 (flat)  0 (hierarchical)
    Elapsed: 0.000s  Memory: 4569.00M
END: 68/20 (m1)
START: 68/44 (via)
"-" in: sky130B_mr.drc:483
    Polygons (raw): 18422 (flat)  18422 (hierarchical)
    Elapsed: 0.000s  Memory: 4569.00M
"non_rectangles" in: sky130B_mr.drc:485
    Polygons (raw): 0 (flat)  0 (hierarchical)
    Elapsed: 0.120s  Memory: 4569.00M
"output" in: sky130B_mr.drc:485
    Polygons (raw): 0 (flat)  0 (hierarchical)
    Elapsed: 0.000s  Memory: 4569.00M
"width" in: sky130B_mr.drc:486
    Edge pairs: 0 (flat)  0 (hierarchical)
    Elapsed: 0.010s  Memory: 4569.00M
"output" in: sky130B_mr.drc:486
    Edge pairs: 0 (flat)  0 (hierarchical)
    Elapsed: 0.000s  Memory: 4569.00M
"drc" in: sky130B_mr.drc:488
    Edges: 0 (flat)  0 (hierarchical)
    Elapsed: 0.100s  Memory: 4785.00M
"output" in: sky130B_mr.drc:488
    Edges: 0 (flat)  0 (hierarchical)
    Elapsed: 0.000s  Memory: 4569.00M
"space" in: sky130B_mr.drc:490
    Edge pairs: 0 (flat)  0 (hierarchical)
    Elapsed: 0.100s  Memory: 4737.00M
"output" in: sky130B_mr.drc:490
    Edge pairs: 0 (flat)  0 (hierarchical)
    Elapsed: 0.050s  Memory: 4569.00M
"edges" in: sky130B_mr.drc:498
    Edges: 10684 (flat)  10684 (hierarchical)
    Elapsed: 0.010s  Memory: 4569.00M
"drc" in: sky130B_mr.drc:498
    Edges: 73688 (flat)  73688 (hierarchical)
    Elapsed: 0.430s  Memory: 4569.00M
"enclosing" in: sky130B_mr.drc:498
    Edge pairs: 0 (flat)  0 (hierarchical)
    Elapsed: 0.070s  Memory: 4817.00M
"output" in: sky130B_mr.drc:498
    Edge pairs: 0 (flat)  0 (hierarchical)
    Elapsed: 0.050s  Memory: 4569.00M
"squares" in: sky130B_mr.drc:499
    Polygons (raw): 18422 (flat)  18422 (hierarchical)
    Elapsed: 0.000s  Memory: 4569.00M
"drc" in: sky130B_mr.drc:499
    Edges: 73688 (flat)  73688 (hierarchical)
    Elapsed: 0.280s  Memory: 4569.00M
"-" in: sky130B_mr.drc:499
    Edges: 0 (flat)  0 (hierarchical)
    Elapsed: 0.880s  Memory: 4817.00M
"output" in: sky130B_mr.drc:499
    Edges: 0 (flat)  0 (hierarchical)
    Elapsed: 0.040s  Memory: 4569.00M
"edges" in: sky130B_mr.drc:501
    Edges: 10684 (flat)  10684 (hierarchical)
    Elapsed: 0.000s  Memory: 4569.00M
"drc" in: sky130B_mr.drc:501
    Edges: 73688 (flat)  73688 (hierarchical)
    Elapsed: 0.260s  Memory: 4569.00M
"enclosing" in: sky130B_mr.drc:501
    Edge pairs: 84 (flat)  84 (hierarchical)
    Elapsed: 0.110s  Memory: 4609.00M
"second_edges" in: sky130B_mr.drc:501
    Edges: 84 (flat)  84 (hierarchical)
    Elapsed: 0.000s  Memory: 4569.00M
"width" in: sky130B_mr.drc:502
    Edge pairs: 0 (flat)  0 (hierarchical)
    Elapsed: 0.130s  Memory: 4825.00M
"polygons" in: sky130B_mr.drc:503
    Polygons (raw): 0 (flat)  0 (hierarchical)
    Elapsed: 0.010s  Memory: 4569.00M
"interacting" in: sky130B_mr.drc:503
    Polygons (raw): 0 (flat)  0 (hierarchical)
    Elapsed: 0.000s  Memory: 4569.00M
"output" in: sky130B_mr.drc:504
    Polygons (raw): 0 (flat)  0 (hierarchical)
    Elapsed: 0.000s  Memory: 4569.00M
END: 68/44 (via)
START: 69/20 (m2)
"width" in: sky130B_mr.drc:511
    Edge pairs: 0 (flat)  0 (hierarchical)
    Elapsed: 0.070s  Memory: 4569.00M
"output" in: sky130B_mr.drc:511
    Edge pairs: 0 (flat)  0 (hierarchical)
    Elapsed: 0.000s  Memory: 4569.00M
"sized" in: sky130B_mr.drc:513
    Polygons (raw): 16 (flat)  16 (hierarchical)
    Elapsed: 0.030s  Memory: 4569.00M
"sized" in: sky130B_mr.drc:513
    Polygons (raw): 16 (flat)  16 (hierarchical)
    Elapsed: 0.010s  Memory: 4569.00M
"snap" in: sky130B_mr.drc:513
    Polygons (raw): 16 (flat)  16 (hierarchical)
    Elapsed: 0.070s  Memory: 4569.00M
"&" in: sky130B_mr.drc:513
    Polygons (raw): 16 (flat)  16 (hierarchical)
    Elapsed: 0.090s  Memory: 4633.00M
"edges" in: sky130B_mr.drc:514
    Edges: 18956 (flat)  18956 (hierarchical)
    Elapsed: 0.010s  Memory: 4569.00M
"-" in: sky130B_mr.drc:514
    Edges: 18878 (flat)  18878 (hierarchical)
    Elapsed: 0.100s  Memory: 4609.00M
"edges" in: sky130B_mr.drc:515
    Edges: 72 (flat)  72 (hierarchical)
    Elapsed: 0.130s  Memory: 4657.00M
"merged" in: sky130B_mr.drc:515
    Polygons (raw): 4193 (flat)  4193 (hierarchical)
    Elapsed: 0.000s  Memory: 4569.00M
"outside_part" in: sky130B_mr.drc:515
    Edges: 78 (flat)  78 (hierarchical)
    Elapsed: 0.090s  Memory: 4657.00M
"-" in: sky130B_mr.drc:516
    Polygons (raw): 18422 (flat)  18422 (hierarchical)
    Elapsed: 0.000s  Memory: 4569.00M
"space" in: sky130B_mr.drc:518
    Edge pairs: 0 (flat)  0 (hierarchical)
    Elapsed: 0.180s  Memory: 4777.00M
"output" in: sky130B_mr.drc:518
    Edge pairs: 0 (flat)  0 (hierarchical)
    Elapsed: 0.000s  Memory: 4569.00M
"separation" in: sky130B_mr.drc:520
    Edge pairs: 0 (flat)  0 (hierarchical)
    Elapsed: 0.140s  Memory: 4857.00M
"space" in: sky130B_mr.drc:520
    Edge pairs: 0 (flat)  0 (hierarchical)
    Elapsed: 0.110s  Memory: 4849.00M
"+" in: sky130B_mr.drc:520
    Edge pairs: 0 (flat)  0 (hierarchical)
    Elapsed: 0.000s  Memory: 4569.00M
"output" in: sky130B_mr.drc:520
    Edge pairs: 0 (flat)  0 (hierarchical)
    Elapsed: 0.000s  Memory: 4569.00M
"with_area" in: sky130B_mr.drc:522
    Polygons (raw): 0 (flat)  0 (hierarchical)
    Elapsed: 0.020s  Memory: 4569.00M
"output" in: sky130B_mr.drc:522
    Polygons (raw): 0 (flat)  0 (hierarchical)
    Elapsed: 0.000s  Memory: 4569.00M
"holes" in: sky130B_mr.drc:523
    Polygons (raw): 0 (flat)  0 (hierarchical)
    Elapsed: 0.000s  Memory: 4569.00M
"with_area" in: sky130B_mr.drc:523
    Polygons (raw): 0 (flat)  0 (hierarchical)
    Elapsed: 0.000s  Memory: 4569.00M
"output" in: sky130B_mr.drc:523
    Polygons (raw): 0 (flat)  0 (hierarchical)
    Elapsed: 0.000s  Memory: 4569.00M
"enclosing" in: sky130B_mr.drc:528
    Edge pairs: 0 (flat)  0 (hierarchical)
    Elapsed: 0.130s  Memory: 4777.00M
"output" in: sky130B_mr.drc:528
    Edge pairs: 0 (flat)  0 (hierarchical)
    Elapsed: 0.000s  Memory: 4569.00M
"-" in: sky130B_mr.drc:529
    Polygons (raw): 0 (flat)  0 (hierarchical)
    Elapsed: 0.100s  Memory: 4809.00M
"output" in: sky130B_mr.drc:529
    Polygons (raw): 0 (flat)  0 (hierarchical)
    Elapsed: 0.000s  Memory: 4569.00M
"enclosing" in: sky130B_mr.drc:530
    Edge pairs: 7212 (flat)  7212 (hierarchical)
    Elapsed: 0.210s  Memory: 4609.00M
"second_edges" in: sky130B_mr.drc:530
    Edges: 7212 (flat)  7212 (hierarchical)
    Elapsed: 0.010s  Memory: 4569.00M
"width" in: sky130B_mr.drc:531
    Edge pairs: 0 (flat)  0 (hierarchical)
    Elapsed: 0.130s  Memory: 4825.00M
"polygons" in: sky130B_mr.drc:532
    Polygons (raw): 0 (flat)  0 (hierarchical)
    Elapsed: 0.000s  Memory: 4569.00M
"interacting" in: sky130B_mr.drc:532
    Polygons (raw): 0 (flat)  0 (hierarchical)
    Elapsed: 0.000s  Memory: 4569.00M
"output" in: sky130B_mr.drc:533
    Polygons (raw): 0 (flat)  0 (hierarchical)
    Elapsed: 0.000s  Memory: 4569.00M
END: 69/20 (m2)
START: 69/44 (via2)
"-" in: sky130B_mr.drc:548
    Polygons (raw): 17110 (flat)  17110 (hierarchical)
    Elapsed: 0.000s  Memory: 4569.00M
"non_rectangles" in: sky130B_mr.drc:549
    Polygons (raw): 0 (flat)  0 (hierarchical)
    Elapsed: 0.120s  Memory: 4569.00M
"output" in: sky130B_mr.drc:549
    Polygons (raw): 0 (flat)  0 (hierarchical)
    Elapsed: 0.000s  Memory: 4569.00M
"width" in: sky130B_mr.drc:550
    Edge pairs: 0 (flat)  0 (hierarchical)
    Elapsed: 0.010s  Memory: 4569.00M
"output" in: sky130B_mr.drc:550
    Edge pairs: 0 (flat)  0 (hierarchical)
    Elapsed: 0.000s  Memory: 4569.00M
"edges" in: sky130B_mr.drc:551
    Edges: 68440 (flat)  68440 (hierarchical)
    Elapsed: 0.010s  Memory: 4569.00M
"without_length" in: sky130B_mr.drc:551
    Edges: 0 (flat)  0 (hierarchical)
    Elapsed: 0.020s  Memory: 4569.00M
"output" in: sky130B_mr.drc:551
    Edges: 0 (flat)  0 (hierarchical)
    Elapsed: 0.000s  Memory: 4569.00M
"space" in: sky130B_mr.drc:552
    Edge pairs: 0 (flat)  0 (hierarchical)
    Elapsed: 0.100s  Memory: 4761.00M
"output" in: sky130B_mr.drc:552
    Edge pairs: 0 (flat)  0 (hierarchical)
    Elapsed: 0.040s  Memory: 4569.00M
"enclosing" in: sky130B_mr.drc:560
    Edge pairs: 0 (flat)  0 (hierarchical)
    Elapsed: 0.120s  Memory: 4737.00M
"output" in: sky130B_mr.drc:560
    Edge pairs: 0 (flat)  0 (hierarchical)
    Elapsed: 0.000s  Memory: 4569.00M
"-" in: sky130B_mr.drc:561
    Polygons (raw): 0 (flat)  0 (hierarchical)
    Elapsed: 0.120s  Memory: 4849.00M
"output" in: sky130B_mr.drc:561
    Polygons (raw): 0 (flat)  0 (hierarchical)
    Elapsed: 0.000s  Memory: 4569.00M
"enclosing" in: sky130B_mr.drc:563
    Edge pairs: 7141 (flat)  7141 (hierarchical)
    Elapsed: 0.140s  Memory: 4649.00M
"second_edges" in: sky130B_mr.drc:563
    Edges: 7141 (flat)  7141 (hierarchical)
    Elapsed: 0.000s  Memory: 4569.00M
"width" in: sky130B_mr.drc:564
    Edge pairs: 0 (flat)  0 (hierarchical)
    Elapsed: 0.110s  Memory: 4857.00M
"polygons" in: sky130B_mr.drc:565
    Polygons (raw): 0 (flat)  0 (hierarchical)
    Elapsed: 0.000s  Memory: 4569.00M
"interacting" in: sky130B_mr.drc:565
    Polygons (raw): 0 (flat)  0 (hierarchical)
    Elapsed: 0.000s  Memory: 4569.00M
"output" in: sky130B_mr.drc:566
    Polygons (raw): 0 (flat)  0 (hierarchical)
    Elapsed: 0.000s  Memory: 4569.00M
END: 69/44 (via2)
START: 70/20 (m3)
"width" in: sky130B_mr.drc:572
    Edge pairs: 0 (flat)  0 (hierarchical)
    Elapsed: 0.060s  Memory: 4569.00M
"output" in: sky130B_mr.drc:572
    Edge pairs: 0 (flat)  0 (hierarchical)
    Elapsed: 0.010s  Memory: 4569.00M
"sized" in: sky130B_mr.drc:574
    Polygons (raw): 8 (flat)  8 (hierarchical)
    Elapsed: 0.030s  Memory: 4569.00M
"sized" in: sky130B_mr.drc:574
    Polygons (raw): 8 (flat)  8 (hierarchical)
    Elapsed: 0.010s  Memory: 4569.00M
"snap" in: sky130B_mr.drc:574
    Polygons (raw): 8 (flat)  8 (hierarchical)
    Elapsed: 0.070s  Memory: 4569.00M
"&" in: sky130B_mr.drc:574
    Polygons (raw): 8 (flat)  8 (hierarchical)
    Elapsed: 0.090s  Memory: 4617.00M
"edges" in: sky130B_mr.drc:575
    Edges: 14942 (flat)  14942 (hierarchical)
    Elapsed: 0.000s  Memory: 4569.00M
"-" in: sky130B_mr.drc:575
    Edges: 14910 (flat)  14910 (hierarchical)
    Elapsed: 0.060s  Memory: 4625.00M
"edges" in: sky130B_mr.drc:576
    Edges: 32 (flat)  32 (hierarchical)
    Elapsed: 0.100s  Memory: 4649.00M
"merged" in: sky130B_mr.drc:576
    Polygons (raw): 3670 (flat)  3670 (hierarchical)
    Elapsed: 0.040s  Memory: 4569.00M
"outside_part" in: sky130B_mr.drc:576
    Edges: 32 (flat)  32 (hierarchical)
    Elapsed: 0.090s  Memory: 4625.00M
"space" in: sky130B_mr.drc:578
    Edge pairs: 0 (flat)  0 (hierarchical)
    Elapsed: 0.140s  Memory: 4737.00M
"output" in: sky130B_mr.drc:578
    Edge pairs: 0 (flat)  0 (hierarchical)
    Elapsed: 0.000s  Memory: 4569.00M
"with_area" in: sky130B_mr.drc:580
    Polygons (raw): 0 (flat)  0 (hierarchical)
    Elapsed: 0.020s  Memory: 4569.00M
"output" in: sky130B_mr.drc:580
    Polygons (raw): 0 (flat)  0 (hierarchical)
    Elapsed: 0.000s  Memory: 4569.00M
"separation" in: sky130B_mr.drc:582
    Edge pairs: 0 (flat)  0 (hierarchical)
    Elapsed: 0.140s  Memory: 4793.00M
"space" in: sky130B_mr.drc:582
    Edge pairs: 0 (flat)  0 (hierarchical)
    Elapsed: 0.050s  Memory: 4833.00M
"+" in: sky130B_mr.drc:582
    Edge pairs: 0 (flat)  0 (hierarchical)
    Elapsed: 0.000s  Memory: 4569.00M
"output" in: sky130B_mr.drc:582
    Edge pairs: 0 (flat)  0 (hierarchical)
    Elapsed: 0.000s  Memory: 4569.00M
"enclosing" in: sky130B_mr.drc:587
    Edge pairs: 0 (flat)  0 (hierarchical)
    Elapsed: 0.130s  Memory: 4769.00M
"output" in: sky130B_mr.drc:587
    Edge pairs: 0 (flat)  0 (hierarchical)
    Elapsed: 0.060s  Memory: 4569.00M
"-" in: sky130B_mr.drc:588
    Polygons (raw): 0 (flat)  0 (hierarchical)
    Elapsed: 0.100s  Memory: 4833.00M
"output" in: sky130B_mr.drc:588
    Polygons (raw): 0 (flat)  0 (hierarchical)
    Elapsed: 0.000s  Memory: 4569.00M
END: 70/20 (m3)
START: 70/44 (via3)
"-" in: sky130B_mr.drc:602
    Polygons (raw): 15854 (flat)  15854 (hierarchical)
    Elapsed: 0.000s  Memory: 4569.00M
"non_rectangles" in: sky130B_mr.drc:603
    Polygons (raw): 0 (flat)  0 (hierarchical)
    Elapsed: 0.110s  Memory: 4569.00M
"output" in: sky130B_mr.drc:603
    Polygons (raw): 0 (flat)  0 (hierarchical)
    Elapsed: 0.000s  Memory: 4569.00M
"width" in: sky130B_mr.drc:604
    Edge pairs: 0 (flat)  0 (hierarchical)
    Elapsed: 0.010s  Memory: 4569.00M
"output" in: sky130B_mr.drc:604
    Edge pairs: 0 (flat)  0 (hierarchical)
    Elapsed: 0.000s  Memory: 4569.00M
"edges" in: sky130B_mr.drc:605
    Edges: 63416 (flat)  63416 (hierarchical)
    Elapsed: 0.010s  Memory: 4569.00M
"without_length" in: sky130B_mr.drc:605
    Edges: 0 (flat)  0 (hierarchical)
    Elapsed: 0.010s  Memory: 4569.00M
"output" in: sky130B_mr.drc:605
    Edges: 0 (flat)  0 (hierarchical)
    Elapsed: 0.000s  Memory: 4569.00M
"space" in: sky130B_mr.drc:607
    Edge pairs: 0 (flat)  0 (hierarchical)
    Elapsed: 0.090s  Memory: 4801.00M
"output" in: sky130B_mr.drc:607
    Edge pairs: 0 (flat)  0 (hierarchical)
    Elapsed: 0.000s  Memory: 4569.00M
"enclosing" in: sky130B_mr.drc:608
    Edge pairs: 0 (flat)  0 (hierarchical)
    Elapsed: 0.120s  Memory: 4817.00M
"output" in: sky130B_mr.drc:608
    Edge pairs: 0 (flat)  0 (hierarchical)
    Elapsed: 0.000s  Memory: 4569.00M
"-" in: sky130B_mr.drc:609
    Polygons (raw): 0 (flat)  0 (hierarchical)
    Elapsed: 0.120s  Memory: 4817.00M
"output" in: sky130B_mr.drc:609
    Polygons (raw): 0 (flat)  0 (hierarchical)
    Elapsed: 0.000s  Memory: 4569.00M
"enclosing" in: sky130B_mr.drc:611
    Edge pairs: 28308 (flat)  28308 (hierarchical)
    Elapsed: 0.200s  Memory: 4601.00M
"second_edges" in: sky130B_mr.drc:611
    Edges: 28308 (flat)  28308 (hierarchical)
    Elapsed: 0.000s  Memory: 4569.00M
"width" in: sky130B_mr.drc:612
    Edge pairs: 0 (flat)  0 (hierarchical)
    Elapsed: 0.140s  Memory: 4809.00M
"polygons" in: sky130B_mr.drc:613
    Polygons (raw): 0 (flat)  0 (hierarchical)
    Elapsed: 0.000s  Memory: 4569.00M
"interacting" in: sky130B_mr.drc:613
    Polygons (raw): 0 (flat)  0 (hierarchical)
    Elapsed: 0.000s  Memory: 4569.00M
"output" in: sky130B_mr.drc:614
    Polygons (raw): 0 (flat)  0 (hierarchical)
    Elapsed: 0.000s  Memory: 4569.00M
END: 70/44 (via3)
START: 71/20 (m4)
"width" in: sky130B_mr.drc:620
    Edge pairs: 0 (flat)  0 (hierarchical)
    Elapsed: 0.060s  Memory: 4569.00M
"output" in: sky130B_mr.drc:620
    Edge pairs: 0 (flat)  0 (hierarchical)
    Elapsed: 0.000s  Memory: 4569.00M
"sized" in: sky130B_mr.drc:622
    Polygons (raw): 175 (flat)  175 (hierarchical)
    Elapsed: 0.020s  Memory: 4569.00M
"sized" in: sky130B_mr.drc:622
    Polygons (raw): 175 (flat)  175 (hierarchical)
    Elapsed: 0.020s  Memory: 4569.00M
"snap" in: sky130B_mr.drc:622
    Polygons (raw): 175 (flat)  175 (hierarchical)
    Elapsed: 0.050s  Memory: 4569.00M
"&" in: sky130B_mr.drc:622
    Polygons (raw): 175 (flat)  175 (hierarchical)
    Elapsed: 0.060s  Memory: 4665.00M
"edges" in: sky130B_mr.drc:623
    Edges: 884 (flat)  884 (hierarchical)
    Elapsed: 0.000s  Memory: 4569.00M
"-" in: sky130B_mr.drc:623
    Edges: 184 (flat)  184 (hierarchical)
    Elapsed: 0.060s  Memory: 4657.00M
"edges" in: sky130B_mr.drc:624
    Edges: 700 (flat)  700 (hierarchical)
    Elapsed: 0.020s  Memory: 4697.00M
"merged" in: sky130B_mr.drc:624
    Polygons (raw): 215 (flat)  215 (hierarchical)
    Elapsed: 0.000s  Memory: 4569.00M
"outside_part" in: sky130B_mr.drc:624
    Edges: 700 (flat)  700 (hierarchical)
    Elapsed: 0.030s  Memory: 4713.00M
"space" in: sky130B_mr.drc:626
    Edge pairs: 0 (flat)  0 (hierarchical)
    Elapsed: 0.100s  Memory: 4881.00M
"output" in: sky130B_mr.drc:626
    Edge pairs: 0 (flat)  0 (hierarchical)
    Elapsed: 0.000s  Memory: 4569.00M
"with_area" in: sky130B_mr.drc:628
    Polygons (raw): 0 (flat)  0 (hierarchical)
    Elapsed: 0.020s  Memory: 4569.00M
"output" in: sky130B_mr.drc:628
    Polygons (raw): 0 (flat)  0 (hierarchical)
    Elapsed: 0.000s  Memory: 4569.00M
"separation" in: sky130B_mr.drc:630
    Edge pairs: 0 (flat)  0 (hierarchical)
    Elapsed: 0.060s  Memory: 4705.00M
"space" in: sky130B_mr.drc:630
    Edge pairs: 0 (flat)  0 (hierarchical)
    Elapsed: 0.030s  Memory: 4785.00M
"+" in: sky130B_mr.drc:630
    Edge pairs: 0 (flat)  0 (hierarchical)
    Elapsed: 0.000s  Memory: 4569.00M
"output" in: sky130B_mr.drc:630
    Edge pairs: 0 (flat)  0 (hierarchical)
    Elapsed: 0.000s  Memory: 4569.00M
"enclosing" in: sky130B_mr.drc:635
    Edge pairs: 0 (flat)  0 (hierarchical)
    Elapsed: 0.140s  Memory: 4713.00M
"output" in: sky130B_mr.drc:635
    Edge pairs: 0 (flat)  0 (hierarchical)
    Elapsed: 0.000s  Memory: 4569.00M
"-" in: sky130B_mr.drc:636
    Polygons (raw): 0 (flat)  0 (hierarchical)
    Elapsed: 0.120s  Memory: 4777.00M
"output" in: sky130B_mr.drc:636
    Polygons (raw): 0 (flat)  0 (hierarchical)
    Elapsed: 0.020s  Memory: 4569.00M
END: 71/20 (m4)
START: 71/44 (via4)
"-" in: sky130B_mr.drc:649
    Polygons (raw): 12426 (flat)  12426 (hierarchical)
    Elapsed: 0.000s  Memory: 4569.00M
"non_rectangles" in: sky130B_mr.drc:650
    Polygons (raw): 0 (flat)  0 (hierarchical)
    Elapsed: 0.100s  Memory: 4569.00M
"output" in: sky130B_mr.drc:650
    Polygons (raw): 0 (flat)  0 (hierarchical)
    Elapsed: 0.000s  Memory: 4569.00M
"width" in: sky130B_mr.drc:651
    Edge pairs: 0 (flat)  0 (hierarchical)
    Elapsed: 0.100s  Memory: 4569.00M
"output" in: sky130B_mr.drc:651
    Edge pairs: 0 (flat)  0 (hierarchical)
    Elapsed: 0.000s  Memory: 4569.00M
"drc" in: sky130B_mr.drc:652
    Edges: 0 (flat)  0 (hierarchical)
    Elapsed: 0.050s  Memory: 4761.00M
"output" in: sky130B_mr.drc:652
    Edges: 0 (flat)  0 (hierarchical)
    Elapsed: 0.000s  Memory: 4569.00M
"space" in: sky130B_mr.drc:654
    Edge pairs: 0 (flat)  0 (hierarchical)
    Elapsed: 0.050s  Memory: 4721.00M
"polygons" in: sky130B_mr.drc:654
    Polygons (raw): 0 (flat)  0 (hierarchical)
    Elapsed: 0.000s  Memory: 4569.00M
"output" in: sky130B_mr.drc:654
    Polygons (raw): 0 (flat)  0 (hierarchical)
    Elapsed: 0.000s  Memory: 4569.00M
"enclosing" in: sky130B_mr.drc:662
    Edge pairs: 0 (flat)  0 (hierarchical)
    Elapsed: 0.100s  Memory: 4697.00M
"output" in: sky130B_mr.drc:662
    Edge pairs: 0 (flat)  0 (hierarchical)
    Elapsed: 0.000s  Memory: 4569.00M
"-" in: sky130B_mr.drc:663
    Polygons (raw): 0 (flat)  0 (hierarchical)
    Elapsed: 0.120s  Memory: 4721.00M
"output" in: sky130B_mr.drc:663
    Polygons (raw): 0 (flat)  0 (hierarchical)
    Elapsed: 0.010s  Memory: 4569.00M
END: 71/44 (via4)
START: 72/20 (m5)
"width" in: sky130B_mr.drc:668
    Edge pairs: 0 (flat)  0 (hierarchical)
    Elapsed: 0.040s  Memory: 4569.00M
"output" in: sky130B_mr.drc:668
    Edge pairs: 0 (flat)  0 (hierarchical)
    Elapsed: 0.000s  Memory: 4569.00M
"space" in: sky130B_mr.drc:670
    Edge pairs: 0 (flat)  0 (hierarchical)
    Elapsed: 0.030s  Memory: 4801.00M
"output" in: sky130B_mr.drc:670
    Edge pairs: 0 (flat)  0 (hierarchical)
    Elapsed: 0.000s  Memory: 4569.00M
"enclosing" in: sky130B_mr.drc:672
    Edge pairs: 0 (flat)  0 (hierarchical)
    Elapsed: 0.090s  Memory: 4753.00M
"output" in: sky130B_mr.drc:672
    Edge pairs: 0 (flat)  0 (hierarchical)
    Elapsed: 0.000s  Memory: 4569.00M
"-" in: sky130B_mr.drc:673
    Polygons (raw): 0 (flat)  0 (hierarchical)
    Elapsed: 0.040s  Memory: 4769.00M
"output" in: sky130B_mr.drc:673
    Polygons (raw): 0 (flat)  0 (hierarchical)
    Elapsed: 0.000s  Memory: 4569.00M
"with_area" in: sky130B_mr.drc:677
    Polygons (raw): 0 (flat)  0 (hierarchical)
    Elapsed: 0.010s  Memory: 4569.00M
"output" in: sky130B_mr.drc:677
    Polygons (raw): 0 (flat)  0 (hierarchical)
    Elapsed: 0.000s  Memory: 4569.00M
END: 72/20 (m5)
START: 76/20 (pad)
"space" in: sky130B_mr.drc:682
    Edge pairs: 0 (flat)  0 (hierarchical)
    Elapsed: 0.000s  Memory: 4569.00M
"output" in: sky130B_mr.drc:682
    Edge pairs: 0 (flat)  0 (hierarchical)
    Elapsed: 0.000s  Memory: 4569.00M
END: 76/20 (pad)
Writing report database: /home/engtech/Desktop/Openlane_v2/memristor/precheck_results/19_APR_2024___21_46_27/outputs/reports/klayout_beol_check.xml ..
Total elapsed: 116.210s  Memory: 4505.00M
 
Cell exclusion list:
   rule    | cell
   nwell.6 | sky130_fd_io__gpiov2_amux, sky130_fd_io__simple_pad_and_busses, sram
   nsd.1   | sram
   nsd.2   | sram
   psd.1   | sram
   psd.2   | sram
 
release 2023.6.14_01.08
