"polygons" in: met_min_ca_density.lydrc:35
    Polygons (raw): 1240160 (flat)  1236 (hierarchical)
    Elapsed: 0.110s  Memory: 821.00M
"polygons" in: met_min_ca_density.lydrc:36
    Polygons (raw): 4334797 (flat)  7753 (hierarchical)
    Elapsed: 0.070s  Memory: 821.00M
"polygons" in: met_min_ca_density.lydrc:38
    Polygons (raw): 1092959 (flat)  3715 (hierarchical)
    Elapsed: 0.060s  Memory: 821.00M
"polygons" in: met_min_ca_density.lydrc:39
    Polygons (raw): 34744 (flat)  34744 (hierarchical)
    Elapsed: 0.100s  Memory: 821.00M
"polygons" in: met_min_ca_density.lydrc:41
    Polygons (raw): 8848 (flat)  8848 (hierarchical)
    Elapsed: 0.100s  Memory: 821.00M
"polygons" in: met_min_ca_density.lydrc:42
    Polygons (raw): 29838 (flat)  29838 (hierarchical)
    Elapsed: 0.090s  Memory: 821.00M
"polygons" in: met_min_ca_density.lydrc:44
    Polygons (raw): 7243 (flat)  7243 (hierarchical)
    Elapsed: 0.080s  Memory: 821.00M
"polygons" in: met_min_ca_density.lydrc:45
    Polygons (raw): 30686 (flat)  30686 (hierarchical)
    Elapsed: 0.090s  Memory: 821.00M
"polygons" in: met_min_ca_density.lydrc:47
    Polygons (raw): 883 (flat)  883 (hierarchical)
    Elapsed: 0.080s  Memory: 821.00M
"polygons" in: met_min_ca_density.lydrc:48
    Polygons (raw): 0 (flat)  0 (hierarchical)
    Elapsed: 0.000s  Memory: 821.00M
"polygons" in: met_min_ca_density.lydrc:49
    Polygons (raw): 12900 (flat)  12900 (hierarchical)
    Elapsed: 0.010s  Memory: 821.00M
"polygons" in: met_min_ca_density.lydrc:51
    Polygons (raw): 344 (flat)  344 (hierarchical)
    Elapsed: 0.000s  Memory: 821.00M
"input" in: met_min_ca_density.lydrc:53
    Polygons (raw): 2 (flat)  2 (hierarchical)
    Elapsed: 0.080s  Memory: 821.00M
"area" in: met_min_ca_density.lydrc:55
    Elapsed: 0.110s  Memory: 837.00M
"polygons" in: met_min_ca_density.lydrc:59
    Polygons (raw): 1240160 (flat)  1236 (hierarchical)
    Elapsed: 0.060s  Memory: 837.00M
"area" in: met_min_ca_density.lydrc:59
    Elapsed: 6.230s  Memory: 989.00M
li1_ca_density is 0.8688172970695829
"polygons" in: met_min_ca_density.lydrc:69
    Polygons (raw): 1092959 (flat)  3715 (hierarchical)
    Elapsed: 0.060s  Memory: 989.00M
"area" in: met_min_ca_density.lydrc:69
    Elapsed: 6.190s  Memory: 973.00M
m1_ca_density is 0.9524823502393369
"polygons" in: met_min_ca_density.lydrc:79
    Polygons (raw): 8848 (flat)  8848 (hierarchical)
    Elapsed: 0.100s  Memory: 973.00M
"area" in: met_min_ca_density.lydrc:79
    Elapsed: 0.180s  Memory: 981.00M
m2_ca_density is 0.9937704766403331
"polygons" in: met_min_ca_density.lydrc:89
    Polygons (raw): 7243 (flat)  7243 (hierarchical)
    Elapsed: 0.080s  Memory: 981.00M
"area" in: met_min_ca_density.lydrc:89
    Elapsed: 0.120s  Memory: 981.00M
m3_ca_density is 0.9940104266884924
"polygons" in: met_min_ca_density.lydrc:99
    Polygons (raw): 883 (flat)  883 (hierarchical)
    Elapsed: 0.090s  Memory: 981.00M
"area" in: met_min_ca_density.lydrc:99
    Elapsed: 0.150s  Memory: 981.00M
m4_ca_density is 0.8365285607292964
"polygons" in: met_min_ca_density.lydrc:109
    Polygons (raw): 344 (flat)  344 (hierarchical)
    Elapsed: 0.000s  Memory: 981.00M
"area" in: met_min_ca_density.lydrc:109
    Elapsed: 0.080s  Memory: 981.00M
m5_ca_density is 0.844177901618929
Writing report database: /home/engtech/Desktop/Openlane_v2/memristor/precheck_results/15_APR_2024___04_55_58/outputs/reports/klayout_met_min_ca_density_check.xml ..
Total elapsed: 16.160s  Memory: 981.00M
