/root/mpw_precheck/checks/tech-files/sky130B_mr.drc:52: warning: already initialized constant DRC::DRCEngine::FEOL
/root/mpw_precheck/checks/tech-files/sky130B_mr.drc:42: warning: previous definition of FEOL was here
/root/mpw_precheck/checks/tech-files/sky130B_mr.drc:56: warning: already initialized constant DRC::DRCEngine::BEOL
/root/mpw_precheck/checks/tech-files/sky130B_mr.drc:43: warning: previous definition of BEOL was here
/root/mpw_precheck/checks/tech-files/sky130B_mr.drc:64: warning: already initialized constant DRC::DRCEngine::OFFGRID
/root/mpw_precheck/checks/tech-files/sky130B_mr.drc:44: warning: previous definition of OFFGRID was here
/root/mpw_precheck/checks/tech-files/sky130B_mr.drc:70: warning: already initialized constant DRC::DRCEngine::SEAL
/root/mpw_precheck/checks/tech-files/sky130B_mr.drc:45: warning: previous definition of SEAL was here
/root/mpw_precheck/checks/tech-files/sky130B_mr.drc:76: warning: already initialized constant DRC::DRCEngine::FLOATING_MET
/root/mpw_precheck/checks/tech-files/sky130B_mr.drc:46: warning: previous definition of FLOATING_MET was here
"input" in: sky130B_mr.drc:126
    Polygons (raw): 389771 (flat)  139 (hierarchical)
    Elapsed: 0.120s  Memory: 823.00M
"polygons" in: sky130B_mr.drc:127
    Polygons (raw): 77734 (flat)  486 (hierarchical)
    Elapsed: 0.070s  Memory: 823.00M
"polygons" in: sky130B_mr.drc:128
    Polygons (raw): 272376 (flat)  65 (hierarchical)
    Elapsed: 0.060s  Memory: 823.00M
"polygons" in: sky130B_mr.drc:129
    Polygons (raw): 0 (flat)  0 (hierarchical)
    Elapsed: 0.000s  Memory: 823.00M
"polygons" in: sky130B_mr.drc:130
    Polygons (raw): 0 (flat)  0 (hierarchical)
    Elapsed: 0.000s  Memory: 823.00M
"polygons" in: sky130B_mr.drc:131
    Polygons (raw): 0 (flat)  0 (hierarchical)
    Elapsed: 0.000s  Memory: 823.00M
"polygons" in: sky130B_mr.drc:132
    Polygons (raw): 0 (flat)  0 (hierarchical)
    Elapsed: 0.000s  Memory: 823.00M
"polygons" in: sky130B_mr.drc:133
    Polygons (raw): 0 (flat)  0 (hierarchical)
    Elapsed: 0.000s  Memory: 823.00M
"polygons" in: sky130B_mr.drc:134
    Polygons (raw): 272325 (flat)  14 (hierarchical)
    Elapsed: 0.060s  Memory: 823.00M
"polygons" in: sky130B_mr.drc:135
    Polygons (raw): 0 (flat)  0 (hierarchical)
    Elapsed: 0.010s  Memory: 823.00M
"polygons" in: sky130B_mr.drc:136
    Polygons (raw): 74 (flat)  74 (hierarchical)
    Elapsed: 0.070s  Memory: 823.00M
"polygons" in: sky130B_mr.drc:137
    Polygons (raw): 0 (flat)  0 (hierarchical)
    Elapsed: 0.000s  Memory: 823.00M
"polygons" in: sky130B_mr.drc:138
    Polygons (raw): 0 (flat)  0 (hierarchical)
    Elapsed: 0.000s  Memory: 823.00M
"polygons" in: sky130B_mr.drc:139
    Polygons (raw): 389972 (flat)  340 (hierarchical)
    Elapsed: 0.070s  Memory: 823.00M
"polygons" in: sky130B_mr.drc:140
    Polygons (raw): 40 (flat)  40 (hierarchical)
    Elapsed: 0.070s  Memory: 823.00M
"polygons" in: sky130B_mr.drc:141
    Polygons (raw): 311221 (flat)  286 (hierarchical)
    Elapsed: 0.060s  Memory: 823.00M
"polygons" in: sky130B_mr.drc:142
    Polygons (raw): 311281 (flat)  346 (hierarchical)
    Elapsed: 0.080s  Memory: 823.00M
"polygons" in: sky130B_mr.drc:143
    Polygons (raw): 0 (flat)  0 (hierarchical)
    Elapsed: 0.000s  Memory: 823.00M
"polygons" in: sky130B_mr.drc:144
    Polygons (raw): 0 (flat)  0 (hierarchical)
    Elapsed: 0.000s  Memory: 823.00M
"polygons" in: sky130B_mr.drc:145
    Polygons (raw): 195066 (flat)  254 (hierarchical)
    Elapsed: 0.070s  Memory: 823.00M
"polygons" in: sky130B_mr.drc:146
    Polygons (raw): 1458435 (flat)  16987 (hierarchical)
    Elapsed: 0.070s  Memory: 823.00M
"polygons" in: sky130B_mr.drc:148
    Polygons (raw): 1239996 (flat)  1189 (hierarchical)
    Elapsed: 0.070s  Memory: 823.00M
"polygons" in: sky130B_mr.drc:149
    Polygons (raw): 4334797 (flat)  7753 (hierarchical)
    Elapsed: 0.080s  Memory: 823.00M
"polygons" in: sky130B_mr.drc:151
    Polygons (raw): 548309 (flat)  3687 (hierarchical)
    Elapsed: 0.070s  Memory: 823.00M
"polygons" in: sky130B_mr.drc:152
    Polygons (raw): 34744 (flat)  34744 (hierarchical)
    Elapsed: 0.100s  Memory: 823.00M
"polygons" in: sky130B_mr.drc:154
    Polygons (raw): 8307 (flat)  8307 (hierarchical)
    Elapsed: 0.080s  Memory: 823.00M
"polygons" in: sky130B_mr.drc:155
    Polygons (raw): 29838 (flat)  29838 (hierarchical)
    Elapsed: 0.100s  Memory: 823.00M
"polygons" in: sky130B_mr.drc:157
    Polygons (raw): 7121 (flat)  7121 (hierarchical)
    Elapsed: 0.080s  Memory: 823.00M
"polygons" in: sky130B_mr.drc:158
    Polygons (raw): 30686 (flat)  30686 (hierarchical)
    Elapsed: 0.090s  Memory: 823.00M
"polygons" in: sky130B_mr.drc:160
    Polygons (raw): 675 (flat)  675 (hierarchical)
    Elapsed: 0.080s  Memory: 823.00M
"polygons" in: sky130B_mr.drc:161
    Polygons (raw): 12900 (flat)  12900 (hierarchical)
    Elapsed: 0.020s  Memory: 823.00M
"polygons" in: sky130B_mr.drc:163
    Polygons (raw): 172 (flat)  172 (hierarchical)
    Elapsed: 0.000s  Memory: 823.00M
"polygons" in: sky130B_mr.drc:165
    Polygons (raw): 0 (flat)  0 (hierarchical)
    Elapsed: 0.000s  Memory: 823.00M
"polygons" in: sky130B_mr.drc:166
    Polygons (raw): 0 (flat)  0 (hierarchical)
    Elapsed: 0.000s  Memory: 823.00M
"polygons" in: sky130B_mr.drc:167
    Polygons (raw): 0 (flat)  0 (hierarchical)
    Elapsed: 0.000s  Memory: 823.00M
"polygons" in: sky130B_mr.drc:168
    Polygons (raw): 0 (flat)  0 (hierarchical)
    Elapsed: 0.000s  Memory: 823.00M
"polygons" in: sky130B_mr.drc:169
    Polygons (raw): 0 (flat)  0 (hierarchical)
    Elapsed: 0.000s  Memory: 823.00M
"polygons" in: sky130B_mr.drc:170
    Polygons (raw): 0 (flat)  0 (hierarchical)
    Elapsed: 0.000s  Memory: 823.00M
"polygons" in: sky130B_mr.drc:171
    Polygons (raw): 0 (flat)  0 (hierarchical)
    Elapsed: 0.000s  Memory: 823.00M
"polygons" in: sky130B_mr.drc:172
    Polygons (raw): 0 (flat)  0 (hierarchical)
    Elapsed: 0.000s  Memory: 823.00M
"polygons" in: sky130B_mr.drc:173
    Polygons (raw): 0 (flat)  0 (hierarchical)
    Elapsed: 0.000s  Memory: 823.00M
"polygons" in: sky130B_mr.drc:174
    Polygons (raw): 0 (flat)  0 (hierarchical)
    Elapsed: 0.000s  Memory: 823.00M
"polygons" in: sky130B_mr.drc:175
    Polygons (raw): 0 (flat)  0 (hierarchical)
    Elapsed: 0.000s  Memory: 823.00M
"polygons" in: sky130B_mr.drc:176
    Polygons (raw): 0 (flat)  0 (hierarchical)
    Elapsed: 0.000s  Memory: 823.00M
"polygons" in: sky130B_mr.drc:177
    Polygons (raw): 0 (flat)  0 (hierarchical)
    Elapsed: 0.000s  Memory: 823.00M
"polygons" in: sky130B_mr.drc:178
    Polygons (raw): 0 (flat)  0 (hierarchical)
    Elapsed: 0.000s  Memory: 823.00M
"polygons" in: sky130B_mr.drc:179
    Polygons (raw): 0 (flat)  0 (hierarchical)
    Elapsed: 0.000s  Memory: 823.00M
"polygons" in: sky130B_mr.drc:180
    Polygons (raw): 0 (flat)  0 (hierarchical)
    Elapsed: 0.000s  Memory: 823.00M
"polygons" in: sky130B_mr.drc:181
    Polygons (raw): 0 (flat)  0 (hierarchical)
    Elapsed: 0.000s  Memory: 823.00M
"polygons" in: sky130B_mr.drc:182
    Polygons (raw): 272325 (flat)  14 (hierarchical)
    Elapsed: 0.060s  Memory: 823.00M
"polygons" in: sky130B_mr.drc:183
    Polygons (raw): 0 (flat)  0 (hierarchical)
    Elapsed: 0.000s  Memory: 823.00M
"polygons" in: sky130B_mr.drc:184
    Polygons (raw): 0 (flat)  0 (hierarchical)
    Elapsed: 0.000s  Memory: 823.00M
"polygons" in: sky130B_mr.drc:185
    Polygons (raw): 0 (flat)  0 (hierarchical)
    Elapsed: 0.000s  Memory: 823.00M
"polygons" in: sky130B_mr.drc:186
    Polygons (raw): 0 (flat)  0 (hierarchical)
    Elapsed: 0.000s  Memory: 823.00M
"polygons" in: sky130B_mr.drc:187
    Polygons (raw): 0 (flat)  0 (hierarchical)
    Elapsed: 0.000s  Memory: 823.00M
"polygons" in: sky130B_mr.drc:188
    Polygons (raw): 0 (flat)  0 (hierarchical)
    Elapsed: 0.000s  Memory: 823.00M
"polygons" in: sky130B_mr.drc:189
    Polygons (raw): 0 (flat)  0 (hierarchical)
    Elapsed: 0.000s  Memory: 823.00M
"polygons" in: sky130B_mr.drc:190
    Polygons (raw): 3 (flat)  3 (hierarchical)
    Elapsed: 0.080s  Memory: 823.00M
"polygons" in: sky130B_mr.drc:191
    Polygons (raw): 0 (flat)  0 (hierarchical)
    Elapsed: 0.010s  Memory: 823.00M
"polygons" in: sky130B_mr.drc:192
    Polygons (raw): 0 (flat)  0 (hierarchical)
    Elapsed: 0.000s  Memory: 823.00M
"polygons" in: sky130B_mr.drc:193
    Polygons (raw): 0 (flat)  0 (hierarchical)
    Elapsed: 0.000s  Memory: 823.00M
"polygons" in: sky130B_mr.drc:194
    Polygons (raw): 0 (flat)  0 (hierarchical)
    Elapsed: 0.000s  Memory: 823.00M
"polygons" in: sky130B_mr.drc:195
    Polygons (raw): 9 (flat)  1 (hierarchical)
    Elapsed: 0.080s  Memory: 823.00M
"polygons" in: sky130B_mr.drc:196
    Polygons (raw): 0 (flat)  0 (hierarchical)
    Elapsed: 0.010s  Memory: 823.00M
"polygons" in: sky130B_mr.drc:197
    Polygons (raw): 0 (flat)  0 (hierarchical)
    Elapsed: 0.000s  Memory: 823.00M
"polygons" in: sky130B_mr.drc:198
    Polygons (raw): 0 (flat)  0 (hierarchical)
    Elapsed: 0.000s  Memory: 823.00M
"polygons" in: sky130B_mr.drc:199
    Polygons (raw): 0 (flat)  0 (hierarchical)
    Elapsed: 0.000s  Memory: 823.00M
"polygons" in: sky130B_mr.drc:200
    Polygons (raw): 1 (flat)  1 (hierarchical)
    Elapsed: 0.080s  Memory: 823.00M
"polygons" in: sky130B_mr.drc:201
    Polygons (raw): 0 (flat)  0 (hierarchical)
    Elapsed: 0.000s  Memory: 823.00M
"polygons" in: sky130B_mr.drc:202
    Polygons (raw): 0 (flat)  0 (hierarchical)
    Elapsed: 0.000s  Memory: 823.00M
"polygons" in: sky130B_mr.drc:203
    Polygons (raw): 0 (flat)  0 (hierarchical)
    Elapsed: 0.000s  Memory: 823.00M
"polygons" in: sky130B_mr.drc:204
    Polygons (raw): 0 (flat)  0 (hierarchical)
    Elapsed: 0.000s  Memory: 823.00M
"polygons" in: sky130B_mr.drc:205
    Polygons (raw): 0 (flat)  0 (hierarchical)
    Elapsed: 0.000s  Memory: 823.00M
"polygons" in: sky130B_mr.drc:206
    Polygons (raw): 0 (flat)  0 (hierarchical)
    Elapsed: 0.000s  Memory: 823.00M
"polygons" in: sky130B_mr.drc:207
    Polygons (raw): 0 (flat)  0 (hierarchical)
    Elapsed: 0.000s  Memory: 823.00M
"polygons" in: sky130B_mr.drc:208
    Polygons (raw): 0 (flat)  0 (hierarchical)
    Elapsed: 0.000s  Memory: 823.00M
"polygons" in: sky130B_mr.drc:209
    Polygons (raw): 0 (flat)  0 (hierarchical)
    Elapsed: 0.000s  Memory: 823.00M
"polygons" in: sky130B_mr.drc:210
    Polygons (raw): 0 (flat)  0 (hierarchical)
    Elapsed: 0.000s  Memory: 823.00M
"polygons" in: sky130B_mr.drc:211
    Polygons (raw): 0 (flat)  0 (hierarchical)
    Elapsed: 0.000s  Memory: 823.00M
"polygons" in: sky130B_mr.drc:212
    Polygons (raw): 0 (flat)  0 (hierarchical)
    Elapsed: 0.000s  Memory: 823.00M
"polygons" in: sky130B_mr.drc:213
    Polygons (raw): 6 (flat)  6 (hierarchical)
    Elapsed: 0.070s  Memory: 823.00M
"polygons" in: sky130B_mr.drc:214
    Polygons (raw): 0 (flat)  0 (hierarchical)
    Elapsed: 0.000s  Memory: 823.00M
"polygons" in: sky130B_mr.drc:215
    Polygons (raw): 0 (flat)  0 (hierarchical)
    Elapsed: 0.000s  Memory: 823.00M
"polygons" in: sky130B_mr.drc:216
    Polygons (raw): 0 (flat)  0 (hierarchical)
    Elapsed: 0.000s  Memory: 823.00M
"polygons" in: sky130B_mr.drc:217
    Polygons (raw): 0 (flat)  0 (hierarchical)
    Elapsed: 0.000s  Memory: 823.00M
DRC section
BEOL section
START: 67/20 (li)
"interacting" in: sky130B_mr.drc:399
    Polygons (raw): 0 (flat)  0 (hierarchical)
    Elapsed: 0.000s  Memory: 823.00M
"-" in: sky130B_mr.drc:399
    Polygons (raw): 1239996 (flat)  1189 (hierarchical)
    Elapsed: 0.000s  Memory: 823.00M
"width" in: sky130B_mr.drc:400
    Edge pairs: 0 (flat)  0 (hierarchical)
    Elapsed: 7.790s  Memory: 1001.00M
"output" in: sky130B_mr.drc:400
    Edge pairs: 0 (flat)  0 (hierarchical)
    Elapsed: 0.010s  Memory: 1001.00M
"edges" in: sky130B_mr.drc:402
    Edges: 3271298 (flat)  3271258 (hierarchical)
    Elapsed: 0.250s  Memory: 1076.00M
"space" in: sky130B_mr.drc:402
    Edge pairs: 0 (flat)  0 (hierarchical)
    Elapsed: 9.440s  Memory: 4268.00M
"output" in: sky130B_mr.drc:402
    Edge pairs: 0 (flat)  0 (hierarchical)
    Elapsed: 0.080s  Memory: 4105.00M
"-" in: sky130B_mr.drc:403
    Polygons (raw): 1458435 (flat)  16987 (hierarchical)
    Elapsed: 0.000s  Memory: 4105.00M
"enclosing" in: sky130B_mr.drc:404
    Edge pairs: 1193297 (flat)  1193274 (hierarchical)
    Elapsed: 38.930s  Memory: 4209.00M
"second_edges" in: sky130B_mr.drc:404
    Edges: 1193297 (flat)  1193274 (hierarchical)
    Elapsed: 0.080s  Memory: 4210.00M
"width" in: sky130B_mr.drc:405
    Edge pairs: 0 (flat)  0 (hierarchical)
    Elapsed: 3.270s  Memory: 4619.00M
"polygons" in: sky130B_mr.drc:406
    Polygons (raw): 0 (flat)  0 (hierarchical)
    Elapsed: 0.020s  Memory: 4371.00M
"interacting" in: sky130B_mr.drc:406
    Polygons (raw): 0 (flat)  0 (hierarchical)
    Elapsed: 0.000s  Memory: 4371.00M
"output" in: sky130B_mr.drc:407
    Polygons (raw): 0 (flat)  0 (hierarchical)
    Elapsed: 0.000s  Memory: 4371.00M
"with_area" in: sky130B_mr.drc:408
    Polygons (raw): 0 (flat)  0 (hierarchical)
    Elapsed: 0.130s  Memory: 4371.00M
"output" in: sky130B_mr.drc:408
    Polygons (raw): 0 (flat)  0 (hierarchical)
    Elapsed: 0.000s  Memory: 4371.00M
END: 67/20 (li)
START: 67/44 (mcon)
"-" in: sky130B_mr.drc:413
    Polygons (raw): 4334797 (flat)  7753 (hierarchical)
    Elapsed: 0.000s  Memory: 4371.00M
"-" in: sky130B_mr.drc:420
    Polygons (raw): 4334797 (flat)  7753 (hierarchical)
    Elapsed: 0.000s  Memory: 4371.00M
"non_rectangles" in: sky130B_mr.drc:421
    Polygons (raw): 0 (flat)  0 (hierarchical)
    Elapsed: 28.100s  Memory: 5308.00M
"output" in: sky130B_mr.drc:421
    Polygons (raw): 0 (flat)  0 (hierarchical)
    Elapsed: 0.020s  Memory: 5308.00M
"drc" in: sky130B_mr.drc:423
    Edge pairs: 0 (flat)  0 (hierarchical)
    Elapsed: 32.860s  Memory: 5748.00M
"output" in: sky130B_mr.drc:423
    Edge pairs: 0 (flat)  0 (hierarchical)
    Elapsed: 0.030s  Memory: 5572.00M
"drc" in: sky130B_mr.drc:424
    Edges: 0 (flat)  0 (hierarchical)
    Elapsed: 5.580s  Memory: 5620.00M
"output" in: sky130B_mr.drc:424
    Edges: 0 (flat)  0 (hierarchical)
    Elapsed: 0.010s  Memory: 5564.00M
"space" in: sky130B_mr.drc:425
    Edge pairs: 0 (flat)  0 (hierarchical)
    Elapsed: 4.780s  Memory: 5692.00M
"output" in: sky130B_mr.drc:425
    Edge pairs: 0 (flat)  0 (hierarchical)
    Elapsed: 0.020s  Memory: 5500.00M
"-" in: sky130B_mr.drc:431
    Polygons (raw): 0 (flat)  0 (hierarchical)
    Elapsed: 4.770s  Memory: 5548.00M
"output" in: sky130B_mr.drc:431
    Polygons (raw): 0 (flat)  0 (hierarchical)
    Elapsed: 0.020s  Memory: 5308.00M
END: 67/44 (mcon)
START: 68/20 (m1)
"width" in: sky130B_mr.drc:436
    Edge pairs: 0 (flat)  0 (hierarchical)
    Elapsed: 6.130s  Memory: 5308.00M
"output" in: sky130B_mr.drc:436
    Edge pairs: 0 (flat)  0 (hierarchical)
    Elapsed: 0.010s  Memory: 5308.00M
"sized" in: sky130B_mr.drc:437
    Polygons (raw): 13 (flat)  13 (hierarchical)
    Elapsed: 0.040s  Memory: 5308.00M
"sized" in: sky130B_mr.drc:437
    Polygons (raw): 13 (flat)  13 (hierarchical)
    Elapsed: 0.060s  Memory: 5308.00M
"snap" in: sky130B_mr.drc:437
    Polygons (raw): 13 (flat)  13 (hierarchical)
    Elapsed: 0.260s  Memory: 5308.00M
"&" in: sky130B_mr.drc:437
    Polygons (raw): 13 (flat)  13 (hierarchical)
    Elapsed: 0.240s  Memory: 5380.00M
"edges" in: sky130B_mr.drc:438
    Edges: 11304 (flat)  11304 (hierarchical)
    Elapsed: 0.000s  Memory: 5308.00M
"-" in: sky130B_mr.drc:438
    Edges: 11248 (flat)  11248 (hierarchical)
    Elapsed: 0.170s  Memory: 5380.00M
"edges" in: sky130B_mr.drc:439
    Edges: 52 (flat)  52 (hierarchical)
    Elapsed: 0.220s  Memory: 5372.00M
"merged" in: sky130B_mr.drc:439
    Polygons (raw): 1265 (flat)  1265 (hierarchical)
    Elapsed: 0.000s  Memory: 5308.00M
"outside_part" in: sky130B_mr.drc:439
    Edges: 62 (flat)  62 (hierarchical)
    Elapsed: 0.160s  Memory: 5380.00M
"space" in: sky130B_mr.drc:441
    Edge pairs: 0 (flat)  0 (hierarchical)
    Elapsed: 0.300s  Memory: 5596.00M
"output" in: sky130B_mr.drc:441
    Edge pairs: 0 (flat)  0 (hierarchical)
    Elapsed: 0.000s  Memory: 5308.00M
"separation" in: sky130B_mr.drc:443
    Edge pairs: 0 (flat)  0 (hierarchical)
    Elapsed: 0.210s  Memory: 5556.00M
"space" in: sky130B_mr.drc:443
    Edge pairs: 0 (flat)  0 (hierarchical)
    Elapsed: 0.080s  Memory: 5540.00M
"+" in: sky130B_mr.drc:443
    Edge pairs: 0 (flat)  0 (hierarchical)
    Elapsed: 0.010s  Memory: 5308.00M
"output" in: sky130B_mr.drc:443
    Edge pairs: 0 (flat)  0 (hierarchical)
    Elapsed: 0.000s  Memory: 5308.00M
"input" in: sky130B_mr.drc:447
    Polygons (raw): 548309 (flat)  3715 (hierarchical)
    Elapsed: 0.060s  Memory: 5308.00M
"enclosing" in: sky130B_mr.drc:449
    Edge pairs: 0 (flat)  0 (hierarchical)
    Elapsed: 27.720s  Memory: 5548.00M
"output" in: sky130B_mr.drc:449
    Edge pairs: 0 (flat)  0 (hierarchical)
    Elapsed: 0.020s  Memory: 5308.00M
"-" in: sky130B_mr.drc:450
    Polygons (raw): 0 (flat)  0 (hierarchical)
    Elapsed: 7.330s  Memory: 5476.00M
"output" in: sky130B_mr.drc:450
    Polygons (raw): 0 (flat)  0 (hierarchical)
    Elapsed: 0.020s  Memory: 5308.00M
"input" in: sky130B_mr.drc:452
    Polygons (raw): 0 (flat)  0 (hierarchical)
    Elapsed: 0.090s  Memory: 5308.00M
"enclosing" in: sky130B_mr.drc:453
    Edge pairs: 0 (flat)  0 (hierarchical)
    Elapsed: 0.000s  Memory: 5308.00M
"output" in: sky130B_mr.drc:453
    Edge pairs: 0 (flat)  0 (hierarchical)
    Elapsed: 0.000s  Memory: 5308.00M
"-" in: sky130B_mr.drc:455
    Polygons (raw): 0 (flat)  0 (hierarchical)
    Elapsed: 0.000s  Memory: 5308.00M
"output" in: sky130B_mr.drc:455
    Polygons (raw): 0 (flat)  0 (hierarchical)
    Elapsed: 0.000s  Memory: 5308.00M
"with_area" in: sky130B_mr.drc:457
    Polygons (raw): 0 (flat)  0 (hierarchical)
    Elapsed: 0.030s  Memory: 5308.00M
"output" in: sky130B_mr.drc:457
    Polygons (raw): 0 (flat)  0 (hierarchical)
    Elapsed: 0.000s  Memory: 5308.00M
"holes" in: sky130B_mr.drc:459
    Polygons (raw): 30 (flat)  30 (hierarchical)
    Elapsed: 0.000s  Memory: 5308.00M
"with_area" in: sky130B_mr.drc:459
    Polygons (raw): 0 (flat)  0 (hierarchical)
    Elapsed: 0.150s  Memory: 5308.00M
"output" in: sky130B_mr.drc:459
    Polygons (raw): 0 (flat)  0 (hierarchical)
    Elapsed: 0.000s  Memory: 5308.00M
"enclosing" in: sky130B_mr.drc:466
    Edge pairs: 13611 (flat)  13611 (hierarchical)
    Elapsed: 21.680s  Memory: 5332.00M
"second_edges" in: sky130B_mr.drc:466
    Edges: 13611 (flat)  13611 (hierarchical)
    Elapsed: 0.020s  Memory: 5308.00M
"width" in: sky130B_mr.drc:467
    Edge pairs: 0 (flat)  0 (hierarchical)
    Elapsed: 0.230s  Memory: 5564.00M
"polygons" in: sky130B_mr.drc:468
    Polygons (raw): 0 (flat)  0 (hierarchical)
    Elapsed: 0.000s  Memory: 5308.00M
"interacting" in: sky130B_mr.drc:468
    Polygons (raw): 0 (flat)  0 (hierarchical)
    Elapsed: 0.000s  Memory: 5308.00M
"output" in: sky130B_mr.drc:469
    Polygons (raw): 0 (flat)  0 (hierarchical)
    Elapsed: 0.000s  Memory: 5308.00M
END: 68/20 (m1)
START: 68/44 (via)
"-" in: sky130B_mr.drc:483
    Polygons (raw): 34744 (flat)  34744 (hierarchical)
    Elapsed: 0.010s  Memory: 5308.00M
"non_rectangles" in: sky130B_mr.drc:485
    Polygons (raw): 0 (flat)  0 (hierarchical)
    Elapsed: 0.240s  Memory: 5308.00M
"output" in: sky130B_mr.drc:485
    Polygons (raw): 0 (flat)  0 (hierarchical)
    Elapsed: 0.060s  Memory: 5308.00M
"width" in: sky130B_mr.drc:486
    Edge pairs: 0 (flat)  0 (hierarchical)
    Elapsed: 0.020s  Memory: 5308.00M
"output" in: sky130B_mr.drc:486
    Edge pairs: 0 (flat)  0 (hierarchical)
    Elapsed: 0.000s  Memory: 5308.00M
"drc" in: sky130B_mr.drc:488
    Edges: 0 (flat)  0 (hierarchical)
    Elapsed: 0.150s  Memory: 5508.00M
"output" in: sky130B_mr.drc:488
    Edges: 0 (flat)  0 (hierarchical)
    Elapsed: 0.000s  Memory: 5308.00M
"space" in: sky130B_mr.drc:490
    Edge pairs: 0 (flat)  0 (hierarchical)
    Elapsed: 0.170s  Memory: 5508.00M
"output" in: sky130B_mr.drc:490
    Edge pairs: 0 (flat)  0 (hierarchical)
    Elapsed: 0.000s  Memory: 5308.00M
"edges" in: sky130B_mr.drc:498
    Edges: 11304 (flat)  11304 (hierarchical)
    Elapsed: 0.000s  Memory: 5308.00M
"drc" in: sky130B_mr.drc:498
    Edges: 138976 (flat)  138976 (hierarchical)
    Elapsed: 0.760s  Memory: 5308.00M
"enclosing" in: sky130B_mr.drc:498
    Edge pairs: 0 (flat)  0 (hierarchical)
    Elapsed: 0.130s  Memory: 5588.00M
"output" in: sky130B_mr.drc:498
    Edge pairs: 0 (flat)  0 (hierarchical)
    Elapsed: 0.000s  Memory: 5308.00M
"squares" in: sky130B_mr.drc:499
    Polygons (raw): 34744 (flat)  34744 (hierarchical)
    Elapsed: 0.020s  Memory: 5308.00M
"drc" in: sky130B_mr.drc:499
    Edges: 138976 (flat)  138976 (hierarchical)
    Elapsed: 0.490s  Memory: 5308.00M
"-" in: sky130B_mr.drc:499
    Edges: 0 (flat)  0 (hierarchical)
    Elapsed: 1.750s  Memory: 5516.00M
"output" in: sky130B_mr.drc:499
    Edges: 0 (flat)  0 (hierarchical)
    Elapsed: 0.070s  Memory: 5308.00M
"edges" in: sky130B_mr.drc:501
    Edges: 11304 (flat)  11304 (hierarchical)
    Elapsed: 0.000s  Memory: 5308.00M
"drc" in: sky130B_mr.drc:501
    Edges: 138976 (flat)  138976 (hierarchical)
    Elapsed: 0.490s  Memory: 5308.00M
"enclosing" in: sky130B_mr.drc:501
    Edge pairs: 117 (flat)  117 (hierarchical)
    Elapsed: 0.210s  Memory: 5348.00M
"second_edges" in: sky130B_mr.drc:501
    Edges: 117 (flat)  117 (hierarchical)
    Elapsed: 0.000s  Memory: 5308.00M
"width" in: sky130B_mr.drc:502
    Edge pairs: 0 (flat)  0 (hierarchical)
    Elapsed: 0.200s  Memory: 5580.00M
"polygons" in: sky130B_mr.drc:503
    Polygons (raw): 0 (flat)  0 (hierarchical)
    Elapsed: 0.000s  Memory: 5308.00M
"interacting" in: sky130B_mr.drc:503
    Polygons (raw): 0 (flat)  0 (hierarchical)
    Elapsed: 0.000s  Memory: 5308.00M
"output" in: sky130B_mr.drc:504
    Polygons (raw): 0 (flat)  0 (hierarchical)
    Elapsed: 0.000s  Memory: 5308.00M
END: 68/44 (via)
START: 69/20 (m2)
"width" in: sky130B_mr.drc:511
    Edge pairs: 0 (flat)  0 (hierarchical)
    Elapsed: 0.110s  Memory: 5308.00M
"output" in: sky130B_mr.drc:511
    Edge pairs: 0 (flat)  0 (hierarchical)
    Elapsed: 0.070s  Memory: 5308.00M
"sized" in: sky130B_mr.drc:513
    Polygons (raw): 14 (flat)  14 (hierarchical)
    Elapsed: 0.060s  Memory: 5308.00M
"sized" in: sky130B_mr.drc:513
    Polygons (raw): 14 (flat)  14 (hierarchical)
    Elapsed: 0.070s  Memory: 5308.00M
"snap" in: sky130B_mr.drc:513
    Polygons (raw): 14 (flat)  14 (hierarchical)
    Elapsed: 0.170s  Memory: 5308.00M
"&" in: sky130B_mr.drc:513
    Polygons (raw): 14 (flat)  14 (hierarchical)
    Elapsed: 0.230s  Memory: 5364.00M
"edges" in: sky130B_mr.drc:514
    Edges: 32120 (flat)  32120 (hierarchical)
    Elapsed: 0.000s  Memory: 5308.00M
"-" in: sky130B_mr.drc:514
    Edges: 32058 (flat)  32058 (hierarchical)
    Elapsed: 0.170s  Memory: 5340.00M
"edges" in: sky130B_mr.drc:515
    Edges: 56 (flat)  56 (hierarchical)
    Elapsed: 0.220s  Memory: 5396.00M
"merged" in: sky130B_mr.drc:515
    Polygons (raw): 7482 (flat)  7482 (hierarchical)
    Elapsed: 0.000s  Memory: 5308.00M
"outside_part" in: sky130B_mr.drc:515
    Edges: 62 (flat)  62 (hierarchical)
    Elapsed: 0.150s  Memory: 5388.00M
"-" in: sky130B_mr.drc:516
    Polygons (raw): 34744 (flat)  34744 (hierarchical)
    Elapsed: 0.010s  Memory: 5308.00M
"space" in: sky130B_mr.drc:518
    Edge pairs: 0 (flat)  0 (hierarchical)
    Elapsed: 0.380s  Memory: 5540.00M
"output" in: sky130B_mr.drc:518
    Edge pairs: 0 (flat)  0 (hierarchical)
    Elapsed: 0.000s  Memory: 5308.00M
"separation" in: sky130B_mr.drc:520
    Edge pairs: 0 (flat)  0 (hierarchical)
    Elapsed: 0.200s  Memory: 5524.00M
"space" in: sky130B_mr.drc:520
    Edge pairs: 0 (flat)  0 (hierarchical)
    Elapsed: 0.090s  Memory: 5580.00M
"+" in: sky130B_mr.drc:520
    Edge pairs: 0 (flat)  0 (hierarchical)
    Elapsed: 0.000s  Memory: 5308.00M
"output" in: sky130B_mr.drc:520
    Edge pairs: 0 (flat)  0 (hierarchical)
    Elapsed: 0.000s  Memory: 5308.00M
"with_area" in: sky130B_mr.drc:522
    Polygons (raw): 0 (flat)  0 (hierarchical)
    Elapsed: 0.030s  Memory: 5308.00M
"output" in: sky130B_mr.drc:522
    Polygons (raw): 0 (flat)  0 (hierarchical)
    Elapsed: 0.000s  Memory: 5308.00M
"holes" in: sky130B_mr.drc:523
    Polygons (raw): 1 (flat)  1 (hierarchical)
    Elapsed: 0.000s  Memory: 5308.00M
"with_area" in: sky130B_mr.drc:523
    Polygons (raw): 0 (flat)  0 (hierarchical)
    Elapsed: 0.090s  Memory: 5308.00M
"output" in: sky130B_mr.drc:523
    Polygons (raw): 0 (flat)  0 (hierarchical)
    Elapsed: 0.000s  Memory: 5308.00M
"enclosing" in: sky130B_mr.drc:528
    Edge pairs: 0 (flat)  0 (hierarchical)
    Elapsed: 0.220s  Memory: 5532.00M
"output" in: sky130B_mr.drc:528
    Edge pairs: 0 (flat)  0 (hierarchical)
    Elapsed: 0.000s  Memory: 5308.00M
"-" in: sky130B_mr.drc:529
    Polygons (raw): 0 (flat)  0 (hierarchical)
    Elapsed: 0.160s  Memory: 5548.00M
"output" in: sky130B_mr.drc:529
    Polygons (raw): 0 (flat)  0 (hierarchical)
    Elapsed: 0.020s  Memory: 5308.00M
"enclosing" in: sky130B_mr.drc:530
    Edge pairs: 13820 (flat)  13820 (hierarchical)
    Elapsed: 0.320s  Memory: 5364.00M
"second_edges" in: sky130B_mr.drc:530
    Edges: 13820 (flat)  13820 (hierarchical)
    Elapsed: 0.000s  Memory: 5308.00M
"width" in: sky130B_mr.drc:531
    Edge pairs: 0 (flat)  0 (hierarchical)
    Elapsed: 0.230s  Memory: 5532.00M
"polygons" in: sky130B_mr.drc:532
    Polygons (raw): 0 (flat)  0 (hierarchical)
    Elapsed: 0.010s  Memory: 5308.00M
"interacting" in: sky130B_mr.drc:532
    Polygons (raw): 0 (flat)  0 (hierarchical)
    Elapsed: 0.000s  Memory: 5308.00M
"output" in: sky130B_mr.drc:533
    Polygons (raw): 0 (flat)  0 (hierarchical)
    Elapsed: 0.000s  Memory: 5308.00M
END: 69/20 (m2)
START: 69/44 (via2)
"-" in: sky130B_mr.drc:548
    Polygons (raw): 29838 (flat)  29838 (hierarchical)
    Elapsed: 0.000s  Memory: 5308.00M
"non_rectangles" in: sky130B_mr.drc:549
    Polygons (raw): 0 (flat)  0 (hierarchical)
    Elapsed: 0.210s  Memory: 5308.00M
"output" in: sky130B_mr.drc:549
    Polygons (raw): 0 (flat)  0 (hierarchical)
    Elapsed: 0.000s  Memory: 5308.00M
"width" in: sky130B_mr.drc:550
    Edge pairs: 0 (flat)  0 (hierarchical)
    Elapsed: 0.020s  Memory: 5308.00M
"output" in: sky130B_mr.drc:550
    Edge pairs: 0 (flat)  0 (hierarchical)
    Elapsed: 0.000s  Memory: 5308.00M
"edges" in: sky130B_mr.drc:551
    Edges: 119352 (flat)  119352 (hierarchical)
    Elapsed: 0.010s  Memory: 5308.00M
"without_length" in: sky130B_mr.drc:551
    Edges: 0 (flat)  0 (hierarchical)
    Elapsed: 0.040s  Memory: 5308.00M
"output" in: sky130B_mr.drc:551
    Edges: 0 (flat)  0 (hierarchical)
    Elapsed: 0.000s  Memory: 5308.00M
"space" in: sky130B_mr.drc:552
    Edge pairs: 0 (flat)  0 (hierarchical)
    Elapsed: 0.140s  Memory: 5500.00M
"output" in: sky130B_mr.drc:552
    Edge pairs: 0 (flat)  0 (hierarchical)
    Elapsed: 0.000s  Memory: 5308.00M
"enclosing" in: sky130B_mr.drc:560
    Edge pairs: 0 (flat)  0 (hierarchical)
    Elapsed: 0.200s  Memory: 5524.00M
"output" in: sky130B_mr.drc:560
    Edge pairs: 0 (flat)  0 (hierarchical)
    Elapsed: 0.000s  Memory: 5308.00M
"-" in: sky130B_mr.drc:561
    Polygons (raw): 0 (flat)  0 (hierarchical)
    Elapsed: 0.150s  Memory: 5532.00M
"output" in: sky130B_mr.drc:561
    Polygons (raw): 0 (flat)  0 (hierarchical)
    Elapsed: 0.070s  Memory: 5308.00M
"enclosing" in: sky130B_mr.drc:563
    Edge pairs: 13722 (flat)  13722 (hierarchical)
    Elapsed: 0.230s  Memory: 5380.00M
"second_edges" in: sky130B_mr.drc:563
    Edges: 13722 (flat)  13722 (hierarchical)
    Elapsed: 0.000s  Memory: 5308.00M
"width" in: sky130B_mr.drc:564
    Edge pairs: 0 (flat)  0 (hierarchical)
    Elapsed: 0.180s  Memory: 5613.00M
"polygons" in: sky130B_mr.drc:565
    Polygons (raw): 0 (flat)  0 (hierarchical)
    Elapsed: 0.000s  Memory: 5308.00M
"interacting" in: sky130B_mr.drc:565
    Polygons (raw): 0 (flat)  0 (hierarchical)
    Elapsed: 0.000s  Memory: 5308.00M
"output" in: sky130B_mr.drc:566
    Polygons (raw): 0 (flat)  0 (hierarchical)
    Elapsed: 0.000s  Memory: 5308.00M
END: 69/44 (via2)
START: 70/20 (m3)
"width" in: sky130B_mr.drc:572
    Edge pairs: 0 (flat)  0 (hierarchical)
    Elapsed: 0.110s  Memory: 5308.00M
"output" in: sky130B_mr.drc:572
    Edge pairs: 0 (flat)  0 (hierarchical)
    Elapsed: 0.020s  Memory: 5308.00M
"sized" in: sky130B_mr.drc:574
    Polygons (raw): 8 (flat)  8 (hierarchical)
    Elapsed: 0.040s  Memory: 5308.00M
"sized" in: sky130B_mr.drc:574
    Polygons (raw): 8 (flat)  8 (hierarchical)
    Elapsed: 0.020s  Memory: 5308.00M
"snap" in: sky130B_mr.drc:574
    Polygons (raw): 8 (flat)  8 (hierarchical)
    Elapsed: 0.090s  Memory: 5308.00M
"&" in: sky130B_mr.drc:574
    Polygons (raw): 8 (flat)  8 (hierarchical)
    Elapsed: 0.090s  Memory: 5412.00M
"edges" in: sky130B_mr.drc:575
    Edges: 28118 (flat)  28118 (hierarchical)
    Elapsed: 0.000s  Memory: 5308.00M
"-" in: sky130B_mr.drc:575
    Edges: 28086 (flat)  28086 (hierarchical)
    Elapsed: 0.090s  Memory: 5372.00M
"edges" in: sky130B_mr.drc:576
    Edges: 32 (flat)  32 (hierarchical)
    Elapsed: 0.090s  Memory: 5380.00M
"merged" in: sky130B_mr.drc:576
    Polygons (raw): 6957 (flat)  6957 (hierarchical)
    Elapsed: 0.000s  Memory: 5308.00M
"outside_part" in: sky130B_mr.drc:576
    Edges: 32 (flat)  32 (hierarchical)
    Elapsed: 0.100s  Memory: 5404.00M
"space" in: sky130B_mr.drc:578
    Edge pairs: 0 (flat)  0 (hierarchical)
    Elapsed: 0.240s  Memory: 5548.00M
"output" in: sky130B_mr.drc:578
    Edge pairs: 0 (flat)  0 (hierarchical)
    Elapsed: 0.000s  Memory: 5308.00M
"with_area" in: sky130B_mr.drc:580
    Polygons (raw): 0 (flat)  0 (hierarchical)
    Elapsed: 0.030s  Memory: 5308.00M
"output" in: sky130B_mr.drc:580
    Polygons (raw): 0 (flat)  0 (hierarchical)
    Elapsed: 0.000s  Memory: 5308.00M
"separation" in: sky130B_mr.drc:582
    Edge pairs: 0 (flat)  0 (hierarchical)
    Elapsed: 0.150s  Memory: 5476.00M
"space" in: sky130B_mr.drc:582
    Edge pairs: 0 (flat)  0 (hierarchical)
    Elapsed: 0.090s  Memory: 5548.00M
"+" in: sky130B_mr.drc:582
    Edge pairs: 0 (flat)  0 (hierarchical)
    Elapsed: 0.000s  Memory: 5308.00M
"output" in: sky130B_mr.drc:582
    Edge pairs: 0 (flat)  0 (hierarchical)
    Elapsed: 0.000s  Memory: 5308.00M
"enclosing" in: sky130B_mr.drc:587
    Edge pairs: 0 (flat)  0 (hierarchical)
    Elapsed: 0.200s  Memory: 5492.00M
"output" in: sky130B_mr.drc:587
    Edge pairs: 0 (flat)  0 (hierarchical)
    Elapsed: 0.000s  Memory: 5308.00M
"-" in: sky130B_mr.drc:588
    Polygons (raw): 0 (flat)  0 (hierarchical)
    Elapsed: 0.160s  Memory: 5540.00M
"output" in: sky130B_mr.drc:588
    Polygons (raw): 0 (flat)  0 (hierarchical)
    Elapsed: 0.000s  Memory: 5308.00M
END: 70/20 (m3)
START: 70/44 (via3)
"-" in: sky130B_mr.drc:602
    Polygons (raw): 30686 (flat)  30686 (hierarchical)
    Elapsed: 0.000s  Memory: 5308.00M
"non_rectangles" in: sky130B_mr.drc:603
    Polygons (raw): 0 (flat)  0 (hierarchical)
    Elapsed: 0.220s  Memory: 5308.00M
"output" in: sky130B_mr.drc:603
    Polygons (raw): 0 (flat)  0 (hierarchical)
    Elapsed: 0.010s  Memory: 5308.00M
"width" in: sky130B_mr.drc:604
    Edge pairs: 0 (flat)  0 (hierarchical)
    Elapsed: 0.020s  Memory: 5308.00M
"output" in: sky130B_mr.drc:604
    Edge pairs: 0 (flat)  0 (hierarchical)
    Elapsed: 0.000s  Memory: 5308.00M
"edges" in: sky130B_mr.drc:605
    Edges: 122744 (flat)  122744 (hierarchical)
    Elapsed: 0.010s  Memory: 5308.00M
"without_length" in: sky130B_mr.drc:605
    Edges: 0 (flat)  0 (hierarchical)
    Elapsed: 0.030s  Memory: 5308.00M
"output" in: sky130B_mr.drc:605
    Edges: 0 (flat)  0 (hierarchical)
    Elapsed: 0.000s  Memory: 5308.00M
"space" in: sky130B_mr.drc:607
    Edge pairs: 0 (flat)  0 (hierarchical)
    Elapsed: 0.140s  Memory: 5540.00M
"output" in: sky130B_mr.drc:607
    Edge pairs: 0 (flat)  0 (hierarchical)
    Elapsed: 0.000s  Memory: 5308.00M
"enclosing" in: sky130B_mr.drc:608
    Edge pairs: 0 (flat)  0 (hierarchical)
    Elapsed: 0.180s  Memory: 5492.00M
"output" in: sky130B_mr.drc:608
    Edge pairs: 0 (flat)  0 (hierarchical)
    Elapsed: 0.000s  Memory: 5308.00M
"-" in: sky130B_mr.drc:609
    Polygons (raw): 0 (flat)  0 (hierarchical)
    Elapsed: 0.190s  Memory: 5380.00M
"output" in: sky130B_mr.drc:609
    Polygons (raw): 0 (flat)  0 (hierarchical)
    Elapsed: 0.000s  Memory: 5308.00M
"enclosing" in: sky130B_mr.drc:611
    Edge pairs: 54576 (flat)  54576 (hierarchical)
    Elapsed: 0.330s  Memory: 5308.00M
"second_edges" in: sky130B_mr.drc:611
    Edges: 54576 (flat)  54576 (hierarchical)
    Elapsed: 0.000s  Memory: 5308.00M
"width" in: sky130B_mr.drc:612
    Edge pairs: 0 (flat)  0 (hierarchical)
    Elapsed: 0.260s  Memory: 5524.00M
"polygons" in: sky130B_mr.drc:613
    Polygons (raw): 0 (flat)  0 (hierarchical)
    Elapsed: 0.020s  Memory: 5308.00M
"interacting" in: sky130B_mr.drc:613
    Polygons (raw): 0 (flat)  0 (hierarchical)
    Elapsed: 0.000s  Memory: 5308.00M
"output" in: sky130B_mr.drc:614
    Polygons (raw): 0 (flat)  0 (hierarchical)
    Elapsed: 0.000s  Memory: 5308.00M
END: 70/44 (via3)
START: 71/20 (m4)
"width" in: sky130B_mr.drc:620
    Edge pairs: 0 (flat)  0 (hierarchical)
    Elapsed: 0.130s  Memory: 5308.00M
"output" in: sky130B_mr.drc:620
    Edge pairs: 0 (flat)  0 (hierarchical)
    Elapsed: 0.000s  Memory: 5308.00M
"sized" in: sky130B_mr.drc:622
    Polygons (raw): 161 (flat)  161 (hierarchical)
    Elapsed: 0.030s  Memory: 5308.00M
"sized" in: sky130B_mr.drc:622
    Polygons (raw): 161 (flat)  161 (hierarchical)
    Elapsed: 0.020s  Memory: 5308.00M
"snap" in: sky130B_mr.drc:622
    Polygons (raw): 161 (flat)  161 (hierarchical)
    Elapsed: 0.090s  Memory: 5308.00M
"&" in: sky130B_mr.drc:622
    Polygons (raw): 161 (flat)  161 (hierarchical)
    Elapsed: 0.050s  Memory: 5372.00M
"edges" in: sky130B_mr.drc:623
    Edges: 868 (flat)  868 (hierarchical)
    Elapsed: 0.000s  Memory: 5308.00M
"-" in: sky130B_mr.drc:623
    Edges: 224 (flat)  224 (hierarchical)
    Elapsed: 0.090s  Memory: 5364.00M
"edges" in: sky130B_mr.drc:624
    Edges: 644 (flat)  644 (hierarchical)
    Elapsed: 0.020s  Memory: 5372.00M
"merged" in: sky130B_mr.drc:624
    Polygons (raw): 211 (flat)  211 (hierarchical)
    Elapsed: 0.020s  Memory: 5308.00M
"outside_part" in: sky130B_mr.drc:624
    Edges: 644 (flat)  644 (hierarchical)
    Elapsed: 0.040s  Memory: 5412.00M
"space" in: sky130B_mr.drc:626
    Edge pairs: 0 (flat)  0 (hierarchical)
    Elapsed: 0.150s  Memory: 5508.00M
"output" in: sky130B_mr.drc:626
    Edge pairs: 0 (flat)  0 (hierarchical)
    Elapsed: 0.010s  Memory: 5308.00M
"with_area" in: sky130B_mr.drc:628
    Polygons (raw): 0 (flat)  0 (hierarchical)
    Elapsed: 0.020s  Memory: 5308.00M
"output" in: sky130B_mr.drc:628
    Polygons (raw): 0 (flat)  0 (hierarchical)
    Elapsed: 0.000s  Memory: 5308.00M
"separation" in: sky130B_mr.drc:630
    Edge pairs: 0 (flat)  0 (hierarchical)
    Elapsed: 0.100s  Memory: 5524.00M
"space" in: sky130B_mr.drc:630
    Edge pairs: 0 (flat)  0 (hierarchical)
    Elapsed: 0.030s  Memory: 5388.00M
"+" in: sky130B_mr.drc:630
    Edge pairs: 0 (flat)  0 (hierarchical)
    Elapsed: 0.000s  Memory: 5308.00M
"output" in: sky130B_mr.drc:630
    Edge pairs: 0 (flat)  0 (hierarchical)
    Elapsed: 0.000s  Memory: 5308.00M
"enclosing" in: sky130B_mr.drc:635
    Edge pairs: 0 (flat)  0 (hierarchical)
    Elapsed: 0.250s  Memory: 5500.00M
"output" in: sky130B_mr.drc:635
    Edge pairs: 0 (flat)  0 (hierarchical)
    Elapsed: 0.020s  Memory: 5308.00M
"-" in: sky130B_mr.drc:636
    Polygons (raw): 0 (flat)  0 (hierarchical)
    Elapsed: 0.210s  Memory: 5572.00M
"output" in: sky130B_mr.drc:636
    Polygons (raw): 0 (flat)  0 (hierarchical)
    Elapsed: 0.000s  Memory: 5308.00M
END: 71/20 (m4)
START: 71/44 (via4)
"-" in: sky130B_mr.drc:649
    Polygons (raw): 12900 (flat)  12900 (hierarchical)
    Elapsed: 0.000s  Memory: 5308.00M
"non_rectangles" in: sky130B_mr.drc:650
    Polygons (raw): 0 (flat)  0 (hierarchical)
    Elapsed: 0.130s  Memory: 5308.00M
"output" in: sky130B_mr.drc:650
    Polygons (raw): 0 (flat)  0 (hierarchical)
    Elapsed: 0.000s  Memory: 5308.00M
"width" in: sky130B_mr.drc:651
    Edge pairs: 0 (flat)  0 (hierarchical)
    Elapsed: 0.140s  Memory: 5308.00M
"output" in: sky130B_mr.drc:651
    Edge pairs: 0 (flat)  0 (hierarchical)
    Elapsed: 0.010s  Memory: 5308.00M
"drc" in: sky130B_mr.drc:652
    Edges: 0 (flat)  0 (hierarchical)
    Elapsed: 0.050s  Memory: 5476.00M
"output" in: sky130B_mr.drc:652
    Edges: 0 (flat)  0 (hierarchical)
    Elapsed: 0.000s  Memory: 5308.00M
"space" in: sky130B_mr.drc:654
    Edge pairs: 0 (flat)  0 (hierarchical)
    Elapsed: 0.060s  Memory: 5548.00M
"polygons" in: sky130B_mr.drc:654
    Polygons (raw): 0 (flat)  0 (hierarchical)
    Elapsed: 0.000s  Memory: 5308.00M
"output" in: sky130B_mr.drc:654
    Polygons (raw): 0 (flat)  0 (hierarchical)
    Elapsed: 0.000s  Memory: 5308.00M
"enclosing" in: sky130B_mr.drc:662
    Edge pairs: 0 (flat)  0 (hierarchical)
    Elapsed: 0.120s  Memory: 5492.00M
"output" in: sky130B_mr.drc:662
    Edge pairs: 0 (flat)  0 (hierarchical)
    Elapsed: 0.000s  Memory: 5308.00M
"-" in: sky130B_mr.drc:663
    Polygons (raw): 0 (flat)  0 (hierarchical)
    Elapsed: 0.260s  Memory: 5460.00M
"output" in: sky130B_mr.drc:663
    Polygons (raw): 0 (flat)  0 (hierarchical)
    Elapsed: 0.010s  Memory: 5308.00M
END: 71/44 (via4)
START: 72/20 (m5)
"width" in: sky130B_mr.drc:668
    Edge pairs: 0 (flat)  0 (hierarchical)
    Elapsed: 0.070s  Memory: 5308.00M
"output" in: sky130B_mr.drc:668
    Edge pairs: 0 (flat)  0 (hierarchical)
    Elapsed: 0.000s  Memory: 5308.00M
"space" in: sky130B_mr.drc:670
    Edge pairs: 0 (flat)  0 (hierarchical)
    Elapsed: 0.030s  Memory: 5548.00M
"output" in: sky130B_mr.drc:670
    Edge pairs: 0 (flat)  0 (hierarchical)
    Elapsed: 0.000s  Memory: 5308.00M
"enclosing" in: sky130B_mr.drc:672
    Edge pairs: 0 (flat)  0 (hierarchical)
    Elapsed: 0.090s  Memory: 5508.00M
"output" in: sky130B_mr.drc:672
    Edge pairs: 0 (flat)  0 (hierarchical)
    Elapsed: 0.000s  Memory: 5308.00M
"-" in: sky130B_mr.drc:673
    Polygons (raw): 0 (flat)  0 (hierarchical)
    Elapsed: 0.050s  Memory: 5516.00M
"output" in: sky130B_mr.drc:673
    Polygons (raw): 0 (flat)  0 (hierarchical)
    Elapsed: 0.000s  Memory: 5308.00M
"with_area" in: sky130B_mr.drc:677
    Polygons (raw): 0 (flat)  0 (hierarchical)
    Elapsed: 0.030s  Memory: 5308.00M
"output" in: sky130B_mr.drc:677
    Polygons (raw): 0 (flat)  0 (hierarchical)
    Elapsed: 0.000s  Memory: 5308.00M
END: 72/20 (m5)
START: 76/20 (pad)
"space" in: sky130B_mr.drc:682
    Edge pairs: 0 (flat)  0 (hierarchical)
    Elapsed: 0.000s  Memory: 5308.00M
"output" in: sky130B_mr.drc:682
    Edge pairs: 0 (flat)  0 (hierarchical)
    Elapsed: 0.010s  Memory: 5308.00M
END: 76/20 (pad)
Writing report database: /home/engtech/Desktop/Openlane_v2/memristor/precheck_results/15_APR_2024___04_55_58/outputs/reports/klayout_beol_check.xml ..
Total elapsed: 227.520s  Memory: 5148.00M
 
Cell exclusion list:
   rule    | cell
   nwell.6 | sky130_fd_io__gpiov2_amux, sky130_fd_io__simple_pad_and_busses, sram
   nsd.1   | sram
   nsd.2   | sram
   psd.1   | sram
   psd.2   | sram
 
release 2023.6.14_01.08
