OpenROAD 41a51eaf4ca2171c92ff38afb91eb37bbd3f36da 
This program is licensed under the BSD-3 license. See the LICENSE file for details.
Components of this program may be licensed under more restrictive licenses which must be honored.
[INFO ODB-0222] Reading LEF file: /home/engtech/Desktop/Openlane_v2/memristor/openlane/user_proj_example/runs/24_04_13_02_30/tmp/merged.max.lef
[WARNING ODB-0220] WARNING (LEFPARS-2036): SOURCE statement is obsolete in version 5.6 and later.
The LEF parser will ignore this statement.
To avoid this warning in the future, remove this statement from the LEF file with version 5.6 or later. See file /home/engtech/Desktop/Openlane_v2/memristor/openlane/user_proj_example/runs/24_04_13_02_30/tmp/merged.max.lef at line 68353.

[INFO ODB-0223]     Created 13 technology layers
[INFO ODB-0224]     Created 25 technology vias
[INFO ODB-0225]     Created 442 library cells
[INFO ODB-0226] Finished LEF file:  /home/engtech/Desktop/Openlane_v2/memristor/openlane/user_proj_example/runs/24_04_13_02_30/tmp/merged.max.lef
[INFO ODB-0127] Reading DEF file: /home/engtech/Desktop/Openlane_v2/memristor/openlane/user_proj_example/runs/24_04_13_02_30/results/routing/user_proj_example.def
[INFO ODB-0128] Design: user_proj_example
[INFO ODB-0094] 		Created 100000 Insts
[INFO ODB-0130]     Created 13 pins.
[INFO ODB-0131]     Created 145444 components and 540656 component-terminals.
[INFO ODB-0132]     Created 4 special nets and 540622 connections.
[INFO ODB-0133]     Created 17 nets and 34 connections.
[INFO ODB-0134] Finished DEF file: /home/engtech/Desktop/Openlane_v2/memristor/openlane/user_proj_example/runs/24_04_13_02_30/results/routing/user_proj_example.def
define_corners Typical
read_liberty -corner Typical /home/engtech/Desktop/Openlane_v2/memristor/dependencies/pdks/sky130B/libs.ref/sky130_fd_sc_hd/lib/sky130_fd_sc_hd__tt_025C_1v80.lib
Using 1e-12 for capacitance...
Using 1e+03 for resistance...
Using 1e-09 for time...
Using 1e+00 for voltage...
Using 1e-03 for current...
Using 1e-09 for power...
Using 1e-06 for distance...
Using RCX ruleset '/home/engtech/Desktop/Openlane_v2/memristor/dependencies/pdks/sky130B/libs.tech/openlane/rules.openrcx.sky130B.max.spef_extractor'...
[INFO RCX-0431] Defined process_corner X with ext_model_index 0
[INFO RCX-0029] Defined extraction corner X
[INFO RCX-0008] extracting parasitics of user_proj_example ...
[INFO RCX-0435] Reading extraction model file /home/engtech/Desktop/Openlane_v2/memristor/dependencies/pdks/sky130B/libs.tech/openlane/rules.openrcx.sky130B.max.spef_extractor ...
[INFO RCX-0436] RC segment generation user_proj_example (max_merge_res 50.0) ...
[INFO RCX-0040] Final 99 rc segments
[INFO RCX-0439] Coupling Cap extraction user_proj_example ...
[INFO RCX-0440] Coupling threshhold is 0.1000 fF, coupling capacitance less than 0.1000 fF will be grounded.
[INFO RCX-0043] 7973 wires to be extracted
[INFO RCX-0442] 25% completion -- 2053 wires have been extracted
[INFO RCX-0442] 57% completion -- 4616 wires have been extracted
[INFO RCX-0442] 98% completion -- 7886 wires have been extracted
[INFO RCX-0045] Extract 19 nets, 116 rsegs, 116 caps, 3 ccs
[INFO RCX-0015] Finished extracting user_proj_example.
Writing result to /home/engtech/Desktop/Openlane_v2/memristor/openlane/user_proj_example/runs/24_04_13_02_30/results/routing/mca/process_corner_max/user_proj_example.spef...
Setting global connections for newly added cells…
[WARNING] Did not save OpenROAD database!
Writing extracted parasitics to '/home/engtech/Desktop/Openlane_v2/memristor/openlane/user_proj_example/runs/24_04_13_02_30/results/routing/mca/process_corner_max/user_proj_example.spef'…
[INFO RCX-0016] Writing SPEF ...
[INFO RCX-0443] 17 nets finished
[INFO RCX-0017] Finished writing SPEF ...
